CRITICAL - 2022-06-30 09:36:56 --> Invalid characters passed for attempted conversion, these have been ignored
#0 [internal function]: CodeIgniter\Debug\Exceptions->errorHandler(8192, 'Invalid charact...', 'D:\\Aplikasi\\git...', 17, Array)
#1 D:\Aplikasi\github\e-attendance\app\Controllers\Activity.php(17): base_convert('0.67295400 1656...', 10, 36)
#2 D:\Aplikasi\github\e-attendance\vendor\codeigniter4\framework\system\CodeIgniter.php(832): App\Controllers\Activity->AddActivity()
#3 D:\Aplikasi\github\e-attendance\vendor\codeigniter4\framework\system\CodeIgniter.php(419): CodeIgniter\CodeIgniter->runController(Object(App\Controllers\Activity))
#4 D:\Aplikasi\github\e-attendance\vendor\codeigniter4\framework\system\CodeIgniter.php(326): CodeIgniter\CodeIgniter->handleRequest(NULL, Object(Config\Cache), false)
#5 D:\Aplikasi\github\e-attendance\public\index.php(37): CodeIgniter\CodeIgniter->run()
#6 D:\Aplikasi\github\e-attendance\vendor\codeigniter4\framework\system\Commands\Server\rewrite.php(43): require_once('D:\\Aplikasi\\git...')
#7 {main}
CRITICAL - 2022-06-30 09:37:06 --> Invalid characters passed for attempted conversion, these have been ignored
#0 [internal function]: CodeIgniter\Debug\Exceptions->errorHandler(8192, 'Invalid charact...', 'D:\\Aplikasi\\git...', 17, Array)
#1 D:\Aplikasi\github\e-attendance\app\Controllers\Activity.php(17): base_convert('0.61072000 1656...', 10, 36)
#2 D:\Aplikasi\github\e-attendance\vendor\codeigniter4\framework\system\CodeIgniter.php(832): App\Controllers\Activity->AddActivity()
#3 D:\Aplikasi\github\e-attendance\vendor\codeigniter4\framework\system\CodeIgniter.php(419): CodeIgniter\CodeIgniter->runController(Object(App\Controllers\Activity))
#4 D:\Aplikasi\github\e-attendance\vendor\codeigniter4\framework\system\CodeIgniter.php(326): CodeIgniter\CodeIgniter->handleRequest(NULL, Object(Config\Cache), false)
#5 D:\Aplikasi\github\e-attendance\public\index.php(37): CodeIgniter\CodeIgniter->run()
#6 D:\Aplikasi\github\e-attendance\vendor\codeigniter4\framework\system\Commands\Server\rewrite.php(43): require_once('D:\\Aplikasi\\git...')
#7 {main}
CRITICAL - 2022-06-30 09:37:59 --> Invalid characters passed for attempted conversion, these have been ignored
#0 [internal function]: CodeIgniter\Debug\Exceptions->errorHandler(8192, 'Invalid charact...', 'D:\\Aplikasi\\git...', 28, Array)
#1 D:\Aplikasi\github\e-attendance\app\Views\_user\_monitoring.php(28): base_convert('0.50992200 1656...', 10, 36)
#2 D:\Aplikasi\github\e-attendance\vendor\codeigniter4\framework\system\View\View.php(210): include('D:\\Aplikasi\\git...')
#3 D:\Aplikasi\github\e-attendance\vendor\codeigniter4\framework\system\View\View.php(213): CodeIgniter\View\View->CodeIgniter\View\{closure}()
#4 D:\Aplikasi\github\e-attendance\vendor\codeigniter4\framework\system\Common.php(1089): CodeIgniter\View\View->render('_user/_monitori...', Array, true)
#5 D:\Aplikasi\github\e-attendance\app\Controllers\Presensi.php(43): view('_user/_monitori...', Array)
#6 D:\Aplikasi\github\e-attendance\vendor\codeigniter4\framework\system\CodeIgniter.php(832): App\Controllers\Presensi->monitorKehadiran()
#7 D:\Aplikasi\github\e-attendance\vendor\codeigniter4\framework\system\CodeIgniter.php(419): CodeIgniter\CodeIgniter->runController(Object(App\Controllers\Presensi))
#8 D:\Aplikasi\github\e-attendance\vendor\codeigniter4\framework\system\CodeIgniter.php(326): CodeIgniter\CodeIgniter->handleRequest(NULL, Object(Config\Cache), false)
#9 D:\Aplikasi\github\e-attendance\public\index.php(37): CodeIgniter\CodeIgniter->run()
#10 D:\Aplikasi\github\e-attendance\vendor\codeigniter4\framework\system\Commands\Server\rewrite.php(43): require_once('D:\\Aplikasi\\git...')
#11 {main}
CRITICAL - 2022-06-30 09:41:49 --> Invalid characters passed for attempted conversion, these have been ignored
#0 [internal function]: CodeIgniter\Debug\Exceptions->errorHandler(8192, 'Invalid charact...', 'D:\\Aplikasi\\git...', 28, Array)
#1 D:\Aplikasi\github\e-attendance\app\Views\_user\_monitoring.php(28): base_convert('0.41658300 1656...', 10, 36)
#2 D:\Aplikasi\github\e-attendance\vendor\codeigniter4\framework\system\View\View.php(210): include('D:\\Aplikasi\\git...')
#3 D:\Aplikasi\github\e-attendance\vendor\codeigniter4\framework\system\View\View.php(213): CodeIgniter\View\View->CodeIgniter\View\{closure}()
#4 D:\Aplikasi\github\e-attendance\vendor\codeigniter4\framework\system\Common.php(1089): CodeIgniter\View\View->render('_user/_monitori...', Array, true)
#5 D:\Aplikasi\github\e-attendance\app\Controllers\Presensi.php(43): view('_user/_monitori...', Array)
#6 D:\Aplikasi\github\e-attendance\vendor\codeigniter4\framework\system\CodeIgniter.php(832): App\Controllers\Presensi->monitorKehadiran()
#7 D:\Aplikasi\github\e-attendance\vendor\codeigniter4\framework\system\CodeIgniter.php(419): CodeIgniter\CodeIgniter->runController(Object(App\Controllers\Presensi))
#8 D:\Aplikasi\github\e-attendance\vendor\codeigniter4\framework\system\CodeIgniter.php(326): CodeIgniter\CodeIgniter->handleRequest(NULL, Object(Config\Cache), false)
#9 D:\Aplikasi\github\e-attendance\public\index.php(37): CodeIgniter\CodeIgniter->run()
#10 D:\Aplikasi\github\e-attendance\vendor\codeigniter4\framework\system\Commands\Server\rewrite.php(43): require_once('D:\\Aplikasi\\git...')
#11 {main}
CRITICAL - 2022-06-30 09:43:44 --> time() expects exactly 0 parameters, 1 given
#0 [internal function]: CodeIgniter\Debug\Exceptions->errorHandler(2, 'time() expects ...', 'D:\\Aplikasi\\git...', 28, Array)
#1 D:\Aplikasi\github\e-attendance\app\Views\_user\_monitoring.php(28): time(false)
#2 D:\Aplikasi\github\e-attendance\vendor\codeigniter4\framework\system\View\View.php(210): include('D:\\Aplikasi\\git...')
#3 D:\Aplikasi\github\e-attendance\vendor\codeigniter4\framework\system\View\View.php(213): CodeIgniter\View\View->CodeIgniter\View\{closure}()
#4 D:\Aplikasi\github\e-attendance\vendor\codeigniter4\framework\system\Common.php(1089): CodeIgniter\View\View->render('_user/_monitori...', Array, true)
#5 D:\Aplikasi\github\e-attendance\app\Controllers\Presensi.php(43): view('_user/_monitori...', Array)
#6 D:\Aplikasi\github\e-attendance\vendor\codeigniter4\framework\system\CodeIgniter.php(832): App\Controllers\Presensi->monitorKehadiran()
#7 D:\Aplikasi\github\e-attendance\vendor\codeigniter4\framework\system\CodeIgniter.php(419): CodeIgniter\CodeIgniter->runController(Object(App\Controllers\Presensi))
#8 D:\Aplikasi\github\e-attendance\vendor\codeigniter4\framework\system\CodeIgniter.php(326): CodeIgniter\CodeIgniter->handleRequest(NULL, Object(Config\Cache), false)
#9 D:\Aplikasi\github\e-attendance\public\index.php(37): CodeIgniter\CodeIgniter->run()
#10 D:\Aplikasi\github\e-attendance\vendor\codeigniter4\framework\system\Commands\Server\rewrite.php(43): require_once('D:\\Aplikasi\\git...')
#11 {main}
CRITICAL - 2022-06-30 09:43:58 --> Invalid characters passed for attempted conversion, these have been ignored
#0 [internal function]: CodeIgniter\Debug\Exceptions->errorHandler(8192, 'Invalid charact...', 'D:\\Aplikasi\\git...', 28, Array)
#1 D:\Aplikasi\github\e-attendance\app\Views\_user\_monitoring.php(28): base_convert('0.53350300 1656...', 10, 36)
#2 D:\Aplikasi\github\e-attendance\vendor\codeigniter4\framework\system\View\View.php(210): include('D:\\Aplikasi\\git...')
#3 D:\Aplikasi\github\e-attendance\vendor\codeigniter4\framework\system\View\View.php(213): CodeIgniter\View\View->CodeIgniter\View\{closure}()
#4 D:\Aplikasi\github\e-attendance\vendor\codeigniter4\framework\system\Common.php(1089): CodeIgniter\View\View->render('_user/_monitori...', Array, true)
#5 D:\Aplikasi\github\e-attendance\app\Controllers\Presensi.php(43): view('_user/_monitori...', Array)
#6 D:\Aplikasi\github\e-attendance\vendor\codeigniter4\framework\system\CodeIgniter.php(832): App\Controllers\Presensi->monitorKehadiran()
#7 D:\Aplikasi\github\e-attendance\vendor\codeigniter4\framework\system\CodeIgniter.php(419): CodeIgniter\CodeIgniter->runController(Object(App\Controllers\Presensi))
#8 D:\Aplikasi\github\e-attendance\vendor\codeigniter4\framework\system\CodeIgniter.php(326): CodeIgniter\CodeIgniter->handleRequest(NULL, Object(Config\Cache), false)
#9 D:\Aplikasi\github\e-attendance\public\index.php(37): CodeIgniter\CodeIgniter->run()
#10 D:\Aplikasi\github\e-attendance\vendor\codeigniter4\framework\system\Commands\Server\rewrite.php(43): require_once('D:\\Aplikasi\\git...')
#11 {main}
CRITICAL - 2022-06-30 09:45:36 --> Call to undefined function escape()
#0 D:\Aplikasi\github\e-attendance\vendor\codeigniter4\framework\system\View\View.php(210): include()
#1 D:\Aplikasi\github\e-attendance\vendor\codeigniter4\framework\system\View\View.php(213): CodeIgniter\View\View->CodeIgniter\View\{closure}()
#2 D:\Aplikasi\github\e-attendance\vendor\codeigniter4\framework\system\Common.php(1089): CodeIgniter\View\View->render('_user/_monitori...', Array, true)
#3 D:\Aplikasi\github\e-attendance\app\Controllers\Presensi.php(43): view('_user/_monitori...', Array)
#4 D:\Aplikasi\github\e-attendance\vendor\codeigniter4\framework\system\CodeIgniter.php(832): App\Controllers\Presensi->monitorKehadiran()
#5 D:\Aplikasi\github\e-attendance\vendor\codeigniter4\framework\system\CodeIgniter.php(419): CodeIgniter\CodeIgniter->runController(Object(App\Controllers\Presensi))
#6 D:\Aplikasi\github\e-attendance\vendor\codeigniter4\framework\system\CodeIgniter.php(326): CodeIgniter\CodeIgniter->handleRequest(NULL, Object(Config\Cache), false)
#7 D:\Aplikasi\github\e-attendance\public\index.php(37): CodeIgniter\CodeIgniter->run()
#8 D:\Aplikasi\github\e-attendance\vendor\codeigniter4\framework\system\Commands\Server\rewrite.php(43): require_once('D:\\Aplikasi\\git...')
#9 {main}
CRITICAL - 2022-06-30 09:46:18 --> Invalid characters passed for attempted conversion, these have been ignored
#0 [internal function]: CodeIgniter\Debug\Exceptions->errorHandler(8192, 'Invalid charact...', 'D:\\Aplikasi\\git...', 28, Array)
#1 D:\Aplikasi\github\e-attendance\app\Views\_user\_monitoring.php(28): base_convert('0.77830400 1656...', 12, 36)
#2 D:\Aplikasi\github\e-attendance\vendor\codeigniter4\framework\system\View\View.php(210): include('D:\\Aplikasi\\git...')
#3 D:\Aplikasi\github\e-attendance\vendor\codeigniter4\framework\system\View\View.php(213): CodeIgniter\View\View->CodeIgniter\View\{closure}()
#4 D:\Aplikasi\github\e-attendance\vendor\codeigniter4\framework\system\Common.php(1089): CodeIgniter\View\View->render('_user/_monitori...', Array, true)
#5 D:\Aplikasi\github\e-attendance\app\Controllers\Presensi.php(43): view('_user/_monitori...', Array)
#6 D:\Aplikasi\github\e-attendance\vendor\codeigniter4\framework\system\CodeIgniter.php(832): App\Controllers\Presensi->monitorKehadiran()
#7 D:\Aplikasi\github\e-attendance\vendor\codeigniter4\framework\system\CodeIgniter.php(419): CodeIgniter\CodeIgniter->runController(Object(App\Controllers\Presensi))
#8 D:\Aplikasi\github\e-attendance\vendor\codeigniter4\framework\system\CodeIgniter.php(326): CodeIgniter\CodeIgniter->handleRequest(NULL, Object(Config\Cache), false)
#9 D:\Aplikasi\github\e-attendance\public\index.php(37): CodeIgniter\CodeIgniter->run()
#10 D:\Aplikasi\github\e-attendance\vendor\codeigniter4\framework\system\Commands\Server\rewrite.php(43): require_once('D:\\Aplikasi\\git...')
#11 {main}
CRITICAL - 2022-06-30 09:48:00 --> Invalid characters passed for attempted conversion, these have been ignored
#0 [internal function]: CodeIgniter\Debug\Exceptions->errorHandler(8192, 'Invalid charact...', 'D:\\Aplikasi\\git...', 28, Array)
#1 D:\Aplikasi\github\e-attendance\app\Views\_user\_monitoring.php(28): base_convert('0.37656200 1656...', 16, 36)
#2 D:\Aplikasi\github\e-attendance\vendor\codeigniter4\framework\system\View\View.php(210): include('D:\\Aplikasi\\git...')
#3 D:\Aplikasi\github\e-attendance\vendor\codeigniter4\framework\system\View\View.php(213): CodeIgniter\View\View->CodeIgniter\View\{closure}()
#4 D:\Aplikasi\github\e-attendance\vendor\codeigniter4\framework\system\Common.php(1089): CodeIgniter\View\View->render('_user/_monitori...', Array, true)
#5 D:\Aplikasi\github\e-attendance\app\Controllers\Presensi.php(43): view('_user/_monitori...', Array)
#6 D:\Aplikasi\github\e-attendance\vendor\codeigniter4\framework\system\CodeIgniter.php(832): App\Controllers\Presensi->monitorKehadiran()
#7 D:\Aplikasi\github\e-attendance\vendor\codeigniter4\framework\system\CodeIgniter.php(419): CodeIgniter\CodeIgniter->runController(Object(App\Controllers\Presensi))
#8 D:\Aplikasi\github\e-attendance\vendor\codeigniter4\framework\system\CodeIgniter.php(326): CodeIgniter\CodeIgniter->handleRequest(NULL, Object(Config\Cache), false)
#9 D:\Aplikasi\github\e-attendance\public\index.php(37): CodeIgniter\CodeIgniter->run()
#10 D:\Aplikasi\github\e-attendance\vendor\codeigniter4\framework\system\Commands\Server\rewrite.php(43): require_once('D:\\Aplikasi\\git...')
#11 {main}
CRITICAL - 2022-06-30 09:56:29 --> Invalid characters passed for attempted conversion, these have been ignored
#0 [internal function]: CodeIgniter\Debug\Exceptions->errorHandler(8192, 'Invalid charact...', 'D:\\Aplikasi\\git...', 28, Array)
#1 D:\Aplikasi\github\e-attendance\app\Views\_user\_monitoring.php(28): base_convert('0.37962100 1656...', 10, 36)
#2 D:\Aplikasi\github\e-attendance\vendor\codeigniter4\framework\system\View\View.php(210): include('D:\\Aplikasi\\git...')
#3 D:\Aplikasi\github\e-attendance\vendor\codeigniter4\framework\system\View\View.php(213): CodeIgniter\View\View->CodeIgniter\View\{closure}()
#4 D:\Aplikasi\github\e-attendance\vendor\codeigniter4\framework\system\Common.php(1089): CodeIgniter\View\View->render('_user/_monitori...', Array, true)
#5 D:\Aplikasi\github\e-attendance\app\Controllers\Presensi.php(43): view('_user/_monitori...', Array)
#6 D:\Aplikasi\github\e-attendance\vendor\codeigniter4\framework\system\CodeIgniter.php(832): App\Controllers\Presensi->monitorKehadiran()
#7 D:\Aplikasi\github\e-attendance\vendor\codeigniter4\framework\system\CodeIgniter.php(419): CodeIgniter\CodeIgniter->runController(Object(App\Controllers\Presensi))
#8 D:\Aplikasi\github\e-attendance\vendor\codeigniter4\framework\system\CodeIgniter.php(326): CodeIgniter\CodeIgniter->handleRequest(NULL, Object(Config\Cache), false)
#9 D:\Aplikasi\github\e-attendance\public\index.php(37): CodeIgniter\CodeIgniter->run()
#10 D:\Aplikasi\github\e-attendance\vendor\codeigniter4\framework\system\Commands\Server\rewrite.php(43): require_once('D:\\Aplikasi\\git...')
#11 {main}
CRITICAL - 2022-06-30 09:58:17 --> Invalid characters passed for attempted conversion, these have been ignored
#0 [internal function]: CodeIgniter\Debug\Exceptions->errorHandler(8192, 'Invalid charact...', 'D:\\Aplikasi\\git...', 28, Array)
#1 D:\Aplikasi\github\e-attendance\app\Views\_user\_monitoring.php(28): base_convert('1656554297.1064', 10, 36)
#2 D:\Aplikasi\github\e-attendance\vendor\codeigniter4\framework\system\View\View.php(210): include('D:\\Aplikasi\\git...')
#3 D:\Aplikasi\github\e-attendance\vendor\codeigniter4\framework\system\View\View.php(213): CodeIgniter\View\View->CodeIgniter\View\{closure}()
#4 D:\Aplikasi\github\e-attendance\vendor\codeigniter4\framework\system\Common.php(1089): CodeIgniter\View\View->render('_user/_monitori...', Array, true)
#5 D:\Aplikasi\github\e-attendance\app\Controllers\Presensi.php(43): view('_user/_monitori...', Array)
#6 D:\Aplikasi\github\e-attendance\vendor\codeigniter4\framework\system\CodeIgniter.php(832): App\Controllers\Presensi->monitorKehadiran()
#7 D:\Aplikasi\github\e-attendance\vendor\codeigniter4\framework\system\CodeIgniter.php(419): CodeIgniter\CodeIgniter->runController(Object(App\Controllers\Presensi))
#8 D:\Aplikasi\github\e-attendance\vendor\codeigniter4\framework\system\CodeIgniter.php(326): CodeIgniter\CodeIgniter->handleRequest(NULL, Object(Config\Cache), false)
#9 D:\Aplikasi\github\e-attendance\public\index.php(37): CodeIgniter\CodeIgniter->run()
#10 D:\Aplikasi\github\e-attendance\vendor\codeigniter4\framework\system\Commands\Server\rewrite.php(43): require_once('D:\\Aplikasi\\git...')
#11 {main}
CRITICAL - 2022-06-30 10:16:27 --> Invalid characters passed for attempted conversion, these have been ignored
#0 [internal function]: CodeIgniter\Debug\Exceptions->errorHandler(8192, 'Invalid charact...', 'D:\\Aplikasi\\git...', 28, Array)
#1 D:\Aplikasi\github\e-attendance\app\Views\_user\_monitoring.php(28): base_convert('0.33388500 1656...', 10, 36)
#2 D:\Aplikasi\github\e-attendance\vendor\codeigniter4\framework\system\View\View.php(210): include('D:\\Aplikasi\\git...')
#3 D:\Aplikasi\github\e-attendance\vendor\codeigniter4\framework\system\View\View.php(213): CodeIgniter\View\View->CodeIgniter\View\{closure}()
#4 D:\Aplikasi\github\e-attendance\vendor\codeigniter4\framework\system\Common.php(1089): CodeIgniter\View\View->render('_user/_monitori...', Array, true)
#5 D:\Aplikasi\github\e-attendance\app\Controllers\Presensi.php(43): view('_user/_monitori...', Array)
#6 D:\Aplikasi\github\e-attendance\vendor\codeigniter4\framework\system\CodeIgniter.php(832): App\Controllers\Presensi->monitorKehadiran()
#7 D:\Aplikasi\github\e-attendance\vendor\codeigniter4\framework\system\CodeIgniter.php(419): CodeIgniter\CodeIgniter->runController(Object(App\Controllers\Presensi))
#8 D:\Aplikasi\github\e-attendance\vendor\codeigniter4\framework\system\CodeIgniter.php(326): CodeIgniter\CodeIgniter->handleRequest(NULL, Object(Config\Cache), false)
#9 D:\Aplikasi\github\e-attendance\public\index.php(37): CodeIgniter\CodeIgniter->run()
#10 D:\Aplikasi\github\e-attendance\vendor\codeigniter4\framework\system\Commands\Server\rewrite.php(43): require_once('D:\\Aplikasi\\git...')
#11 {main}
CRITICAL - 2022-06-30 10:24:19 --> Undefined variable: cleanNumber
#0 D:\Aplikasi\github\e-attendance\app\Views\_user\_monitoring.php(28): CodeIgniter\Debug\Exceptions->errorHandler(8, 'Undefined varia...', 'D:\\Aplikasi\\git...', 28, Array)
#1 D:\Aplikasi\github\e-attendance\vendor\codeigniter4\framework\system\View\View.php(210): include('D:\\Aplikasi\\git...')
#2 D:\Aplikasi\github\e-attendance\vendor\codeigniter4\framework\system\View\View.php(213): CodeIgniter\View\View->CodeIgniter\View\{closure}()
#3 D:\Aplikasi\github\e-attendance\vendor\codeigniter4\framework\system\Common.php(1089): CodeIgniter\View\View->render('_user/_monitori...', Array, true)
#4 D:\Aplikasi\github\e-attendance\app\Controllers\Presensi.php(43): view('_user/_monitori...', Array)
#5 D:\Aplikasi\github\e-attendance\vendor\codeigniter4\framework\system\CodeIgniter.php(832): App\Controllers\Presensi->monitorKehadiran()
#6 D:\Aplikasi\github\e-attendance\vendor\codeigniter4\framework\system\CodeIgniter.php(419): CodeIgniter\CodeIgniter->runController(Object(App\Controllers\Presensi))
#7 D:\Aplikasi\github\e-attendance\vendor\codeigniter4\framework\system\CodeIgniter.php(326): CodeIgniter\CodeIgniter->handleRequest(NULL, Object(Config\Cache), false)
#8 D:\Aplikasi\github\e-attendance\public\index.php(37): CodeIgniter\CodeIgniter->run()
#9 D:\Aplikasi\github\e-attendance\vendor\codeigniter4\framework\system\Commands\Server\rewrite.php(43): require_once('D:\\Aplikasi\\git...')
#10 {main}
CRITICAL - 2022-06-30 10:31:36 --> Invalid UUID string: 4lemoy80ccna
#0 D:\Aplikasi\github\e-attendance\vendor\ramsey\uuid\src\Codec\StringCodec.php(89): Ramsey\Uuid\Codec\StringCodec->getBytes('4lemoy80ccna')
#1 D:\Aplikasi\github\e-attendance\vendor\ramsey\uuid\src\UuidFactory.php(312): Ramsey\Uuid\Codec\StringCodec->decode('4lemoy80ccna')
#2 D:\Aplikasi\github\e-attendance\vendor\ramsey\uuid\src\Uuid.php(485): Ramsey\Uuid\UuidFactory->fromString('4lemoy80ccna')
#3 D:\Aplikasi\github\e-attendance\vendor\michalsn\codeigniter4-uuid\src\Uuid.php(144): Ramsey\Uuid\Uuid::fromString('4lemoy80ccna')
#4 D:\Aplikasi\github\e-attendance\vendor\michalsn\codeigniter4-uuid\src\UuidModel.php(162): Michalsn\Uuid\Uuid->fromString('4lemoy80ccna')
#5 D:\Aplikasi\github\e-attendance\vendor\michalsn\codeigniter4-uuid\src\UuidModel.php(485): Michalsn\Uuid\UuidModel->convertUuidPrimaryKeyToBytes(Array)
#6 D:\Aplikasi\github\e-attendance\vendor\codeigniter4\framework\system\BaseModel.php(865): Michalsn\Uuid\UuidModel->doUpdate(Array, Array)
#7 D:\Aplikasi\github\e-attendance\vendor\codeigniter4\framework\system\Model.php(651): CodeIgniter\BaseModel->update(Array, Array)
#8 D:\Aplikasi\github\e-attendance\vendor\codeigniter4\framework\system\BaseModel.php(656): CodeIgniter\Model->update('4lemoy80ccna', Array)
#9 D:\Aplikasi\github\e-attendance\app\Controllers\Activity.php(30): CodeIgniter\BaseModel->save(Array)
#10 D:\Aplikasi\github\e-attendance\vendor\codeigniter4\framework\system\CodeIgniter.php(832): App\Controllers\Activity->AddActivity()
#11 D:\Aplikasi\github\e-attendance\vendor\codeigniter4\framework\system\CodeIgniter.php(419): CodeIgniter\CodeIgniter->runController(Object(App\Controllers\Activity))
#12 D:\Aplikasi\github\e-attendance\vendor\codeigniter4\framework\system\CodeIgniter.php(326): CodeIgniter\CodeIgniter->handleRequest(NULL, Object(Config\Cache), false)
#13 D:\Aplikasi\github\e-attendance\public\index.php(37): CodeIgniter\CodeIgniter->run()
#14 D:\Aplikasi\github\e-attendance\vendor\codeigniter4\framework\system\Commands\Server\rewrite.php(43): require_once('D:\\Aplikasi\\git...')
#15 {main}
CRITICAL - 2022-06-30 10:32:02 --> Invalid UUID string: 6icr0h3sc7xe
#0 D:\Aplikasi\github\e-attendance\vendor\ramsey\uuid\src\Codec\StringCodec.php(89): Ramsey\Uuid\Codec\StringCodec->getBytes('6icr0h3sc7xe')
#1 D:\Aplikasi\github\e-attendance\vendor\ramsey\uuid\src\UuidFactory.php(312): Ramsey\Uuid\Codec\StringCodec->decode('6icr0h3sc7xe')
#2 D:\Aplikasi\github\e-attendance\vendor\ramsey\uuid\src\Uuid.php(485): Ramsey\Uuid\UuidFactory->fromString('6icr0h3sc7xe')
#3 D:\Aplikasi\github\e-attendance\vendor\michalsn\codeigniter4-uuid\src\Uuid.php(144): Ramsey\Uuid\Uuid::fromString('6icr0h3sc7xe')
#4 D:\Aplikasi\github\e-attendance\vendor\michalsn\codeigniter4-uuid\src\UuidModel.php(162): Michalsn\Uuid\Uuid->fromString('6icr0h3sc7xe')
#5 D:\Aplikasi\github\e-attendance\vendor\michalsn\codeigniter4-uuid\src\UuidModel.php(485): Michalsn\Uuid\UuidModel->convertUuidPrimaryKeyToBytes(Array)
#6 D:\Aplikasi\github\e-attendance\vendor\codeigniter4\framework\system\BaseModel.php(865): Michalsn\Uuid\UuidModel->doUpdate(Array, Array)
#7 D:\Aplikasi\github\e-attendance\vendor\codeigniter4\framework\system\Model.php(651): CodeIgniter\BaseModel->update(Array, Array)
#8 D:\Aplikasi\github\e-attendance\vendor\codeigniter4\framework\system\BaseModel.php(656): CodeIgniter\Model->update('6icr0h3sc7xe', Array)
#9 D:\Aplikasi\github\e-attendance\app\Controllers\Activity.php(30): CodeIgniter\BaseModel->save(Array)
#10 D:\Aplikasi\github\e-attendance\vendor\codeigniter4\framework\system\CodeIgniter.php(832): App\Controllers\Activity->AddActivity()
#11 D:\Aplikasi\github\e-attendance\vendor\codeigniter4\framework\system\CodeIgniter.php(419): CodeIgniter\CodeIgniter->runController(Object(App\Controllers\Activity))
#12 D:\Aplikasi\github\e-attendance\vendor\codeigniter4\framework\system\CodeIgniter.php(326): CodeIgniter\CodeIgniter->handleRequest(NULL, Object(Config\Cache), false)
#13 D:\Aplikasi\github\e-attendance\public\index.php(37): CodeIgniter\CodeIgniter->run()
#14 D:\Aplikasi\github\e-attendance\vendor\codeigniter4\framework\system\Commands\Server\rewrite.php(43): require_once('D:\\Aplikasi\\git...')
#15 {main}
CRITICAL - 2022-06-30 10:32:09 --> Invalid UUID string: jh2nclqxfl5
#0 D:\Aplikasi\github\e-attendance\vendor\ramsey\uuid\src\Codec\StringCodec.php(89): Ramsey\Uuid\Codec\StringCodec->getBytes('jh2nclqxfl5')
#1 D:\Aplikasi\github\e-attendance\vendor\ramsey\uuid\src\UuidFactory.php(312): Ramsey\Uuid\Codec\StringCodec->decode('jh2nclqxfl5')
#2 D:\Aplikasi\github\e-attendance\vendor\ramsey\uuid\src\Uuid.php(485): Ramsey\Uuid\UuidFactory->fromString('jh2nclqxfl5')
#3 D:\Aplikasi\github\e-attendance\vendor\michalsn\codeigniter4-uuid\src\Uuid.php(144): Ramsey\Uuid\Uuid::fromString('jh2nclqxfl5')
#4 D:\Aplikasi\github\e-attendance\vendor\michalsn\codeigniter4-uuid\src\UuidModel.php(162): Michalsn\Uuid\Uuid->fromString('jh2nclqxfl5')
#5 D:\Aplikasi\github\e-attendance\vendor\michalsn\codeigniter4-uuid\src\UuidModel.php(485): Michalsn\Uuid\UuidModel->convertUuidPrimaryKeyToBytes(Array)
#6 D:\Aplikasi\github\e-attendance\vendor\codeigniter4\framework\system\BaseModel.php(865): Michalsn\Uuid\UuidModel->doUpdate(Array, Array)
#7 D:\Aplikasi\github\e-attendance\vendor\codeigniter4\framework\system\Model.php(651): CodeIgniter\BaseModel->update(Array, Array)
#8 D:\Aplikasi\github\e-attendance\vendor\codeigniter4\framework\system\BaseModel.php(656): CodeIgniter\Model->update('jh2nclqxfl5', Array)
#9 D:\Aplikasi\github\e-attendance\app\Controllers\Activity.php(30): CodeIgniter\BaseModel->save(Array)
#10 D:\Aplikasi\github\e-attendance\vendor\codeigniter4\framework\system\CodeIgniter.php(832): App\Controllers\Activity->AddActivity()
#11 D:\Aplikasi\github\e-attendance\vendor\codeigniter4\framework\system\CodeIgniter.php(419): CodeIgniter\CodeIgniter->runController(Object(App\Controllers\Activity))
#12 D:\Aplikasi\github\e-attendance\vendor\codeigniter4\framework\system\CodeIgniter.php(326): CodeIgniter\CodeIgniter->handleRequest(NULL, Object(Config\Cache), false)
#13 D:\Aplikasi\github\e-attendance\public\index.php(37): CodeIgniter\CodeIgniter->run()
#14 D:\Aplikasi\github\e-attendance\vendor\codeigniter4\framework\system\Commands\Server\rewrite.php(43): require_once('D:\\Aplikasi\\git...')
#15 {main}
CRITICAL - 2022-06-30 11:18:29 --> Undefined property: CodeIgniter\View\View::$session
#0 D:\Aplikasi\github\e-attendance\app\Views\_user\_index.php(170): CodeIgniter\Debug\Exceptions->errorHandler(8, 'Undefined prope...', 'D:\\Aplikasi\\git...', 170, Array)
#1 D:\Aplikasi\github\e-attendance\vendor\codeigniter4\framework\system\View\View.php(210): include('D:\\Aplikasi\\git...')
#2 D:\Aplikasi\github\e-attendance\vendor\codeigniter4\framework\system\View\View.php(213): CodeIgniter\View\View->CodeIgniter\View\{closure}()
#3 D:\Aplikasi\github\e-attendance\vendor\codeigniter4\framework\system\Common.php(1089): CodeIgniter\View\View->render('_user/_index', Array, true)
#4 D:\Aplikasi\github\e-attendance\app\Controllers\Presensi.php(24): view('_user/_index', Array)
#5 D:\Aplikasi\github\e-attendance\vendor\codeigniter4\framework\system\CodeIgniter.php(832): App\Controllers\Presensi->Presensi()
#6 D:\Aplikasi\github\e-attendance\vendor\codeigniter4\framework\system\CodeIgniter.php(419): CodeIgniter\CodeIgniter->runController(Object(App\Controllers\Presensi))
#7 D:\Aplikasi\github\e-attendance\vendor\codeigniter4\framework\system\CodeIgniter.php(326): CodeIgniter\CodeIgniter->handleRequest(NULL, Object(Config\Cache), false)
#8 D:\Aplikasi\github\e-attendance\public\index.php(37): CodeIgniter\CodeIgniter->run()
#9 D:\Aplikasi\github\e-attendance\vendor\codeigniter4\framework\system\Commands\Server\rewrite.php(43): require_once('D:\\Aplikasi\\git...')
#10 {main}
CRITICAL - 2022-06-30 11:19:20 --> Undefined property: CodeIgniter\View\View::$session
#0 D:\Aplikasi\github\e-attendance\app\Views\_user\_index.php(170): CodeIgniter\Debug\Exceptions->errorHandler(8, 'Undefined prope...', 'D:\\Aplikasi\\git...', 170, Array)
#1 D:\Aplikasi\github\e-attendance\vendor\codeigniter4\framework\system\View\View.php(210): include('D:\\Aplikasi\\git...')
#2 D:\Aplikasi\github\e-attendance\vendor\codeigniter4\framework\system\View\View.php(213): CodeIgniter\View\View->CodeIgniter\View\{closure}()
#3 D:\Aplikasi\github\e-attendance\vendor\codeigniter4\framework\system\Common.php(1089): CodeIgniter\View\View->render('_user/_index', Array, true)
#4 D:\Aplikasi\github\e-attendance\app\Controllers\Presensi.php(24): view('_user/_index', Array)
#5 D:\Aplikasi\github\e-attendance\vendor\codeigniter4\framework\system\CodeIgniter.php(832): App\Controllers\Presensi->Presensi()
#6 D:\Aplikasi\github\e-attendance\vendor\codeigniter4\framework\system\CodeIgniter.php(419): CodeIgniter\CodeIgniter->runController(Object(App\Controllers\Presensi))
#7 D:\Aplikasi\github\e-attendance\vendor\codeigniter4\framework\system\CodeIgniter.php(326): CodeIgniter\CodeIgniter->handleRequest(NULL, Object(Config\Cache), false)
#8 D:\Aplikasi\github\e-attendance\public\index.php(37): CodeIgniter\CodeIgniter->run()
#9 D:\Aplikasi\github\e-attendance\vendor\codeigniter4\framework\system\Commands\Server\rewrite.php(43): require_once('D:\\Aplikasi\\git...')
#10 {main}
CRITICAL - 2022-06-30 11:25:53 --> Undefined property: CodeIgniter\View\View::$session
#0 D:\Aplikasi\github\e-attendance\app\Views\_user\_index.php(461): CodeIgniter\Debug\Exceptions->errorHandler(8, 'Undefined prope...', 'D:\\Aplikasi\\git...', 461, Array)
#1 D:\Aplikasi\github\e-attendance\vendor\codeigniter4\framework\system\View\View.php(210): include('D:\\Aplikasi\\git...')
#2 D:\Aplikasi\github\e-attendance\vendor\codeigniter4\framework\system\View\View.php(213): CodeIgniter\View\View->CodeIgniter\View\{closure}()
#3 D:\Aplikasi\github\e-attendance\vendor\codeigniter4\framework\system\Common.php(1089): CodeIgniter\View\View->render('_user/_index', Array, true)
#4 D:\Aplikasi\github\e-attendance\app\Controllers\Presensi.php(24): view('_user/_index', Array)
#5 D:\Aplikasi\github\e-attendance\vendor\codeigniter4\framework\system\CodeIgniter.php(832): App\Controllers\Presensi->Presensi()
#6 D:\Aplikasi\github\e-attendance\vendor\codeigniter4\framework\system\CodeIgniter.php(419): CodeIgniter\CodeIgniter->runController(Object(App\Controllers\Presensi))
#7 D:\Aplikasi\github\e-attendance\vendor\codeigniter4\framework\system\CodeIgniter.php(326): CodeIgniter\CodeIgniter->handleRequest(NULL, Object(Config\Cache), false)
#8 D:\Aplikasi\github\e-attendance\public\index.php(37): CodeIgniter\CodeIgniter->run()
#9 D:\Aplikasi\github\e-attendance\vendor\codeigniter4\framework\system\Commands\Server\rewrite.php(43): require_once('D:\\Aplikasi\\git...')
#10 {main}
CRITICAL - 2022-06-30 11:28:42 --> Undefined index: sess_abs_id
#0 D:\Aplikasi\github\e-attendance\app\Views\_user\_index.php(170): CodeIgniter\Debug\Exceptions->errorHandler(8, 'Undefined index...', 'D:\\Aplikasi\\git...', 170, Array)
#1 D:\Aplikasi\github\e-attendance\vendor\codeigniter4\framework\system\View\View.php(210): include('D:\\Aplikasi\\git...')
#2 D:\Aplikasi\github\e-attendance\vendor\codeigniter4\framework\system\View\View.php(213): CodeIgniter\View\View->CodeIgniter\View\{closure}()
#3 D:\Aplikasi\github\e-attendance\vendor\codeigniter4\framework\system\Common.php(1089): CodeIgniter\View\View->render('_user/_index', Array, true)
#4 D:\Aplikasi\github\e-attendance\app\Controllers\Presensi.php(24): view('_user/_index', Array)
#5 D:\Aplikasi\github\e-attendance\vendor\codeigniter4\framework\system\CodeIgniter.php(832): App\Controllers\Presensi->Presensi()
#6 D:\Aplikasi\github\e-attendance\vendor\codeigniter4\framework\system\CodeIgniter.php(419): CodeIgniter\CodeIgniter->runController(Object(App\Controllers\Presensi))
#7 D:\Aplikasi\github\e-attendance\vendor\codeigniter4\framework\system\CodeIgniter.php(326): CodeIgniter\CodeIgniter->handleRequest(NULL, Object(Config\Cache), false)
#8 D:\Aplikasi\github\e-attendance\public\index.php(37): CodeIgniter\CodeIgniter->run()
#9 D:\Aplikasi\github\e-attendance\vendor\codeigniter4\framework\system\Commands\Server\rewrite.php(43): require_once('D:\\Aplikasi\\git...')
#10 {main}
CRITICAL - 2022-06-30 11:29:35 --> Undefined variable: session
#0 D:\Aplikasi\github\e-attendance\app\Views\_user\_index.php(170): CodeIgniter\Debug\Exceptions->errorHandler(8, 'Undefined varia...', 'D:\\Aplikasi\\git...', 170, Array)
#1 D:\Aplikasi\github\e-attendance\vendor\codeigniter4\framework\system\View\View.php(210): include('D:\\Aplikasi\\git...')
#2 D:\Aplikasi\github\e-attendance\vendor\codeigniter4\framework\system\View\View.php(213): CodeIgniter\View\View->CodeIgniter\View\{closure}()
#3 D:\Aplikasi\github\e-attendance\vendor\codeigniter4\framework\system\Common.php(1089): CodeIgniter\View\View->render('_user/_index', Array, true)
#4 D:\Aplikasi\github\e-attendance\app\Controllers\Presensi.php(24): view('_user/_index', Array)
#5 D:\Aplikasi\github\e-attendance\vendor\codeigniter4\framework\system\CodeIgniter.php(832): App\Controllers\Presensi->Presensi()
#6 D:\Aplikasi\github\e-attendance\vendor\codeigniter4\framework\system\CodeIgniter.php(419): CodeIgniter\CodeIgniter->runController(Object(App\Controllers\Presensi))
#7 D:\Aplikasi\github\e-attendance\vendor\codeigniter4\framework\system\CodeIgniter.php(326): CodeIgniter\CodeIgniter->handleRequest(NULL, Object(Config\Cache), false)
#8 D:\Aplikasi\github\e-attendance\public\index.php(37): CodeIgniter\CodeIgniter->run()
#9 D:\Aplikasi\github\e-attendance\vendor\codeigniter4\framework\system\Commands\Server\rewrite.php(43): require_once('D:\\Aplikasi\\git...')
#10 {main}
CRITICAL - 2022-06-30 11:29:44 --> Undefined variable: session
#0 D:\Aplikasi\github\e-attendance\app\Views\_user\_index.php(170): CodeIgniter\Debug\Exceptions->errorHandler(8, 'Undefined varia...', 'D:\\Aplikasi\\git...', 170, Array)
#1 D:\Aplikasi\github\e-attendance\vendor\codeigniter4\framework\system\View\View.php(210): include('D:\\Aplikasi\\git...')
#2 D:\Aplikasi\github\e-attendance\vendor\codeigniter4\framework\system\View\View.php(213): CodeIgniter\View\View->CodeIgniter\View\{closure}()
#3 D:\Aplikasi\github\e-attendance\vendor\codeigniter4\framework\system\Common.php(1089): CodeIgniter\View\View->render('_user/_index', Array, true)
#4 D:\Aplikasi\github\e-attendance\app\Controllers\Presensi.php(24): view('_user/_index', Array)
#5 D:\Aplikasi\github\e-attendance\vendor\codeigniter4\framework\system\CodeIgniter.php(832): App\Controllers\Presensi->Presensi()
#6 D:\Aplikasi\github\e-attendance\vendor\codeigniter4\framework\system\CodeIgniter.php(419): CodeIgniter\CodeIgniter->runController(Object(App\Controllers\Presensi))
#7 D:\Aplikasi\github\e-attendance\vendor\codeigniter4\framework\system\CodeIgniter.php(326): CodeIgniter\CodeIgniter->handleRequest(NULL, Object(Config\Cache), false)
#8 D:\Aplikasi\github\e-attendance\public\index.php(37): CodeIgniter\CodeIgniter->run()
#9 D:\Aplikasi\github\e-attendance\vendor\codeigniter4\framework\system\Commands\Server\rewrite.php(43): require_once('D:\\Aplikasi\\git...')
#10 {main}
CRITICAL - 2022-06-30 11:31:18 --> Undefined variable: config
#0 D:\Aplikasi\github\e-attendance\app\Controllers\Presensi.php(8): CodeIgniter\Debug\Exceptions->errorHandler(8, 'Undefined varia...', 'D:\\Aplikasi\\git...', 8, Array)
#1 D:\Aplikasi\github\e-attendance\vendor\codeigniter4\framework\system\Autoloader\Autoloader.php(264): include_once('D:\\Aplikasi\\git...')
#2 D:\Aplikasi\github\e-attendance\vendor\codeigniter4\framework\system\Autoloader\Autoloader.php(241): CodeIgniter\Autoloader\Autoloader->includeFile('D:\\Aplikasi\\git...')
#3 D:\Aplikasi\github\e-attendance\vendor\codeigniter4\framework\system\Autoloader\Autoloader.php(219): CodeIgniter\Autoloader\Autoloader->loadInNamespace('App\\Controllers...')
#4 [internal function]: CodeIgniter\Autoloader\Autoloader->loadClass('App\\Controllers...')
#5 [internal function]: spl_autoload_call('App\\Controllers...')
#6 D:\Aplikasi\github\e-attendance\vendor\codeigniter4\framework\system\CodeIgniter.php(797): class_exists('\\App\\Controller...', true)
#7 D:\Aplikasi\github\e-attendance\vendor\codeigniter4\framework\system\CodeIgniter.php(406): CodeIgniter\CodeIgniter->startController()
#8 D:\Aplikasi\github\e-attendance\vendor\codeigniter4\framework\system\CodeIgniter.php(326): CodeIgniter\CodeIgniter->handleRequest(NULL, Object(Config\Cache), false)
#9 D:\Aplikasi\github\e-attendance\public\index.php(37): CodeIgniter\CodeIgniter->run()
#10 D:\Aplikasi\github\e-attendance\vendor\codeigniter4\framework\system\Commands\Server\rewrite.php(43): require_once('D:\\Aplikasi\\git...')
#11 {main}
CRITICAL - 2022-06-30 11:31:28 --> Class 'App\Controllers\Services' not found
#0 D:\Aplikasi\github\e-attendance\vendor\codeigniter4\framework\system\Autoloader\Autoloader.php(264): include_once()
#1 D:\Aplikasi\github\e-attendance\vendor\codeigniter4\framework\system\Autoloader\Autoloader.php(241): CodeIgniter\Autoloader\Autoloader->includeFile('D:\\Aplikasi\\git...')
#2 D:\Aplikasi\github\e-attendance\vendor\codeigniter4\framework\system\Autoloader\Autoloader.php(219): CodeIgniter\Autoloader\Autoloader->loadInNamespace('App\\Controllers...')
#3 [internal function]: CodeIgniter\Autoloader\Autoloader->loadClass('App\\Controllers...')
#4 [internal function]: spl_autoload_call('App\\Controllers...')
#5 D:\Aplikasi\github\e-attendance\vendor\codeigniter4\framework\system\CodeIgniter.php(797): class_exists('\\App\\Controller...', true)
#6 D:\Aplikasi\github\e-attendance\vendor\codeigniter4\framework\system\CodeIgniter.php(406): CodeIgniter\CodeIgniter->startController()
#7 D:\Aplikasi\github\e-attendance\vendor\codeigniter4\framework\system\CodeIgniter.php(326): CodeIgniter\CodeIgniter->handleRequest(NULL, Object(Config\Cache), false)
#8 D:\Aplikasi\github\e-attendance\public\index.php(37): CodeIgniter\CodeIgniter->run()
#9 D:\Aplikasi\github\e-attendance\vendor\codeigniter4\framework\system\Commands\Server\rewrite.php(43): require_once('D:\\Aplikasi\\git...')
#10 {main}
CRITICAL - 2022-06-30 11:31:43 --> Undefined variable: session
#0 D:\Aplikasi\github\e-attendance\app\Views\_user\_index.php(170): CodeIgniter\Debug\Exceptions->errorHandler(8, 'Undefined varia...', 'D:\\Aplikasi\\git...', 170, Array)
#1 D:\Aplikasi\github\e-attendance\vendor\codeigniter4\framework\system\View\View.php(210): include('D:\\Aplikasi\\git...')
#2 D:\Aplikasi\github\e-attendance\vendor\codeigniter4\framework\system\View\View.php(213): CodeIgniter\View\View->CodeIgniter\View\{closure}()
#3 D:\Aplikasi\github\e-attendance\vendor\codeigniter4\framework\system\Common.php(1089): CodeIgniter\View\View->render('_user/_index', Array, true)
#4 D:\Aplikasi\github\e-attendance\app\Controllers\Presensi.php(26): view('_user/_index', Array)
#5 D:\Aplikasi\github\e-attendance\vendor\codeigniter4\framework\system\CodeIgniter.php(832): App\Controllers\Presensi->Presensi()
#6 D:\Aplikasi\github\e-attendance\vendor\codeigniter4\framework\system\CodeIgniter.php(419): CodeIgniter\CodeIgniter->runController(Object(App\Controllers\Presensi))
#7 D:\Aplikasi\github\e-attendance\vendor\codeigniter4\framework\system\CodeIgniter.php(326): CodeIgniter\CodeIgniter->handleRequest(NULL, Object(Config\Cache), false)
#8 D:\Aplikasi\github\e-attendance\public\index.php(37): CodeIgniter\CodeIgniter->run()
#9 D:\Aplikasi\github\e-attendance\vendor\codeigniter4\framework\system\Commands\Server\rewrite.php(43): require_once('D:\\Aplikasi\\git...')
#10 {main}
CRITICAL - 2022-06-30 11:32:06 --> Undefined variable: session
#0 D:\Aplikasi\github\e-attendance\app\Controllers\Presensi.php(26): CodeIgniter\Debug\Exceptions->errorHandler(8, 'Undefined varia...', 'D:\\Aplikasi\\git...', 26, Array)
#1 D:\Aplikasi\github\e-attendance\vendor\codeigniter4\framework\system\CodeIgniter.php(832): App\Controllers\Presensi->Presensi()
#2 D:\Aplikasi\github\e-attendance\vendor\codeigniter4\framework\system\CodeIgniter.php(419): CodeIgniter\CodeIgniter->runController(Object(App\Controllers\Presensi))
#3 D:\Aplikasi\github\e-attendance\vendor\codeigniter4\framework\system\CodeIgniter.php(326): CodeIgniter\CodeIgniter->handleRequest(NULL, Object(Config\Cache), false)
#4 D:\Aplikasi\github\e-attendance\public\index.php(37): CodeIgniter\CodeIgniter->run()
#5 D:\Aplikasi\github\e-attendance\vendor\codeigniter4\framework\system\Commands\Server\rewrite.php(43): require_once('D:\\Aplikasi\\git...')
#6 {main}
CRITICAL - 2022-06-30 11:32:30 --> Argument 3 passed to view() must be of the type array, object given, called in D:\Aplikasi\github\e-attendance\app\Controllers\Presensi.php on line 26
#0 D:\Aplikasi\github\e-attendance\app\Controllers\Presensi.php(26): view('_user/_index', Array, Object(CodeIgniter\Session\Session))
#1 D:\Aplikasi\github\e-attendance\vendor\codeigniter4\framework\system\CodeIgniter.php(832): App\Controllers\Presensi->Presensi()
#2 D:\Aplikasi\github\e-attendance\vendor\codeigniter4\framework\system\CodeIgniter.php(419): CodeIgniter\CodeIgniter->runController(Object(App\Controllers\Presensi))
#3 D:\Aplikasi\github\e-attendance\vendor\codeigniter4\framework\system\CodeIgniter.php(326): CodeIgniter\CodeIgniter->handleRequest(NULL, Object(Config\Cache), false)
#4 D:\Aplikasi\github\e-attendance\public\index.php(37): CodeIgniter\CodeIgniter->run()
#5 D:\Aplikasi\github\e-attendance\vendor\codeigniter4\framework\system\Commands\Server\rewrite.php(43): require_once('D:\\Aplikasi\\git...')
#6 {main}
CRITICAL - 2022-06-30 11:32:55 --> Undefined variable: config
#0 D:\Aplikasi\github\e-attendance\app\Controllers\Presensi.php(19): CodeIgniter\Debug\Exceptions->errorHandler(8, 'Undefined varia...', 'D:\\Aplikasi\\git...', 19, Array)
#1 D:\Aplikasi\github\e-attendance\vendor\codeigniter4\framework\system\CodeIgniter.php(832): App\Controllers\Presensi->Presensi()
#2 D:\Aplikasi\github\e-attendance\vendor\codeigniter4\framework\system\CodeIgniter.php(419): CodeIgniter\CodeIgniter->runController(Object(App\Controllers\Presensi))
#3 D:\Aplikasi\github\e-attendance\vendor\codeigniter4\framework\system\CodeIgniter.php(326): CodeIgniter\CodeIgniter->handleRequest(NULL, Object(Config\Cache), false)
#4 D:\Aplikasi\github\e-attendance\public\index.php(37): CodeIgniter\CodeIgniter->run()
#5 D:\Aplikasi\github\e-attendance\vendor\codeigniter4\framework\system\Commands\Server\rewrite.php(43): require_once('D:\\Aplikasi\\git...')
#6 {main}
CRITICAL - 2022-06-30 11:43:25 --> There is no data to update.
#0 D:\Aplikasi\github\e-attendance\vendor\codeigniter4\framework\system\BaseModel.php(846): CodeIgniter\Database\Exceptions\DataException::forEmptyDataset('update')
#1 D:\Aplikasi\github\e-attendance\vendor\codeigniter4\framework\system\Model.php(651): CodeIgniter\BaseModel->update(Array, Array)
#2 D:\Aplikasi\github\e-attendance\app\Controllers\Activity.php(31): CodeIgniter\Model->update('2022-06-29', Array)
#3 D:\Aplikasi\github\e-attendance\vendor\codeigniter4\framework\system\CodeIgniter.php(832): App\Controllers\Activity->AddActivity()
#4 D:\Aplikasi\github\e-attendance\vendor\codeigniter4\framework\system\CodeIgniter.php(419): CodeIgniter\CodeIgniter->runController(Object(App\Controllers\Activity))
#5 D:\Aplikasi\github\e-attendance\vendor\codeigniter4\framework\system\CodeIgniter.php(326): CodeIgniter\CodeIgniter->handleRequest(NULL, Object(Config\Cache), false)
#6 D:\Aplikasi\github\e-attendance\public\index.php(37): CodeIgniter\CodeIgniter->run()
#7 D:\Aplikasi\github\e-attendance\vendor\codeigniter4\framework\system\Commands\Server\rewrite.php(43): require_once('D:\\Aplikasi\\git...')
#8 {main}
ERROR - 2022-06-30 11:43:33 --> Column 'act_tgl' cannot be null
CRITICAL - 2022-06-30 11:43:33 --> Column 'act_tgl' cannot be null
#0 D:\Aplikasi\github\e-attendance\vendor\codeigniter4\framework\system\Database\MySQLi\Connection.php(292): mysqli->query('INSERT INTO `ac...', 0)
#1 D:\Aplikasi\github\e-attendance\vendor\codeigniter4\framework\system\Database\BaseConnection.php(670): CodeIgniter\Database\MySQLi\Connection->execute('INSERT INTO `ac...')
#2 D:\Aplikasi\github\e-attendance\vendor\codeigniter4\framework\system\Database\BaseConnection.php(598): CodeIgniter\Database\BaseConnection->simpleQuery('INSERT INTO `ac...')
#3 D:\Aplikasi\github\e-attendance\vendor\codeigniter4\framework\system\Database\BaseBuilder.php(1771): CodeIgniter\Database\BaseConnection->query('INSERT INTO `ac...', Array, false)
#4 D:\Aplikasi\github\e-attendance\vendor\codeigniter4\framework\system\Model.php(239): CodeIgniter\Database\BaseBuilder->insert()
#5 D:\Aplikasi\github\e-attendance\vendor\codeigniter4\framework\system\BaseModel.php(738): CodeIgniter\Model->doInsert(Array)
#6 D:\Aplikasi\github\e-attendance\vendor\codeigniter4\framework\system\Model.php(625): CodeIgniter\BaseModel->insert(Array, false)
#7 D:\Aplikasi\github\e-attendance\vendor\codeigniter4\framework\system\BaseModel.php(658): CodeIgniter\Model->insert(Array, false)
#8 D:\Aplikasi\github\e-attendance\app\Controllers\Activity.php(30): CodeIgniter\BaseModel->save(Array)
#9 D:\Aplikasi\github\e-attendance\vendor\codeigniter4\framework\system\CodeIgniter.php(832): App\Controllers\Activity->AddActivity()
#10 D:\Aplikasi\github\e-attendance\vendor\codeigniter4\framework\system\CodeIgniter.php(419): CodeIgniter\CodeIgniter->runController(Object(App\Controllers\Activity))
#11 D:\Aplikasi\github\e-attendance\vendor\codeigniter4\framework\system\CodeIgniter.php(326): CodeIgniter\CodeIgniter->handleRequest(NULL, Object(Config\Cache), false)
#12 D:\Aplikasi\github\e-attendance\public\index.php(37): CodeIgniter\CodeIgniter->run()
#13 D:\Aplikasi\github\e-attendance\vendor\codeigniter4\framework\system\Commands\Server\rewrite.php(43): require_once('D:\\Aplikasi\\git...')
#14 {main}
CRITICAL - 2022-06-30 11:44:00 --> There is no data to update.
#0 D:\Aplikasi\github\e-attendance\vendor\codeigniter4\framework\system\BaseModel.php(846): CodeIgniter\Database\Exceptions\DataException::forEmptyDataset('update')
#1 D:\Aplikasi\github\e-attendance\vendor\codeigniter4\framework\system\Model.php(651): CodeIgniter\BaseModel->update(Array, Array)
#2 D:\Aplikasi\github\e-attendance\app\Controllers\Activity.php(31): CodeIgniter\Model->update('2022-06-29', Array)
#3 D:\Aplikasi\github\e-attendance\vendor\codeigniter4\framework\system\CodeIgniter.php(832): App\Controllers\Activity->AddActivity()
#4 D:\Aplikasi\github\e-attendance\vendor\codeigniter4\framework\system\CodeIgniter.php(419): CodeIgniter\CodeIgniter->runController(Object(App\Controllers\Activity))
#5 D:\Aplikasi\github\e-attendance\vendor\codeigniter4\framework\system\CodeIgniter.php(326): CodeIgniter\CodeIgniter->handleRequest(NULL, Object(Config\Cache), false)
#6 D:\Aplikasi\github\e-attendance\public\index.php(37): CodeIgniter\CodeIgniter->run()
#7 D:\Aplikasi\github\e-attendance\vendor\codeigniter4\framework\system\Commands\Server\rewrite.php(43): require_once('D:\\Aplikasi\\git...')
#8 {main}
CRITICAL - 2022-06-30 11:50:54 --> Undefined property: App\Controllers\Activity::$db
#0 D:\Aplikasi\github\e-attendance\app\Controllers\Activity.php(31): CodeIgniter\Debug\Exceptions->errorHandler(8, 'Undefined prope...', 'D:\\Aplikasi\\git...', 31, Array)
#1 D:\Aplikasi\github\e-attendance\vendor\codeigniter4\framework\system\CodeIgniter.php(832): App\Controllers\Activity->AddActivity()
#2 D:\Aplikasi\github\e-attendance\vendor\codeigniter4\framework\system\CodeIgniter.php(419): CodeIgniter\CodeIgniter->runController(Object(App\Controllers\Activity))
#3 D:\Aplikasi\github\e-attendance\vendor\codeigniter4\framework\system\CodeIgniter.php(326): CodeIgniter\CodeIgniter->handleRequest(NULL, Object(Config\Cache), false)
#4 D:\Aplikasi\github\e-attendance\public\index.php(37): CodeIgniter\CodeIgniter->run()
#5 D:\Aplikasi\github\e-attendance\vendor\codeigniter4\framework\system\Commands\Server\rewrite.php(43): require_once('D:\\Aplikasi\\git...')
#6 {main}
CRITICAL - 2022-06-30 11:58:34 --> There is no data to update.
#0 D:\Aplikasi\github\e-attendance\vendor\codeigniter4\framework\system\BaseModel.php(846): CodeIgniter\Database\Exceptions\DataException::forEmptyDataset('update')
#1 D:\Aplikasi\github\e-attendance\vendor\codeigniter4\framework\system\Model.php(651): CodeIgniter\BaseModel->update(NULL, Array)
#2 D:\Aplikasi\github\e-attendance\app\Controllers\Activity.php(36): CodeIgniter\Model->update()
#3 D:\Aplikasi\github\e-attendance\vendor\codeigniter4\framework\system\CodeIgniter.php(832): App\Controllers\Activity->AddActivity()
#4 D:\Aplikasi\github\e-attendance\vendor\codeigniter4\framework\system\CodeIgniter.php(419): CodeIgniter\CodeIgniter->runController(Object(App\Controllers\Activity))
#5 D:\Aplikasi\github\e-attendance\vendor\codeigniter4\framework\system\CodeIgniter.php(326): CodeIgniter\CodeIgniter->handleRequest(NULL, Object(Config\Cache), false)
#6 D:\Aplikasi\github\e-attendance\public\index.php(37): CodeIgniter\CodeIgniter->run()
#7 D:\Aplikasi\github\e-attendance\vendor\codeigniter4\framework\system\Commands\Server\rewrite.php(43): require_once('D:\\Aplikasi\\git...')
#8 {main}
CRITICAL - 2022-06-30 12:01:56 --> There is no data to update.
#0 D:\Aplikasi\github\e-attendance\vendor\codeigniter4\framework\system\BaseModel.php(846): CodeIgniter\Database\Exceptions\DataException::forEmptyDataset('update')
#1 D:\Aplikasi\github\e-attendance\vendor\codeigniter4\framework\system\Model.php(651): CodeIgniter\BaseModel->update(Array, Array)
#2 D:\Aplikasi\github\e-attendance\app\Controllers\Activity.php(33): CodeIgniter\Model->update('16iwcnx39sfn', Array)
#3 D:\Aplikasi\github\e-attendance\vendor\codeigniter4\framework\system\CodeIgniter.php(832): App\Controllers\Activity->AddActivity()
#4 D:\Aplikasi\github\e-attendance\vendor\codeigniter4\framework\system\CodeIgniter.php(419): CodeIgniter\CodeIgniter->runController(Object(App\Controllers\Activity))
#5 D:\Aplikasi\github\e-attendance\vendor\codeigniter4\framework\system\CodeIgniter.php(326): CodeIgniter\CodeIgniter->handleRequest(NULL, Object(Config\Cache), false)
#6 D:\Aplikasi\github\e-attendance\public\index.php(37): CodeIgniter\CodeIgniter->run()
#7 D:\Aplikasi\github\e-attendance\vendor\codeigniter4\framework\system\Commands\Server\rewrite.php(43): require_once('D:\\Aplikasi\\git...')
#8 {main}
CRITICAL - 2022-06-30 12:06:37 --> Call to a member function set() on null
#0 D:\Aplikasi\github\e-attendance\vendor\codeigniter4\framework\system\CodeIgniter.php(832): App\Controllers\Activity->AddActivity()
#1 D:\Aplikasi\github\e-attendance\vendor\codeigniter4\framework\system\CodeIgniter.php(419): CodeIgniter\CodeIgniter->runController(Object(App\Controllers\Activity))
#2 D:\Aplikasi\github\e-attendance\vendor\codeigniter4\framework\system\CodeIgniter.php(326): CodeIgniter\CodeIgniter->handleRequest(NULL, Object(Config\Cache), false)
#3 D:\Aplikasi\github\e-attendance\public\index.php(37): CodeIgniter\CodeIgniter->run()
#4 D:\Aplikasi\github\e-attendance\vendor\codeigniter4\framework\system\Commands\Server\rewrite.php(43): require_once('D:\\Aplikasi\\git...')
#5 {main}
CRITICAL - 2022-06-30 12:07:30 --> Call to a member function set() on null
#0 D:\Aplikasi\github\e-attendance\vendor\codeigniter4\framework\system\CodeIgniter.php(832): App\Controllers\Activity->AddActivity()
#1 D:\Aplikasi\github\e-attendance\vendor\codeigniter4\framework\system\CodeIgniter.php(419): CodeIgniter\CodeIgniter->runController(Object(App\Controllers\Activity))
#2 D:\Aplikasi\github\e-attendance\vendor\codeigniter4\framework\system\CodeIgniter.php(326): CodeIgniter\CodeIgniter->handleRequest(NULL, Object(Config\Cache), false)
#3 D:\Aplikasi\github\e-attendance\public\index.php(37): CodeIgniter\CodeIgniter->run()
#4 D:\Aplikasi\github\e-attendance\vendor\codeigniter4\framework\system\Commands\Server\rewrite.php(43): require_once('D:\\Aplikasi\\git...')
#5 {main}
CRITICAL - 2022-06-30 12:16:18 --> Use of undefined constant output2 - assumed 'output2' (this will throw an Error in a future version of PHP)
#0 D:\Aplikasi\github\e-attendance\app\Controllers\Activity.php(42): CodeIgniter\Debug\Exceptions->errorHandler(2, 'Use of undefine...', 'D:\\Aplikasi\\git...', 42, Array)
#1 D:\Aplikasi\github\e-attendance\vendor\codeigniter4\framework\system\CodeIgniter.php(832): App\Controllers\Activity->AddActivity()
#2 D:\Aplikasi\github\e-attendance\vendor\codeigniter4\framework\system\CodeIgniter.php(419): CodeIgniter\CodeIgniter->runController(Object(App\Controllers\Activity))
#3 D:\Aplikasi\github\e-attendance\vendor\codeigniter4\framework\system\CodeIgniter.php(326): CodeIgniter\CodeIgniter->handleRequest(NULL, Object(Config\Cache), false)
#4 D:\Aplikasi\github\e-attendance\public\index.php(37): CodeIgniter\CodeIgniter->run()
#5 D:\Aplikasi\github\e-attendance\vendor\codeigniter4\framework\system\Commands\Server\rewrite.php(43): require_once('D:\\Aplikasi\\git...')
#6 {main}
CRITICAL - 2022-06-30 15:17:04 --> Call to undefined method App\Models\ActivityModel::get_act_by_id
#0 D:\Aplikasi\github\e-attendance\app\Controllers\Activity.php(84): CodeIgniter\Model->__call('get_act_by_id', Array)
#1 D:\Aplikasi\github\e-attendance\vendor\codeigniter4\framework\system\CodeIgniter.php(832): App\Controllers\Activity->ActDetails('2noi9bry9bmx')
#2 D:\Aplikasi\github\e-attendance\vendor\codeigniter4\framework\system\CodeIgniter.php(419): CodeIgniter\CodeIgniter->runController(Object(App\Controllers\Activity))
#3 D:\Aplikasi\github\e-attendance\vendor\codeigniter4\framework\system\CodeIgniter.php(326): CodeIgniter\CodeIgniter->handleRequest(NULL, Object(Config\Cache), false)
#4 D:\Aplikasi\github\e-attendance\public\index.php(37): CodeIgniter\CodeIgniter->run()
#5 D:\Aplikasi\github\e-attendance\vendor\codeigniter4\framework\system\Commands\Server\rewrite.php(43): require_once('D:\\Aplikasi\\git...')
#6 {main}
