CRITICAL - 2022-05-20 08:13:08 --> Undefined variable: config
#0 /Users/habibi/Documents/Politala/ICT/e-presensi-politala/app/Views/_auth/_login.php(17): CodeIgniter\Debug\Exceptions->errorHandler(8, 'Undefined varia...', '/Users/habibi/D...', 17, Array)
#1 /Users/habibi/Documents/Politala/ICT/e-presensi-politala/vendor/codeigniter4/framework/system/View/View.php(210): include('/Users/habibi/D...')
#2 /Users/habibi/Documents/Politala/ICT/e-presensi-politala/vendor/codeigniter4/framework/system/View/View.php(213): CodeIgniter\View\View->CodeIgniter\View\{closure}()
#3 /Users/habibi/Documents/Politala/ICT/e-presensi-politala/vendor/codeigniter4/framework/system/Common.php(1089): CodeIgniter\View\View->render('_auth/_login', Array, true)
#4 /Users/habibi/Documents/Politala/ICT/e-presensi-politala/app/Controllers/Home.php(13): view('_auth/_login')
#5 /Users/habibi/Documents/Politala/ICT/e-presensi-politala/vendor/codeigniter4/framework/system/CodeIgniter.php(832): App\Controllers\Home->index()
#6 /Users/habibi/Documents/Politala/ICT/e-presensi-politala/vendor/codeigniter4/framework/system/CodeIgniter.php(419): CodeIgniter\CodeIgniter->runController(Object(App\Controllers\Home))
#7 /Users/habibi/Documents/Politala/ICT/e-presensi-politala/vendor/codeigniter4/framework/system/CodeIgniter.php(326): CodeIgniter\CodeIgniter->handleRequest(NULL, Object(Config\Cache), false)
#8 /Users/habibi/Documents/Politala/ICT/e-presensi-politala/public/index.php(37): CodeIgniter\CodeIgniter->run()
#9 /Users/habibi/Documents/Politala/ICT/e-presensi-politala/vendor/codeigniter4/framework/system/Commands/Server/rewrite.php(43): require_once('/Users/habibi/D...')
#10 {main}
CRITICAL - 2022-05-20 09:05:28 --> Undefined property: mysqli::$abs_status
#0 /Users/habibi/Documents/Politala/ICT/e-presensi-politala/app/Views/_user/_kehadiran.php(137): CodeIgniter\Debug\Exceptions->errorHandler(8, 'Undefined prope...', '/Users/habibi/D...', 137, Array)
#1 /Users/habibi/Documents/Politala/ICT/e-presensi-politala/vendor/codeigniter4/framework/system/View/View.php(210): include('/Users/habibi/D...')
#2 /Users/habibi/Documents/Politala/ICT/e-presensi-politala/vendor/codeigniter4/framework/system/View/View.php(213): CodeIgniter\View\View->CodeIgniter\View\{closure}()
#3 /Users/habibi/Documents/Politala/ICT/e-presensi-politala/vendor/codeigniter4/framework/system/Common.php(1089): CodeIgniter\View\View->render('_user/_kehadira...', Array, true)
#4 /Users/habibi/Documents/Politala/ICT/e-presensi-politala/app/Controllers/Home.php(30): view('_user/_kehadira...', Array)
#5 /Users/habibi/Documents/Politala/ICT/e-presensi-politala/vendor/codeigniter4/framework/system/CodeIgniter.php(832): App\Controllers\Home->kehadiran()
#6 /Users/habibi/Documents/Politala/ICT/e-presensi-politala/vendor/codeigniter4/framework/system/CodeIgniter.php(419): CodeIgniter\CodeIgniter->runController(Object(App\Controllers\Home))
#7 /Users/habibi/Documents/Politala/ICT/e-presensi-politala/vendor/codeigniter4/framework/system/CodeIgniter.php(326): CodeIgniter\CodeIgniter->handleRequest(NULL, Object(Config\Cache), false)
#8 /Users/habibi/Documents/Politala/ICT/e-presensi-politala/public/index.php(37): CodeIgniter\CodeIgniter->run()
#9 /Users/habibi/Documents/Politala/ICT/e-presensi-politala/vendor/codeigniter4/framework/system/Commands/Server/rewrite.php(43): require_once('/Users/habibi/D...')
#10 {main}
CRITICAL - 2022-05-20 09:06:50 --> Undefined property: mysqli::$abs_status
#0 /Users/habibi/Documents/Politala/ICT/e-presensi-politala/app/Views/_user/_kehadiran.php(137): CodeIgniter\Debug\Exceptions->errorHandler(8, 'Undefined prope...', '/Users/habibi/D...', 137, Array)
#1 /Users/habibi/Documents/Politala/ICT/e-presensi-politala/vendor/codeigniter4/framework/system/View/View.php(210): include('/Users/habibi/D...')
#2 /Users/habibi/Documents/Politala/ICT/e-presensi-politala/vendor/codeigniter4/framework/system/View/View.php(213): CodeIgniter\View\View->CodeIgniter\View\{closure}()
#3 /Users/habibi/Documents/Politala/ICT/e-presensi-politala/vendor/codeigniter4/framework/system/Common.php(1089): CodeIgniter\View\View->render('_user/_kehadira...', Array, true)
#4 /Users/habibi/Documents/Politala/ICT/e-presensi-politala/app/Controllers/Home.php(30): view('_user/_kehadira...', Array)
#5 /Users/habibi/Documents/Politala/ICT/e-presensi-politala/vendor/codeigniter4/framework/system/CodeIgniter.php(832): App\Controllers\Home->kehadiran()
#6 /Users/habibi/Documents/Politala/ICT/e-presensi-politala/vendor/codeigniter4/framework/system/CodeIgniter.php(419): CodeIgniter\CodeIgniter->runController(Object(App\Controllers\Home))
#7 /Users/habibi/Documents/Politala/ICT/e-presensi-politala/vendor/codeigniter4/framework/system/CodeIgniter.php(326): CodeIgniter\CodeIgniter->handleRequest(NULL, Object(Config\Cache), false)
#8 /Users/habibi/Documents/Politala/ICT/e-presensi-politala/public/index.php(37): CodeIgniter\CodeIgniter->run()
#9 /Users/habibi/Documents/Politala/ICT/e-presensi-politala/vendor/codeigniter4/framework/system/Commands/Server/rewrite.php(43): require_once('/Users/habibi/D...')
#10 {main}
CRITICAL - 2022-05-20 09:07:34 --> Undefined property: mysqli::$abs_status
#0 /Users/habibi/Documents/Politala/ICT/e-presensi-politala/app/Views/_user/_kehadiran.php(137): CodeIgniter\Debug\Exceptions->errorHandler(8, 'Undefined prope...', '/Users/habibi/D...', 137, Array)
#1 /Users/habibi/Documents/Politala/ICT/e-presensi-politala/vendor/codeigniter4/framework/system/View/View.php(210): include('/Users/habibi/D...')
#2 /Users/habibi/Documents/Politala/ICT/e-presensi-politala/vendor/codeigniter4/framework/system/View/View.php(213): CodeIgniter\View\View->CodeIgniter\View\{closure}()
#3 /Users/habibi/Documents/Politala/ICT/e-presensi-politala/vendor/codeigniter4/framework/system/Common.php(1089): CodeIgniter\View\View->render('_user/_kehadira...', Array, true)
#4 /Users/habibi/Documents/Politala/ICT/e-presensi-politala/app/Controllers/Home.php(30): view('_user/_kehadira...', Array)
#5 /Users/habibi/Documents/Politala/ICT/e-presensi-politala/vendor/codeigniter4/framework/system/CodeIgniter.php(832): App\Controllers\Home->kehadiran()
#6 /Users/habibi/Documents/Politala/ICT/e-presensi-politala/vendor/codeigniter4/framework/system/CodeIgniter.php(419): CodeIgniter\CodeIgniter->runController(Object(App\Controllers\Home))
#7 /Users/habibi/Documents/Politala/ICT/e-presensi-politala/vendor/codeigniter4/framework/system/CodeIgniter.php(326): CodeIgniter\CodeIgniter->handleRequest(NULL, Object(Config\Cache), false)
#8 /Users/habibi/Documents/Politala/ICT/e-presensi-politala/public/index.php(37): CodeIgniter\CodeIgniter->run()
#9 /Users/habibi/Documents/Politala/ICT/e-presensi-politala/vendor/codeigniter4/framework/system/Commands/Server/rewrite.php(43): require_once('/Users/habibi/D...')
#10 {main}
CRITICAL - 2022-05-20 09:10:54 --> Undefined property: mysqli::$abs_status
#0 /Users/habibi/Documents/Politala/ICT/e-presensi-politala/app/Views/_user/_kehadiran.php(137): CodeIgniter\Debug\Exceptions->errorHandler(8, 'Undefined prope...', '/Users/habibi/D...', 137, Array)
#1 /Users/habibi/Documents/Politala/ICT/e-presensi-politala/vendor/codeigniter4/framework/system/View/View.php(210): include('/Users/habibi/D...')
#2 /Users/habibi/Documents/Politala/ICT/e-presensi-politala/vendor/codeigniter4/framework/system/View/View.php(213): CodeIgniter\View\View->CodeIgniter\View\{closure}()
#3 /Users/habibi/Documents/Politala/ICT/e-presensi-politala/vendor/codeigniter4/framework/system/Common.php(1089): CodeIgniter\View\View->render('_user/_kehadira...', Array, true)
#4 /Users/habibi/Documents/Politala/ICT/e-presensi-politala/app/Controllers/Home.php(30): view('_user/_kehadira...', Array)
#5 /Users/habibi/Documents/Politala/ICT/e-presensi-politala/vendor/codeigniter4/framework/system/CodeIgniter.php(832): App\Controllers\Home->kehadiran()
#6 /Users/habibi/Documents/Politala/ICT/e-presensi-politala/vendor/codeigniter4/framework/system/CodeIgniter.php(419): CodeIgniter\CodeIgniter->runController(Object(App\Controllers\Home))
#7 /Users/habibi/Documents/Politala/ICT/e-presensi-politala/vendor/codeigniter4/framework/system/CodeIgniter.php(326): CodeIgniter\CodeIgniter->handleRequest(NULL, Object(Config\Cache), false)
#8 /Users/habibi/Documents/Politala/ICT/e-presensi-politala/public/index.php(37): CodeIgniter\CodeIgniter->run()
#9 /Users/habibi/Documents/Politala/ICT/e-presensi-politala/vendor/codeigniter4/framework/system/Commands/Server/rewrite.php(43): require_once('/Users/habibi/D...')
#10 {main}
CRITICAL - 2022-05-20 09:11:58 --> Cannot use object of type mysqli as array
#0 /Users/habibi/Documents/Politala/ICT/e-presensi-politala/vendor/codeigniter4/framework/system/View/View.php(210): include()
#1 /Users/habibi/Documents/Politala/ICT/e-presensi-politala/vendor/codeigniter4/framework/system/View/View.php(213): CodeIgniter\View\View->CodeIgniter\View\{closure}()
#2 /Users/habibi/Documents/Politala/ICT/e-presensi-politala/vendor/codeigniter4/framework/system/Common.php(1089): CodeIgniter\View\View->render('_user/_kehadira...', Array, true)
#3 /Users/habibi/Documents/Politala/ICT/e-presensi-politala/app/Controllers/Home.php(30): view('_user/_kehadira...', Array)
#4 /Users/habibi/Documents/Politala/ICT/e-presensi-politala/vendor/codeigniter4/framework/system/CodeIgniter.php(832): App\Controllers\Home->kehadiran()
#5 /Users/habibi/Documents/Politala/ICT/e-presensi-politala/vendor/codeigniter4/framework/system/CodeIgniter.php(419): CodeIgniter\CodeIgniter->runController(Object(App\Controllers\Home))
#6 /Users/habibi/Documents/Politala/ICT/e-presensi-politala/vendor/codeigniter4/framework/system/CodeIgniter.php(326): CodeIgniter\CodeIgniter->handleRequest(NULL, Object(Config\Cache), false)
#7 /Users/habibi/Documents/Politala/ICT/e-presensi-politala/public/index.php(37): CodeIgniter\CodeIgniter->run()
#8 /Users/habibi/Documents/Politala/ICT/e-presensi-politala/vendor/codeigniter4/framework/system/Commands/Server/rewrite.php(43): require_once('/Users/habibi/D...')
#9 {main}
ERROR - 2022-05-20 10:00:51 --> Unknown column 'abs_tgl' in 'having clause'
CRITICAL - 2022-05-20 10:00:51 --> Unknown column 'abs_tgl' in 'having clause'
#0 /Users/habibi/Documents/Politala/ICT/e-presensi-politala/vendor/codeigniter4/framework/system/Database/MySQLi/Connection.php(292): mysqli->query('SELECT COUNT(*)...', 0)
#1 /Users/habibi/Documents/Politala/ICT/e-presensi-politala/vendor/codeigniter4/framework/system/Database/BaseConnection.php(670): CodeIgniter\Database\MySQLi\Connection->execute('SELECT COUNT(*)...')
#2 /Users/habibi/Documents/Politala/ICT/e-presensi-politala/vendor/codeigniter4/framework/system/Database/BaseConnection.php(598): CodeIgniter\Database\BaseConnection->simpleQuery('SELECT COUNT(*)...')
#3 /Users/habibi/Documents/Politala/ICT/e-presensi-politala/vendor/codeigniter4/framework/system/Database/BaseBuilder.php(1539): CodeIgniter\Database\BaseConnection->query('SELECT COUNT(*)...', Array, false)
#4 /Users/habibi/Documents/Politala/ICT/e-presensi-politala/app/Models/AbsenModel.php(83): CodeIgniter\Database\BaseBuilder->countAllResults()
#5 /Users/habibi/Documents/Politala/ICT/e-presensi-politala/app/Controllers/Home.php(29): App\Models\AbsenModel->getCountBekerja()
#6 /Users/habibi/Documents/Politala/ICT/e-presensi-politala/vendor/codeigniter4/framework/system/CodeIgniter.php(832): App\Controllers\Home->kehadiran()
#7 /Users/habibi/Documents/Politala/ICT/e-presensi-politala/vendor/codeigniter4/framework/system/CodeIgniter.php(419): CodeIgniter\CodeIgniter->runController(Object(App\Controllers\Home))
#8 /Users/habibi/Documents/Politala/ICT/e-presensi-politala/vendor/codeigniter4/framework/system/CodeIgniter.php(326): CodeIgniter\CodeIgniter->handleRequest(NULL, Object(Config\Cache), false)
#9 /Users/habibi/Documents/Politala/ICT/e-presensi-politala/public/index.php(37): CodeIgniter\CodeIgniter->run()
#10 /Users/habibi/Documents/Politala/ICT/e-presensi-politala/vendor/codeigniter4/framework/system/Commands/Server/rewrite.php(43): require_once('/Users/habibi/D...')
#11 {main}
CRITICAL - 2022-05-20 10:33:40 --> Undefined property: stdClass::$abs_status
#0 /Users/habibi/Documents/Politala/ICT/e-presensi-politala/app/Controllers/Home.php(122): CodeIgniter\Debug\Exceptions->errorHandler(8, 'Undefined prope...', '/Users/habibi/D...', 122, Array)
#1 /Users/habibi/Documents/Politala/ICT/e-presensi-politala/vendor/hermawan/codeigniter4-datatables/src/DataTableQuery.php(191): App\Controllers\Home->App\Controllers\{closure}(Object(CodeIgniter\Database\MySQLi\Builder), Object(stdClass))
#2 /Users/habibi/Documents/Politala/ICT/e-presensi-politala/vendor/hermawan/codeigniter4-datatables/src/DataTableQuery.php(181): Hermawan\DataTables\DataTableQuery->queryFilter(Object(CodeIgniter\Database\MySQLi\Builder))
#3 /Users/habibi/Documents/Politala/ICT/e-presensi-politala/vendor/hermawan/codeigniter4-datatables/src/DataTableQuery.php(61): Hermawan\DataTables\DataTableQuery->queryFilterSearch(Object(CodeIgniter\Database\MySQLi\Builder))
#4 /Users/habibi/Documents/Politala/ICT/e-presensi-politala/vendor/hermawan/codeigniter4-datatables/src/DataTable.php(172): Hermawan\DataTables\DataTableQuery->countFiltered()
#5 /Users/habibi/Documents/Politala/ICT/e-presensi-politala/app/Controllers/Home.php(128): Hermawan\DataTables\DataTable->toJson(true)
#6 /Users/habibi/Documents/Politala/ICT/e-presensi-politala/vendor/codeigniter4/framework/system/CodeIgniter.php(832): App\Controllers\Home->AjaxReadAbsen()
#7 /Users/habibi/Documents/Politala/ICT/e-presensi-politala/vendor/codeigniter4/framework/system/CodeIgniter.php(419): CodeIgniter\CodeIgniter->runController(Object(App\Controllers\Home))
#8 /Users/habibi/Documents/Politala/ICT/e-presensi-politala/vendor/codeigniter4/framework/system/CodeIgniter.php(326): CodeIgniter\CodeIgniter->handleRequest(NULL, Object(Config\Cache), false)
#9 /Users/habibi/Documents/Politala/ICT/e-presensi-politala/public/index.php(37): CodeIgniter\CodeIgniter->run()
#10 /Users/habibi/Documents/Politala/ICT/e-presensi-politala/vendor/codeigniter4/framework/system/Commands/Server/rewrite.php(43): require_once('/Users/habibi/D...')
#11 {main}
CRITICAL - 2022-05-20 10:37:21 --> Undefined property: stdClass::$filterStatus
#0 /Users/habibi/Documents/Politala/ICT/e-presensi-politala/app/Controllers/Home.php(123): CodeIgniter\Debug\Exceptions->errorHandler(8, 'Undefined prope...', '/Users/habibi/D...', 123, Array)
#1 /Users/habibi/Documents/Politala/ICT/e-presensi-politala/vendor/hermawan/codeigniter4-datatables/src/DataTableQuery.php(191): App\Controllers\Home->App\Controllers\{closure}(Object(CodeIgniter\Database\MySQLi\Builder), Object(stdClass))
#2 /Users/habibi/Documents/Politala/ICT/e-presensi-politala/vendor/hermawan/codeigniter4-datatables/src/DataTableQuery.php(181): Hermawan\DataTables\DataTableQuery->queryFilter(Object(CodeIgniter\Database\MySQLi\Builder))
#3 /Users/habibi/Documents/Politala/ICT/e-presensi-politala/vendor/hermawan/codeigniter4-datatables/src/DataTableQuery.php(61): Hermawan\DataTables\DataTableQuery->queryFilterSearch(Object(CodeIgniter\Database\MySQLi\Builder))
#4 /Users/habibi/Documents/Politala/ICT/e-presensi-politala/vendor/hermawan/codeigniter4-datatables/src/DataTable.php(172): Hermawan\DataTables\DataTableQuery->countFiltered()
#5 /Users/habibi/Documents/Politala/ICT/e-presensi-politala/app/Controllers/Home.php(126): Hermawan\DataTables\DataTable->toJson(true)
#6 /Users/habibi/Documents/Politala/ICT/e-presensi-politala/vendor/codeigniter4/framework/system/CodeIgniter.php(832): App\Controllers\Home->AjaxReadAbsen()
#7 /Users/habibi/Documents/Politala/ICT/e-presensi-politala/vendor/codeigniter4/framework/system/CodeIgniter.php(419): CodeIgniter\CodeIgniter->runController(Object(App\Controllers\Home))
#8 /Users/habibi/Documents/Politala/ICT/e-presensi-politala/vendor/codeigniter4/framework/system/CodeIgniter.php(326): CodeIgniter\CodeIgniter->handleRequest(NULL, Object(Config\Cache), false)
#9 /Users/habibi/Documents/Politala/ICT/e-presensi-politala/public/index.php(37): CodeIgniter\CodeIgniter->run()
#10 /Users/habibi/Documents/Politala/ICT/e-presensi-politala/vendor/codeigniter4/framework/system/Commands/Server/rewrite.php(43): require_once('/Users/habibi/D...')
#11 {main}
CRITICAL - 2022-05-20 10:40:14 --> Undefined property: stdClass::$filterStatus
#0 /Users/habibi/Documents/Politala/ICT/e-presensi-politala/app/Controllers/Home.php(123): CodeIgniter\Debug\Exceptions->errorHandler(8, 'Undefined prope...', '/Users/habibi/D...', 123, Array)
#1 /Users/habibi/Documents/Politala/ICT/e-presensi-politala/vendor/hermawan/codeigniter4-datatables/src/DataTableQuery.php(191): App\Controllers\Home->App\Controllers\{closure}(Object(CodeIgniter\Database\MySQLi\Builder), Object(stdClass))
#2 /Users/habibi/Documents/Politala/ICT/e-presensi-politala/vendor/hermawan/codeigniter4-datatables/src/DataTableQuery.php(181): Hermawan\DataTables\DataTableQuery->queryFilter(Object(CodeIgniter\Database\MySQLi\Builder))
#3 /Users/habibi/Documents/Politala/ICT/e-presensi-politala/vendor/hermawan/codeigniter4-datatables/src/DataTableQuery.php(61): Hermawan\DataTables\DataTableQuery->queryFilterSearch(Object(CodeIgniter\Database\MySQLi\Builder))
#4 /Users/habibi/Documents/Politala/ICT/e-presensi-politala/vendor/hermawan/codeigniter4-datatables/src/DataTable.php(172): Hermawan\DataTables\DataTableQuery->countFiltered()
#5 /Users/habibi/Documents/Politala/ICT/e-presensi-politala/app/Controllers/Home.php(126): Hermawan\DataTables\DataTable->toJson(true)
#6 /Users/habibi/Documents/Politala/ICT/e-presensi-politala/vendor/codeigniter4/framework/system/CodeIgniter.php(832): App\Controllers\Home->AjaxReadAbsen()
#7 /Users/habibi/Documents/Politala/ICT/e-presensi-politala/vendor/codeigniter4/framework/system/CodeIgniter.php(419): CodeIgniter\CodeIgniter->runController(Object(App\Controllers\Home))
#8 /Users/habibi/Documents/Politala/ICT/e-presensi-politala/vendor/codeigniter4/framework/system/CodeIgniter.php(326): CodeIgniter\CodeIgniter->handleRequest(NULL, Object(Config\Cache), false)
#9 /Users/habibi/Documents/Politala/ICT/e-presensi-politala/public/index.php(37): CodeIgniter\CodeIgniter->run()
#10 /Users/habibi/Documents/Politala/ICT/e-presensi-politala/vendor/codeigniter4/framework/system/Commands/Server/rewrite.php(43): require_once('/Users/habibi/D...')
#11 {main}
CRITICAL - 2022-05-20 10:40:21 --> Undefined property: stdClass::$filterStatus
#0 /Users/habibi/Documents/Politala/ICT/e-presensi-politala/app/Controllers/Home.php(123): CodeIgniter\Debug\Exceptions->errorHandler(8, 'Undefined prope...', '/Users/habibi/D...', 123, Array)
#1 /Users/habibi/Documents/Politala/ICT/e-presensi-politala/vendor/hermawan/codeigniter4-datatables/src/DataTableQuery.php(191): App\Controllers\Home->App\Controllers\{closure}(Object(CodeIgniter\Database\MySQLi\Builder), Object(stdClass))
#2 /Users/habibi/Documents/Politala/ICT/e-presensi-politala/vendor/hermawan/codeigniter4-datatables/src/DataTableQuery.php(181): Hermawan\DataTables\DataTableQuery->queryFilter(Object(CodeIgniter\Database\MySQLi\Builder))
#3 /Users/habibi/Documents/Politala/ICT/e-presensi-politala/vendor/hermawan/codeigniter4-datatables/src/DataTableQuery.php(61): Hermawan\DataTables\DataTableQuery->queryFilterSearch(Object(CodeIgniter\Database\MySQLi\Builder))
#4 /Users/habibi/Documents/Politala/ICT/e-presensi-politala/vendor/hermawan/codeigniter4-datatables/src/DataTable.php(172): Hermawan\DataTables\DataTableQuery->countFiltered()
#5 /Users/habibi/Documents/Politala/ICT/e-presensi-politala/app/Controllers/Home.php(126): Hermawan\DataTables\DataTable->toJson(true)
#6 /Users/habibi/Documents/Politala/ICT/e-presensi-politala/vendor/codeigniter4/framework/system/CodeIgniter.php(832): App\Controllers\Home->AjaxReadAbsen()
#7 /Users/habibi/Documents/Politala/ICT/e-presensi-politala/vendor/codeigniter4/framework/system/CodeIgniter.php(419): CodeIgniter\CodeIgniter->runController(Object(App\Controllers\Home))
#8 /Users/habibi/Documents/Politala/ICT/e-presensi-politala/vendor/codeigniter4/framework/system/CodeIgniter.php(326): CodeIgniter\CodeIgniter->handleRequest(NULL, Object(Config\Cache), false)
#9 /Users/habibi/Documents/Politala/ICT/e-presensi-politala/public/index.php(37): CodeIgniter\CodeIgniter->run()
#10 /Users/habibi/Documents/Politala/ICT/e-presensi-politala/vendor/codeigniter4/framework/system/Commands/Server/rewrite.php(43): require_once('/Users/habibi/D...')
#11 {main}
CRITICAL - 2022-05-20 10:40:26 --> Undefined property: stdClass::$filterStatus
#0 /Users/habibi/Documents/Politala/ICT/e-presensi-politala/app/Controllers/Home.php(123): CodeIgniter\Debug\Exceptions->errorHandler(8, 'Undefined prope...', '/Users/habibi/D...', 123, Array)
#1 /Users/habibi/Documents/Politala/ICT/e-presensi-politala/vendor/hermawan/codeigniter4-datatables/src/DataTableQuery.php(191): App\Controllers\Home->App\Controllers\{closure}(Object(CodeIgniter\Database\MySQLi\Builder), Object(stdClass))
#2 /Users/habibi/Documents/Politala/ICT/e-presensi-politala/vendor/hermawan/codeigniter4-datatables/src/DataTableQuery.php(181): Hermawan\DataTables\DataTableQuery->queryFilter(Object(CodeIgniter\Database\MySQLi\Builder))
#3 /Users/habibi/Documents/Politala/ICT/e-presensi-politala/vendor/hermawan/codeigniter4-datatables/src/DataTableQuery.php(61): Hermawan\DataTables\DataTableQuery->queryFilterSearch(Object(CodeIgniter\Database\MySQLi\Builder))
#4 /Users/habibi/Documents/Politala/ICT/e-presensi-politala/vendor/hermawan/codeigniter4-datatables/src/DataTable.php(172): Hermawan\DataTables\DataTableQuery->countFiltered()
#5 /Users/habibi/Documents/Politala/ICT/e-presensi-politala/app/Controllers/Home.php(126): Hermawan\DataTables\DataTable->toJson(true)
#6 /Users/habibi/Documents/Politala/ICT/e-presensi-politala/vendor/codeigniter4/framework/system/CodeIgniter.php(832): App\Controllers\Home->AjaxReadAbsen()
#7 /Users/habibi/Documents/Politala/ICT/e-presensi-politala/vendor/codeigniter4/framework/system/CodeIgniter.php(419): CodeIgniter\CodeIgniter->runController(Object(App\Controllers\Home))
#8 /Users/habibi/Documents/Politala/ICT/e-presensi-politala/vendor/codeigniter4/framework/system/CodeIgniter.php(326): CodeIgniter\CodeIgniter->handleRequest(NULL, Object(Config\Cache), false)
#9 /Users/habibi/Documents/Politala/ICT/e-presensi-politala/public/index.php(37): CodeIgniter\CodeIgniter->run()
#10 /Users/habibi/Documents/Politala/ICT/e-presensi-politala/vendor/codeigniter4/framework/system/Commands/Server/rewrite.php(43): require_once('/Users/habibi/D...')
#11 {main}
CRITICAL - 2022-05-20 10:40:46 --> Undefined property: stdClass::$abs_statis
#0 /Users/habibi/Documents/Politala/ICT/e-presensi-politala/app/Controllers/Home.php(123): CodeIgniter\Debug\Exceptions->errorHandler(8, 'Undefined prope...', '/Users/habibi/D...', 123, Array)
#1 /Users/habibi/Documents/Politala/ICT/e-presensi-politala/vendor/hermawan/codeigniter4-datatables/src/DataTableQuery.php(191): App\Controllers\Home->App\Controllers\{closure}(Object(CodeIgniter\Database\MySQLi\Builder), Object(stdClass))
#2 /Users/habibi/Documents/Politala/ICT/e-presensi-politala/vendor/hermawan/codeigniter4-datatables/src/DataTableQuery.php(181): Hermawan\DataTables\DataTableQuery->queryFilter(Object(CodeIgniter\Database\MySQLi\Builder))
#3 /Users/habibi/Documents/Politala/ICT/e-presensi-politala/vendor/hermawan/codeigniter4-datatables/src/DataTableQuery.php(61): Hermawan\DataTables\DataTableQuery->queryFilterSearch(Object(CodeIgniter\Database\MySQLi\Builder))
#4 /Users/habibi/Documents/Politala/ICT/e-presensi-politala/vendor/hermawan/codeigniter4-datatables/src/DataTable.php(172): Hermawan\DataTables\DataTableQuery->countFiltered()
#5 /Users/habibi/Documents/Politala/ICT/e-presensi-politala/app/Controllers/Home.php(126): Hermawan\DataTables\DataTable->toJson(true)
#6 /Users/habibi/Documents/Politala/ICT/e-presensi-politala/vendor/codeigniter4/framework/system/CodeIgniter.php(832): App\Controllers\Home->AjaxReadAbsen()
#7 /Users/habibi/Documents/Politala/ICT/e-presensi-politala/vendor/codeigniter4/framework/system/CodeIgniter.php(419): CodeIgniter\CodeIgniter->runController(Object(App\Controllers\Home))
#8 /Users/habibi/Documents/Politala/ICT/e-presensi-politala/vendor/codeigniter4/framework/system/CodeIgniter.php(326): CodeIgniter\CodeIgniter->handleRequest(NULL, Object(Config\Cache), false)
#9 /Users/habibi/Documents/Politala/ICT/e-presensi-politala/public/index.php(37): CodeIgniter\CodeIgniter->run()
#10 /Users/habibi/Documents/Politala/ICT/e-presensi-politala/vendor/codeigniter4/framework/system/Commands/Server/rewrite.php(43): require_once('/Users/habibi/D...')
#11 {main}
CRITICAL - 2022-05-20 10:46:33 --> Undefined property: stdClass::$abs_statis
#0 /Users/habibi/Documents/Politala/ICT/e-presensi-politala/app/Controllers/Home.php(123): CodeIgniter\Debug\Exceptions->errorHandler(8, 'Undefined prope...', '/Users/habibi/D...', 123, Array)
#1 /Users/habibi/Documents/Politala/ICT/e-presensi-politala/vendor/hermawan/codeigniter4-datatables/src/DataTableQuery.php(191): App\Controllers\Home->App\Controllers\{closure}(Object(CodeIgniter\Database\MySQLi\Builder), Object(stdClass))
#2 /Users/habibi/Documents/Politala/ICT/e-presensi-politala/vendor/hermawan/codeigniter4-datatables/src/DataTableQuery.php(181): Hermawan\DataTables\DataTableQuery->queryFilter(Object(CodeIgniter\Database\MySQLi\Builder))
#3 /Users/habibi/Documents/Politala/ICT/e-presensi-politala/vendor/hermawan/codeigniter4-datatables/src/DataTableQuery.php(61): Hermawan\DataTables\DataTableQuery->queryFilterSearch(Object(CodeIgniter\Database\MySQLi\Builder))
#4 /Users/habibi/Documents/Politala/ICT/e-presensi-politala/vendor/hermawan/codeigniter4-datatables/src/DataTable.php(172): Hermawan\DataTables\DataTableQuery->countFiltered()
#5 /Users/habibi/Documents/Politala/ICT/e-presensi-politala/app/Controllers/Home.php(126): Hermawan\DataTables\DataTable->toJson(true)
#6 /Users/habibi/Documents/Politala/ICT/e-presensi-politala/vendor/codeigniter4/framework/system/CodeIgniter.php(832): App\Controllers\Home->AjaxReadAbsen()
#7 /Users/habibi/Documents/Politala/ICT/e-presensi-politala/vendor/codeigniter4/framework/system/CodeIgniter.php(419): CodeIgniter\CodeIgniter->runController(Object(App\Controllers\Home))
#8 /Users/habibi/Documents/Politala/ICT/e-presensi-politala/vendor/codeigniter4/framework/system/CodeIgniter.php(326): CodeIgniter\CodeIgniter->handleRequest(NULL, Object(Config\Cache), false)
#9 /Users/habibi/Documents/Politala/ICT/e-presensi-politala/public/index.php(37): CodeIgniter\CodeIgniter->run()
#10 /Users/habibi/Documents/Politala/ICT/e-presensi-politala/vendor/codeigniter4/framework/system/Commands/Server/rewrite.php(43): require_once('/Users/habibi/D...')
#11 {main}
CRITICAL - 2022-05-20 10:46:37 --> Undefined property: stdClass::$abs_statis
#0 /Users/habibi/Documents/Politala/ICT/e-presensi-politala/app/Controllers/Home.php(123): CodeIgniter\Debug\Exceptions->errorHandler(8, 'Undefined prope...', '/Users/habibi/D...', 123, Array)
#1 /Users/habibi/Documents/Politala/ICT/e-presensi-politala/vendor/hermawan/codeigniter4-datatables/src/DataTableQuery.php(191): App\Controllers\Home->App\Controllers\{closure}(Object(CodeIgniter\Database\MySQLi\Builder), Object(stdClass))
#2 /Users/habibi/Documents/Politala/ICT/e-presensi-politala/vendor/hermawan/codeigniter4-datatables/src/DataTableQuery.php(181): Hermawan\DataTables\DataTableQuery->queryFilter(Object(CodeIgniter\Database\MySQLi\Builder))
#3 /Users/habibi/Documents/Politala/ICT/e-presensi-politala/vendor/hermawan/codeigniter4-datatables/src/DataTableQuery.php(61): Hermawan\DataTables\DataTableQuery->queryFilterSearch(Object(CodeIgniter\Database\MySQLi\Builder))
#4 /Users/habibi/Documents/Politala/ICT/e-presensi-politala/vendor/hermawan/codeigniter4-datatables/src/DataTable.php(172): Hermawan\DataTables\DataTableQuery->countFiltered()
#5 /Users/habibi/Documents/Politala/ICT/e-presensi-politala/app/Controllers/Home.php(126): Hermawan\DataTables\DataTable->toJson(true)
#6 /Users/habibi/Documents/Politala/ICT/e-presensi-politala/vendor/codeigniter4/framework/system/CodeIgniter.php(832): App\Controllers\Home->AjaxReadAbsen()
#7 /Users/habibi/Documents/Politala/ICT/e-presensi-politala/vendor/codeigniter4/framework/system/CodeIgniter.php(419): CodeIgniter\CodeIgniter->runController(Object(App\Controllers\Home))
#8 /Users/habibi/Documents/Politala/ICT/e-presensi-politala/vendor/codeigniter4/framework/system/CodeIgniter.php(326): CodeIgniter\CodeIgniter->handleRequest(NULL, Object(Config\Cache), false)
#9 /Users/habibi/Documents/Politala/ICT/e-presensi-politala/public/index.php(37): CodeIgniter\CodeIgniter->run()
#10 /Users/habibi/Documents/Politala/ICT/e-presensi-politala/vendor/codeigniter4/framework/system/Commands/Server/rewrite.php(43): require_once('/Users/habibi/D...')
#11 {main}
CRITICAL - 2022-05-20 10:46:49 --> Undefined property: stdClass::$abs_statis
#0 /Users/habibi/Documents/Politala/ICT/e-presensi-politala/app/Controllers/Home.php(123): CodeIgniter\Debug\Exceptions->errorHandler(8, 'Undefined prope...', '/Users/habibi/D...', 123, Array)
#1 /Users/habibi/Documents/Politala/ICT/e-presensi-politala/vendor/hermawan/codeigniter4-datatables/src/DataTableQuery.php(191): App\Controllers\Home->App\Controllers\{closure}(Object(CodeIgniter\Database\MySQLi\Builder), Object(stdClass))
#2 /Users/habibi/Documents/Politala/ICT/e-presensi-politala/vendor/hermawan/codeigniter4-datatables/src/DataTableQuery.php(181): Hermawan\DataTables\DataTableQuery->queryFilter(Object(CodeIgniter\Database\MySQLi\Builder))
#3 /Users/habibi/Documents/Politala/ICT/e-presensi-politala/vendor/hermawan/codeigniter4-datatables/src/DataTableQuery.php(61): Hermawan\DataTables\DataTableQuery->queryFilterSearch(Object(CodeIgniter\Database\MySQLi\Builder))
#4 /Users/habibi/Documents/Politala/ICT/e-presensi-politala/vendor/hermawan/codeigniter4-datatables/src/DataTable.php(172): Hermawan\DataTables\DataTableQuery->countFiltered()
#5 /Users/habibi/Documents/Politala/ICT/e-presensi-politala/app/Controllers/Home.php(126): Hermawan\DataTables\DataTable->toJson(true)
#6 /Users/habibi/Documents/Politala/ICT/e-presensi-politala/vendor/codeigniter4/framework/system/CodeIgniter.php(832): App\Controllers\Home->AjaxReadAbsen()
#7 /Users/habibi/Documents/Politala/ICT/e-presensi-politala/vendor/codeigniter4/framework/system/CodeIgniter.php(419): CodeIgniter\CodeIgniter->runController(Object(App\Controllers\Home))
#8 /Users/habibi/Documents/Politala/ICT/e-presensi-politala/vendor/codeigniter4/framework/system/CodeIgniter.php(326): CodeIgniter\CodeIgniter->handleRequest(NULL, Object(Config\Cache), false)
#9 /Users/habibi/Documents/Politala/ICT/e-presensi-politala/public/index.php(37): CodeIgniter\CodeIgniter->run()
#10 /Users/habibi/Documents/Politala/ICT/e-presensi-politala/vendor/codeigniter4/framework/system/Commands/Server/rewrite.php(43): require_once('/Users/habibi/D...')
#11 {main}
CRITICAL - 2022-05-20 10:47:07 --> Undefined property: stdClass::$abs_status
#0 /Users/habibi/Documents/Politala/ICT/e-presensi-politala/app/Controllers/Home.php(123): CodeIgniter\Debug\Exceptions->errorHandler(8, 'Undefined prope...', '/Users/habibi/D...', 123, Array)
#1 /Users/habibi/Documents/Politala/ICT/e-presensi-politala/vendor/hermawan/codeigniter4-datatables/src/DataTableQuery.php(191): App\Controllers\Home->App\Controllers\{closure}(Object(CodeIgniter\Database\MySQLi\Builder), Object(stdClass))
#2 /Users/habibi/Documents/Politala/ICT/e-presensi-politala/vendor/hermawan/codeigniter4-datatables/src/DataTableQuery.php(181): Hermawan\DataTables\DataTableQuery->queryFilter(Object(CodeIgniter\Database\MySQLi\Builder))
#3 /Users/habibi/Documents/Politala/ICT/e-presensi-politala/vendor/hermawan/codeigniter4-datatables/src/DataTableQuery.php(61): Hermawan\DataTables\DataTableQuery->queryFilterSearch(Object(CodeIgniter\Database\MySQLi\Builder))
#4 /Users/habibi/Documents/Politala/ICT/e-presensi-politala/vendor/hermawan/codeigniter4-datatables/src/DataTable.php(172): Hermawan\DataTables\DataTableQuery->countFiltered()
#5 /Users/habibi/Documents/Politala/ICT/e-presensi-politala/app/Controllers/Home.php(126): Hermawan\DataTables\DataTable->toJson(true)
#6 /Users/habibi/Documents/Politala/ICT/e-presensi-politala/vendor/codeigniter4/framework/system/CodeIgniter.php(832): App\Controllers\Home->AjaxReadAbsen()
#7 /Users/habibi/Documents/Politala/ICT/e-presensi-politala/vendor/codeigniter4/framework/system/CodeIgniter.php(419): CodeIgniter\CodeIgniter->runController(Object(App\Controllers\Home))
#8 /Users/habibi/Documents/Politala/ICT/e-presensi-politala/vendor/codeigniter4/framework/system/CodeIgniter.php(326): CodeIgniter\CodeIgniter->handleRequest(NULL, Object(Config\Cache), false)
#9 /Users/habibi/Documents/Politala/ICT/e-presensi-politala/public/index.php(37): CodeIgniter\CodeIgniter->run()
#10 /Users/habibi/Documents/Politala/ICT/e-presensi-politala/vendor/codeigniter4/framework/system/Commands/Server/rewrite.php(43): require_once('/Users/habibi/D...')
#11 {main}
CRITICAL - 2022-05-20 10:47:12 --> Undefined property: stdClass::$abs_status
#0 /Users/habibi/Documents/Politala/ICT/e-presensi-politala/app/Controllers/Home.php(123): CodeIgniter\Debug\Exceptions->errorHandler(8, 'Undefined prope...', '/Users/habibi/D...', 123, Array)
#1 /Users/habibi/Documents/Politala/ICT/e-presensi-politala/vendor/hermawan/codeigniter4-datatables/src/DataTableQuery.php(191): App\Controllers\Home->App\Controllers\{closure}(Object(CodeIgniter\Database\MySQLi\Builder), Object(stdClass))
#2 /Users/habibi/Documents/Politala/ICT/e-presensi-politala/vendor/hermawan/codeigniter4-datatables/src/DataTableQuery.php(181): Hermawan\DataTables\DataTableQuery->queryFilter(Object(CodeIgniter\Database\MySQLi\Builder))
#3 /Users/habibi/Documents/Politala/ICT/e-presensi-politala/vendor/hermawan/codeigniter4-datatables/src/DataTableQuery.php(61): Hermawan\DataTables\DataTableQuery->queryFilterSearch(Object(CodeIgniter\Database\MySQLi\Builder))
#4 /Users/habibi/Documents/Politala/ICT/e-presensi-politala/vendor/hermawan/codeigniter4-datatables/src/DataTable.php(172): Hermawan\DataTables\DataTableQuery->countFiltered()
#5 /Users/habibi/Documents/Politala/ICT/e-presensi-politala/app/Controllers/Home.php(126): Hermawan\DataTables\DataTable->toJson(true)
#6 /Users/habibi/Documents/Politala/ICT/e-presensi-politala/vendor/codeigniter4/framework/system/CodeIgniter.php(832): App\Controllers\Home->AjaxReadAbsen()
#7 /Users/habibi/Documents/Politala/ICT/e-presensi-politala/vendor/codeigniter4/framework/system/CodeIgniter.php(419): CodeIgniter\CodeIgniter->runController(Object(App\Controllers\Home))
#8 /Users/habibi/Documents/Politala/ICT/e-presensi-politala/vendor/codeigniter4/framework/system/CodeIgniter.php(326): CodeIgniter\CodeIgniter->handleRequest(NULL, Object(Config\Cache), false)
#9 /Users/habibi/Documents/Politala/ICT/e-presensi-politala/public/index.php(37): CodeIgniter\CodeIgniter->run()
#10 /Users/habibi/Documents/Politala/ICT/e-presensi-politala/vendor/codeigniter4/framework/system/Commands/Server/rewrite.php(43): require_once('/Users/habibi/D...')
#11 {main}
CRITICAL - 2022-05-20 10:48:04 --> Undefined property: stdClass::$abs_status
#0 /Users/habibi/Documents/Politala/ICT/e-presensi-politala/app/Controllers/Home.php(123): CodeIgniter\Debug\Exceptions->errorHandler(8, 'Undefined prope...', '/Users/habibi/D...', 123, Array)
#1 /Users/habibi/Documents/Politala/ICT/e-presensi-politala/vendor/hermawan/codeigniter4-datatables/src/DataTableQuery.php(191): App\Controllers\Home->App\Controllers\{closure}(Object(CodeIgniter\Database\MySQLi\Builder), Object(stdClass))
#2 /Users/habibi/Documents/Politala/ICT/e-presensi-politala/vendor/hermawan/codeigniter4-datatables/src/DataTableQuery.php(181): Hermawan\DataTables\DataTableQuery->queryFilter(Object(CodeIgniter\Database\MySQLi\Builder))
#3 /Users/habibi/Documents/Politala/ICT/e-presensi-politala/vendor/hermawan/codeigniter4-datatables/src/DataTableQuery.php(61): Hermawan\DataTables\DataTableQuery->queryFilterSearch(Object(CodeIgniter\Database\MySQLi\Builder))
#4 /Users/habibi/Documents/Politala/ICT/e-presensi-politala/vendor/hermawan/codeigniter4-datatables/src/DataTable.php(172): Hermawan\DataTables\DataTableQuery->countFiltered()
#5 /Users/habibi/Documents/Politala/ICT/e-presensi-politala/app/Controllers/Home.php(126): Hermawan\DataTables\DataTable->toJson(true)
#6 /Users/habibi/Documents/Politala/ICT/e-presensi-politala/vendor/codeigniter4/framework/system/CodeIgniter.php(832): App\Controllers\Home->AjaxReadAbsen()
#7 /Users/habibi/Documents/Politala/ICT/e-presensi-politala/vendor/codeigniter4/framework/system/CodeIgniter.php(419): CodeIgniter\CodeIgniter->runController(Object(App\Controllers\Home))
#8 /Users/habibi/Documents/Politala/ICT/e-presensi-politala/vendor/codeigniter4/framework/system/CodeIgniter.php(326): CodeIgniter\CodeIgniter->handleRequest(NULL, Object(Config\Cache), false)
#9 /Users/habibi/Documents/Politala/ICT/e-presensi-politala/public/index.php(37): CodeIgniter\CodeIgniter->run()
#10 /Users/habibi/Documents/Politala/ICT/e-presensi-politala/vendor/codeigniter4/framework/system/Commands/Server/rewrite.php(43): require_once('/Users/habibi/D...')
#11 {main}
CRITICAL - 2022-05-20 10:49:32 --> Undefined property: stdClass::$filterStatus
#0 /Users/habibi/Documents/Politala/ICT/e-presensi-politala/app/Controllers/Home.php(123): CodeIgniter\Debug\Exceptions->errorHandler(8, 'Undefined prope...', '/Users/habibi/D...', 123, Array)
#1 /Users/habibi/Documents/Politala/ICT/e-presensi-politala/vendor/hermawan/codeigniter4-datatables/src/DataTableQuery.php(191): App\Controllers\Home->App\Controllers\{closure}(Object(CodeIgniter\Database\MySQLi\Builder), Object(stdClass))
#2 /Users/habibi/Documents/Politala/ICT/e-presensi-politala/vendor/hermawan/codeigniter4-datatables/src/DataTableQuery.php(181): Hermawan\DataTables\DataTableQuery->queryFilter(Object(CodeIgniter\Database\MySQLi\Builder))
#3 /Users/habibi/Documents/Politala/ICT/e-presensi-politala/vendor/hermawan/codeigniter4-datatables/src/DataTableQuery.php(61): Hermawan\DataTables\DataTableQuery->queryFilterSearch(Object(CodeIgniter\Database\MySQLi\Builder))
#4 /Users/habibi/Documents/Politala/ICT/e-presensi-politala/vendor/hermawan/codeigniter4-datatables/src/DataTable.php(172): Hermawan\DataTables\DataTableQuery->countFiltered()
#5 /Users/habibi/Documents/Politala/ICT/e-presensi-politala/app/Controllers/Home.php(126): Hermawan\DataTables\DataTable->toJson(true)
#6 /Users/habibi/Documents/Politala/ICT/e-presensi-politala/vendor/codeigniter4/framework/system/CodeIgniter.php(832): App\Controllers\Home->AjaxReadAbsen()
#7 /Users/habibi/Documents/Politala/ICT/e-presensi-politala/vendor/codeigniter4/framework/system/CodeIgniter.php(419): CodeIgniter\CodeIgniter->runController(Object(App\Controllers\Home))
#8 /Users/habibi/Documents/Politala/ICT/e-presensi-politala/vendor/codeigniter4/framework/system/CodeIgniter.php(326): CodeIgniter\CodeIgniter->handleRequest(NULL, Object(Config\Cache), false)
#9 /Users/habibi/Documents/Politala/ICT/e-presensi-politala/public/index.php(37): CodeIgniter\CodeIgniter->run()
#10 /Users/habibi/Documents/Politala/ICT/e-presensi-politala/vendor/codeigniter4/framework/system/Commands/Server/rewrite.php(43): require_once('/Users/habibi/D...')
#11 {main}
CRITICAL - 2022-05-20 10:58:07 --> Undefined property: stdClass::$filterStatus
#0 /Users/habibi/Documents/Politala/ICT/e-presensi-politala/app/Controllers/Home.php(123): CodeIgniter\Debug\Exceptions->errorHandler(8, 'Undefined prope...', '/Users/habibi/D...', 123, Array)
#1 /Users/habibi/Documents/Politala/ICT/e-presensi-politala/vendor/hermawan/codeigniter4-datatables/src/DataTableQuery.php(191): App\Controllers\Home->App\Controllers\{closure}(Object(CodeIgniter\Database\MySQLi\Builder), Object(stdClass))
#2 /Users/habibi/Documents/Politala/ICT/e-presensi-politala/vendor/hermawan/codeigniter4-datatables/src/DataTableQuery.php(181): Hermawan\DataTables\DataTableQuery->queryFilter(Object(CodeIgniter\Database\MySQLi\Builder))
#3 /Users/habibi/Documents/Politala/ICT/e-presensi-politala/vendor/hermawan/codeigniter4-datatables/src/DataTableQuery.php(61): Hermawan\DataTables\DataTableQuery->queryFilterSearch(Object(CodeIgniter\Database\MySQLi\Builder))
#4 /Users/habibi/Documents/Politala/ICT/e-presensi-politala/vendor/hermawan/codeigniter4-datatables/src/DataTable.php(172): Hermawan\DataTables\DataTableQuery->countFiltered()
#5 /Users/habibi/Documents/Politala/ICT/e-presensi-politala/app/Controllers/Home.php(126): Hermawan\DataTables\DataTable->toJson(true)
#6 /Users/habibi/Documents/Politala/ICT/e-presensi-politala/vendor/codeigniter4/framework/system/CodeIgniter.php(832): App\Controllers\Home->AjaxReadAbsen()
#7 /Users/habibi/Documents/Politala/ICT/e-presensi-politala/vendor/codeigniter4/framework/system/CodeIgniter.php(419): CodeIgniter\CodeIgniter->runController(Object(App\Controllers\Home))
#8 /Users/habibi/Documents/Politala/ICT/e-presensi-politala/vendor/codeigniter4/framework/system/CodeIgniter.php(326): CodeIgniter\CodeIgniter->handleRequest(NULL, Object(Config\Cache), false)
#9 /Users/habibi/Documents/Politala/ICT/e-presensi-politala/public/index.php(37): CodeIgniter\CodeIgniter->run()
#10 /Users/habibi/Documents/Politala/ICT/e-presensi-politala/vendor/codeigniter4/framework/system/Commands/Server/rewrite.php(43): require_once('/Users/habibi/D...')
#11 {main}
CRITICAL - 2022-05-20 10:58:39 --> Undefined property: stdClass::$abs_status
#0 /Users/habibi/Documents/Politala/ICT/e-presensi-politala/app/Controllers/Home.php(123): CodeIgniter\Debug\Exceptions->errorHandler(8, 'Undefined prope...', '/Users/habibi/D...', 123, Array)
#1 /Users/habibi/Documents/Politala/ICT/e-presensi-politala/vendor/hermawan/codeigniter4-datatables/src/DataTableQuery.php(191): App\Controllers\Home->App\Controllers\{closure}(Object(CodeIgniter\Database\MySQLi\Builder), Object(stdClass))
#2 /Users/habibi/Documents/Politala/ICT/e-presensi-politala/vendor/hermawan/codeigniter4-datatables/src/DataTableQuery.php(181): Hermawan\DataTables\DataTableQuery->queryFilter(Object(CodeIgniter\Database\MySQLi\Builder))
#3 /Users/habibi/Documents/Politala/ICT/e-presensi-politala/vendor/hermawan/codeigniter4-datatables/src/DataTableQuery.php(61): Hermawan\DataTables\DataTableQuery->queryFilterSearch(Object(CodeIgniter\Database\MySQLi\Builder))
#4 /Users/habibi/Documents/Politala/ICT/e-presensi-politala/vendor/hermawan/codeigniter4-datatables/src/DataTable.php(172): Hermawan\DataTables\DataTableQuery->countFiltered()
#5 /Users/habibi/Documents/Politala/ICT/e-presensi-politala/app/Controllers/Home.php(126): Hermawan\DataTables\DataTable->toJson(true)
#6 /Users/habibi/Documents/Politala/ICT/e-presensi-politala/vendor/codeigniter4/framework/system/CodeIgniter.php(832): App\Controllers\Home->AjaxReadAbsen()
#7 /Users/habibi/Documents/Politala/ICT/e-presensi-politala/vendor/codeigniter4/framework/system/CodeIgniter.php(419): CodeIgniter\CodeIgniter->runController(Object(App\Controllers\Home))
#8 /Users/habibi/Documents/Politala/ICT/e-presensi-politala/vendor/codeigniter4/framework/system/CodeIgniter.php(326): CodeIgniter\CodeIgniter->handleRequest(NULL, Object(Config\Cache), false)
#9 /Users/habibi/Documents/Politala/ICT/e-presensi-politala/public/index.php(37): CodeIgniter\CodeIgniter->run()
#10 /Users/habibi/Documents/Politala/ICT/e-presensi-politala/vendor/codeigniter4/framework/system/Commands/Server/rewrite.php(43): require_once('/Users/habibi/D...')
#11 {main}
CRITICAL - 2022-05-20 10:58:48 --> Undefined property: stdClass::$abs_status
#0 /Users/habibi/Documents/Politala/ICT/e-presensi-politala/app/Controllers/Home.php(123): CodeIgniter\Debug\Exceptions->errorHandler(8, 'Undefined prope...', '/Users/habibi/D...', 123, Array)
#1 /Users/habibi/Documents/Politala/ICT/e-presensi-politala/vendor/hermawan/codeigniter4-datatables/src/DataTableQuery.php(191): App\Controllers\Home->App\Controllers\{closure}(Object(CodeIgniter\Database\MySQLi\Builder), Object(stdClass))
#2 /Users/habibi/Documents/Politala/ICT/e-presensi-politala/vendor/hermawan/codeigniter4-datatables/src/DataTableQuery.php(181): Hermawan\DataTables\DataTableQuery->queryFilter(Object(CodeIgniter\Database\MySQLi\Builder))
#3 /Users/habibi/Documents/Politala/ICT/e-presensi-politala/vendor/hermawan/codeigniter4-datatables/src/DataTableQuery.php(61): Hermawan\DataTables\DataTableQuery->queryFilterSearch(Object(CodeIgniter\Database\MySQLi\Builder))
#4 /Users/habibi/Documents/Politala/ICT/e-presensi-politala/vendor/hermawan/codeigniter4-datatables/src/DataTable.php(172): Hermawan\DataTables\DataTableQuery->countFiltered()
#5 /Users/habibi/Documents/Politala/ICT/e-presensi-politala/app/Controllers/Home.php(126): Hermawan\DataTables\DataTable->toJson(true)
#6 /Users/habibi/Documents/Politala/ICT/e-presensi-politala/vendor/codeigniter4/framework/system/CodeIgniter.php(832): App\Controllers\Home->AjaxReadAbsen()
#7 /Users/habibi/Documents/Politala/ICT/e-presensi-politala/vendor/codeigniter4/framework/system/CodeIgniter.php(419): CodeIgniter\CodeIgniter->runController(Object(App\Controllers\Home))
#8 /Users/habibi/Documents/Politala/ICT/e-presensi-politala/vendor/codeigniter4/framework/system/CodeIgniter.php(326): CodeIgniter\CodeIgniter->handleRequest(NULL, Object(Config\Cache), false)
#9 /Users/habibi/Documents/Politala/ICT/e-presensi-politala/public/index.php(37): CodeIgniter\CodeIgniter->run()
#10 /Users/habibi/Documents/Politala/ICT/e-presensi-politala/vendor/codeigniter4/framework/system/Commands/Server/rewrite.php(43): require_once('/Users/habibi/D...')
#11 {main}
CRITICAL - 2022-05-20 10:59:32 --> Undefined property: stdClass::$filterStatus
#0 /Users/habibi/Documents/Politala/ICT/e-presensi-politala/app/Controllers/Home.php(123): CodeIgniter\Debug\Exceptions->errorHandler(8, 'Undefined prope...', '/Users/habibi/D...', 123, Array)
#1 /Users/habibi/Documents/Politala/ICT/e-presensi-politala/vendor/hermawan/codeigniter4-datatables/src/DataTableQuery.php(191): App\Controllers\Home->App\Controllers\{closure}(Object(CodeIgniter\Database\MySQLi\Builder), Object(stdClass))
#2 /Users/habibi/Documents/Politala/ICT/e-presensi-politala/vendor/hermawan/codeigniter4-datatables/src/DataTableQuery.php(181): Hermawan\DataTables\DataTableQuery->queryFilter(Object(CodeIgniter\Database\MySQLi\Builder))
#3 /Users/habibi/Documents/Politala/ICT/e-presensi-politala/vendor/hermawan/codeigniter4-datatables/src/DataTableQuery.php(61): Hermawan\DataTables\DataTableQuery->queryFilterSearch(Object(CodeIgniter\Database\MySQLi\Builder))
#4 /Users/habibi/Documents/Politala/ICT/e-presensi-politala/vendor/hermawan/codeigniter4-datatables/src/DataTable.php(172): Hermawan\DataTables\DataTableQuery->countFiltered()
#5 /Users/habibi/Documents/Politala/ICT/e-presensi-politala/app/Controllers/Home.php(126): Hermawan\DataTables\DataTable->toJson(true)
#6 /Users/habibi/Documents/Politala/ICT/e-presensi-politala/vendor/codeigniter4/framework/system/CodeIgniter.php(832): App\Controllers\Home->AjaxReadAbsen()
#7 /Users/habibi/Documents/Politala/ICT/e-presensi-politala/vendor/codeigniter4/framework/system/CodeIgniter.php(419): CodeIgniter\CodeIgniter->runController(Object(App\Controllers\Home))
#8 /Users/habibi/Documents/Politala/ICT/e-presensi-politala/vendor/codeigniter4/framework/system/CodeIgniter.php(326): CodeIgniter\CodeIgniter->handleRequest(NULL, Object(Config\Cache), false)
#9 /Users/habibi/Documents/Politala/ICT/e-presensi-politala/public/index.php(37): CodeIgniter\CodeIgniter->run()
#10 /Users/habibi/Documents/Politala/ICT/e-presensi-politala/vendor/codeigniter4/framework/system/Commands/Server/rewrite.php(43): require_once('/Users/habibi/D...')
#11 {main}
CRITICAL - 2022-05-20 11:00:28 --> Undefined property: stdClass::$filterStatus
#0 /Users/habibi/Documents/Politala/ICT/e-presensi-politala/app/Controllers/Home.php(123): CodeIgniter\Debug\Exceptions->errorHandler(8, 'Undefined prope...', '/Users/habibi/D...', 123, Array)
#1 /Users/habibi/Documents/Politala/ICT/e-presensi-politala/vendor/hermawan/codeigniter4-datatables/src/DataTableQuery.php(191): App\Controllers\Home->App\Controllers\{closure}(Object(CodeIgniter\Database\MySQLi\Builder), Object(stdClass))
#2 /Users/habibi/Documents/Politala/ICT/e-presensi-politala/vendor/hermawan/codeigniter4-datatables/src/DataTableQuery.php(181): Hermawan\DataTables\DataTableQuery->queryFilter(Object(CodeIgniter\Database\MySQLi\Builder))
#3 /Users/habibi/Documents/Politala/ICT/e-presensi-politala/vendor/hermawan/codeigniter4-datatables/src/DataTableQuery.php(61): Hermawan\DataTables\DataTableQuery->queryFilterSearch(Object(CodeIgniter\Database\MySQLi\Builder))
#4 /Users/habibi/Documents/Politala/ICT/e-presensi-politala/vendor/hermawan/codeigniter4-datatables/src/DataTable.php(172): Hermawan\DataTables\DataTableQuery->countFiltered()
#5 /Users/habibi/Documents/Politala/ICT/e-presensi-politala/app/Controllers/Home.php(126): Hermawan\DataTables\DataTable->toJson(true)
#6 /Users/habibi/Documents/Politala/ICT/e-presensi-politala/vendor/codeigniter4/framework/system/CodeIgniter.php(832): App\Controllers\Home->AjaxReadAbsen()
#7 /Users/habibi/Documents/Politala/ICT/e-presensi-politala/vendor/codeigniter4/framework/system/CodeIgniter.php(419): CodeIgniter\CodeIgniter->runController(Object(App\Controllers\Home))
#8 /Users/habibi/Documents/Politala/ICT/e-presensi-politala/vendor/codeigniter4/framework/system/CodeIgniter.php(326): CodeIgniter\CodeIgniter->handleRequest(NULL, Object(Config\Cache), false)
#9 /Users/habibi/Documents/Politala/ICT/e-presensi-politala/public/index.php(37): CodeIgniter\CodeIgniter->run()
#10 /Users/habibi/Documents/Politala/ICT/e-presensi-politala/vendor/codeigniter4/framework/system/Commands/Server/rewrite.php(43): require_once('/Users/habibi/D...')
#11 {main}
CRITICAL - 2022-05-20 11:01:21 --> Undefined property: stdClass::$filterStatus
#0 /Users/habibi/Documents/Politala/ICT/e-presensi-politala/app/Controllers/Home.php(123): CodeIgniter\Debug\Exceptions->errorHandler(8, 'Undefined prope...', '/Users/habibi/D...', 123, Array)
#1 /Users/habibi/Documents/Politala/ICT/e-presensi-politala/vendor/hermawan/codeigniter4-datatables/src/DataTableQuery.php(191): App\Controllers\Home->App\Controllers\{closure}(Object(CodeIgniter\Database\MySQLi\Builder), Object(stdClass))
#2 /Users/habibi/Documents/Politala/ICT/e-presensi-politala/vendor/hermawan/codeigniter4-datatables/src/DataTableQuery.php(181): Hermawan\DataTables\DataTableQuery->queryFilter(Object(CodeIgniter\Database\MySQLi\Builder))
#3 /Users/habibi/Documents/Politala/ICT/e-presensi-politala/vendor/hermawan/codeigniter4-datatables/src/DataTableQuery.php(61): Hermawan\DataTables\DataTableQuery->queryFilterSearch(Object(CodeIgniter\Database\MySQLi\Builder))
#4 /Users/habibi/Documents/Politala/ICT/e-presensi-politala/vendor/hermawan/codeigniter4-datatables/src/DataTable.php(172): Hermawan\DataTables\DataTableQuery->countFiltered()
#5 /Users/habibi/Documents/Politala/ICT/e-presensi-politala/app/Controllers/Home.php(126): Hermawan\DataTables\DataTable->toJson(true)
#6 /Users/habibi/Documents/Politala/ICT/e-presensi-politala/vendor/codeigniter4/framework/system/CodeIgniter.php(832): App\Controllers\Home->AjaxReadAbsen()
#7 /Users/habibi/Documents/Politala/ICT/e-presensi-politala/vendor/codeigniter4/framework/system/CodeIgniter.php(419): CodeIgniter\CodeIgniter->runController(Object(App\Controllers\Home))
#8 /Users/habibi/Documents/Politala/ICT/e-presensi-politala/vendor/codeigniter4/framework/system/CodeIgniter.php(326): CodeIgniter\CodeIgniter->handleRequest(NULL, Object(Config\Cache), false)
#9 /Users/habibi/Documents/Politala/ICT/e-presensi-politala/public/index.php(37): CodeIgniter\CodeIgniter->run()
#10 /Users/habibi/Documents/Politala/ICT/e-presensi-politala/vendor/codeigniter4/framework/system/Commands/Server/rewrite.php(43): require_once('/Users/habibi/D...')
#11 {main}
CRITICAL - 2022-05-20 11:01:49 --> Undefined property: stdClass::$abs_status
#0 /Users/habibi/Documents/Politala/ICT/e-presensi-politala/app/Controllers/Home.php(123): CodeIgniter\Debug\Exceptions->errorHandler(8, 'Undefined prope...', '/Users/habibi/D...', 123, Array)
#1 /Users/habibi/Documents/Politala/ICT/e-presensi-politala/vendor/hermawan/codeigniter4-datatables/src/DataTableQuery.php(191): App\Controllers\Home->App\Controllers\{closure}(Object(CodeIgniter\Database\MySQLi\Builder), Object(stdClass))
#2 /Users/habibi/Documents/Politala/ICT/e-presensi-politala/vendor/hermawan/codeigniter4-datatables/src/DataTableQuery.php(181): Hermawan\DataTables\DataTableQuery->queryFilter(Object(CodeIgniter\Database\MySQLi\Builder))
#3 /Users/habibi/Documents/Politala/ICT/e-presensi-politala/vendor/hermawan/codeigniter4-datatables/src/DataTableQuery.php(61): Hermawan\DataTables\DataTableQuery->queryFilterSearch(Object(CodeIgniter\Database\MySQLi\Builder))
#4 /Users/habibi/Documents/Politala/ICT/e-presensi-politala/vendor/hermawan/codeigniter4-datatables/src/DataTable.php(172): Hermawan\DataTables\DataTableQuery->countFiltered()
#5 /Users/habibi/Documents/Politala/ICT/e-presensi-politala/app/Controllers/Home.php(126): Hermawan\DataTables\DataTable->toJson(true)
#6 /Users/habibi/Documents/Politala/ICT/e-presensi-politala/vendor/codeigniter4/framework/system/CodeIgniter.php(832): App\Controllers\Home->AjaxReadAbsen()
#7 /Users/habibi/Documents/Politala/ICT/e-presensi-politala/vendor/codeigniter4/framework/system/CodeIgniter.php(419): CodeIgniter\CodeIgniter->runController(Object(App\Controllers\Home))
#8 /Users/habibi/Documents/Politala/ICT/e-presensi-politala/vendor/codeigniter4/framework/system/CodeIgniter.php(326): CodeIgniter\CodeIgniter->handleRequest(NULL, Object(Config\Cache), false)
#9 /Users/habibi/Documents/Politala/ICT/e-presensi-politala/public/index.php(37): CodeIgniter\CodeIgniter->run()
#10 /Users/habibi/Documents/Politala/ICT/e-presensi-politala/vendor/codeigniter4/framework/system/Commands/Server/rewrite.php(43): require_once('/Users/habibi/D...')
#11 {main}
CRITICAL - 2022-05-20 11:06:53 --> Undefined property: stdClass::$abs_status
#0 /Users/habibi/Documents/Politala/ICT/e-presensi-politala/app/Controllers/Home.php(123): CodeIgniter\Debug\Exceptions->errorHandler(8, 'Undefined prope...', '/Users/habibi/D...', 123, Array)
#1 /Users/habibi/Documents/Politala/ICT/e-presensi-politala/vendor/hermawan/codeigniter4-datatables/src/DataTableQuery.php(191): App\Controllers\Home->App\Controllers\{closure}(Object(CodeIgniter\Database\MySQLi\Builder), Object(stdClass))
#2 /Users/habibi/Documents/Politala/ICT/e-presensi-politala/vendor/hermawan/codeigniter4-datatables/src/DataTableQuery.php(181): Hermawan\DataTables\DataTableQuery->queryFilter(Object(CodeIgniter\Database\MySQLi\Builder))
#3 /Users/habibi/Documents/Politala/ICT/e-presensi-politala/vendor/hermawan/codeigniter4-datatables/src/DataTableQuery.php(61): Hermawan\DataTables\DataTableQuery->queryFilterSearch(Object(CodeIgniter\Database\MySQLi\Builder))
#4 /Users/habibi/Documents/Politala/ICT/e-presensi-politala/vendor/hermawan/codeigniter4-datatables/src/DataTable.php(172): Hermawan\DataTables\DataTableQuery->countFiltered()
#5 /Users/habibi/Documents/Politala/ICT/e-presensi-politala/app/Controllers/Home.php(126): Hermawan\DataTables\DataTable->toJson(true)
#6 /Users/habibi/Documents/Politala/ICT/e-presensi-politala/vendor/codeigniter4/framework/system/CodeIgniter.php(832): App\Controllers\Home->AjaxReadAbsen()
#7 /Users/habibi/Documents/Politala/ICT/e-presensi-politala/vendor/codeigniter4/framework/system/CodeIgniter.php(419): CodeIgniter\CodeIgniter->runController(Object(App\Controllers\Home))
#8 /Users/habibi/Documents/Politala/ICT/e-presensi-politala/vendor/codeigniter4/framework/system/CodeIgniter.php(326): CodeIgniter\CodeIgniter->handleRequest(NULL, Object(Config\Cache), false)
#9 /Users/habibi/Documents/Politala/ICT/e-presensi-politala/public/index.php(37): CodeIgniter\CodeIgniter->run()
#10 /Users/habibi/Documents/Politala/ICT/e-presensi-politala/vendor/codeigniter4/framework/system/Commands/Server/rewrite.php(43): require_once('/Users/habibi/D...')
#11 {main}
CRITICAL - 2022-05-20 11:21:38 --> Undefined property: stdClass::$filterStatus
#0 /Users/habibi/Documents/Politala/ICT/e-presensi-politala/app/Controllers/Home.php(123): CodeIgniter\Debug\Exceptions->errorHandler(8, 'Undefined prope...', '/Users/habibi/D...', 123, Array)
#1 /Users/habibi/Documents/Politala/ICT/e-presensi-politala/vendor/hermawan/codeigniter4-datatables/src/DataTableQuery.php(191): App\Controllers\Home->App\Controllers\{closure}(Object(CodeIgniter\Database\MySQLi\Builder), Object(stdClass))
#2 /Users/habibi/Documents/Politala/ICT/e-presensi-politala/vendor/hermawan/codeigniter4-datatables/src/DataTableQuery.php(181): Hermawan\DataTables\DataTableQuery->queryFilter(Object(CodeIgniter\Database\MySQLi\Builder))
#3 /Users/habibi/Documents/Politala/ICT/e-presensi-politala/vendor/hermawan/codeigniter4-datatables/src/DataTableQuery.php(61): Hermawan\DataTables\DataTableQuery->queryFilterSearch(Object(CodeIgniter\Database\MySQLi\Builder))
#4 /Users/habibi/Documents/Politala/ICT/e-presensi-politala/vendor/hermawan/codeigniter4-datatables/src/DataTable.php(172): Hermawan\DataTables\DataTableQuery->countFiltered()
#5 /Users/habibi/Documents/Politala/ICT/e-presensi-politala/app/Controllers/Home.php(126): Hermawan\DataTables\DataTable->toJson(true)
#6 /Users/habibi/Documents/Politala/ICT/e-presensi-politala/vendor/codeigniter4/framework/system/CodeIgniter.php(832): App\Controllers\Home->AjaxReadAbsen()
#7 /Users/habibi/Documents/Politala/ICT/e-presensi-politala/vendor/codeigniter4/framework/system/CodeIgniter.php(419): CodeIgniter\CodeIgniter->runController(Object(App\Controllers\Home))
#8 /Users/habibi/Documents/Politala/ICT/e-presensi-politala/vendor/codeigniter4/framework/system/CodeIgniter.php(326): CodeIgniter\CodeIgniter->handleRequest(NULL, Object(Config\Cache), false)
#9 /Users/habibi/Documents/Politala/ICT/e-presensi-politala/public/index.php(37): CodeIgniter\CodeIgniter->run()
#10 /Users/habibi/Documents/Politala/ICT/e-presensi-politala/vendor/codeigniter4/framework/system/Commands/Server/rewrite.php(43): require_once('/Users/habibi/D...')
#11 {main}
CRITICAL - 2022-05-20 14:41:51 --> Undefined property: stdClass::$status
#0 /Users/habibi/Documents/Politala/ICT/e-presensi-politala/app/Controllers/Home.php(123): CodeIgniter\Debug\Exceptions->errorHandler(8, 'Undefined prope...', '/Users/habibi/D...', 123, Array)
#1 /Users/habibi/Documents/Politala/ICT/e-presensi-politala/vendor/hermawan/codeigniter4-datatables/src/DataTableQuery.php(191): App\Controllers\Home->App\Controllers\{closure}(Object(CodeIgniter\Database\MySQLi\Builder), Object(stdClass))
#2 /Users/habibi/Documents/Politala/ICT/e-presensi-politala/vendor/hermawan/codeigniter4-datatables/src/DataTableQuery.php(181): Hermawan\DataTables\DataTableQuery->queryFilter(Object(CodeIgniter\Database\MySQLi\Builder))
#3 /Users/habibi/Documents/Politala/ICT/e-presensi-politala/vendor/hermawan/codeigniter4-datatables/src/DataTableQuery.php(61): Hermawan\DataTables\DataTableQuery->queryFilterSearch(Object(CodeIgniter\Database\MySQLi\Builder))
#4 /Users/habibi/Documents/Politala/ICT/e-presensi-politala/vendor/hermawan/codeigniter4-datatables/src/DataTable.php(172): Hermawan\DataTables\DataTableQuery->countFiltered()
#5 /Users/habibi/Documents/Politala/ICT/e-presensi-politala/app/Controllers/Home.php(126): Hermawan\DataTables\DataTable->toJson()
#6 /Users/habibi/Documents/Politala/ICT/e-presensi-politala/vendor/codeigniter4/framework/system/CodeIgniter.php(832): App\Controllers\Home->AjaxReadAbsen()
#7 /Users/habibi/Documents/Politala/ICT/e-presensi-politala/vendor/codeigniter4/framework/system/CodeIgniter.php(419): CodeIgniter\CodeIgniter->runController(Object(App\Controllers\Home))
#8 /Users/habibi/Documents/Politala/ICT/e-presensi-politala/vendor/codeigniter4/framework/system/CodeIgniter.php(326): CodeIgniter\CodeIgniter->handleRequest(NULL, Object(Config\Cache), false)
#9 /Users/habibi/Documents/Politala/ICT/e-presensi-politala/public/index.php(37): CodeIgniter\CodeIgniter->run()
#10 /Users/habibi/Documents/Politala/ICT/e-presensi-politala/vendor/codeigniter4/framework/system/Commands/Server/rewrite.php(43): require_once('/Users/habibi/D...')
#11 {main}
CRITICAL - 2022-05-20 14:41:59 --> Undefined property: stdClass::$status
#0 /Users/habibi/Documents/Politala/ICT/e-presensi-politala/app/Controllers/Home.php(123): CodeIgniter\Debug\Exceptions->errorHandler(8, 'Undefined prope...', '/Users/habibi/D...', 123, Array)
#1 /Users/habibi/Documents/Politala/ICT/e-presensi-politala/vendor/hermawan/codeigniter4-datatables/src/DataTableQuery.php(191): App\Controllers\Home->App\Controllers\{closure}(Object(CodeIgniter\Database\MySQLi\Builder), Object(stdClass))
#2 /Users/habibi/Documents/Politala/ICT/e-presensi-politala/vendor/hermawan/codeigniter4-datatables/src/DataTableQuery.php(181): Hermawan\DataTables\DataTableQuery->queryFilter(Object(CodeIgniter\Database\MySQLi\Builder))
#3 /Users/habibi/Documents/Politala/ICT/e-presensi-politala/vendor/hermawan/codeigniter4-datatables/src/DataTableQuery.php(61): Hermawan\DataTables\DataTableQuery->queryFilterSearch(Object(CodeIgniter\Database\MySQLi\Builder))
#4 /Users/habibi/Documents/Politala/ICT/e-presensi-politala/vendor/hermawan/codeigniter4-datatables/src/DataTable.php(172): Hermawan\DataTables\DataTableQuery->countFiltered()
#5 /Users/habibi/Documents/Politala/ICT/e-presensi-politala/app/Controllers/Home.php(126): Hermawan\DataTables\DataTable->toJson()
#6 /Users/habibi/Documents/Politala/ICT/e-presensi-politala/vendor/codeigniter4/framework/system/CodeIgniter.php(832): App\Controllers\Home->AjaxReadAbsen()
#7 /Users/habibi/Documents/Politala/ICT/e-presensi-politala/vendor/codeigniter4/framework/system/CodeIgniter.php(419): CodeIgniter\CodeIgniter->runController(Object(App\Controllers\Home))
#8 /Users/habibi/Documents/Politala/ICT/e-presensi-politala/vendor/codeigniter4/framework/system/CodeIgniter.php(326): CodeIgniter\CodeIgniter->handleRequest(NULL, Object(Config\Cache), false)
#9 /Users/habibi/Documents/Politala/ICT/e-presensi-politala/public/index.php(37): CodeIgniter\CodeIgniter->run()
#10 /Users/habibi/Documents/Politala/ICT/e-presensi-politala/vendor/codeigniter4/framework/system/Commands/Server/rewrite.php(43): require_once('/Users/habibi/D...')
#11 {main}
CRITICAL - 2022-05-20 14:46:20 --> Undefined property: stdClass::$status
#0 /Users/habibi/Documents/Politala/ICT/e-presensi-politala/app/Controllers/Home.php(123): CodeIgniter\Debug\Exceptions->errorHandler(8, 'Undefined prope...', '/Users/habibi/D...', 123, Array)
#1 /Users/habibi/Documents/Politala/ICT/e-presensi-politala/vendor/hermawan/codeigniter4-datatables/src/DataTableQuery.php(191): App\Controllers\Home->App\Controllers\{closure}(Object(CodeIgniter\Database\MySQLi\Builder), Object(stdClass))
#2 /Users/habibi/Documents/Politala/ICT/e-presensi-politala/vendor/hermawan/codeigniter4-datatables/src/DataTableQuery.php(181): Hermawan\DataTables\DataTableQuery->queryFilter(Object(CodeIgniter\Database\MySQLi\Builder))
#3 /Users/habibi/Documents/Politala/ICT/e-presensi-politala/vendor/hermawan/codeigniter4-datatables/src/DataTableQuery.php(61): Hermawan\DataTables\DataTableQuery->queryFilterSearch(Object(CodeIgniter\Database\MySQLi\Builder))
#4 /Users/habibi/Documents/Politala/ICT/e-presensi-politala/vendor/hermawan/codeigniter4-datatables/src/DataTable.php(172): Hermawan\DataTables\DataTableQuery->countFiltered()
#5 /Users/habibi/Documents/Politala/ICT/e-presensi-politala/app/Controllers/Home.php(126): Hermawan\DataTables\DataTable->toJson(true)
#6 /Users/habibi/Documents/Politala/ICT/e-presensi-politala/vendor/codeigniter4/framework/system/CodeIgniter.php(832): App\Controllers\Home->AjaxReadAbsen()
#7 /Users/habibi/Documents/Politala/ICT/e-presensi-politala/vendor/codeigniter4/framework/system/CodeIgniter.php(419): CodeIgniter\CodeIgniter->runController(Object(App\Controllers\Home))
#8 /Users/habibi/Documents/Politala/ICT/e-presensi-politala/vendor/codeigniter4/framework/system/CodeIgniter.php(326): CodeIgniter\CodeIgniter->handleRequest(NULL, Object(Config\Cache), false)
#9 /Users/habibi/Documents/Politala/ICT/e-presensi-politala/public/index.php(37): CodeIgniter\CodeIgniter->run()
#10 /Users/habibi/Documents/Politala/ICT/e-presensi-politala/vendor/codeigniter4/framework/system/Commands/Server/rewrite.php(43): require_once('/Users/habibi/D...')
#11 {main}
CRITICAL - 2022-05-20 14:46:24 --> Undefined property: stdClass::$status
#0 /Users/habibi/Documents/Politala/ICT/e-presensi-politala/app/Controllers/Home.php(123): CodeIgniter\Debug\Exceptions->errorHandler(8, 'Undefined prope...', '/Users/habibi/D...', 123, Array)
#1 /Users/habibi/Documents/Politala/ICT/e-presensi-politala/vendor/hermawan/codeigniter4-datatables/src/DataTableQuery.php(191): App\Controllers\Home->App\Controllers\{closure}(Object(CodeIgniter\Database\MySQLi\Builder), Object(stdClass))
#2 /Users/habibi/Documents/Politala/ICT/e-presensi-politala/vendor/hermawan/codeigniter4-datatables/src/DataTableQuery.php(181): Hermawan\DataTables\DataTableQuery->queryFilter(Object(CodeIgniter\Database\MySQLi\Builder))
#3 /Users/habibi/Documents/Politala/ICT/e-presensi-politala/vendor/hermawan/codeigniter4-datatables/src/DataTableQuery.php(61): Hermawan\DataTables\DataTableQuery->queryFilterSearch(Object(CodeIgniter\Database\MySQLi\Builder))
#4 /Users/habibi/Documents/Politala/ICT/e-presensi-politala/vendor/hermawan/codeigniter4-datatables/src/DataTable.php(172): Hermawan\DataTables\DataTableQuery->countFiltered()
#5 /Users/habibi/Documents/Politala/ICT/e-presensi-politala/app/Controllers/Home.php(126): Hermawan\DataTables\DataTable->toJson(true)
#6 /Users/habibi/Documents/Politala/ICT/e-presensi-politala/vendor/codeigniter4/framework/system/CodeIgniter.php(832): App\Controllers\Home->AjaxReadAbsen()
#7 /Users/habibi/Documents/Politala/ICT/e-presensi-politala/vendor/codeigniter4/framework/system/CodeIgniter.php(419): CodeIgniter\CodeIgniter->runController(Object(App\Controllers\Home))
#8 /Users/habibi/Documents/Politala/ICT/e-presensi-politala/vendor/codeigniter4/framework/system/CodeIgniter.php(326): CodeIgniter\CodeIgniter->handleRequest(NULL, Object(Config\Cache), false)
#9 /Users/habibi/Documents/Politala/ICT/e-presensi-politala/public/index.php(37): CodeIgniter\CodeIgniter->run()
#10 /Users/habibi/Documents/Politala/ICT/e-presensi-politala/vendor/codeigniter4/framework/system/Commands/Server/rewrite.php(43): require_once('/Users/habibi/D...')
#11 {main}
CRITICAL - 2022-05-20 14:46:32 --> Undefined property: stdClass::$status
#0 /Users/habibi/Documents/Politala/ICT/e-presensi-politala/app/Controllers/Home.php(123): CodeIgniter\Debug\Exceptions->errorHandler(8, 'Undefined prope...', '/Users/habibi/D...', 123, Array)
#1 /Users/habibi/Documents/Politala/ICT/e-presensi-politala/vendor/hermawan/codeigniter4-datatables/src/DataTableQuery.php(191): App\Controllers\Home->App\Controllers\{closure}(Object(CodeIgniter\Database\MySQLi\Builder), Object(stdClass))
#2 /Users/habibi/Documents/Politala/ICT/e-presensi-politala/vendor/hermawan/codeigniter4-datatables/src/DataTableQuery.php(181): Hermawan\DataTables\DataTableQuery->queryFilter(Object(CodeIgniter\Database\MySQLi\Builder))
#3 /Users/habibi/Documents/Politala/ICT/e-presensi-politala/vendor/hermawan/codeigniter4-datatables/src/DataTableQuery.php(61): Hermawan\DataTables\DataTableQuery->queryFilterSearch(Object(CodeIgniter\Database\MySQLi\Builder))
#4 /Users/habibi/Documents/Politala/ICT/e-presensi-politala/vendor/hermawan/codeigniter4-datatables/src/DataTable.php(172): Hermawan\DataTables\DataTableQuery->countFiltered()
#5 /Users/habibi/Documents/Politala/ICT/e-presensi-politala/app/Controllers/Home.php(126): Hermawan\DataTables\DataTable->toJson(true)
#6 /Users/habibi/Documents/Politala/ICT/e-presensi-politala/vendor/codeigniter4/framework/system/CodeIgniter.php(832): App\Controllers\Home->AjaxReadAbsen()
#7 /Users/habibi/Documents/Politala/ICT/e-presensi-politala/vendor/codeigniter4/framework/system/CodeIgniter.php(419): CodeIgniter\CodeIgniter->runController(Object(App\Controllers\Home))
#8 /Users/habibi/Documents/Politala/ICT/e-presensi-politala/vendor/codeigniter4/framework/system/CodeIgniter.php(326): CodeIgniter\CodeIgniter->handleRequest(NULL, Object(Config\Cache), false)
#9 /Users/habibi/Documents/Politala/ICT/e-presensi-politala/public/index.php(37): CodeIgniter\CodeIgniter->run()
#10 /Users/habibi/Documents/Politala/ICT/e-presensi-politala/vendor/codeigniter4/framework/system/Commands/Server/rewrite.php(43): require_once('/Users/habibi/D...')
#11 {main}
CRITICAL - 2022-05-20 14:46:56 --> Undefined property: stdClass::$filterStatus
#0 /Users/habibi/Documents/Politala/ICT/e-presensi-politala/app/Controllers/Home.php(123): CodeIgniter\Debug\Exceptions->errorHandler(8, 'Undefined prope...', '/Users/habibi/D...', 123, Array)
#1 /Users/habibi/Documents/Politala/ICT/e-presensi-politala/vendor/hermawan/codeigniter4-datatables/src/DataTableQuery.php(191): App\Controllers\Home->App\Controllers\{closure}(Object(CodeIgniter\Database\MySQLi\Builder), Object(stdClass))
#2 /Users/habibi/Documents/Politala/ICT/e-presensi-politala/vendor/hermawan/codeigniter4-datatables/src/DataTableQuery.php(181): Hermawan\DataTables\DataTableQuery->queryFilter(Object(CodeIgniter\Database\MySQLi\Builder))
#3 /Users/habibi/Documents/Politala/ICT/e-presensi-politala/vendor/hermawan/codeigniter4-datatables/src/DataTableQuery.php(61): Hermawan\DataTables\DataTableQuery->queryFilterSearch(Object(CodeIgniter\Database\MySQLi\Builder))
#4 /Users/habibi/Documents/Politala/ICT/e-presensi-politala/vendor/hermawan/codeigniter4-datatables/src/DataTable.php(172): Hermawan\DataTables\DataTableQuery->countFiltered()
#5 /Users/habibi/Documents/Politala/ICT/e-presensi-politala/app/Controllers/Home.php(126): Hermawan\DataTables\DataTable->toJson(true)
#6 /Users/habibi/Documents/Politala/ICT/e-presensi-politala/vendor/codeigniter4/framework/system/CodeIgniter.php(832): App\Controllers\Home->AjaxReadAbsen()
#7 /Users/habibi/Documents/Politala/ICT/e-presensi-politala/vendor/codeigniter4/framework/system/CodeIgniter.php(419): CodeIgniter\CodeIgniter->runController(Object(App\Controllers\Home))
#8 /Users/habibi/Documents/Politala/ICT/e-presensi-politala/vendor/codeigniter4/framework/system/CodeIgniter.php(326): CodeIgniter\CodeIgniter->handleRequest(NULL, Object(Config\Cache), false)
#9 /Users/habibi/Documents/Politala/ICT/e-presensi-politala/public/index.php(37): CodeIgniter\CodeIgniter->run()
#10 /Users/habibi/Documents/Politala/ICT/e-presensi-politala/vendor/codeigniter4/framework/system/Commands/Server/rewrite.php(43): require_once('/Users/habibi/D...')
#11 {main}
CRITICAL - 2022-05-20 14:53:26 --> Undefined property: stdClass::$status
#0 /Users/habibi/Documents/Politala/ICT/e-presensi-politala/app/Controllers/Home.php(123): CodeIgniter\Debug\Exceptions->errorHandler(8, 'Undefined prope...', '/Users/habibi/D...', 123, Array)
#1 /Users/habibi/Documents/Politala/ICT/e-presensi-politala/vendor/hermawan/codeigniter4-datatables/src/DataTableQuery.php(191): App\Controllers\Home->App\Controllers\{closure}(Object(CodeIgniter\Database\MySQLi\Builder), Object(stdClass))
#2 /Users/habibi/Documents/Politala/ICT/e-presensi-politala/vendor/hermawan/codeigniter4-datatables/src/DataTableQuery.php(181): Hermawan\DataTables\DataTableQuery->queryFilter(Object(CodeIgniter\Database\MySQLi\Builder))
#3 /Users/habibi/Documents/Politala/ICT/e-presensi-politala/vendor/hermawan/codeigniter4-datatables/src/DataTableQuery.php(61): Hermawan\DataTables\DataTableQuery->queryFilterSearch(Object(CodeIgniter\Database\MySQLi\Builder))
#4 /Users/habibi/Documents/Politala/ICT/e-presensi-politala/vendor/hermawan/codeigniter4-datatables/src/DataTable.php(172): Hermawan\DataTables\DataTableQuery->countFiltered()
#5 /Users/habibi/Documents/Politala/ICT/e-presensi-politala/app/Controllers/Home.php(126): Hermawan\DataTables\DataTable->toJson(true)
#6 /Users/habibi/Documents/Politala/ICT/e-presensi-politala/vendor/codeigniter4/framework/system/CodeIgniter.php(832): App\Controllers\Home->AjaxReadAbsen()
#7 /Users/habibi/Documents/Politala/ICT/e-presensi-politala/vendor/codeigniter4/framework/system/CodeIgniter.php(419): CodeIgniter\CodeIgniter->runController(Object(App\Controllers\Home))
#8 /Users/habibi/Documents/Politala/ICT/e-presensi-politala/vendor/codeigniter4/framework/system/CodeIgniter.php(326): CodeIgniter\CodeIgniter->handleRequest(NULL, Object(Config\Cache), false)
#9 /Users/habibi/Documents/Politala/ICT/e-presensi-politala/public/index.php(37): CodeIgniter\CodeIgniter->run()
#10 /Users/habibi/Documents/Politala/ICT/e-presensi-politala/vendor/codeigniter4/framework/system/Commands/Server/rewrite.php(43): require_once('/Users/habibi/D...')
#11 {main}
ERROR - 2022-05-20 14:58:19 --> Unknown column 'no' in 'order clause'
CRITICAL - 2022-05-20 14:58:19 --> Unknown column 'no' in 'order clause'
#0 /Users/habibi/Documents/Politala/ICT/e-presensi-politala/vendor/codeigniter4/framework/system/Database/MySQLi/Connection.php(292): mysqli->query('SELECT `abs_tgl...', 0)
#1 /Users/habibi/Documents/Politala/ICT/e-presensi-politala/vendor/codeigniter4/framework/system/Database/BaseConnection.php(670): CodeIgniter\Database\MySQLi\Connection->execute('SELECT `abs_tgl...')
#2 /Users/habibi/Documents/Politala/ICT/e-presensi-politala/vendor/codeigniter4/framework/system/Database/BaseConnection.php(598): CodeIgniter\Database\BaseConnection->simpleQuery('SELECT `abs_tgl...')
#3 /Users/habibi/Documents/Politala/ICT/e-presensi-politala/vendor/codeigniter4/framework/system/Database/BaseBuilder.php(1455): CodeIgniter\Database\BaseConnection->query('SELECT `abs_tgl...', Array, false)
#4 /Users/habibi/Documents/Politala/ICT/e-presensi-politala/vendor/hermawan/codeigniter4-datatables/src/DataTableQuery.php(215): CodeIgniter\Database\BaseBuilder->get()
#5 /Users/habibi/Documents/Politala/ICT/e-presensi-politala/vendor/hermawan/codeigniter4-datatables/src/DataTableQuery.php(70): Hermawan\DataTables\DataTableQuery->queryResult()
#6 /Users/habibi/Documents/Politala/ICT/e-presensi-politala/vendor/hermawan/codeigniter4-datatables/src/DataTable.php(173): Hermawan\DataTables\DataTableQuery->getDataResult()
#7 /Users/habibi/Documents/Politala/ICT/e-presensi-politala/app/Controllers/Home.php(126): Hermawan\DataTables\DataTable->toJson(true)
#8 /Users/habibi/Documents/Politala/ICT/e-presensi-politala/vendor/codeigniter4/framework/system/CodeIgniter.php(832): App\Controllers\Home->AjaxReadAbsen()
#9 /Users/habibi/Documents/Politala/ICT/e-presensi-politala/vendor/codeigniter4/framework/system/CodeIgniter.php(419): CodeIgniter\CodeIgniter->runController(Object(App\Controllers\Home))
#10 /Users/habibi/Documents/Politala/ICT/e-presensi-politala/vendor/codeigniter4/framework/system/CodeIgniter.php(326): CodeIgniter\CodeIgniter->handleRequest(NULL, Object(Config\Cache), false)
#11 /Users/habibi/Documents/Politala/ICT/e-presensi-politala/public/index.php(37): CodeIgniter\CodeIgniter->run()
#12 /Users/habibi/Documents/Politala/ICT/e-presensi-politala/vendor/codeigniter4/framework/system/Commands/Server/rewrite.php(43): require_once('/Users/habibi/D...')
#13 {main}
ERROR - 2022-05-20 15:00:16 --> Unknown column 'no' in 'order clause'
CRITICAL - 2022-05-20 15:00:16 --> Unknown column 'no' in 'order clause'
#0 /Users/habibi/Documents/Politala/ICT/e-presensi-politala/vendor/codeigniter4/framework/system/Database/MySQLi/Connection.php(292): mysqli->query('SELECT `abs_tgl...', 0)
#1 /Users/habibi/Documents/Politala/ICT/e-presensi-politala/vendor/codeigniter4/framework/system/Database/BaseConnection.php(670): CodeIgniter\Database\MySQLi\Connection->execute('SELECT `abs_tgl...')
#2 /Users/habibi/Documents/Politala/ICT/e-presensi-politala/vendor/codeigniter4/framework/system/Database/BaseConnection.php(598): CodeIgniter\Database\BaseConnection->simpleQuery('SELECT `abs_tgl...')
#3 /Users/habibi/Documents/Politala/ICT/e-presensi-politala/vendor/codeigniter4/framework/system/Database/BaseBuilder.php(1455): CodeIgniter\Database\BaseConnection->query('SELECT `abs_tgl...', Array, false)
#4 /Users/habibi/Documents/Politala/ICT/e-presensi-politala/vendor/hermawan/codeigniter4-datatables/src/DataTableQuery.php(215): CodeIgniter\Database\BaseBuilder->get()
#5 /Users/habibi/Documents/Politala/ICT/e-presensi-politala/vendor/hermawan/codeigniter4-datatables/src/DataTableQuery.php(70): Hermawan\DataTables\DataTableQuery->queryResult()
#6 /Users/habibi/Documents/Politala/ICT/e-presensi-politala/vendor/hermawan/codeigniter4-datatables/src/DataTable.php(173): Hermawan\DataTables\DataTableQuery->getDataResult()
#7 /Users/habibi/Documents/Politala/ICT/e-presensi-politala/app/Controllers/Home.php(126): Hermawan\DataTables\DataTable->toJson(true)
#8 /Users/habibi/Documents/Politala/ICT/e-presensi-politala/vendor/codeigniter4/framework/system/CodeIgniter.php(832): App\Controllers\Home->AjaxReadAbsen()
#9 /Users/habibi/Documents/Politala/ICT/e-presensi-politala/vendor/codeigniter4/framework/system/CodeIgniter.php(419): CodeIgniter\CodeIgniter->runController(Object(App\Controllers\Home))
#10 /Users/habibi/Documents/Politala/ICT/e-presensi-politala/vendor/codeigniter4/framework/system/CodeIgniter.php(326): CodeIgniter\CodeIgniter->handleRequest(NULL, Object(Config\Cache), false)
#11 /Users/habibi/Documents/Politala/ICT/e-presensi-politala/public/index.php(37): CodeIgniter\CodeIgniter->run()
#12 /Users/habibi/Documents/Politala/ICT/e-presensi-politala/vendor/codeigniter4/framework/system/Commands/Server/rewrite.php(43): require_once('/Users/habibi/D...')
#13 {main}
ERROR - 2022-05-20 15:00:24 --> Unknown column 'no' in 'order clause'
CRITICAL - 2022-05-20 15:00:24 --> Unknown column 'no' in 'order clause'
#0 /Users/habibi/Documents/Politala/ICT/e-presensi-politala/vendor/codeigniter4/framework/system/Database/MySQLi/Connection.php(292): mysqli->query('SELECT `abs_tgl...', 0)
#1 /Users/habibi/Documents/Politala/ICT/e-presensi-politala/vendor/codeigniter4/framework/system/Database/BaseConnection.php(670): CodeIgniter\Database\MySQLi\Connection->execute('SELECT `abs_tgl...')
#2 /Users/habibi/Documents/Politala/ICT/e-presensi-politala/vendor/codeigniter4/framework/system/Database/BaseConnection.php(598): CodeIgniter\Database\BaseConnection->simpleQuery('SELECT `abs_tgl...')
#3 /Users/habibi/Documents/Politala/ICT/e-presensi-politala/vendor/codeigniter4/framework/system/Database/BaseBuilder.php(1455): CodeIgniter\Database\BaseConnection->query('SELECT `abs_tgl...', Array, false)
#4 /Users/habibi/Documents/Politala/ICT/e-presensi-politala/vendor/hermawan/codeigniter4-datatables/src/DataTableQuery.php(215): CodeIgniter\Database\BaseBuilder->get()
#5 /Users/habibi/Documents/Politala/ICT/e-presensi-politala/vendor/hermawan/codeigniter4-datatables/src/DataTableQuery.php(70): Hermawan\DataTables\DataTableQuery->queryResult()
#6 /Users/habibi/Documents/Politala/ICT/e-presensi-politala/vendor/hermawan/codeigniter4-datatables/src/DataTable.php(173): Hermawan\DataTables\DataTableQuery->getDataResult()
#7 /Users/habibi/Documents/Politala/ICT/e-presensi-politala/app/Controllers/Home.php(126): Hermawan\DataTables\DataTable->toJson(true)
#8 /Users/habibi/Documents/Politala/ICT/e-presensi-politala/vendor/codeigniter4/framework/system/CodeIgniter.php(832): App\Controllers\Home->AjaxReadAbsen()
#9 /Users/habibi/Documents/Politala/ICT/e-presensi-politala/vendor/codeigniter4/framework/system/CodeIgniter.php(419): CodeIgniter\CodeIgniter->runController(Object(App\Controllers\Home))
#10 /Users/habibi/Documents/Politala/ICT/e-presensi-politala/vendor/codeigniter4/framework/system/CodeIgniter.php(326): CodeIgniter\CodeIgniter->handleRequest(NULL, Object(Config\Cache), false)
#11 /Users/habibi/Documents/Politala/ICT/e-presensi-politala/public/index.php(37): CodeIgniter\CodeIgniter->run()
#12 /Users/habibi/Documents/Politala/ICT/e-presensi-politala/vendor/codeigniter4/framework/system/Commands/Server/rewrite.php(43): require_once('/Users/habibi/D...')
#13 {main}
ERROR - 2022-05-20 15:03:37 --> Unknown column 'no' in 'order clause'
CRITICAL - 2022-05-20 15:03:37 --> Unknown column 'no' in 'order clause'
#0 /Users/habibi/Documents/Politala/ICT/e-presensi-politala/vendor/codeigniter4/framework/system/Database/MySQLi/Connection.php(292): mysqli->query('SELECT `abs_tgl...', 0)
#1 /Users/habibi/Documents/Politala/ICT/e-presensi-politala/vendor/codeigniter4/framework/system/Database/BaseConnection.php(670): CodeIgniter\Database\MySQLi\Connection->execute('SELECT `abs_tgl...')
#2 /Users/habibi/Documents/Politala/ICT/e-presensi-politala/vendor/codeigniter4/framework/system/Database/BaseConnection.php(598): CodeIgniter\Database\BaseConnection->simpleQuery('SELECT `abs_tgl...')
#3 /Users/habibi/Documents/Politala/ICT/e-presensi-politala/vendor/codeigniter4/framework/system/Database/BaseBuilder.php(1455): CodeIgniter\Database\BaseConnection->query('SELECT `abs_tgl...', Array, false)
#4 /Users/habibi/Documents/Politala/ICT/e-presensi-politala/vendor/hermawan/codeigniter4-datatables/src/DataTableQuery.php(215): CodeIgniter\Database\BaseBuilder->get()
#5 /Users/habibi/Documents/Politala/ICT/e-presensi-politala/vendor/hermawan/codeigniter4-datatables/src/DataTableQuery.php(70): Hermawan\DataTables\DataTableQuery->queryResult()
#6 /Users/habibi/Documents/Politala/ICT/e-presensi-politala/vendor/hermawan/codeigniter4-datatables/src/DataTable.php(173): Hermawan\DataTables\DataTableQuery->getDataResult()
#7 /Users/habibi/Documents/Politala/ICT/e-presensi-politala/app/Controllers/Home.php(126): Hermawan\DataTables\DataTable->toJson(true)
#8 /Users/habibi/Documents/Politala/ICT/e-presensi-politala/vendor/codeigniter4/framework/system/CodeIgniter.php(832): App\Controllers\Home->AjaxReadAbsen()
#9 /Users/habibi/Documents/Politala/ICT/e-presensi-politala/vendor/codeigniter4/framework/system/CodeIgniter.php(419): CodeIgniter\CodeIgniter->runController(Object(App\Controllers\Home))
#10 /Users/habibi/Documents/Politala/ICT/e-presensi-politala/vendor/codeigniter4/framework/system/CodeIgniter.php(326): CodeIgniter\CodeIgniter->handleRequest(NULL, Object(Config\Cache), false)
#11 /Users/habibi/Documents/Politala/ICT/e-presensi-politala/public/index.php(37): CodeIgniter\CodeIgniter->run()
#12 /Users/habibi/Documents/Politala/ICT/e-presensi-politala/vendor/codeigniter4/framework/system/Commands/Server/rewrite.php(43): require_once('/Users/habibi/D...')
#13 {main}
ERROR - 2022-05-20 15:09:27 --> Unknown column 'no' in 'order clause'
CRITICAL - 2022-05-20 15:09:27 --> Unknown column 'no' in 'order clause'
#0 /Users/habibi/Documents/Politala/ICT/e-presensi-politala/vendor/codeigniter4/framework/system/Database/MySQLi/Connection.php(292): mysqli->query('SELECT `abs_tgl...', 0)
#1 /Users/habibi/Documents/Politala/ICT/e-presensi-politala/vendor/codeigniter4/framework/system/Database/BaseConnection.php(670): CodeIgniter\Database\MySQLi\Connection->execute('SELECT `abs_tgl...')
#2 /Users/habibi/Documents/Politala/ICT/e-presensi-politala/vendor/codeigniter4/framework/system/Database/BaseConnection.php(598): CodeIgniter\Database\BaseConnection->simpleQuery('SELECT `abs_tgl...')
#3 /Users/habibi/Documents/Politala/ICT/e-presensi-politala/vendor/codeigniter4/framework/system/Database/BaseBuilder.php(1455): CodeIgniter\Database\BaseConnection->query('SELECT `abs_tgl...', Array, false)
#4 /Users/habibi/Documents/Politala/ICT/e-presensi-politala/vendor/hermawan/codeigniter4-datatables/src/DataTableQuery.php(215): CodeIgniter\Database\BaseBuilder->get()
#5 /Users/habibi/Documents/Politala/ICT/e-presensi-politala/vendor/hermawan/codeigniter4-datatables/src/DataTableQuery.php(70): Hermawan\DataTables\DataTableQuery->queryResult()
#6 /Users/habibi/Documents/Politala/ICT/e-presensi-politala/vendor/hermawan/codeigniter4-datatables/src/DataTable.php(173): Hermawan\DataTables\DataTableQuery->getDataResult()
#7 /Users/habibi/Documents/Politala/ICT/e-presensi-politala/app/Controllers/Home.php(126): Hermawan\DataTables\DataTable->toJson(true)
#8 /Users/habibi/Documents/Politala/ICT/e-presensi-politala/vendor/codeigniter4/framework/system/CodeIgniter.php(832): App\Controllers\Home->AjaxReadAbsen()
#9 /Users/habibi/Documents/Politala/ICT/e-presensi-politala/vendor/codeigniter4/framework/system/CodeIgniter.php(419): CodeIgniter\CodeIgniter->runController(Object(App\Controllers\Home))
#10 /Users/habibi/Documents/Politala/ICT/e-presensi-politala/vendor/codeigniter4/framework/system/CodeIgniter.php(326): CodeIgniter\CodeIgniter->handleRequest(NULL, Object(Config\Cache), false)
#11 /Users/habibi/Documents/Politala/ICT/e-presensi-politala/public/index.php(37): CodeIgniter\CodeIgniter->run()
#12 /Users/habibi/Documents/Politala/ICT/e-presensi-politala/vendor/codeigniter4/framework/system/Commands/Server/rewrite.php(43): require_once('/Users/habibi/D...')
#13 {main}
ERROR - 2022-05-20 15:11:15 --> Unknown column 'no' in 'order clause'
CRITICAL - 2022-05-20 15:11:15 --> Unknown column 'no' in 'order clause'
#0 /Users/habibi/Documents/Politala/ICT/e-presensi-politala/vendor/codeigniter4/framework/system/Database/MySQLi/Connection.php(292): mysqli->query('SELECT `abs_tgl...', 0)
#1 /Users/habibi/Documents/Politala/ICT/e-presensi-politala/vendor/codeigniter4/framework/system/Database/BaseConnection.php(670): CodeIgniter\Database\MySQLi\Connection->execute('SELECT `abs_tgl...')
#2 /Users/habibi/Documents/Politala/ICT/e-presensi-politala/vendor/codeigniter4/framework/system/Database/BaseConnection.php(598): CodeIgniter\Database\BaseConnection->simpleQuery('SELECT `abs_tgl...')
#3 /Users/habibi/Documents/Politala/ICT/e-presensi-politala/vendor/codeigniter4/framework/system/Database/BaseBuilder.php(1455): CodeIgniter\Database\BaseConnection->query('SELECT `abs_tgl...', Array, false)
#4 /Users/habibi/Documents/Politala/ICT/e-presensi-politala/vendor/hermawan/codeigniter4-datatables/src/DataTableQuery.php(215): CodeIgniter\Database\BaseBuilder->get()
#5 /Users/habibi/Documents/Politala/ICT/e-presensi-politala/vendor/hermawan/codeigniter4-datatables/src/DataTableQuery.php(70): Hermawan\DataTables\DataTableQuery->queryResult()
#6 /Users/habibi/Documents/Politala/ICT/e-presensi-politala/vendor/hermawan/codeigniter4-datatables/src/DataTable.php(173): Hermawan\DataTables\DataTableQuery->getDataResult()
#7 /Users/habibi/Documents/Politala/ICT/e-presensi-politala/app/Controllers/Home.php(126): Hermawan\DataTables\DataTable->toJson(true)
#8 /Users/habibi/Documents/Politala/ICT/e-presensi-politala/vendor/codeigniter4/framework/system/CodeIgniter.php(832): App\Controllers\Home->AjaxReadAbsen()
#9 /Users/habibi/Documents/Politala/ICT/e-presensi-politala/vendor/codeigniter4/framework/system/CodeIgniter.php(419): CodeIgniter\CodeIgniter->runController(Object(App\Controllers\Home))
#10 /Users/habibi/Documents/Politala/ICT/e-presensi-politala/vendor/codeigniter4/framework/system/CodeIgniter.php(326): CodeIgniter\CodeIgniter->handleRequest(NULL, Object(Config\Cache), false)
#11 /Users/habibi/Documents/Politala/ICT/e-presensi-politala/public/index.php(37): CodeIgniter\CodeIgniter->run()
#12 /Users/habibi/Documents/Politala/ICT/e-presensi-politala/vendor/codeigniter4/framework/system/Commands/Server/rewrite.php(43): require_once('/Users/habibi/D...')
#13 {main}
ERROR - 2022-05-20 15:12:58 --> Unknown column 'no' in 'order clause'
CRITICAL - 2022-05-20 15:12:58 --> Unknown column 'no' in 'order clause'
#0 /Users/habibi/Documents/Politala/ICT/e-presensi-politala/vendor/codeigniter4/framework/system/Database/MySQLi/Connection.php(292): mysqli->query('SELECT `abs_tgl...', 0)
#1 /Users/habibi/Documents/Politala/ICT/e-presensi-politala/vendor/codeigniter4/framework/system/Database/BaseConnection.php(670): CodeIgniter\Database\MySQLi\Connection->execute('SELECT `abs_tgl...')
#2 /Users/habibi/Documents/Politala/ICT/e-presensi-politala/vendor/codeigniter4/framework/system/Database/BaseConnection.php(598): CodeIgniter\Database\BaseConnection->simpleQuery('SELECT `abs_tgl...')
#3 /Users/habibi/Documents/Politala/ICT/e-presensi-politala/vendor/codeigniter4/framework/system/Database/BaseBuilder.php(1455): CodeIgniter\Database\BaseConnection->query('SELECT `abs_tgl...', Array, false)
#4 /Users/habibi/Documents/Politala/ICT/e-presensi-politala/vendor/hermawan/codeigniter4-datatables/src/DataTableQuery.php(215): CodeIgniter\Database\BaseBuilder->get()
#5 /Users/habibi/Documents/Politala/ICT/e-presensi-politala/vendor/hermawan/codeigniter4-datatables/src/DataTableQuery.php(70): Hermawan\DataTables\DataTableQuery->queryResult()
#6 /Users/habibi/Documents/Politala/ICT/e-presensi-politala/vendor/hermawan/codeigniter4-datatables/src/DataTable.php(173): Hermawan\DataTables\DataTableQuery->getDataResult()
#7 /Users/habibi/Documents/Politala/ICT/e-presensi-politala/app/Controllers/Home.php(127): Hermawan\DataTables\DataTable->toJson(true)
#8 /Users/habibi/Documents/Politala/ICT/e-presensi-politala/vendor/codeigniter4/framework/system/CodeIgniter.php(832): App\Controllers\Home->AjaxReadAbsen()
#9 /Users/habibi/Documents/Politala/ICT/e-presensi-politala/vendor/codeigniter4/framework/system/CodeIgniter.php(419): CodeIgniter\CodeIgniter->runController(Object(App\Controllers\Home))
#10 /Users/habibi/Documents/Politala/ICT/e-presensi-politala/vendor/codeigniter4/framework/system/CodeIgniter.php(326): CodeIgniter\CodeIgniter->handleRequest(NULL, Object(Config\Cache), false)
#11 /Users/habibi/Documents/Politala/ICT/e-presensi-politala/public/index.php(37): CodeIgniter\CodeIgniter->run()
#12 /Users/habibi/Documents/Politala/ICT/e-presensi-politala/vendor/codeigniter4/framework/system/Commands/Server/rewrite.php(43): require_once('/Users/habibi/D...')
#13 {main}
ERROR - 2022-05-20 15:13:43 --> Unknown column 'no' in 'order clause'
CRITICAL - 2022-05-20 15:13:43 --> Unknown column 'no' in 'order clause'
#0 /Users/habibi/Documents/Politala/ICT/e-presensi-politala/vendor/codeigniter4/framework/system/Database/MySQLi/Connection.php(292): mysqli->query('SELECT `abs_tgl...', 0)
#1 /Users/habibi/Documents/Politala/ICT/e-presensi-politala/vendor/codeigniter4/framework/system/Database/BaseConnection.php(670): CodeIgniter\Database\MySQLi\Connection->execute('SELECT `abs_tgl...')
#2 /Users/habibi/Documents/Politala/ICT/e-presensi-politala/vendor/codeigniter4/framework/system/Database/BaseConnection.php(598): CodeIgniter\Database\BaseConnection->simpleQuery('SELECT `abs_tgl...')
#3 /Users/habibi/Documents/Politala/ICT/e-presensi-politala/vendor/codeigniter4/framework/system/Database/BaseBuilder.php(1455): CodeIgniter\Database\BaseConnection->query('SELECT `abs_tgl...', Array, false)
#4 /Users/habibi/Documents/Politala/ICT/e-presensi-politala/vendor/hermawan/codeigniter4-datatables/src/DataTableQuery.php(215): CodeIgniter\Database\BaseBuilder->get()
#5 /Users/habibi/Documents/Politala/ICT/e-presensi-politala/vendor/hermawan/codeigniter4-datatables/src/DataTableQuery.php(70): Hermawan\DataTables\DataTableQuery->queryResult()
#6 /Users/habibi/Documents/Politala/ICT/e-presensi-politala/vendor/hermawan/codeigniter4-datatables/src/DataTable.php(173): Hermawan\DataTables\DataTableQuery->getDataResult()
#7 /Users/habibi/Documents/Politala/ICT/e-presensi-politala/app/Controllers/Home.php(126): Hermawan\DataTables\DataTable->toJson(true)
#8 /Users/habibi/Documents/Politala/ICT/e-presensi-politala/vendor/codeigniter4/framework/system/CodeIgniter.php(832): App\Controllers\Home->AjaxReadAbsen()
#9 /Users/habibi/Documents/Politala/ICT/e-presensi-politala/vendor/codeigniter4/framework/system/CodeIgniter.php(419): CodeIgniter\CodeIgniter->runController(Object(App\Controllers\Home))
#10 /Users/habibi/Documents/Politala/ICT/e-presensi-politala/vendor/codeigniter4/framework/system/CodeIgniter.php(326): CodeIgniter\CodeIgniter->handleRequest(NULL, Object(Config\Cache), false)
#11 /Users/habibi/Documents/Politala/ICT/e-presensi-politala/public/index.php(37): CodeIgniter\CodeIgniter->run()
#12 /Users/habibi/Documents/Politala/ICT/e-presensi-politala/vendor/codeigniter4/framework/system/Commands/Server/rewrite.php(43): require_once('/Users/habibi/D...')
#13 {main}
ERROR - 2022-05-20 15:14:20 --> Unknown column 'no' in 'order clause'
CRITICAL - 2022-05-20 15:14:20 --> Unknown column 'no' in 'order clause'
#0 /Users/habibi/Documents/Politala/ICT/e-presensi-politala/vendor/codeigniter4/framework/system/Database/MySQLi/Connection.php(292): mysqli->query('SELECT `abs_tgl...', 0)
#1 /Users/habibi/Documents/Politala/ICT/e-presensi-politala/vendor/codeigniter4/framework/system/Database/BaseConnection.php(670): CodeIgniter\Database\MySQLi\Connection->execute('SELECT `abs_tgl...')
#2 /Users/habibi/Documents/Politala/ICT/e-presensi-politala/vendor/codeigniter4/framework/system/Database/BaseConnection.php(598): CodeIgniter\Database\BaseConnection->simpleQuery('SELECT `abs_tgl...')
#3 /Users/habibi/Documents/Politala/ICT/e-presensi-politala/vendor/codeigniter4/framework/system/Database/BaseBuilder.php(1455): CodeIgniter\Database\BaseConnection->query('SELECT `abs_tgl...', Array, false)
#4 /Users/habibi/Documents/Politala/ICT/e-presensi-politala/vendor/hermawan/codeigniter4-datatables/src/DataTableQuery.php(215): CodeIgniter\Database\BaseBuilder->get()
#5 /Users/habibi/Documents/Politala/ICT/e-presensi-politala/vendor/hermawan/codeigniter4-datatables/src/DataTableQuery.php(70): Hermawan\DataTables\DataTableQuery->queryResult()
#6 /Users/habibi/Documents/Politala/ICT/e-presensi-politala/vendor/hermawan/codeigniter4-datatables/src/DataTable.php(173): Hermawan\DataTables\DataTableQuery->getDataResult()
#7 /Users/habibi/Documents/Politala/ICT/e-presensi-politala/app/Controllers/Home.php(126): Hermawan\DataTables\DataTable->toJson(true)
#8 /Users/habibi/Documents/Politala/ICT/e-presensi-politala/vendor/codeigniter4/framework/system/CodeIgniter.php(832): App\Controllers\Home->AjaxReadAbsen()
#9 /Users/habibi/Documents/Politala/ICT/e-presensi-politala/vendor/codeigniter4/framework/system/CodeIgniter.php(419): CodeIgniter\CodeIgniter->runController(Object(App\Controllers\Home))
#10 /Users/habibi/Documents/Politala/ICT/e-presensi-politala/vendor/codeigniter4/framework/system/CodeIgniter.php(326): CodeIgniter\CodeIgniter->handleRequest(NULL, Object(Config\Cache), false)
#11 /Users/habibi/Documents/Politala/ICT/e-presensi-politala/public/index.php(37): CodeIgniter\CodeIgniter->run()
#12 /Users/habibi/Documents/Politala/ICT/e-presensi-politala/vendor/codeigniter4/framework/system/Commands/Server/rewrite.php(43): require_once('/Users/habibi/D...')
#13 {main}
ERROR - 2022-05-20 15:19:34 --> Unknown column 'no' in 'order clause'
CRITICAL - 2022-05-20 15:19:34 --> Unknown column 'no' in 'order clause'
#0 /Users/habibi/Documents/Politala/ICT/e-presensi-politala/vendor/codeigniter4/framework/system/Database/MySQLi/Connection.php(292): mysqli->query('SELECT `abs_tgl...', 0)
#1 /Users/habibi/Documents/Politala/ICT/e-presensi-politala/vendor/codeigniter4/framework/system/Database/BaseConnection.php(670): CodeIgniter\Database\MySQLi\Connection->execute('SELECT `abs_tgl...')
#2 /Users/habibi/Documents/Politala/ICT/e-presensi-politala/vendor/codeigniter4/framework/system/Database/BaseConnection.php(598): CodeIgniter\Database\BaseConnection->simpleQuery('SELECT `abs_tgl...')
#3 /Users/habibi/Documents/Politala/ICT/e-presensi-politala/vendor/codeigniter4/framework/system/Database/BaseBuilder.php(1455): CodeIgniter\Database\BaseConnection->query('SELECT `abs_tgl...', Array, false)
#4 /Users/habibi/Documents/Politala/ICT/e-presensi-politala/vendor/hermawan/codeigniter4-datatables/src/DataTableQuery.php(215): CodeIgniter\Database\BaseBuilder->get()
#5 /Users/habibi/Documents/Politala/ICT/e-presensi-politala/vendor/hermawan/codeigniter4-datatables/src/DataTableQuery.php(70): Hermawan\DataTables\DataTableQuery->queryResult()
#6 /Users/habibi/Documents/Politala/ICT/e-presensi-politala/vendor/hermawan/codeigniter4-datatables/src/DataTable.php(173): Hermawan\DataTables\DataTableQuery->getDataResult()
#7 /Users/habibi/Documents/Politala/ICT/e-presensi-politala/app/Controllers/Home.php(126): Hermawan\DataTables\DataTable->toJson(true)
#8 /Users/habibi/Documents/Politala/ICT/e-presensi-politala/vendor/codeigniter4/framework/system/CodeIgniter.php(832): App\Controllers\Home->AjaxReadAbsen()
#9 /Users/habibi/Documents/Politala/ICT/e-presensi-politala/vendor/codeigniter4/framework/system/CodeIgniter.php(419): CodeIgniter\CodeIgniter->runController(Object(App\Controllers\Home))
#10 /Users/habibi/Documents/Politala/ICT/e-presensi-politala/vendor/codeigniter4/framework/system/CodeIgniter.php(326): CodeIgniter\CodeIgniter->handleRequest(NULL, Object(Config\Cache), false)
#11 /Users/habibi/Documents/Politala/ICT/e-presensi-politala/public/index.php(37): CodeIgniter\CodeIgniter->run()
#12 /Users/habibi/Documents/Politala/ICT/e-presensi-politala/vendor/codeigniter4/framework/system/Commands/Server/rewrite.php(43): require_once('/Users/habibi/D...')
#13 {main}
ERROR - 2022-05-20 15:21:07 --> Unknown column 'no' in 'order clause'
CRITICAL - 2022-05-20 15:21:07 --> Unknown column 'no' in 'order clause'
#0 /Users/habibi/Documents/Politala/ICT/e-presensi-politala/vendor/codeigniter4/framework/system/Database/MySQLi/Connection.php(292): mysqli->query('SELECT `abs_tgl...', 0)
#1 /Users/habibi/Documents/Politala/ICT/e-presensi-politala/vendor/codeigniter4/framework/system/Database/BaseConnection.php(670): CodeIgniter\Database\MySQLi\Connection->execute('SELECT `abs_tgl...')
#2 /Users/habibi/Documents/Politala/ICT/e-presensi-politala/vendor/codeigniter4/framework/system/Database/BaseConnection.php(598): CodeIgniter\Database\BaseConnection->simpleQuery('SELECT `abs_tgl...')
#3 /Users/habibi/Documents/Politala/ICT/e-presensi-politala/vendor/codeigniter4/framework/system/Database/BaseBuilder.php(1455): CodeIgniter\Database\BaseConnection->query('SELECT `abs_tgl...', Array, false)
#4 /Users/habibi/Documents/Politala/ICT/e-presensi-politala/vendor/hermawan/codeigniter4-datatables/src/DataTableQuery.php(215): CodeIgniter\Database\BaseBuilder->get()
#5 /Users/habibi/Documents/Politala/ICT/e-presensi-politala/vendor/hermawan/codeigniter4-datatables/src/DataTableQuery.php(70): Hermawan\DataTables\DataTableQuery->queryResult()
#6 /Users/habibi/Documents/Politala/ICT/e-presensi-politala/vendor/hermawan/codeigniter4-datatables/src/DataTable.php(173): Hermawan\DataTables\DataTableQuery->getDataResult()
#7 /Users/habibi/Documents/Politala/ICT/e-presensi-politala/app/Controllers/Home.php(126): Hermawan\DataTables\DataTable->toJson(true)
#8 /Users/habibi/Documents/Politala/ICT/e-presensi-politala/vendor/codeigniter4/framework/system/CodeIgniter.php(832): App\Controllers\Home->AjaxReadAbsen()
#9 /Users/habibi/Documents/Politala/ICT/e-presensi-politala/vendor/codeigniter4/framework/system/CodeIgniter.php(419): CodeIgniter\CodeIgniter->runController(Object(App\Controllers\Home))
#10 /Users/habibi/Documents/Politala/ICT/e-presensi-politala/vendor/codeigniter4/framework/system/CodeIgniter.php(326): CodeIgniter\CodeIgniter->handleRequest(NULL, Object(Config\Cache), false)
#11 /Users/habibi/Documents/Politala/ICT/e-presensi-politala/public/index.php(37): CodeIgniter\CodeIgniter->run()
#12 /Users/habibi/Documents/Politala/ICT/e-presensi-politala/vendor/codeigniter4/framework/system/Commands/Server/rewrite.php(43): require_once('/Users/habibi/D...')
#13 {main}
