CRITICAL - 2022-07-17 15:44:30 --> Undefined property: stdClass::$jabatan
#0 /Users/habibi/Documents/Politala/ICT/e-attendance/app/Views/layout/_navbar_dark.php(46): CodeIgniter\Debug\Exceptions->errorHandler(8, 'Undefined prope...', '/Users/habibi/D...', 46, Array)
#1 /Users/habibi/Documents/Politala/ICT/e-attendance/vendor/codeigniter4/framework/system/View/View.php(210): include('/Users/habibi/D...')
#2 /Users/habibi/Documents/Politala/ICT/e-attendance/vendor/codeigniter4/framework/system/View/View.php(213): CodeIgniter\View\View->CodeIgniter\View\{closure}()
#3 /Users/habibi/Documents/Politala/ICT/e-attendance/vendor/codeigniter4/framework/system/Common.php(1089): CodeIgniter\View\View->render('/layout/_navbar...', Array, true)
#4 /Users/habibi/Documents/Politala/ICT/e-attendance/app/Views/_user/_index.php(2): view('/layout/_navbar...')
#5 /Users/habibi/Documents/Politala/ICT/e-attendance/vendor/codeigniter4/framework/system/View/View.php(210): include('/Users/habibi/D...')
#6 /Users/habibi/Documents/Politala/ICT/e-attendance/vendor/codeigniter4/framework/system/View/View.php(213): CodeIgniter\View\View->CodeIgniter\View\{closure}()
#7 /Users/habibi/Documents/Politala/ICT/e-attendance/vendor/codeigniter4/framework/system/Common.php(1089): CodeIgniter\View\View->render('_user/_index', Array, true)
#8 /Users/habibi/Documents/Politala/ICT/e-attendance/app/Controllers/Presensi.php(24): view('_user/_index', Array)
#9 /Users/habibi/Documents/Politala/ICT/e-attendance/vendor/codeigniter4/framework/system/CodeIgniter.php(832): App\Controllers\Presensi->Presensi()
#10 /Users/habibi/Documents/Politala/ICT/e-attendance/vendor/codeigniter4/framework/system/CodeIgniter.php(419): CodeIgniter\CodeIgniter->runController(Object(App\Controllers\Presensi))
#11 /Users/habibi/Documents/Politala/ICT/e-attendance/vendor/codeigniter4/framework/system/CodeIgniter.php(326): CodeIgniter\CodeIgniter->handleRequest(NULL, Object(Config\Cache), false)
#12 /Users/habibi/Documents/Politala/ICT/e-attendance/public/index.php(37): CodeIgniter\CodeIgniter->run()
#13 /Users/habibi/Documents/Politala/ICT/e-attendance/vendor/codeigniter4/framework/system/Commands/Server/rewrite.php(43): require_once('/Users/habibi/D...')
#14 {main}
CRITICAL - 2022-07-17 15:44:44 --> Undefined property: stdClass::$pgw_id
#0 /Users/habibi/Documents/Politala/ICT/e-attendance/app/Views/_user/_index.php(158): CodeIgniter\Debug\Exceptions->errorHandler(8, 'Undefined prope...', '/Users/habibi/D...', 158, Array)
#1 /Users/habibi/Documents/Politala/ICT/e-attendance/vendor/codeigniter4/framework/system/View/View.php(210): include('/Users/habibi/D...')
#2 /Users/habibi/Documents/Politala/ICT/e-attendance/vendor/codeigniter4/framework/system/View/View.php(213): CodeIgniter\View\View->CodeIgniter\View\{closure}()
#3 /Users/habibi/Documents/Politala/ICT/e-attendance/vendor/codeigniter4/framework/system/Common.php(1089): CodeIgniter\View\View->render('_user/_index', Array, true)
#4 /Users/habibi/Documents/Politala/ICT/e-attendance/app/Controllers/Presensi.php(24): view('_user/_index', Array)
#5 /Users/habibi/Documents/Politala/ICT/e-attendance/vendor/codeigniter4/framework/system/CodeIgniter.php(832): App\Controllers\Presensi->Presensi()
#6 /Users/habibi/Documents/Politala/ICT/e-attendance/vendor/codeigniter4/framework/system/CodeIgniter.php(419): CodeIgniter\CodeIgniter->runController(Object(App\Controllers\Presensi))
#7 /Users/habibi/Documents/Politala/ICT/e-attendance/vendor/codeigniter4/framework/system/CodeIgniter.php(326): CodeIgniter\CodeIgniter->handleRequest(NULL, Object(Config\Cache), false)
#8 /Users/habibi/Documents/Politala/ICT/e-attendance/public/index.php(37): CodeIgniter\CodeIgniter->run()
#9 /Users/habibi/Documents/Politala/ICT/e-attendance/vendor/codeigniter4/framework/system/Commands/Server/rewrite.php(43): require_once('/Users/habibi/D...')
#10 {main}
