CRITICAL - 2022-07-03 14:49:48 --> Call to undefined function form_error()
#0 /Users/habibi/Documents/Politala/ICT/e-attendance/vendor/codeigniter4/framework/system/View/View.php(210): include()
#1 /Users/habibi/Documents/Politala/ICT/e-attendance/vendor/codeigniter4/framework/system/View/View.php(213): CodeIgniter\View\View->CodeIgniter\View\{closure}()
#2 /Users/habibi/Documents/Politala/ICT/e-attendance/vendor/codeigniter4/framework/system/Common.php(1089): CodeIgniter\View\View->render('_user/_index', Array, true)
#3 /Users/habibi/Documents/Politala/ICT/e-attendance/app/Controllers/Presensi.php(24): view('_user/_index', Array)
#4 /Users/habibi/Documents/Politala/ICT/e-attendance/vendor/codeigniter4/framework/system/CodeIgniter.php(832): App\Controllers\Presensi->Presensi()
#5 /Users/habibi/Documents/Politala/ICT/e-attendance/vendor/codeigniter4/framework/system/CodeIgniter.php(419): CodeIgniter\CodeIgniter->runController(Object(App\Controllers\Presensi))
#6 /Users/habibi/Documents/Politala/ICT/e-attendance/vendor/codeigniter4/framework/system/CodeIgniter.php(326): CodeIgniter\CodeIgniter->handleRequest(NULL, Object(Config\Cache), false)
#7 /Users/habibi/Documents/Politala/ICT/e-attendance/public/index.php(37): CodeIgniter\CodeIgniter->run()
#8 /Users/habibi/Documents/Politala/ICT/e-attendance/vendor/codeigniter4/framework/system/Commands/Server/rewrite.php(43): require_once('/Users/habibi/D...')
#9 {main}
CRITICAL - 2022-07-03 14:50:43 --> Call to undefined function form_error()
#0 /Users/habibi/Documents/Politala/ICT/e-attendance/vendor/codeigniter4/framework/system/View/View.php(210): include()
#1 /Users/habibi/Documents/Politala/ICT/e-attendance/vendor/codeigniter4/framework/system/View/View.php(213): CodeIgniter\View\View->CodeIgniter\View\{closure}()
#2 /Users/habibi/Documents/Politala/ICT/e-attendance/vendor/codeigniter4/framework/system/Common.php(1089): CodeIgniter\View\View->render('_user/_index', Array, true)
#3 /Users/habibi/Documents/Politala/ICT/e-attendance/app/Controllers/Presensi.php(24): view('_user/_index', Array)
#4 /Users/habibi/Documents/Politala/ICT/e-attendance/vendor/codeigniter4/framework/system/CodeIgniter.php(832): App\Controllers\Presensi->Presensi()
#5 /Users/habibi/Documents/Politala/ICT/e-attendance/vendor/codeigniter4/framework/system/CodeIgniter.php(419): CodeIgniter\CodeIgniter->runController(Object(App\Controllers\Presensi))
#6 /Users/habibi/Documents/Politala/ICT/e-attendance/vendor/codeigniter4/framework/system/CodeIgniter.php(326): CodeIgniter\CodeIgniter->handleRequest(NULL, Object(Config\Cache), false)
#7 /Users/habibi/Documents/Politala/ICT/e-attendance/public/index.php(37): CodeIgniter\CodeIgniter->run()
#8 /Users/habibi/Documents/Politala/ICT/e-attendance/vendor/codeigniter4/framework/system/Commands/Server/rewrite.php(43): require_once('/Users/habibi/D...')
#9 {main}
CRITICAL - 2022-07-03 14:50:45 --> Call to undefined function form_error()
#0 /Users/habibi/Documents/Politala/ICT/e-attendance/vendor/codeigniter4/framework/system/View/View.php(210): include()
#1 /Users/habibi/Documents/Politala/ICT/e-attendance/vendor/codeigniter4/framework/system/View/View.php(213): CodeIgniter\View\View->CodeIgniter\View\{closure}()
#2 /Users/habibi/Documents/Politala/ICT/e-attendance/vendor/codeigniter4/framework/system/Common.php(1089): CodeIgniter\View\View->render('_user/_index', Array, true)
#3 /Users/habibi/Documents/Politala/ICT/e-attendance/app/Controllers/Presensi.php(24): view('_user/_index', Array)
#4 /Users/habibi/Documents/Politala/ICT/e-attendance/vendor/codeigniter4/framework/system/CodeIgniter.php(832): App\Controllers\Presensi->Presensi()
#5 /Users/habibi/Documents/Politala/ICT/e-attendance/vendor/codeigniter4/framework/system/CodeIgniter.php(419): CodeIgniter\CodeIgniter->runController(Object(App\Controllers\Presensi))
#6 /Users/habibi/Documents/Politala/ICT/e-attendance/vendor/codeigniter4/framework/system/CodeIgniter.php(326): CodeIgniter\CodeIgniter->handleRequest(NULL, Object(Config\Cache), false)
#7 /Users/habibi/Documents/Politala/ICT/e-attendance/public/index.php(37): CodeIgniter\CodeIgniter->run()
#8 /Users/habibi/Documents/Politala/ICT/e-attendance/vendor/codeigniter4/framework/system/Commands/Server/rewrite.php(43): require_once('/Users/habibi/D...')
#9 {main}
CRITICAL - 2022-07-03 14:52:00 --> Class 'App\Controllers\ActivityModel' not found
#0 /Users/habibi/Documents/Politala/ICT/e-attendance/vendor/codeigniter4/framework/system/CodeIgniter.php(832): App\Controllers\Presensi->Presensi()
#1 /Users/habibi/Documents/Politala/ICT/e-attendance/vendor/codeigniter4/framework/system/CodeIgniter.php(419): CodeIgniter\CodeIgniter->runController(Object(App\Controllers\Presensi))
#2 /Users/habibi/Documents/Politala/ICT/e-attendance/vendor/codeigniter4/framework/system/CodeIgniter.php(326): CodeIgniter\CodeIgniter->handleRequest(NULL, Object(Config\Cache), false)
#3 /Users/habibi/Documents/Politala/ICT/e-attendance/public/index.php(37): CodeIgniter\CodeIgniter->run()
#4 /Users/habibi/Documents/Politala/ICT/e-attendance/vendor/codeigniter4/framework/system/Commands/Server/rewrite.php(43): require_once('/Users/habibi/D...')
#5 {main}
CRITICAL - 2022-07-03 14:52:27 --> Class 'App\Controllers\ActivityModel' not found
#0 /Users/habibi/Documents/Politala/ICT/e-attendance/vendor/codeigniter4/framework/system/CodeIgniter.php(832): App\Controllers\Presensi->Presensi()
#1 /Users/habibi/Documents/Politala/ICT/e-attendance/vendor/codeigniter4/framework/system/CodeIgniter.php(419): CodeIgniter\CodeIgniter->runController(Object(App\Controllers\Presensi))
#2 /Users/habibi/Documents/Politala/ICT/e-attendance/vendor/codeigniter4/framework/system/CodeIgniter.php(326): CodeIgniter\CodeIgniter->handleRequest(NULL, Object(Config\Cache), false)
#3 /Users/habibi/Documents/Politala/ICT/e-attendance/public/index.php(37): CodeIgniter\CodeIgniter->run()
#4 /Users/habibi/Documents/Politala/ICT/e-attendance/vendor/codeigniter4/framework/system/Commands/Server/rewrite.php(43): require_once('/Users/habibi/D...')
#5 {main}
CRITICAL - 2022-07-03 14:52:40 --> Undefined property: App\Controllers\Presensi::$load
#0 /Users/habibi/Documents/Politala/ICT/e-attendance/app/Controllers/Presensi.php(22): CodeIgniter\Debug\Exceptions->errorHandler(8, 'Undefined prope...', '/Users/habibi/D...', 22, Array)
#1 /Users/habibi/Documents/Politala/ICT/e-attendance/vendor/codeigniter4/framework/system/CodeIgniter.php(832): App\Controllers\Presensi->Presensi()
#2 /Users/habibi/Documents/Politala/ICT/e-attendance/vendor/codeigniter4/framework/system/CodeIgniter.php(419): CodeIgniter\CodeIgniter->runController(Object(App\Controllers\Presensi))
#3 /Users/habibi/Documents/Politala/ICT/e-attendance/vendor/codeigniter4/framework/system/CodeIgniter.php(326): CodeIgniter\CodeIgniter->handleRequest(NULL, Object(Config\Cache), false)
#4 /Users/habibi/Documents/Politala/ICT/e-attendance/public/index.php(37): CodeIgniter\CodeIgniter->run()
#5 /Users/habibi/Documents/Politala/ICT/e-attendance/vendor/codeigniter4/framework/system/Commands/Server/rewrite.php(43): require_once('/Users/habibi/D...')
#6 {main}
CRITICAL - 2022-07-03 14:52:51 --> Undefined property: App\Controllers\Presensi::$load
#0 /Users/habibi/Documents/Politala/ICT/e-attendance/app/Controllers/Presensi.php(22): CodeIgniter\Debug\Exceptions->errorHandler(8, 'Undefined prope...', '/Users/habibi/D...', 22, Array)
#1 /Users/habibi/Documents/Politala/ICT/e-attendance/vendor/codeigniter4/framework/system/CodeIgniter.php(832): App\Controllers\Presensi->Presensi()
#2 /Users/habibi/Documents/Politala/ICT/e-attendance/vendor/codeigniter4/framework/system/CodeIgniter.php(419): CodeIgniter\CodeIgniter->runController(Object(App\Controllers\Presensi))
#3 /Users/habibi/Documents/Politala/ICT/e-attendance/vendor/codeigniter4/framework/system/CodeIgniter.php(326): CodeIgniter\CodeIgniter->handleRequest(NULL, Object(Config\Cache), false)
#4 /Users/habibi/Documents/Politala/ICT/e-attendance/public/index.php(37): CodeIgniter\CodeIgniter->run()
#5 /Users/habibi/Documents/Politala/ICT/e-attendance/vendor/codeigniter4/framework/system/Commands/Server/rewrite.php(43): require_once('/Users/habibi/D...')
#6 {main}
CRITICAL - 2022-07-03 14:52:55 --> Object of class App\Models\ActivityModel could not be converted to string
#0 /Users/habibi/Documents/Politala/ICT/e-attendance/vendor/codeigniter4/framework/system/CodeIgniter.php(832): App\Controllers\Presensi->Presensi()
#1 /Users/habibi/Documents/Politala/ICT/e-attendance/vendor/codeigniter4/framework/system/CodeIgniter.php(419): CodeIgniter\CodeIgniter->runController(Object(App\Controllers\Presensi))
#2 /Users/habibi/Documents/Politala/ICT/e-attendance/vendor/codeigniter4/framework/system/CodeIgniter.php(326): CodeIgniter\CodeIgniter->handleRequest(NULL, Object(Config\Cache), false)
#3 /Users/habibi/Documents/Politala/ICT/e-attendance/public/index.php(37): CodeIgniter\CodeIgniter->run()
#4 /Users/habibi/Documents/Politala/ICT/e-attendance/vendor/codeigniter4/framework/system/Commands/Server/rewrite.php(43): require_once('/Users/habibi/D...')
#5 {main}
CRITICAL - 2022-07-03 14:53:23 --> Call to undefined function form_error()
#0 /Users/habibi/Documents/Politala/ICT/e-attendance/vendor/codeigniter4/framework/system/View/View.php(210): include()
#1 /Users/habibi/Documents/Politala/ICT/e-attendance/vendor/codeigniter4/framework/system/View/View.php(213): CodeIgniter\View\View->CodeIgniter\View\{closure}()
#2 /Users/habibi/Documents/Politala/ICT/e-attendance/vendor/codeigniter4/framework/system/Common.php(1089): CodeIgniter\View\View->render('_user/_index', Array, true)
#3 /Users/habibi/Documents/Politala/ICT/e-attendance/app/Controllers/Presensi.php(24): view('_user/_index', Array)
#4 /Users/habibi/Documents/Politala/ICT/e-attendance/vendor/codeigniter4/framework/system/CodeIgniter.php(832): App\Controllers\Presensi->Presensi()
#5 /Users/habibi/Documents/Politala/ICT/e-attendance/vendor/codeigniter4/framework/system/CodeIgniter.php(419): CodeIgniter\CodeIgniter->runController(Object(App\Controllers\Presensi))
#6 /Users/habibi/Documents/Politala/ICT/e-attendance/vendor/codeigniter4/framework/system/CodeIgniter.php(326): CodeIgniter\CodeIgniter->handleRequest(NULL, Object(Config\Cache), false)
#7 /Users/habibi/Documents/Politala/ICT/e-attendance/public/index.php(37): CodeIgniter\CodeIgniter->run()
#8 /Users/habibi/Documents/Politala/ICT/e-attendance/vendor/codeigniter4/framework/system/Commands/Server/rewrite.php(43): require_once('/Users/habibi/D...')
#9 {main}
CRITICAL - 2022-07-03 14:53:30 --> Call to undefined function form_error()
#0 /Users/habibi/Documents/Politala/ICT/e-attendance/vendor/codeigniter4/framework/system/View/View.php(210): include()
#1 /Users/habibi/Documents/Politala/ICT/e-attendance/vendor/codeigniter4/framework/system/View/View.php(213): CodeIgniter\View\View->CodeIgniter\View\{closure}()
#2 /Users/habibi/Documents/Politala/ICT/e-attendance/vendor/codeigniter4/framework/system/Common.php(1089): CodeIgniter\View\View->render('_user/_index', Array, true)
#3 /Users/habibi/Documents/Politala/ICT/e-attendance/app/Controllers/Presensi.php(24): view('_user/_index', Array)
#4 /Users/habibi/Documents/Politala/ICT/e-attendance/vendor/codeigniter4/framework/system/CodeIgniter.php(832): App\Controllers\Presensi->Presensi()
#5 /Users/habibi/Documents/Politala/ICT/e-attendance/vendor/codeigniter4/framework/system/CodeIgniter.php(419): CodeIgniter\CodeIgniter->runController(Object(App\Controllers\Presensi))
#6 /Users/habibi/Documents/Politala/ICT/e-attendance/vendor/codeigniter4/framework/system/CodeIgniter.php(326): CodeIgniter\CodeIgniter->handleRequest(NULL, Object(Config\Cache), false)
#7 /Users/habibi/Documents/Politala/ICT/e-attendance/public/index.php(37): CodeIgniter\CodeIgniter->run()
#8 /Users/habibi/Documents/Politala/ICT/e-attendance/vendor/codeigniter4/framework/system/Commands/Server/rewrite.php(43): require_once('/Users/habibi/D...')
#9 {main}
CRITICAL - 2022-07-03 14:53:31 --> Call to undefined function form_error()
#0 /Users/habibi/Documents/Politala/ICT/e-attendance/vendor/codeigniter4/framework/system/View/View.php(210): include()
#1 /Users/habibi/Documents/Politala/ICT/e-attendance/vendor/codeigniter4/framework/system/View/View.php(213): CodeIgniter\View\View->CodeIgniter\View\{closure}()
#2 /Users/habibi/Documents/Politala/ICT/e-attendance/vendor/codeigniter4/framework/system/Common.php(1089): CodeIgniter\View\View->render('_user/_index', Array, true)
#3 /Users/habibi/Documents/Politala/ICT/e-attendance/app/Controllers/Presensi.php(24): view('_user/_index', Array)
#4 /Users/habibi/Documents/Politala/ICT/e-attendance/vendor/codeigniter4/framework/system/CodeIgniter.php(832): App\Controllers\Presensi->Presensi()
#5 /Users/habibi/Documents/Politala/ICT/e-attendance/vendor/codeigniter4/framework/system/CodeIgniter.php(419): CodeIgniter\CodeIgniter->runController(Object(App\Controllers\Presensi))
#6 /Users/habibi/Documents/Politala/ICT/e-attendance/vendor/codeigniter4/framework/system/CodeIgniter.php(326): CodeIgniter\CodeIgniter->handleRequest(NULL, Object(Config\Cache), false)
#7 /Users/habibi/Documents/Politala/ICT/e-attendance/public/index.php(37): CodeIgniter\CodeIgniter->run()
#8 /Users/habibi/Documents/Politala/ICT/e-attendance/vendor/codeigniter4/framework/system/Commands/Server/rewrite.php(43): require_once('/Users/habibi/D...')
#9 {main}
CRITICAL - 2022-07-03 14:53:32 --> Call to undefined function form_error()
#0 /Users/habibi/Documents/Politala/ICT/e-attendance/vendor/codeigniter4/framework/system/View/View.php(210): include()
#1 /Users/habibi/Documents/Politala/ICT/e-attendance/vendor/codeigniter4/framework/system/View/View.php(213): CodeIgniter\View\View->CodeIgniter\View\{closure}()
#2 /Users/habibi/Documents/Politala/ICT/e-attendance/vendor/codeigniter4/framework/system/Common.php(1089): CodeIgniter\View\View->render('_user/_index', Array, true)
#3 /Users/habibi/Documents/Politala/ICT/e-attendance/app/Controllers/Presensi.php(24): view('_user/_index', Array)
#4 /Users/habibi/Documents/Politala/ICT/e-attendance/vendor/codeigniter4/framework/system/CodeIgniter.php(832): App\Controllers\Presensi->Presensi()
#5 /Users/habibi/Documents/Politala/ICT/e-attendance/vendor/codeigniter4/framework/system/CodeIgniter.php(419): CodeIgniter\CodeIgniter->runController(Object(App\Controllers\Presensi))
#6 /Users/habibi/Documents/Politala/ICT/e-attendance/vendor/codeigniter4/framework/system/CodeIgniter.php(326): CodeIgniter\CodeIgniter->handleRequest(NULL, Object(Config\Cache), false)
#7 /Users/habibi/Documents/Politala/ICT/e-attendance/public/index.php(37): CodeIgniter\CodeIgniter->run()
#8 /Users/habibi/Documents/Politala/ICT/e-attendance/vendor/codeigniter4/framework/system/Commands/Server/rewrite.php(43): require_once('/Users/habibi/D...')
#9 {main}
CRITICAL - 2022-07-03 14:53:33 --> Call to undefined function form_error()
#0 /Users/habibi/Documents/Politala/ICT/e-attendance/vendor/codeigniter4/framework/system/View/View.php(210): include()
#1 /Users/habibi/Documents/Politala/ICT/e-attendance/vendor/codeigniter4/framework/system/View/View.php(213): CodeIgniter\View\View->CodeIgniter\View\{closure}()
#2 /Users/habibi/Documents/Politala/ICT/e-attendance/vendor/codeigniter4/framework/system/Common.php(1089): CodeIgniter\View\View->render('_user/_index', Array, true)
#3 /Users/habibi/Documents/Politala/ICT/e-attendance/app/Controllers/Presensi.php(24): view('_user/_index', Array)
#4 /Users/habibi/Documents/Politala/ICT/e-attendance/vendor/codeigniter4/framework/system/CodeIgniter.php(832): App\Controllers\Presensi->Presensi()
#5 /Users/habibi/Documents/Politala/ICT/e-attendance/vendor/codeigniter4/framework/system/CodeIgniter.php(419): CodeIgniter\CodeIgniter->runController(Object(App\Controllers\Presensi))
#6 /Users/habibi/Documents/Politala/ICT/e-attendance/vendor/codeigniter4/framework/system/CodeIgniter.php(326): CodeIgniter\CodeIgniter->handleRequest(NULL, Object(Config\Cache), false)
#7 /Users/habibi/Documents/Politala/ICT/e-attendance/public/index.php(37): CodeIgniter\CodeIgniter->run()
#8 /Users/habibi/Documents/Politala/ICT/e-attendance/vendor/codeigniter4/framework/system/Commands/Server/rewrite.php(43): require_once('/Users/habibi/D...')
#9 {main}
