ERROR - 2022-05-31 14:02:54 --> You have an error in your SQL syntax; check the manual that corresponds to your MariaDB server version for the right syntax to use near 'AND' at line 4
CRITICAL - 2022-05-31 14:02:54 --> You have an error in your SQL syntax; check the manual that corresponds to your MariaDB server version for the right syntax to use near 'AND' at line 4
#0 D:\Aplikasi\e-presensi-politala\vendor\codeigniter4\framework\system\Database\MySQLi\Connection.php(292): mysqli->query('SELECT COUNT(*)...', 0)
#1 D:\Aplikasi\e-presensi-politala\vendor\codeigniter4\framework\system\Database\BaseConnection.php(670): CodeIgniter\Database\MySQLi\Connection->execute('SELECT COUNT(*)...')
#2 D:\Aplikasi\e-presensi-politala\vendor\codeigniter4\framework\system\Database\BaseConnection.php(598): CodeIgniter\Database\BaseConnection->simpleQuery('SELECT COUNT(*)...')
#3 D:\Aplikasi\e-presensi-politala\vendor\codeigniter4\framework\system\Database\BaseBuilder.php(1539): CodeIgniter\Database\BaseConnection->query('SELECT COUNT(*)...', Array, false)
#4 D:\Aplikasi\e-presensi-politala\vendor\hermawan\codeigniter4-datatables\src\DataTableQuery.php(63): CodeIgniter\Database\BaseBuilder->countAllResults()
#5 D:\Aplikasi\e-presensi-politala\vendor\hermawan\codeigniter4-datatables\src\DataTable.php(172): Hermawan\DataTables\DataTableQuery->countFiltered()
#6 D:\Aplikasi\e-presensi-politala\app\Controllers\Home.php(137): Hermawan\DataTables\DataTable->toJson(true)
#7 D:\Aplikasi\e-presensi-politala\vendor\codeigniter4\framework\system\CodeIgniter.php(832): App\Controllers\Home->AjaxReadAbsen()
#8 D:\Aplikasi\e-presensi-politala\vendor\codeigniter4\framework\system\CodeIgniter.php(419): CodeIgniter\CodeIgniter->runController(Object(App\Controllers\Home))
#9 D:\Aplikasi\e-presensi-politala\vendor\codeigniter4\framework\system\CodeIgniter.php(326): CodeIgniter\CodeIgniter->handleRequest(NULL, Object(Config\Cache), false)
#10 D:\Aplikasi\e-presensi-politala\public\index.php(37): CodeIgniter\CodeIgniter->run()
#11 D:\Aplikasi\e-presensi-politala\vendor\codeigniter4\framework\system\Commands\Server\rewrite.php(43): require_once('D:\\Aplikasi\\e-p...')
#12 {main}
ERROR - 2022-05-31 14:04:35 --> You have an error in your SQL syntax; check the manual that corresponds to your MariaDB server version for the right syntax to use near 'AND' at line 4
CRITICAL - 2022-05-31 14:04:35 --> You have an error in your SQL syntax; check the manual that corresponds to your MariaDB server version for the right syntax to use near 'AND' at line 4
#0 D:\Aplikasi\e-presensi-politala\vendor\codeigniter4\framework\system\Database\MySQLi\Connection.php(292): mysqli->query('SELECT COUNT(*)...', 0)
#1 D:\Aplikasi\e-presensi-politala\vendor\codeigniter4\framework\system\Database\BaseConnection.php(670): CodeIgniter\Database\MySQLi\Connection->execute('SELECT COUNT(*)...')
#2 D:\Aplikasi\e-presensi-politala\vendor\codeigniter4\framework\system\Database\BaseConnection.php(598): CodeIgniter\Database\BaseConnection->simpleQuery('SELECT COUNT(*)...')
#3 D:\Aplikasi\e-presensi-politala\vendor\codeigniter4\framework\system\Database\BaseBuilder.php(1539): CodeIgniter\Database\BaseConnection->query('SELECT COUNT(*)...', Array, false)
#4 D:\Aplikasi\e-presensi-politala\vendor\hermawan\codeigniter4-datatables\src\DataTableQuery.php(63): CodeIgniter\Database\BaseBuilder->countAllResults()
#5 D:\Aplikasi\e-presensi-politala\vendor\hermawan\codeigniter4-datatables\src\DataTable.php(172): Hermawan\DataTables\DataTableQuery->countFiltered()
#6 D:\Aplikasi\e-presensi-politala\app\Controllers\Home.php(137): Hermawan\DataTables\DataTable->toJson(true)
#7 D:\Aplikasi\e-presensi-politala\vendor\codeigniter4\framework\system\CodeIgniter.php(832): App\Controllers\Home->AjaxReadAbsen()
#8 D:\Aplikasi\e-presensi-politala\vendor\codeigniter4\framework\system\CodeIgniter.php(419): CodeIgniter\CodeIgniter->runController(Object(App\Controllers\Home))
#9 D:\Aplikasi\e-presensi-politala\vendor\codeigniter4\framework\system\CodeIgniter.php(326): CodeIgniter\CodeIgniter->handleRequest(NULL, Object(Config\Cache), false)
#10 D:\Aplikasi\e-presensi-politala\public\index.php(37): CodeIgniter\CodeIgniter->run()
#11 D:\Aplikasi\e-presensi-politala\vendor\codeigniter4\framework\system\Commands\Server\rewrite.php(43): require_once('D:\\Aplikasi\\e-p...')
#12 {main}
CRITICAL - 2022-05-31 14:54:48 --> Undefined property: stdClass::$datemax
#0 D:\Aplikasi\e-presensi-politala\app\Controllers\Home.php(126): CodeIgniter\Debug\Exceptions->errorHandler(8, 'Undefined prope...', 'D:\\Aplikasi\\e-p...', 126, Array)
#1 D:\Aplikasi\e-presensi-politala\vendor\hermawan\codeigniter4-datatables\src\DataTableQuery.php(191): App\Controllers\Home->App\Controllers\{closure}(Object(CodeIgniter\Database\MySQLi\Builder), Object(stdClass))
#2 D:\Aplikasi\e-presensi-politala\vendor\hermawan\codeigniter4-datatables\src\DataTableQuery.php(181): Hermawan\DataTables\DataTableQuery->queryFilter(Object(CodeIgniter\Database\MySQLi\Builder))
#3 D:\Aplikasi\e-presensi-politala\vendor\hermawan\codeigniter4-datatables\src\DataTableQuery.php(61): Hermawan\DataTables\DataTableQuery->queryFilterSearch(Object(CodeIgniter\Database\MySQLi\Builder))
#4 D:\Aplikasi\e-presensi-politala\vendor\hermawan\codeigniter4-datatables\src\DataTable.php(172): Hermawan\DataTables\DataTableQuery->countFiltered()
#5 D:\Aplikasi\e-presensi-politala\app\Controllers\Home.php(137): Hermawan\DataTables\DataTable->toJson(true)
#6 D:\Aplikasi\e-presensi-politala\vendor\codeigniter4\framework\system\CodeIgniter.php(832): App\Controllers\Home->AjaxReadAbsen()
#7 D:\Aplikasi\e-presensi-politala\vendor\codeigniter4\framework\system\CodeIgniter.php(419): CodeIgniter\CodeIgniter->runController(Object(App\Controllers\Home))
#8 D:\Aplikasi\e-presensi-politala\vendor\codeigniter4\framework\system\CodeIgniter.php(326): CodeIgniter\CodeIgniter->handleRequest(NULL, Object(Config\Cache), false)
#9 D:\Aplikasi\e-presensi-politala\public\index.php(37): CodeIgniter\CodeIgniter->run()
#10 D:\Aplikasi\e-presensi-politala\vendor\codeigniter4\framework\system\Commands\Server\rewrite.php(43): require_once('D:\\Aplikasi\\e-p...')
#11 {main}
CRITICAL - 2022-05-31 15:07:47 --> Undefined property: stdClass::$datemax
#0 D:\Aplikasi\e-presensi-politala\app\Controllers\Home.php(123): CodeIgniter\Debug\Exceptions->errorHandler(8, 'Undefined prope...', 'D:\\Aplikasi\\e-p...', 123, Array)
#1 D:\Aplikasi\e-presensi-politala\vendor\hermawan\codeigniter4-datatables\src\DataTableQuery.php(191): App\Controllers\Home->App\Controllers\{closure}(Object(CodeIgniter\Database\MySQLi\Builder), Object(stdClass))
#2 D:\Aplikasi\e-presensi-politala\vendor\hermawan\codeigniter4-datatables\src\DataTableQuery.php(181): Hermawan\DataTables\DataTableQuery->queryFilter(Object(CodeIgniter\Database\MySQLi\Builder))
#3 D:\Aplikasi\e-presensi-politala\vendor\hermawan\codeigniter4-datatables\src\DataTableQuery.php(61): Hermawan\DataTables\DataTableQuery->queryFilterSearch(Object(CodeIgniter\Database\MySQLi\Builder))
#4 D:\Aplikasi\e-presensi-politala\vendor\hermawan\codeigniter4-datatables\src\DataTable.php(172): Hermawan\DataTables\DataTableQuery->countFiltered()
#5 D:\Aplikasi\e-presensi-politala\app\Controllers\Home.php(137): Hermawan\DataTables\DataTable->toJson(true)
#6 D:\Aplikasi\e-presensi-politala\vendor\codeigniter4\framework\system\CodeIgniter.php(832): App\Controllers\Home->AjaxReadAbsen()
#7 D:\Aplikasi\e-presensi-politala\vendor\codeigniter4\framework\system\CodeIgniter.php(419): CodeIgniter\CodeIgniter->runController(Object(App\Controllers\Home))
#8 D:\Aplikasi\e-presensi-politala\vendor\codeigniter4\framework\system\CodeIgniter.php(326): CodeIgniter\CodeIgniter->handleRequest(NULL, Object(Config\Cache), false)
#9 D:\Aplikasi\e-presensi-politala\public\index.php(37): CodeIgniter\CodeIgniter->run()
#10 D:\Aplikasi\e-presensi-politala\vendor\codeigniter4\framework\system\Commands\Server\rewrite.php(43): require_once('D:\\Aplikasi\\e-p...')
#11 {main}
CRITICAL - 2022-05-31 15:11:16 --> Undefined property: stdClass::$datemax
#0 D:\Aplikasi\e-presensi-politala\app\Controllers\Home.php(126): CodeIgniter\Debug\Exceptions->errorHandler(8, 'Undefined prope...', 'D:\\Aplikasi\\e-p...', 126, Array)
#1 D:\Aplikasi\e-presensi-politala\vendor\hermawan\codeigniter4-datatables\src\DataTableQuery.php(191): App\Controllers\Home->App\Controllers\{closure}(Object(CodeIgniter\Database\MySQLi\Builder), Object(stdClass))
#2 D:\Aplikasi\e-presensi-politala\vendor\hermawan\codeigniter4-datatables\src\DataTableQuery.php(181): Hermawan\DataTables\DataTableQuery->queryFilter(Object(CodeIgniter\Database\MySQLi\Builder))
#3 D:\Aplikasi\e-presensi-politala\vendor\hermawan\codeigniter4-datatables\src\DataTableQuery.php(61): Hermawan\DataTables\DataTableQuery->queryFilterSearch(Object(CodeIgniter\Database\MySQLi\Builder))
#4 D:\Aplikasi\e-presensi-politala\vendor\hermawan\codeigniter4-datatables\src\DataTable.php(172): Hermawan\DataTables\DataTableQuery->countFiltered()
#5 D:\Aplikasi\e-presensi-politala\app\Controllers\Home.php(137): Hermawan\DataTables\DataTable->toJson(true)
#6 D:\Aplikasi\e-presensi-politala\vendor\codeigniter4\framework\system\CodeIgniter.php(832): App\Controllers\Home->AjaxReadAbsen()
#7 D:\Aplikasi\e-presensi-politala\vendor\codeigniter4\framework\system\CodeIgniter.php(419): CodeIgniter\CodeIgniter->runController(Object(App\Controllers\Home))
#8 D:\Aplikasi\e-presensi-politala\vendor\codeigniter4\framework\system\CodeIgniter.php(326): CodeIgniter\CodeIgniter->handleRequest(NULL, Object(Config\Cache), false)
#9 D:\Aplikasi\e-presensi-politala\public\index.php(37): CodeIgniter\CodeIgniter->run()
#10 D:\Aplikasi\e-presensi-politala\vendor\codeigniter4\framework\system\Commands\Server\rewrite.php(43): require_once('D:\\Aplikasi\\e-p...')
#11 {main}
CRITICAL - 2022-05-31 15:11:50 --> Undefined property: stdClass::$datemin
#0 D:\Aplikasi\e-presensi-politala\app\Controllers\Home.php(126): CodeIgniter\Debug\Exceptions->errorHandler(8, 'Undefined prope...', 'D:\\Aplikasi\\e-p...', 126, Array)
#1 D:\Aplikasi\e-presensi-politala\vendor\hermawan\codeigniter4-datatables\src\DataTableQuery.php(191): App\Controllers\Home->App\Controllers\{closure}(Object(CodeIgniter\Database\MySQLi\Builder), Object(stdClass))
#2 D:\Aplikasi\e-presensi-politala\vendor\hermawan\codeigniter4-datatables\src\DataTableQuery.php(181): Hermawan\DataTables\DataTableQuery->queryFilter(Object(CodeIgniter\Database\MySQLi\Builder))
#3 D:\Aplikasi\e-presensi-politala\vendor\hermawan\codeigniter4-datatables\src\DataTableQuery.php(61): Hermawan\DataTables\DataTableQuery->queryFilterSearch(Object(CodeIgniter\Database\MySQLi\Builder))
#4 D:\Aplikasi\e-presensi-politala\vendor\hermawan\codeigniter4-datatables\src\DataTable.php(172): Hermawan\DataTables\DataTableQuery->countFiltered()
#5 D:\Aplikasi\e-presensi-politala\app\Controllers\Home.php(137): Hermawan\DataTables\DataTable->toJson(true)
#6 D:\Aplikasi\e-presensi-politala\vendor\codeigniter4\framework\system\CodeIgniter.php(832): App\Controllers\Home->AjaxReadAbsen()
#7 D:\Aplikasi\e-presensi-politala\vendor\codeigniter4\framework\system\CodeIgniter.php(419): CodeIgniter\CodeIgniter->runController(Object(App\Controllers\Home))
#8 D:\Aplikasi\e-presensi-politala\vendor\codeigniter4\framework\system\CodeIgniter.php(326): CodeIgniter\CodeIgniter->handleRequest(NULL, Object(Config\Cache), false)
#9 D:\Aplikasi\e-presensi-politala\public\index.php(37): CodeIgniter\CodeIgniter->run()
#10 D:\Aplikasi\e-presensi-politala\vendor\codeigniter4\framework\system\Commands\Server\rewrite.php(43): require_once('D:\\Aplikasi\\e-p...')
#11 {main}
CRITICAL - 2022-05-31 15:12:11 --> Undefined property: stdClass::$datemin
#0 D:\Aplikasi\e-presensi-politala\app\Controllers\Home.php(126): CodeIgniter\Debug\Exceptions->errorHandler(8, 'Undefined prope...', 'D:\\Aplikasi\\e-p...', 126, Array)
#1 D:\Aplikasi\e-presensi-politala\vendor\hermawan\codeigniter4-datatables\src\DataTableQuery.php(191): App\Controllers\Home->App\Controllers\{closure}(Object(CodeIgniter\Database\MySQLi\Builder), Object(stdClass))
#2 D:\Aplikasi\e-presensi-politala\vendor\hermawan\codeigniter4-datatables\src\DataTableQuery.php(181): Hermawan\DataTables\DataTableQuery->queryFilter(Object(CodeIgniter\Database\MySQLi\Builder))
#3 D:\Aplikasi\e-presensi-politala\vendor\hermawan\codeigniter4-datatables\src\DataTableQuery.php(61): Hermawan\DataTables\DataTableQuery->queryFilterSearch(Object(CodeIgniter\Database\MySQLi\Builder))
#4 D:\Aplikasi\e-presensi-politala\vendor\hermawan\codeigniter4-datatables\src\DataTable.php(172): Hermawan\DataTables\DataTableQuery->countFiltered()
#5 D:\Aplikasi\e-presensi-politala\app\Controllers\Home.php(137): Hermawan\DataTables\DataTable->toJson(true)
#6 D:\Aplikasi\e-presensi-politala\vendor\codeigniter4\framework\system\CodeIgniter.php(832): App\Controllers\Home->AjaxReadAbsen()
#7 D:\Aplikasi\e-presensi-politala\vendor\codeigniter4\framework\system\CodeIgniter.php(419): CodeIgniter\CodeIgniter->runController(Object(App\Controllers\Home))
#8 D:\Aplikasi\e-presensi-politala\vendor\codeigniter4\framework\system\CodeIgniter.php(326): CodeIgniter\CodeIgniter->handleRequest(NULL, Object(Config\Cache), false)
#9 D:\Aplikasi\e-presensi-politala\public\index.php(37): CodeIgniter\CodeIgniter->run()
#10 D:\Aplikasi\e-presensi-politala\vendor\codeigniter4\framework\system\Commands\Server\rewrite.php(43): require_once('D:\\Aplikasi\\e-p...')
#11 {main}
