CRITICAL - 2022-07-11 14:17:21 --> Invalid file: /_user/_script/_skinerja.php
#0 D:\Aplikasi\github\e-attendance\vendor\codeigniter4\framework\system\View\View.php(198): CodeIgniter\Exceptions\FrameworkException::forInvalidFile('/_user/_script/...')
#1 D:\Aplikasi\github\e-attendance\vendor\codeigniter4\framework\system\Common.php(1089): CodeIgniter\View\View->render('/_user/_script/...', Array, true)
#2 D:\Aplikasi\github\e-attendance\app\Views\_user\_kinerja.php(127): view('/_user/_script/...')
#3 D:\Aplikasi\github\e-attendance\vendor\codeigniter4\framework\system\View\View.php(210): include('D:\\Aplikasi\\git...')
#4 D:\Aplikasi\github\e-attendance\vendor\codeigniter4\framework\system\View\View.php(213): CodeIgniter\View\View->CodeIgniter\View\{closure}()
#5 D:\Aplikasi\github\e-attendance\vendor\codeigniter4\framework\system\Common.php(1089): CodeIgniter\View\View->render('_user/_kinerja', Array, true)
#6 D:\Aplikasi\github\e-attendance\app\Controllers\Activity.php(67): view('_user/_kinerja')
#7 D:\Aplikasi\github\e-attendance\vendor\codeigniter4\framework\system\CodeIgniter.php(832): App\Controllers\Activity->Recordkinerja()
#8 D:\Aplikasi\github\e-attendance\vendor\codeigniter4\framework\system\CodeIgniter.php(419): CodeIgniter\CodeIgniter->runController(Object(App\Controllers\Activity))
#9 D:\Aplikasi\github\e-attendance\vendor\codeigniter4\framework\system\CodeIgniter.php(326): CodeIgniter\CodeIgniter->handleRequest(NULL, Object(Config\Cache), false)
#10 D:\Aplikasi\github\e-attendance\public\index.php(37): CodeIgniter\CodeIgniter->run()
#11 D:\Aplikasi\github\e-attendance\vendor\codeigniter4\framework\system\Commands\Server\rewrite.php(43): require_once('D:\\Aplikasi\\git...')
#12 {main}
CRITICAL - 2022-07-11 15:58:25 --> Call to undefined method CodeIgniter\Database\MySQLi\Connection::where()
#0 D:\Aplikasi\github\e-attendance\app\Controllers\Activity.php(126): App\Models\ActivityModel->check_date(NULL)
#1 D:\Aplikasi\github\e-attendance\vendor\codeigniter4\framework\system\CodeIgniter.php(832): App\Controllers\Activity->docheckDate()
#2 D:\Aplikasi\github\e-attendance\vendor\codeigniter4\framework\system\CodeIgniter.php(419): CodeIgniter\CodeIgniter->runController(Object(App\Controllers\Activity))
#3 D:\Aplikasi\github\e-attendance\vendor\codeigniter4\framework\system\CodeIgniter.php(326): CodeIgniter\CodeIgniter->handleRequest(NULL, Object(Config\Cache), false)
#4 D:\Aplikasi\github\e-attendance\public\index.php(37): CodeIgniter\CodeIgniter->run()
#5 D:\Aplikasi\github\e-attendance\vendor\codeigniter4\framework\system\Commands\Server\rewrite.php(43): require_once('D:\\Aplikasi\\git...')
#6 {main}
CRITICAL - 2022-07-11 15:59:18 --> Call to undefined method CodeIgniter\Database\MySQLi\Connection::get()
#0 D:\Aplikasi\github\e-attendance\app\Controllers\Activity.php(126): App\Models\ActivityModel->check_date(NULL)
#1 D:\Aplikasi\github\e-attendance\vendor\codeigniter4\framework\system\CodeIgniter.php(832): App\Controllers\Activity->docheckDate()
#2 D:\Aplikasi\github\e-attendance\vendor\codeigniter4\framework\system\CodeIgniter.php(419): CodeIgniter\CodeIgniter->runController(Object(App\Controllers\Activity))
#3 D:\Aplikasi\github\e-attendance\vendor\codeigniter4\framework\system\CodeIgniter.php(326): CodeIgniter\CodeIgniter->handleRequest(NULL, Object(Config\Cache), false)
#4 D:\Aplikasi\github\e-attendance\public\index.php(37): CodeIgniter\CodeIgniter->run()
#5 D:\Aplikasi\github\e-attendance\vendor\codeigniter4\framework\system\Commands\Server\rewrite.php(43): require_once('D:\\Aplikasi\\git...')
#6 {main}
CRITICAL - 2022-07-11 15:59:45 --> Undefined variable: query
#0 D:\Aplikasi\github\e-attendance\app\Models\ActivityModel.php(37): CodeIgniter\Debug\Exceptions->errorHandler(8, 'Undefined varia...', 'D:\\Aplikasi\\git...', 37, Array)
#1 D:\Aplikasi\github\e-attendance\app\Controllers\Activity.php(126): App\Models\ActivityModel->check_date(NULL)
#2 D:\Aplikasi\github\e-attendance\vendor\codeigniter4\framework\system\CodeIgniter.php(832): App\Controllers\Activity->docheckDate()
#3 D:\Aplikasi\github\e-attendance\vendor\codeigniter4\framework\system\CodeIgniter.php(419): CodeIgniter\CodeIgniter->runController(Object(App\Controllers\Activity))
#4 D:\Aplikasi\github\e-attendance\vendor\codeigniter4\framework\system\CodeIgniter.php(326): CodeIgniter\CodeIgniter->handleRequest(NULL, Object(Config\Cache), false)
#5 D:\Aplikasi\github\e-attendance\public\index.php(37): CodeIgniter\CodeIgniter->run()
#6 D:\Aplikasi\github\e-attendance\vendor\codeigniter4\framework\system\Commands\Server\rewrite.php(43): require_once('D:\\Aplikasi\\git...')
#7 {main}
CRITICAL - 2022-07-11 15:59:55 --> Call to undefined method CodeIgniter\Database\MySQLi\Result::num_rows()
#0 D:\Aplikasi\github\e-attendance\app\Controllers\Activity.php(126): App\Models\ActivityModel->check_date(NULL)
#1 D:\Aplikasi\github\e-attendance\vendor\codeigniter4\framework\system\CodeIgniter.php(832): App\Controllers\Activity->docheckDate()
#2 D:\Aplikasi\github\e-attendance\vendor\codeigniter4\framework\system\CodeIgniter.php(419): CodeIgniter\CodeIgniter->runController(Object(App\Controllers\Activity))
#3 D:\Aplikasi\github\e-attendance\vendor\codeigniter4\framework\system\CodeIgniter.php(326): CodeIgniter\CodeIgniter->handleRequest(NULL, Object(Config\Cache), false)
#4 D:\Aplikasi\github\e-attendance\public\index.php(37): CodeIgniter\CodeIgniter->run()
#5 D:\Aplikasi\github\e-attendance\vendor\codeigniter4\framework\system\Commands\Server\rewrite.php(43): require_once('D:\\Aplikasi\\git...')
#6 {main}
CRITICAL - 2022-07-11 16:05:56 --> Object of class stdClass could not be converted to int
#0 D:\Aplikasi\github\e-attendance\app\Models\ActivityModel.php(37): CodeIgniter\Debug\Exceptions->errorHandler(8, 'Object of class...', 'D:\\Aplikasi\\git...', 37, Array)
#1 D:\Aplikasi\github\e-attendance\app\Controllers\Activity.php(126): App\Models\ActivityModel->check_date('2022-07-08s')
#2 D:\Aplikasi\github\e-attendance\vendor\codeigniter4\framework\system\CodeIgniter.php(832): App\Controllers\Activity->docheckDate()
#3 D:\Aplikasi\github\e-attendance\vendor\codeigniter4\framework\system\CodeIgniter.php(419): CodeIgniter\CodeIgniter->runController(Object(App\Controllers\Activity))
#4 D:\Aplikasi\github\e-attendance\vendor\codeigniter4\framework\system\CodeIgniter.php(326): CodeIgniter\CodeIgniter->handleRequest(NULL, Object(Config\Cache), false)
#5 D:\Aplikasi\github\e-attendance\public\index.php(37): CodeIgniter\CodeIgniter->run()
#6 D:\Aplikasi\github\e-attendance\vendor\codeigniter4\framework\system\Commands\Server\rewrite.php(43): require_once('D:\\Aplikasi\\git...')
#7 {main}
CRITICAL - 2022-07-11 16:05:58 --> Object of class stdClass could not be converted to int
#0 D:\Aplikasi\github\e-attendance\app\Models\ActivityModel.php(37): CodeIgniter\Debug\Exceptions->errorHandler(8, 'Object of class...', 'D:\\Aplikasi\\git...', 37, Array)
#1 D:\Aplikasi\github\e-attendance\app\Controllers\Activity.php(126): App\Models\ActivityModel->check_date('2022-07-08')
#2 D:\Aplikasi\github\e-attendance\vendor\codeigniter4\framework\system\CodeIgniter.php(832): App\Controllers\Activity->docheckDate()
#3 D:\Aplikasi\github\e-attendance\vendor\codeigniter4\framework\system\CodeIgniter.php(419): CodeIgniter\CodeIgniter->runController(Object(App\Controllers\Activity))
#4 D:\Aplikasi\github\e-attendance\vendor\codeigniter4\framework\system\CodeIgniter.php(326): CodeIgniter\CodeIgniter->handleRequest(NULL, Object(Config\Cache), false)
#5 D:\Aplikasi\github\e-attendance\public\index.php(37): CodeIgniter\CodeIgniter->run()
#6 D:\Aplikasi\github\e-attendance\vendor\codeigniter4\framework\system\Commands\Server\rewrite.php(43): require_once('D:\\Aplikasi\\git...')
#7 {main}
CRITICAL - 2022-07-11 16:06:31 --> Object of class stdClass could not be converted to int
#0 D:\Aplikasi\github\e-attendance\app\Models\ActivityModel.php(37): CodeIgniter\Debug\Exceptions->errorHandler(8, 'Object of class...', 'D:\\Aplikasi\\git...', 37, Array)
#1 D:\Aplikasi\github\e-attendance\app\Controllers\Activity.php(126): App\Models\ActivityModel->check_date('2022-07-08s')
#2 D:\Aplikasi\github\e-attendance\vendor\codeigniter4\framework\system\CodeIgniter.php(832): App\Controllers\Activity->docheckDate()
#3 D:\Aplikasi\github\e-attendance\vendor\codeigniter4\framework\system\CodeIgniter.php(419): CodeIgniter\CodeIgniter->runController(Object(App\Controllers\Activity))
#4 D:\Aplikasi\github\e-attendance\vendor\codeigniter4\framework\system\CodeIgniter.php(326): CodeIgniter\CodeIgniter->handleRequest(NULL, Object(Config\Cache), false)
#5 D:\Aplikasi\github\e-attendance\public\index.php(37): CodeIgniter\CodeIgniter->run()
#6 D:\Aplikasi\github\e-attendance\vendor\codeigniter4\framework\system\Commands\Server\rewrite.php(43): require_once('D:\\Aplikasi\\git...')
#7 {main}
CRITICAL - 2022-07-11 16:06:33 --> Object of class stdClass could not be converted to int
#0 D:\Aplikasi\github\e-attendance\app\Models\ActivityModel.php(37): CodeIgniter\Debug\Exceptions->errorHandler(8, 'Object of class...', 'D:\\Aplikasi\\git...', 37, Array)
#1 D:\Aplikasi\github\e-attendance\app\Controllers\Activity.php(126): App\Models\ActivityModel->check_date('2022-07-08')
#2 D:\Aplikasi\github\e-attendance\vendor\codeigniter4\framework\system\CodeIgniter.php(832): App\Controllers\Activity->docheckDate()
#3 D:\Aplikasi\github\e-attendance\vendor\codeigniter4\framework\system\CodeIgniter.php(419): CodeIgniter\CodeIgniter->runController(Object(App\Controllers\Activity))
#4 D:\Aplikasi\github\e-attendance\vendor\codeigniter4\framework\system\CodeIgniter.php(326): CodeIgniter\CodeIgniter->handleRequest(NULL, Object(Config\Cache), false)
#5 D:\Aplikasi\github\e-attendance\public\index.php(37): CodeIgniter\CodeIgniter->run()
#6 D:\Aplikasi\github\e-attendance\vendor\codeigniter4\framework\system\Commands\Server\rewrite.php(43): require_once('D:\\Aplikasi\\git...')
#7 {main}
CRITICAL - 2022-07-11 16:07:00 --> Object of class stdClass could not be converted to int
#0 D:\Aplikasi\github\e-attendance\app\Models\ActivityModel.php(37): CodeIgniter\Debug\Exceptions->errorHandler(8, 'Object of class...', 'D:\\Aplikasi\\git...', 37, Array)
#1 D:\Aplikasi\github\e-attendance\app\Controllers\Activity.php(126): App\Models\ActivityModel->check_date('2022-07-08s')
#2 D:\Aplikasi\github\e-attendance\vendor\codeigniter4\framework\system\CodeIgniter.php(832): App\Controllers\Activity->docheckDate()
#3 D:\Aplikasi\github\e-attendance\vendor\codeigniter4\framework\system\CodeIgniter.php(419): CodeIgniter\CodeIgniter->runController(Object(App\Controllers\Activity))
#4 D:\Aplikasi\github\e-attendance\vendor\codeigniter4\framework\system\CodeIgniter.php(326): CodeIgniter\CodeIgniter->handleRequest(NULL, Object(Config\Cache), false)
#5 D:\Aplikasi\github\e-attendance\public\index.php(37): CodeIgniter\CodeIgniter->run()
#6 D:\Aplikasi\github\e-attendance\vendor\codeigniter4\framework\system\Commands\Server\rewrite.php(43): require_once('D:\\Aplikasi\\git...')
#7 {main}
CRITICAL - 2022-07-11 16:07:01 --> Object of class stdClass could not be converted to int
#0 D:\Aplikasi\github\e-attendance\app\Models\ActivityModel.php(37): CodeIgniter\Debug\Exceptions->errorHandler(8, 'Object of class...', 'D:\\Aplikasi\\git...', 37, Array)
#1 D:\Aplikasi\github\e-attendance\app\Controllers\Activity.php(126): App\Models\ActivityModel->check_date('2022-07-08')
#2 D:\Aplikasi\github\e-attendance\vendor\codeigniter4\framework\system\CodeIgniter.php(832): App\Controllers\Activity->docheckDate()
#3 D:\Aplikasi\github\e-attendance\vendor\codeigniter4\framework\system\CodeIgniter.php(419): CodeIgniter\CodeIgniter->runController(Object(App\Controllers\Activity))
#4 D:\Aplikasi\github\e-attendance\vendor\codeigniter4\framework\system\CodeIgniter.php(326): CodeIgniter\CodeIgniter->handleRequest(NULL, Object(Config\Cache), false)
#5 D:\Aplikasi\github\e-attendance\public\index.php(37): CodeIgniter\CodeIgniter->run()
#6 D:\Aplikasi\github\e-attendance\vendor\codeigniter4\framework\system\Commands\Server\rewrite.php(43): require_once('D:\\Aplikasi\\git...')
#7 {main}
CRITICAL - 2022-07-11 16:09:10 --> Object of class stdClass could not be converted to int
#0 D:\Aplikasi\github\e-attendance\app\Models\ActivityModel.php(37): CodeIgniter\Debug\Exceptions->errorHandler(8, 'Object of class...', 'D:\\Aplikasi\\git...', 37, Array)
#1 D:\Aplikasi\github\e-attendance\app\Controllers\Activity.php(126): App\Models\ActivityModel->check_date('2022-07-08')
#2 D:\Aplikasi\github\e-attendance\vendor\codeigniter4\framework\system\CodeIgniter.php(832): App\Controllers\Activity->docheckDate()
#3 D:\Aplikasi\github\e-attendance\vendor\codeigniter4\framework\system\CodeIgniter.php(419): CodeIgniter\CodeIgniter->runController(Object(App\Controllers\Activity))
#4 D:\Aplikasi\github\e-attendance\vendor\codeigniter4\framework\system\CodeIgniter.php(326): CodeIgniter\CodeIgniter->handleRequest(NULL, Object(Config\Cache), false)
#5 D:\Aplikasi\github\e-attendance\public\index.php(37): CodeIgniter\CodeIgniter->run()
#6 D:\Aplikasi\github\e-attendance\vendor\codeigniter4\framework\system\Commands\Server\rewrite.php(43): require_once('D:\\Aplikasi\\git...')
#7 {main}
CRITICAL - 2022-07-11 16:09:24 --> Object of class stdClass could not be converted to int
#0 D:\Aplikasi\github\e-attendance\app\Models\ActivityModel.php(37): CodeIgniter\Debug\Exceptions->errorHandler(8, 'Object of class...', 'D:\\Aplikasi\\git...', 37, Array)
#1 D:\Aplikasi\github\e-attendance\app\Controllers\Activity.php(126): App\Models\ActivityModel->check_date('2022-07-07')
#2 D:\Aplikasi\github\e-attendance\vendor\codeigniter4\framework\system\CodeIgniter.php(832): App\Controllers\Activity->docheckDate()
#3 D:\Aplikasi\github\e-attendance\vendor\codeigniter4\framework\system\CodeIgniter.php(419): CodeIgniter\CodeIgniter->runController(Object(App\Controllers\Activity))
#4 D:\Aplikasi\github\e-attendance\vendor\codeigniter4\framework\system\CodeIgniter.php(326): CodeIgniter\CodeIgniter->handleRequest(NULL, Object(Config\Cache), false)
#5 D:\Aplikasi\github\e-attendance\public\index.php(37): CodeIgniter\CodeIgniter->run()
#6 D:\Aplikasi\github\e-attendance\vendor\codeigniter4\framework\system\Commands\Server\rewrite.php(43): require_once('D:\\Aplikasi\\git...')
#7 {main}
CRITICAL - 2022-07-11 16:09:45 --> Object of class stdClass could not be converted to int
#0 D:\Aplikasi\github\e-attendance\app\Models\ActivityModel.php(37): CodeIgniter\Debug\Exceptions->errorHandler(8, 'Object of class...', 'D:\\Aplikasi\\git...', 37, Array)
#1 D:\Aplikasi\github\e-attendance\app\Controllers\Activity.php(126): App\Models\ActivityModel->check_date('2022-07-08')
#2 D:\Aplikasi\github\e-attendance\vendor\codeigniter4\framework\system\CodeIgniter.php(832): App\Controllers\Activity->docheckDate()
#3 D:\Aplikasi\github\e-attendance\vendor\codeigniter4\framework\system\CodeIgniter.php(419): CodeIgniter\CodeIgniter->runController(Object(App\Controllers\Activity))
#4 D:\Aplikasi\github\e-attendance\vendor\codeigniter4\framework\system\CodeIgniter.php(326): CodeIgniter\CodeIgniter->handleRequest(NULL, Object(Config\Cache), false)
#5 D:\Aplikasi\github\e-attendance\public\index.php(37): CodeIgniter\CodeIgniter->run()
#6 D:\Aplikasi\github\e-attendance\vendor\codeigniter4\framework\system\Commands\Server\rewrite.php(43): require_once('D:\\Aplikasi\\git...')
#7 {main}
CRITICAL - 2022-07-11 16:12:33 --> Object of class stdClass could not be converted to int
#0 D:\Aplikasi\github\e-attendance\app\Models\ActivityModel.php(37): CodeIgniter\Debug\Exceptions->errorHandler(8, 'Object of class...', 'D:\\Aplikasi\\git...', 37, Array)
#1 D:\Aplikasi\github\e-attendance\app\Controllers\Activity.php(126): App\Models\ActivityModel->check_date('2022-07-08')
#2 D:\Aplikasi\github\e-attendance\vendor\codeigniter4\framework\system\CodeIgniter.php(832): App\Controllers\Activity->docheckDate()
#3 D:\Aplikasi\github\e-attendance\vendor\codeigniter4\framework\system\CodeIgniter.php(419): CodeIgniter\CodeIgniter->runController(Object(App\Controllers\Activity))
#4 D:\Aplikasi\github\e-attendance\vendor\codeigniter4\framework\system\CodeIgniter.php(326): CodeIgniter\CodeIgniter->handleRequest(NULL, Object(Config\Cache), false)
#5 D:\Aplikasi\github\e-attendance\public\index.php(37): CodeIgniter\CodeIgniter->run()
#6 D:\Aplikasi\github\e-attendance\vendor\codeigniter4\framework\system\Commands\Server\rewrite.php(43): require_once('D:\\Aplikasi\\git...')
#7 {main}
CRITICAL - 2022-07-11 16:13:31 --> Object of class stdClass could not be converted to int
#0 D:\Aplikasi\github\e-attendance\app\Models\ActivityModel.php(37): CodeIgniter\Debug\Exceptions->errorHandler(8, 'Object of class...', 'D:\\Aplikasi\\git...', 37, Array)
#1 D:\Aplikasi\github\e-attendance\app\Controllers\Activity.php(126): App\Models\ActivityModel->check_date('2022-07-08')
#2 D:\Aplikasi\github\e-attendance\vendor\codeigniter4\framework\system\CodeIgniter.php(832): App\Controllers\Activity->docheckDate()
#3 D:\Aplikasi\github\e-attendance\vendor\codeigniter4\framework\system\CodeIgniter.php(419): CodeIgniter\CodeIgniter->runController(Object(App\Controllers\Activity))
#4 D:\Aplikasi\github\e-attendance\vendor\codeigniter4\framework\system\CodeIgniter.php(326): CodeIgniter\CodeIgniter->handleRequest(NULL, Object(Config\Cache), false)
#5 D:\Aplikasi\github\e-attendance\public\index.php(37): CodeIgniter\CodeIgniter->run()
#6 D:\Aplikasi\github\e-attendance\vendor\codeigniter4\framework\system\Commands\Server\rewrite.php(43): require_once('D:\\Aplikasi\\git...')
#7 {main}
CRITICAL - 2022-07-11 16:17:23 --> Object of class stdClass could not be converted to int
#0 D:\Aplikasi\github\e-attendance\app\Models\ActivityModel.php(37): CodeIgniter\Debug\Exceptions->errorHandler(8, 'Object of class...', 'D:\\Aplikasi\\git...', 37, Array)
#1 D:\Aplikasi\github\e-attendance\app\Controllers\Activity.php(126): App\Models\ActivityModel->check_date('2022-07-08')
#2 D:\Aplikasi\github\e-attendance\vendor\codeigniter4\framework\system\CodeIgniter.php(832): App\Controllers\Activity->docheckDate()
#3 D:\Aplikasi\github\e-attendance\vendor\codeigniter4\framework\system\CodeIgniter.php(419): CodeIgniter\CodeIgniter->runController(Object(App\Controllers\Activity))
#4 D:\Aplikasi\github\e-attendance\vendor\codeigniter4\framework\system\CodeIgniter.php(326): CodeIgniter\CodeIgniter->handleRequest(NULL, Object(Config\Cache), false)
#5 D:\Aplikasi\github\e-attendance\public\index.php(37): CodeIgniter\CodeIgniter->run()
#6 D:\Aplikasi\github\e-attendance\vendor\codeigniter4\framework\system\Commands\Server\rewrite.php(43): require_once('D:\\Aplikasi\\git...')
#7 {main}
CRITICAL - 2022-07-11 16:19:11 --> Call to undefined method CodeIgniter\Database\MySQLi\Result::row()
#0 D:\Aplikasi\github\e-attendance\app\Controllers\Activity.php(126): App\Models\ActivityModel->check_date('2022-07-08')
#1 D:\Aplikasi\github\e-attendance\vendor\codeigniter4\framework\system\CodeIgniter.php(832): App\Controllers\Activity->docheckDate()
#2 D:\Aplikasi\github\e-attendance\vendor\codeigniter4\framework\system\CodeIgniter.php(419): CodeIgniter\CodeIgniter->runController(Object(App\Controllers\Activity))
#3 D:\Aplikasi\github\e-attendance\vendor\codeigniter4\framework\system\CodeIgniter.php(326): CodeIgniter\CodeIgniter->handleRequest(NULL, Object(Config\Cache), false)
#4 D:\Aplikasi\github\e-attendance\public\index.php(37): CodeIgniter\CodeIgniter->run()
#5 D:\Aplikasi\github\e-attendance\vendor\codeigniter4\framework\system\Commands\Server\rewrite.php(43): require_once('D:\\Aplikasi\\git...')
#6 {main}
CRITICAL - 2022-07-11 16:20:11 --> Call to undefined method CodeIgniter\Database\MySQLi\Result::countResultAll()
#0 D:\Aplikasi\github\e-attendance\app\Controllers\Activity.php(126): App\Models\ActivityModel->check_date('2022-07-10')
#1 D:\Aplikasi\github\e-attendance\vendor\codeigniter4\framework\system\CodeIgniter.php(832): App\Controllers\Activity->docheckDate()
#2 D:\Aplikasi\github\e-attendance\vendor\codeigniter4\framework\system\CodeIgniter.php(419): CodeIgniter\CodeIgniter->runController(Object(App\Controllers\Activity))
#3 D:\Aplikasi\github\e-attendance\vendor\codeigniter4\framework\system\CodeIgniter.php(326): CodeIgniter\CodeIgniter->handleRequest(NULL, Object(Config\Cache), false)
#4 D:\Aplikasi\github\e-attendance\public\index.php(37): CodeIgniter\CodeIgniter->run()
#5 D:\Aplikasi\github\e-attendance\vendor\codeigniter4\framework\system\Commands\Server\rewrite.php(43): require_once('D:\\Aplikasi\\git...')
#6 {main}
CRITICAL - 2022-07-11 16:20:42 --> Call to undefined method CodeIgniter\Database\MySQLi\Builder::countResultAll()
#0 D:\Aplikasi\github\e-attendance\app\Controllers\Activity.php(126): App\Models\ActivityModel->check_date('2022-07-11')
#1 D:\Aplikasi\github\e-attendance\vendor\codeigniter4\framework\system\CodeIgniter.php(832): App\Controllers\Activity->docheckDate()
#2 D:\Aplikasi\github\e-attendance\vendor\codeigniter4\framework\system\CodeIgniter.php(419): CodeIgniter\CodeIgniter->runController(Object(App\Controllers\Activity))
#3 D:\Aplikasi\github\e-attendance\vendor\codeigniter4\framework\system\CodeIgniter.php(326): CodeIgniter\CodeIgniter->handleRequest(NULL, Object(Config\Cache), false)
#4 D:\Aplikasi\github\e-attendance\public\index.php(37): CodeIgniter\CodeIgniter->run()
#5 D:\Aplikasi\github\e-attendance\vendor\codeigniter4\framework\system\Commands\Server\rewrite.php(43): require_once('D:\\Aplikasi\\git...')
#6 {main}
CRITICAL - 2022-07-11 16:21:44 --> Call to undefined method CodeIgniter\Database\MySQLi\Builder::countResultAll()
#0 D:\Aplikasi\github\e-attendance\app\Controllers\Activity.php(126): App\Models\ActivityModel->check_date('2022-07-11')
#1 D:\Aplikasi\github\e-attendance\vendor\codeigniter4\framework\system\CodeIgniter.php(832): App\Controllers\Activity->docheckDate()
#2 D:\Aplikasi\github\e-attendance\vendor\codeigniter4\framework\system\CodeIgniter.php(419): CodeIgniter\CodeIgniter->runController(Object(App\Controllers\Activity))
#3 D:\Aplikasi\github\e-attendance\vendor\codeigniter4\framework\system\CodeIgniter.php(326): CodeIgniter\CodeIgniter->handleRequest(NULL, Object(Config\Cache), false)
#4 D:\Aplikasi\github\e-attendance\public\index.php(37): CodeIgniter\CodeIgniter->run()
#5 D:\Aplikasi\github\e-attendance\vendor\codeigniter4\framework\system\Commands\Server\rewrite.php(43): require_once('D:\\Aplikasi\\git...')
#6 {main}
CRITICAL - 2022-07-11 16:22:57 --> Call to undefined method CodeIgniter\Database\MySQLi\Builder::getNumRows()
#0 D:\Aplikasi\github\e-attendance\app\Controllers\Activity.php(126): App\Models\ActivityModel->check_date('2022-07-11')
#1 D:\Aplikasi\github\e-attendance\vendor\codeigniter4\framework\system\CodeIgniter.php(832): App\Controllers\Activity->docheckDate()
#2 D:\Aplikasi\github\e-attendance\vendor\codeigniter4\framework\system\CodeIgniter.php(419): CodeIgniter\CodeIgniter->runController(Object(App\Controllers\Activity))
#3 D:\Aplikasi\github\e-attendance\vendor\codeigniter4\framework\system\CodeIgniter.php(326): CodeIgniter\CodeIgniter->handleRequest(NULL, Object(Config\Cache), false)
#4 D:\Aplikasi\github\e-attendance\public\index.php(37): CodeIgniter\CodeIgniter->run()
#5 D:\Aplikasi\github\e-attendance\vendor\codeigniter4\framework\system\Commands\Server\rewrite.php(43): require_once('D:\\Aplikasi\\git...')
#6 {main}
CRITICAL - 2022-07-11 16:23:01 --> Call to undefined method CodeIgniter\Database\MySQLi\Builder::getNumRows()
#0 D:\Aplikasi\github\e-attendance\app\Controllers\Activity.php(126): App\Models\ActivityModel->check_date('2022-07-12')
#1 D:\Aplikasi\github\e-attendance\vendor\codeigniter4\framework\system\CodeIgniter.php(832): App\Controllers\Activity->docheckDate()
#2 D:\Aplikasi\github\e-attendance\vendor\codeigniter4\framework\system\CodeIgniter.php(419): CodeIgniter\CodeIgniter->runController(Object(App\Controllers\Activity))
#3 D:\Aplikasi\github\e-attendance\vendor\codeigniter4\framework\system\CodeIgniter.php(326): CodeIgniter\CodeIgniter->handleRequest(NULL, Object(Config\Cache), false)
#4 D:\Aplikasi\github\e-attendance\public\index.php(37): CodeIgniter\CodeIgniter->run()
#5 D:\Aplikasi\github\e-attendance\vendor\codeigniter4\framework\system\Commands\Server\rewrite.php(43): require_once('D:\\Aplikasi\\git...')
#6 {main}
