CRITICAL - 2022-04-04 21:36:41 --> Invalid file: Auth/_login.php
#0 /Users/habibi/Documents/Politala/ICT/e-presensi-politala/vendor/codeigniter4/framework/system/View/View.php(198): CodeIgniter\Exceptions\FrameworkException::forInvalidFile('Auth/_login.php')
#1 /Users/habibi/Documents/Politala/ICT/e-presensi-politala/vendor/codeigniter4/framework/system/Common.php(1089): CodeIgniter\View\View->render('Auth/_login', Array, true)
#2 /Users/habibi/Documents/Politala/ICT/e-presensi-politala/app/Controllers/Home.php(9): view('Auth/_login')
#3 /Users/habibi/Documents/Politala/ICT/e-presensi-politala/vendor/codeigniter4/framework/system/CodeIgniter.php(832): App\Controllers\Home->index()
#4 /Users/habibi/Documents/Politala/ICT/e-presensi-politala/vendor/codeigniter4/framework/system/CodeIgniter.php(419): CodeIgniter\CodeIgniter->runController(Object(App\Controllers\Home))
#5 /Users/habibi/Documents/Politala/ICT/e-presensi-politala/vendor/codeigniter4/framework/system/CodeIgniter.php(326): CodeIgniter\CodeIgniter->handleRequest(NULL, Object(Config\Cache), false)
#6 /Users/habibi/Documents/Politala/ICT/e-presensi-politala/public/index.php(37): CodeIgniter\CodeIgniter->run()
#7 /Users/habibi/Documents/Politala/ICT/e-presensi-politala/vendor/codeigniter4/framework/system/Commands/Server/rewrite.php(43): require_once('/Users/habibi/D...')
#8 {main}
CRITICAL - 2022-04-04 21:37:15 --> Invalid file: Auth/_login.php
#0 /Users/habibi/Documents/Politala/ICT/e-presensi-politala/vendor/codeigniter4/framework/system/View/View.php(198): CodeIgniter\Exceptions\FrameworkException::forInvalidFile('Auth/_login.php')
#1 /Users/habibi/Documents/Politala/ICT/e-presensi-politala/vendor/codeigniter4/framework/system/Common.php(1089): CodeIgniter\View\View->render('Auth/_login', Array, true)
#2 /Users/habibi/Documents/Politala/ICT/e-presensi-politala/app/Controllers/Home.php(9): view('Auth/_login')
#3 /Users/habibi/Documents/Politala/ICT/e-presensi-politala/vendor/codeigniter4/framework/system/CodeIgniter.php(832): App\Controllers\Home->index()
#4 /Users/habibi/Documents/Politala/ICT/e-presensi-politala/vendor/codeigniter4/framework/system/CodeIgniter.php(419): CodeIgniter\CodeIgniter->runController(Object(App\Controllers\Home))
#5 /Users/habibi/Documents/Politala/ICT/e-presensi-politala/vendor/codeigniter4/framework/system/CodeIgniter.php(326): CodeIgniter\CodeIgniter->handleRequest(NULL, Object(Config\Cache), false)
#6 /Users/habibi/Documents/Politala/ICT/e-presensi-politala/public/index.php(37): CodeIgniter\CodeIgniter->run()
#7 /Users/habibi/Documents/Politala/ICT/e-presensi-politala/vendor/codeigniter4/framework/system/Commands/Server/rewrite.php(43): require_once('/Users/habibi/D...')
#8 {main}
CRITICAL - 2022-04-04 22:59:20 --> Use of undefined constant Y - assumed 'Y' (this will throw an Error in a future version of PHP)
#0 /Users/habibi/Documents/Politala/ICT/e-presensi-politala/app/Views/layout/v_footer.php(21): CodeIgniter\Debug\Exceptions->errorHandler(2, 'Use of undefine...', '/Users/habibi/D...', 21, Array)
#1 /Users/habibi/Documents/Politala/ICT/e-presensi-politala/vendor/codeigniter4/framework/system/View/View.php(210): include('/Users/habibi/D...')
#2 /Users/habibi/Documents/Politala/ICT/e-presensi-politala/vendor/codeigniter4/framework/system/View/View.php(213): CodeIgniter\View\View->CodeIgniter\View\{closure}()
#3 /Users/habibi/Documents/Politala/ICT/e-presensi-politala/vendor/codeigniter4/framework/system/Common.php(1089): CodeIgniter\View\View->render('/layout/v_foote...', Array, true)
#4 /Users/habibi/Documents/Politala/ICT/e-presensi-politala/app/Views/_Auth/_login.php(49): view('/layout/v_foote...')
#5 /Users/habibi/Documents/Politala/ICT/e-presensi-politala/vendor/codeigniter4/framework/system/View/View.php(210): include('/Users/habibi/D...')
#6 /Users/habibi/Documents/Politala/ICT/e-presensi-politala/vendor/codeigniter4/framework/system/View/View.php(213): CodeIgniter\View\View->CodeIgniter\View\{closure}()
#7 /Users/habibi/Documents/Politala/ICT/e-presensi-politala/vendor/codeigniter4/framework/system/Common.php(1089): CodeIgniter\View\View->render('\\App\\Views\\_Aut...', Array, true)
#8 /Users/habibi/Documents/Politala/ICT/e-presensi-politala/app/ThirdParty/myth-auth/src/Controllers/AuthController.php(441): view('\\App\\Views\\_Aut...', Array)
#9 /Users/habibi/Documents/Politala/ICT/e-presensi-politala/app/ThirdParty/myth-auth/src/Controllers/AuthController.php(57): Myth\Auth\Controllers\AuthController->_render('\\App\\Views\\_Aut...', Array)
#10 /Users/habibi/Documents/Politala/ICT/e-presensi-politala/vendor/codeigniter4/framework/system/CodeIgniter.php(832): Myth\Auth\Controllers\AuthController->login()
#11 /Users/habibi/Documents/Politala/ICT/e-presensi-politala/vendor/codeigniter4/framework/system/CodeIgniter.php(419): CodeIgniter\CodeIgniter->runController(Object(Myth\Auth\Controllers\AuthController))
#12 /Users/habibi/Documents/Politala/ICT/e-presensi-politala/vendor/codeigniter4/framework/system/CodeIgniter.php(326): CodeIgniter\CodeIgniter->handleRequest(NULL, Object(Config\Cache), false)
#13 /Users/habibi/Documents/Politala/ICT/e-presensi-politala/public/index.php(37): CodeIgniter\CodeIgniter->run()
#14 /Users/habibi/Documents/Politala/ICT/e-presensi-politala/vendor/codeigniter4/framework/system/Commands/Server/rewrite.php(43): require_once('/Users/habibi/D...')
#15 {main}
