ERROR - 2022-06-01 12:07:22 --> Unknown column 'no' in 'order clause'
CRITICAL - 2022-06-01 12:07:22 --> Unknown column 'no' in 'order clause'
#0 D:\Aplikasi\e-presensi-politala\vendor\codeigniter4\framework\system\Database\MySQLi\Connection.php(292): mysqli->query('SELECT `abs_tgl...', 0)
#1 D:\Aplikasi\e-presensi-politala\vendor\codeigniter4\framework\system\Database\BaseConnection.php(670): CodeIgniter\Database\MySQLi\Connection->execute('SELECT `abs_tgl...')
#2 D:\Aplikasi\e-presensi-politala\vendor\codeigniter4\framework\system\Database\BaseConnection.php(598): CodeIgniter\Database\BaseConnection->simpleQuery('SELECT `abs_tgl...')
#3 D:\Aplikasi\e-presensi-politala\vendor\codeigniter4\framework\system\Database\BaseBuilder.php(1455): CodeIgniter\Database\BaseConnection->query('SELECT `abs_tgl...', Array, false)
#4 D:\Aplikasi\e-presensi-politala\vendor\hermawan\codeigniter4-datatables\src\DataTableQuery.php(215): CodeIgniter\Database\BaseBuilder->get()
#5 D:\Aplikasi\e-presensi-politala\vendor\hermawan\codeigniter4-datatables\src\DataTableQuery.php(70): Hermawan\DataTables\DataTableQuery->queryResult()
#6 D:\Aplikasi\e-presensi-politala\vendor\hermawan\codeigniter4-datatables\src\DataTable.php(173): Hermawan\DataTables\DataTableQuery->getDataResult()
#7 D:\Aplikasi\e-presensi-politala\app\Controllers\Home.php(137): Hermawan\DataTables\DataTable->toJson(true)
#8 D:\Aplikasi\e-presensi-politala\vendor\codeigniter4\framework\system\CodeIgniter.php(832): App\Controllers\Home->AjaxReadAbsen()
#9 D:\Aplikasi\e-presensi-politala\vendor\codeigniter4\framework\system\CodeIgniter.php(419): CodeIgniter\CodeIgniter->runController(Object(App\Controllers\Home))
#10 D:\Aplikasi\e-presensi-politala\vendor\codeigniter4\framework\system\CodeIgniter.php(326): CodeIgniter\CodeIgniter->handleRequest(NULL, Object(Config\Cache), false)
#11 D:\Aplikasi\e-presensi-politala\public\index.php(37): CodeIgniter\CodeIgniter->run()
#12 D:\Aplikasi\e-presensi-politala\vendor\codeigniter4\framework\system\Commands\Server\rewrite.php(43): require_once('D:\\Aplikasi\\e-p...')
#13 {main}
ERROR - 2022-06-01 12:09:23 --> Unknown column 'no' in 'order clause'
CRITICAL - 2022-06-01 12:09:23 --> Unknown column 'no' in 'order clause'
#0 D:\Aplikasi\e-presensi-politala\vendor\codeigniter4\framework\system\Database\MySQLi\Connection.php(292): mysqli->query('SELECT `abs_tgl...', 0)
#1 D:\Aplikasi\e-presensi-politala\vendor\codeigniter4\framework\system\Database\BaseConnection.php(670): CodeIgniter\Database\MySQLi\Connection->execute('SELECT `abs_tgl...')
#2 D:\Aplikasi\e-presensi-politala\vendor\codeigniter4\framework\system\Database\BaseConnection.php(598): CodeIgniter\Database\BaseConnection->simpleQuery('SELECT `abs_tgl...')
#3 D:\Aplikasi\e-presensi-politala\vendor\codeigniter4\framework\system\Database\BaseBuilder.php(1455): CodeIgniter\Database\BaseConnection->query('SELECT `abs_tgl...', Array, false)
#4 D:\Aplikasi\e-presensi-politala\vendor\hermawan\codeigniter4-datatables\src\DataTableQuery.php(215): CodeIgniter\Database\BaseBuilder->get()
#5 D:\Aplikasi\e-presensi-politala\vendor\hermawan\codeigniter4-datatables\src\DataTableQuery.php(70): Hermawan\DataTables\DataTableQuery->queryResult()
#6 D:\Aplikasi\e-presensi-politala\vendor\hermawan\codeigniter4-datatables\src\DataTable.php(173): Hermawan\DataTables\DataTableQuery->getDataResult()
#7 D:\Aplikasi\e-presensi-politala\app\Controllers\Home.php(137): Hermawan\DataTables\DataTable->toJson(true)
#8 D:\Aplikasi\e-presensi-politala\vendor\codeigniter4\framework\system\CodeIgniter.php(832): App\Controllers\Home->AjaxReadAbsen()
#9 D:\Aplikasi\e-presensi-politala\vendor\codeigniter4\framework\system\CodeIgniter.php(419): CodeIgniter\CodeIgniter->runController(Object(App\Controllers\Home))
#10 D:\Aplikasi\e-presensi-politala\vendor\codeigniter4\framework\system\CodeIgniter.php(326): CodeIgniter\CodeIgniter->handleRequest(NULL, Object(Config\Cache), false)
#11 D:\Aplikasi\e-presensi-politala\public\index.php(37): CodeIgniter\CodeIgniter->run()
#12 D:\Aplikasi\e-presensi-politala\vendor\codeigniter4\framework\system\Commands\Server\rewrite.php(43): require_once('D:\\Aplikasi\\e-p...')
#13 {main}
ERROR - 2022-06-01 12:09:38 --> Unknown column 'no' in 'order clause'
CRITICAL - 2022-06-01 12:09:38 --> Unknown column 'no' in 'order clause'
#0 D:\Aplikasi\e-presensi-politala\vendor\codeigniter4\framework\system\Database\MySQLi\Connection.php(292): mysqli->query('SELECT `abs_tgl...', 0)
#1 D:\Aplikasi\e-presensi-politala\vendor\codeigniter4\framework\system\Database\BaseConnection.php(670): CodeIgniter\Database\MySQLi\Connection->execute('SELECT `abs_tgl...')
#2 D:\Aplikasi\e-presensi-politala\vendor\codeigniter4\framework\system\Database\BaseConnection.php(598): CodeIgniter\Database\BaseConnection->simpleQuery('SELECT `abs_tgl...')
#3 D:\Aplikasi\e-presensi-politala\vendor\codeigniter4\framework\system\Database\BaseBuilder.php(1455): CodeIgniter\Database\BaseConnection->query('SELECT `abs_tgl...', Array, false)
#4 D:\Aplikasi\e-presensi-politala\vendor\hermawan\codeigniter4-datatables\src\DataTableQuery.php(215): CodeIgniter\Database\BaseBuilder->get()
#5 D:\Aplikasi\e-presensi-politala\vendor\hermawan\codeigniter4-datatables\src\DataTableQuery.php(70): Hermawan\DataTables\DataTableQuery->queryResult()
#6 D:\Aplikasi\e-presensi-politala\vendor\hermawan\codeigniter4-datatables\src\DataTable.php(173): Hermawan\DataTables\DataTableQuery->getDataResult()
#7 D:\Aplikasi\e-presensi-politala\app\Controllers\Home.php(137): Hermawan\DataTables\DataTable->toJson(true)
#8 D:\Aplikasi\e-presensi-politala\vendor\codeigniter4\framework\system\CodeIgniter.php(832): App\Controllers\Home->AjaxReadAbsen()
#9 D:\Aplikasi\e-presensi-politala\vendor\codeigniter4\framework\system\CodeIgniter.php(419): CodeIgniter\CodeIgniter->runController(Object(App\Controllers\Home))
#10 D:\Aplikasi\e-presensi-politala\vendor\codeigniter4\framework\system\CodeIgniter.php(326): CodeIgniter\CodeIgniter->handleRequest(NULL, Object(Config\Cache), false)
#11 D:\Aplikasi\e-presensi-politala\public\index.php(37): CodeIgniter\CodeIgniter->run()
#12 D:\Aplikasi\e-presensi-politala\vendor\codeigniter4\framework\system\Commands\Server\rewrite.php(43): require_once('D:\\Aplikasi\\e-p...')
#13 {main}
ERROR - 2022-06-01 12:10:52 --> Unknown column 'no' in 'order clause'
CRITICAL - 2022-06-01 12:10:52 --> Unknown column 'no' in 'order clause'
#0 D:\Aplikasi\e-presensi-politala\vendor\codeigniter4\framework\system\Database\MySQLi\Connection.php(292): mysqli->query('SELECT `abs_tgl...', 0)
#1 D:\Aplikasi\e-presensi-politala\vendor\codeigniter4\framework\system\Database\BaseConnection.php(670): CodeIgniter\Database\MySQLi\Connection->execute('SELECT `abs_tgl...')
#2 D:\Aplikasi\e-presensi-politala\vendor\codeigniter4\framework\system\Database\BaseConnection.php(598): CodeIgniter\Database\BaseConnection->simpleQuery('SELECT `abs_tgl...')
#3 D:\Aplikasi\e-presensi-politala\vendor\codeigniter4\framework\system\Database\BaseBuilder.php(1455): CodeIgniter\Database\BaseConnection->query('SELECT `abs_tgl...', Array, false)
#4 D:\Aplikasi\e-presensi-politala\vendor\hermawan\codeigniter4-datatables\src\DataTableQuery.php(215): CodeIgniter\Database\BaseBuilder->get()
#5 D:\Aplikasi\e-presensi-politala\vendor\hermawan\codeigniter4-datatables\src\DataTableQuery.php(70): Hermawan\DataTables\DataTableQuery->queryResult()
#6 D:\Aplikasi\e-presensi-politala\vendor\hermawan\codeigniter4-datatables\src\DataTable.php(173): Hermawan\DataTables\DataTableQuery->getDataResult()
#7 D:\Aplikasi\e-presensi-politala\app\Controllers\Home.php(137): Hermawan\DataTables\DataTable->toJson(true)
#8 D:\Aplikasi\e-presensi-politala\vendor\codeigniter4\framework\system\CodeIgniter.php(832): App\Controllers\Home->AjaxReadAbsen()
#9 D:\Aplikasi\e-presensi-politala\vendor\codeigniter4\framework\system\CodeIgniter.php(419): CodeIgniter\CodeIgniter->runController(Object(App\Controllers\Home))
#10 D:\Aplikasi\e-presensi-politala\vendor\codeigniter4\framework\system\CodeIgniter.php(326): CodeIgniter\CodeIgniter->handleRequest(NULL, Object(Config\Cache), false)
#11 D:\Aplikasi\e-presensi-politala\public\index.php(37): CodeIgniter\CodeIgniter->run()
#12 D:\Aplikasi\e-presensi-politala\vendor\codeigniter4\framework\system\Commands\Server\rewrite.php(43): require_once('D:\\Aplikasi\\e-p...')
#13 {main}
ERROR - 2022-06-01 12:23:28 --> Unknown column 'no' in 'order clause'
CRITICAL - 2022-06-01 12:23:28 --> Unknown column 'no' in 'order clause'
#0 D:\Aplikasi\e-presensi-politala\vendor\codeigniter4\framework\system\Database\MySQLi\Connection.php(292): mysqli->query('SELECT `abs_tgl...', 0)
#1 D:\Aplikasi\e-presensi-politala\vendor\codeigniter4\framework\system\Database\BaseConnection.php(670): CodeIgniter\Database\MySQLi\Connection->execute('SELECT `abs_tgl...')
#2 D:\Aplikasi\e-presensi-politala\vendor\codeigniter4\framework\system\Database\BaseConnection.php(598): CodeIgniter\Database\BaseConnection->simpleQuery('SELECT `abs_tgl...')
#3 D:\Aplikasi\e-presensi-politala\vendor\codeigniter4\framework\system\Database\BaseBuilder.php(1455): CodeIgniter\Database\BaseConnection->query('SELECT `abs_tgl...', Array, false)
#4 D:\Aplikasi\e-presensi-politala\vendor\hermawan\codeigniter4-datatables\src\DataTableQuery.php(215): CodeIgniter\Database\BaseBuilder->get()
#5 D:\Aplikasi\e-presensi-politala\vendor\hermawan\codeigniter4-datatables\src\DataTableQuery.php(70): Hermawan\DataTables\DataTableQuery->queryResult()
#6 D:\Aplikasi\e-presensi-politala\vendor\hermawan\codeigniter4-datatables\src\DataTable.php(173): Hermawan\DataTables\DataTableQuery->getDataResult()
#7 D:\Aplikasi\e-presensi-politala\app\Controllers\Home.php(137): Hermawan\DataTables\DataTable->toJson(true)
#8 D:\Aplikasi\e-presensi-politala\vendor\codeigniter4\framework\system\CodeIgniter.php(832): App\Controllers\Home->AjaxReadAbsen()
#9 D:\Aplikasi\e-presensi-politala\vendor\codeigniter4\framework\system\CodeIgniter.php(419): CodeIgniter\CodeIgniter->runController(Object(App\Controllers\Home))
#10 D:\Aplikasi\e-presensi-politala\vendor\codeigniter4\framework\system\CodeIgniter.php(326): CodeIgniter\CodeIgniter->handleRequest(NULL, Object(Config\Cache), false)
#11 D:\Aplikasi\e-presensi-politala\public\index.php(37): CodeIgniter\CodeIgniter->run()
#12 D:\Aplikasi\e-presensi-politala\vendor\codeigniter4\framework\system\Commands\Server\rewrite.php(43): require_once('D:\\Aplikasi\\e-p...')
#13 {main}
ERROR - 2022-06-01 12:23:40 --> Unknown column 'no' in 'order clause'
CRITICAL - 2022-06-01 12:23:40 --> Unknown column 'no' in 'order clause'
#0 D:\Aplikasi\e-presensi-politala\vendor\codeigniter4\framework\system\Database\MySQLi\Connection.php(292): mysqli->query('SELECT `abs_tgl...', 0)
#1 D:\Aplikasi\e-presensi-politala\vendor\codeigniter4\framework\system\Database\BaseConnection.php(670): CodeIgniter\Database\MySQLi\Connection->execute('SELECT `abs_tgl...')
#2 D:\Aplikasi\e-presensi-politala\vendor\codeigniter4\framework\system\Database\BaseConnection.php(598): CodeIgniter\Database\BaseConnection->simpleQuery('SELECT `abs_tgl...')
#3 D:\Aplikasi\e-presensi-politala\vendor\codeigniter4\framework\system\Database\BaseBuilder.php(1455): CodeIgniter\Database\BaseConnection->query('SELECT `abs_tgl...', Array, false)
#4 D:\Aplikasi\e-presensi-politala\vendor\hermawan\codeigniter4-datatables\src\DataTableQuery.php(215): CodeIgniter\Database\BaseBuilder->get()
#5 D:\Aplikasi\e-presensi-politala\vendor\hermawan\codeigniter4-datatables\src\DataTableQuery.php(70): Hermawan\DataTables\DataTableQuery->queryResult()
#6 D:\Aplikasi\e-presensi-politala\vendor\hermawan\codeigniter4-datatables\src\DataTable.php(173): Hermawan\DataTables\DataTableQuery->getDataResult()
#7 D:\Aplikasi\e-presensi-politala\app\Controllers\Home.php(137): Hermawan\DataTables\DataTable->toJson(true)
#8 D:\Aplikasi\e-presensi-politala\vendor\codeigniter4\framework\system\CodeIgniter.php(832): App\Controllers\Home->AjaxReadAbsen()
#9 D:\Aplikasi\e-presensi-politala\vendor\codeigniter4\framework\system\CodeIgniter.php(419): CodeIgniter\CodeIgniter->runController(Object(App\Controllers\Home))
#10 D:\Aplikasi\e-presensi-politala\vendor\codeigniter4\framework\system\CodeIgniter.php(326): CodeIgniter\CodeIgniter->handleRequest(NULL, Object(Config\Cache), false)
#11 D:\Aplikasi\e-presensi-politala\public\index.php(37): CodeIgniter\CodeIgniter->run()
#12 D:\Aplikasi\e-presensi-politala\vendor\codeigniter4\framework\system\Commands\Server\rewrite.php(43): require_once('D:\\Aplikasi\\e-p...')
#13 {main}
CRITICAL - 2022-06-01 12:31:26 --> syntax error, unexpected 'return' (T_RETURN)
#0 D:\Aplikasi\e-presensi-politala\vendor\codeigniter4\framework\system\Autoloader\Autoloader.php(241): CodeIgniter\Autoloader\Autoloader->includeFile('D:\\Aplikasi\\e-p...')
#1 D:\Aplikasi\e-presensi-politala\vendor\codeigniter4\framework\system\Autoloader\Autoloader.php(219): CodeIgniter\Autoloader\Autoloader->loadInNamespace('App\\Controllers...')
#2 [internal function]: CodeIgniter\Autoloader\Autoloader->loadClass('App\\Controllers...')
#3 [internal function]: spl_autoload_call('App\\Controllers...')
#4 D:\Aplikasi\e-presensi-politala\vendor\codeigniter4\framework\system\CodeIgniter.php(797): class_exists('\\App\\Controller...', true)
#5 D:\Aplikasi\e-presensi-politala\vendor\codeigniter4\framework\system\CodeIgniter.php(406): CodeIgniter\CodeIgniter->startController()
#6 D:\Aplikasi\e-presensi-politala\vendor\codeigniter4\framework\system\CodeIgniter.php(326): CodeIgniter\CodeIgniter->handleRequest(NULL, Object(Config\Cache), false)
#7 D:\Aplikasi\e-presensi-politala\public\index.php(37): CodeIgniter\CodeIgniter->run()
#8 D:\Aplikasi\e-presensi-politala\vendor\codeigniter4\framework\system\Commands\Server\rewrite.php(43): require_once('D:\\Aplikasi\\e-p...')
#9 {main}
