CRITICAL - 2022-06-22 09:28:22 --> Undefined variable: jumlah
#0 D:\Aplikasi\github\e-attendance\app\Views\_user\_script\_smonitoring.php(19): CodeIgniter\Debug\Exceptions->errorHandler(8, 'Undefined varia...', 'D:\\Aplikasi\\git...', 19, Array)
#1 D:\Aplikasi\github\e-attendance\vendor\codeigniter4\framework\system\View\View.php(210): include('D:\\Aplikasi\\git...')
#2 D:\Aplikasi\github\e-attendance\vendor\codeigniter4\framework\system\View\View.php(213): CodeIgniter\View\View->CodeIgniter\View\{closure}()
#3 D:\Aplikasi\github\e-attendance\vendor\codeigniter4\framework\system\Common.php(1089): CodeIgniter\View\View->render('/_user/_script/...', Array, true)
#4 D:\Aplikasi\github\e-attendance\app\Views\_user\_monitoring.php(56): view('/_user/_script/...')
#5 D:\Aplikasi\github\e-attendance\vendor\codeigniter4\framework\system\View\View.php(210): include('D:\\Aplikasi\\git...')
#6 D:\Aplikasi\github\e-attendance\vendor\codeigniter4\framework\system\View\View.php(213): CodeIgniter\View\View->CodeIgniter\View\{closure}()
#7 D:\Aplikasi\github\e-attendance\vendor\codeigniter4\framework\system\Common.php(1089): CodeIgniter\View\View->render('_user/_monitori...', Array, true)
#8 D:\Aplikasi\github\e-attendance\app\Controllers\Home.php(42): view('_user/_monitori...', Array)
#9 D:\Aplikasi\github\e-attendance\vendor\codeigniter4\framework\system\CodeIgniter.php(832): App\Controllers\Home->monitorKehadiran()
#10 D:\Aplikasi\github\e-attendance\vendor\codeigniter4\framework\system\CodeIgniter.php(419): CodeIgniter\CodeIgniter->runController(Object(App\Controllers\Home))
#11 D:\Aplikasi\github\e-attendance\vendor\codeigniter4\framework\system\CodeIgniter.php(326): CodeIgniter\CodeIgniter->handleRequest(NULL, Object(Config\Cache), false)
#12 D:\Aplikasi\github\e-attendance\public\index.php(37): CodeIgniter\CodeIgniter->run()
#13 D:\Aplikasi\github\e-attendance\vendor\codeigniter4\framework\system\Commands\Server\rewrite.php(43): require_once('D:\\Aplikasi\\git...')
#14 {main}
CRITICAL - 2022-06-22 11:07:28 --> Undefined offset: 2
#0 D:\Aplikasi\github\e-attendance\app\Helpers\tanggal_helper.php(189): CodeIgniter\Debug\Exceptions->errorHandler(8, 'Undefined offse...', 'D:\\Aplikasi\\git...', 189, Array)
#1 D:\Aplikasi\github\e-attendance\app\Views\_user\_monitoring.php(28): longdate_indo('2022-06')
#2 D:\Aplikasi\github\e-attendance\vendor\codeigniter4\framework\system\View\View.php(210): include('D:\\Aplikasi\\git...')
#3 D:\Aplikasi\github\e-attendance\vendor\codeigniter4\framework\system\View\View.php(213): CodeIgniter\View\View->CodeIgniter\View\{closure}()
#4 D:\Aplikasi\github\e-attendance\vendor\codeigniter4\framework\system\Common.php(1089): CodeIgniter\View\View->render('_user/_monitori...', Array, true)
#5 D:\Aplikasi\github\e-attendance\app\Controllers\Home.php(42): view('_user/_monitori...', Array)
#6 D:\Aplikasi\github\e-attendance\vendor\codeigniter4\framework\system\CodeIgniter.php(832): App\Controllers\Home->monitorKehadiran()
#7 D:\Aplikasi\github\e-attendance\vendor\codeigniter4\framework\system\CodeIgniter.php(419): CodeIgniter\CodeIgniter->runController(Object(App\Controllers\Home))
#8 D:\Aplikasi\github\e-attendance\vendor\codeigniter4\framework\system\CodeIgniter.php(326): CodeIgniter\CodeIgniter->handleRequest(NULL, Object(Config\Cache), false)
#9 D:\Aplikasi\github\e-attendance\public\index.php(37): CodeIgniter\CodeIgniter->run()
#10 D:\Aplikasi\github\e-attendance\vendor\codeigniter4\framework\system\Commands\Server\rewrite.php(43): require_once('D:\\Aplikasi\\git...')
#11 {main}
CRITICAL - 2022-06-22 11:07:42 --> Undefined offset: 2
#0 D:\Aplikasi\github\e-attendance\app\Helpers\tanggal_helper.php(69): CodeIgniter\Debug\Exceptions->errorHandler(8, 'Undefined offse...', 'D:\\Aplikasi\\git...', 69, Array)
#1 D:\Aplikasi\github\e-attendance\app\Views\_user\_monitoring.php(28): shortdate_indo('2022-06')
#2 D:\Aplikasi\github\e-attendance\vendor\codeigniter4\framework\system\View\View.php(210): include('D:\\Aplikasi\\git...')
#3 D:\Aplikasi\github\e-attendance\vendor\codeigniter4\framework\system\View\View.php(213): CodeIgniter\View\View->CodeIgniter\View\{closure}()
#4 D:\Aplikasi\github\e-attendance\vendor\codeigniter4\framework\system\Common.php(1089): CodeIgniter\View\View->render('_user/_monitori...', Array, true)
#5 D:\Aplikasi\github\e-attendance\app\Controllers\Home.php(42): view('_user/_monitori...', Array)
#6 D:\Aplikasi\github\e-attendance\vendor\codeigniter4\framework\system\CodeIgniter.php(832): App\Controllers\Home->monitorKehadiran()
#7 D:\Aplikasi\github\e-attendance\vendor\codeigniter4\framework\system\CodeIgniter.php(419): CodeIgniter\CodeIgniter->runController(Object(App\Controllers\Home))
#8 D:\Aplikasi\github\e-attendance\vendor\codeigniter4\framework\system\CodeIgniter.php(326): CodeIgniter\CodeIgniter->handleRequest(NULL, Object(Config\Cache), false)
#9 D:\Aplikasi\github\e-attendance\public\index.php(37): CodeIgniter\CodeIgniter->run()
#10 D:\Aplikasi\github\e-attendance\vendor\codeigniter4\framework\system\Commands\Server\rewrite.php(43): require_once('D:\\Aplikasi\\git...')
#11 {main}
CRITICAL - 2022-06-22 11:09:07 --> Undefined offset: 2
#0 D:\Aplikasi\github\e-attendance\app\Helpers\tanggal_helper.php(129): CodeIgniter\Debug\Exceptions->errorHandler(8, 'Undefined offse...', 'D:\\Aplikasi\\git...', 129, Array)
#1 D:\Aplikasi\github\e-attendance\app\Views\_user\_monitoring.php(28): mediumdate_indo('2022-06')
#2 D:\Aplikasi\github\e-attendance\vendor\codeigniter4\framework\system\View\View.php(210): include('D:\\Aplikasi\\git...')
#3 D:\Aplikasi\github\e-attendance\vendor\codeigniter4\framework\system\View\View.php(213): CodeIgniter\View\View->CodeIgniter\View\{closure}()
#4 D:\Aplikasi\github\e-attendance\vendor\codeigniter4\framework\system\Common.php(1089): CodeIgniter\View\View->render('_user/_monitori...', Array, true)
#5 D:\Aplikasi\github\e-attendance\app\Controllers\Home.php(42): view('_user/_monitori...', Array)
#6 D:\Aplikasi\github\e-attendance\vendor\codeigniter4\framework\system\CodeIgniter.php(832): App\Controllers\Home->monitorKehadiran()
#7 D:\Aplikasi\github\e-attendance\vendor\codeigniter4\framework\system\CodeIgniter.php(419): CodeIgniter\CodeIgniter->runController(Object(App\Controllers\Home))
#8 D:\Aplikasi\github\e-attendance\vendor\codeigniter4\framework\system\CodeIgniter.php(326): CodeIgniter\CodeIgniter->handleRequest(NULL, Object(Config\Cache), false)
#9 D:\Aplikasi\github\e-attendance\public\index.php(37): CodeIgniter\CodeIgniter->run()
#10 D:\Aplikasi\github\e-attendance\vendor\codeigniter4\framework\system\Commands\Server\rewrite.php(43): require_once('D:\\Aplikasi\\git...')
#11 {main}
CRITICAL - 2022-06-22 11:11:12 --> Undefined offset: 2
#0 D:\Aplikasi\github\e-attendance\app\Helpers\tanggal_helper.php(129): CodeIgniter\Debug\Exceptions->errorHandler(8, 'Undefined offse...', 'D:\\Aplikasi\\git...', 129, Array)
#1 D:\Aplikasi\github\e-attendance\app\Views\_user\_monitoring.php(28): mediumdate_indo('06-2022')
#2 D:\Aplikasi\github\e-attendance\vendor\codeigniter4\framework\system\View\View.php(210): include('D:\\Aplikasi\\git...')
#3 D:\Aplikasi\github\e-attendance\vendor\codeigniter4\framework\system\View\View.php(213): CodeIgniter\View\View->CodeIgniter\View\{closure}()
#4 D:\Aplikasi\github\e-attendance\vendor\codeigniter4\framework\system\Common.php(1089): CodeIgniter\View\View->render('_user/_monitori...', Array, true)
#5 D:\Aplikasi\github\e-attendance\app\Controllers\Home.php(42): view('_user/_monitori...', Array)
#6 D:\Aplikasi\github\e-attendance\vendor\codeigniter4\framework\system\CodeIgniter.php(832): App\Controllers\Home->monitorKehadiran()
#7 D:\Aplikasi\github\e-attendance\vendor\codeigniter4\framework\system\CodeIgniter.php(419): CodeIgniter\CodeIgniter->runController(Object(App\Controllers\Home))
#8 D:\Aplikasi\github\e-attendance\vendor\codeigniter4\framework\system\CodeIgniter.php(326): CodeIgniter\CodeIgniter->handleRequest(NULL, Object(Config\Cache), false)
#9 D:\Aplikasi\github\e-attendance\public\index.php(37): CodeIgniter\CodeIgniter->run()
#10 D:\Aplikasi\github\e-attendance\vendor\codeigniter4\framework\system\Commands\Server\rewrite.php(43): require_once('D:\\Aplikasi\\git...')
#11 {main}
CRITICAL - 2022-06-22 11:12:42 --> Cannot redeclare date_indo() (previously declared in D:\Aplikasi\github\e-attendance\app\Helpers\tanggal_helper.php:5)
#0 [internal function]: CodeIgniter\Debug\Exceptions->shutdownHandler()
#1 {main}
CRITICAL - 2022-06-22 11:13:03 --> Call to undefined function bulan_indo()
#0 D:\Aplikasi\github\e-attendance\vendor\codeigniter4\framework\system\View\View.php(210): include()
#1 D:\Aplikasi\github\e-attendance\vendor\codeigniter4\framework\system\View\View.php(213): CodeIgniter\View\View->CodeIgniter\View\{closure}()
#2 D:\Aplikasi\github\e-attendance\vendor\codeigniter4\framework\system\Common.php(1089): CodeIgniter\View\View->render('_user/_monitori...', Array, true)
#3 D:\Aplikasi\github\e-attendance\app\Controllers\Home.php(42): view('_user/_monitori...', Array)
#4 D:\Aplikasi\github\e-attendance\vendor\codeigniter4\framework\system\CodeIgniter.php(832): App\Controllers\Home->monitorKehadiran()
#5 D:\Aplikasi\github\e-attendance\vendor\codeigniter4\framework\system\CodeIgniter.php(419): CodeIgniter\CodeIgniter->runController(Object(App\Controllers\Home))
#6 D:\Aplikasi\github\e-attendance\vendor\codeigniter4\framework\system\CodeIgniter.php(326): CodeIgniter\CodeIgniter->handleRequest(NULL, Object(Config\Cache), false)
#7 D:\Aplikasi\github\e-attendance\public\index.php(37): CodeIgniter\CodeIgniter->run()
#8 D:\Aplikasi\github\e-attendance\vendor\codeigniter4\framework\system\Commands\Server\rewrite.php(43): require_once('D:\\Aplikasi\\git...')
#9 {main}
CRITICAL - 2022-06-22 11:13:20 --> Call to undefined function bulan_indo()
#0 D:\Aplikasi\github\e-attendance\vendor\codeigniter4\framework\system\View\View.php(210): include()
#1 D:\Aplikasi\github\e-attendance\vendor\codeigniter4\framework\system\View\View.php(213): CodeIgniter\View\View->CodeIgniter\View\{closure}()
#2 D:\Aplikasi\github\e-attendance\vendor\codeigniter4\framework\system\Common.php(1089): CodeIgniter\View\View->render('_user/_monitori...', Array, true)
#3 D:\Aplikasi\github\e-attendance\app\Controllers\Home.php(42): view('_user/_monitori...', Array)
#4 D:\Aplikasi\github\e-attendance\vendor\codeigniter4\framework\system\CodeIgniter.php(832): App\Controllers\Home->monitorKehadiran()
#5 D:\Aplikasi\github\e-attendance\vendor\codeigniter4\framework\system\CodeIgniter.php(419): CodeIgniter\CodeIgniter->runController(Object(App\Controllers\Home))
#6 D:\Aplikasi\github\e-attendance\vendor\codeigniter4\framework\system\CodeIgniter.php(326): CodeIgniter\CodeIgniter->handleRequest(NULL, Object(Config\Cache), false)
#7 D:\Aplikasi\github\e-attendance\public\index.php(37): CodeIgniter\CodeIgniter->run()
#8 D:\Aplikasi\github\e-attendance\vendor\codeigniter4\framework\system\Commands\Server\rewrite.php(43): require_once('D:\\Aplikasi\\git...')
#9 {main}
CRITICAL - 2022-06-22 11:13:48 --> Undefined offset: 2
#0 D:\Aplikasi\github\e-attendance\app\Helpers\tanggal_helper.php(22): CodeIgniter\Debug\Exceptions->errorHandler(8, 'Undefined offse...', 'D:\\Aplikasi\\git...', 22, Array)
#1 D:\Aplikasi\github\e-attendance\app\Views\_user\_monitoring.php(28): bulan_indo('06-2022')
#2 D:\Aplikasi\github\e-attendance\vendor\codeigniter4\framework\system\View\View.php(210): include('D:\\Aplikasi\\git...')
#3 D:\Aplikasi\github\e-attendance\vendor\codeigniter4\framework\system\View\View.php(213): CodeIgniter\View\View->CodeIgniter\View\{closure}()
#4 D:\Aplikasi\github\e-attendance\vendor\codeigniter4\framework\system\Common.php(1089): CodeIgniter\View\View->render('_user/_monitori...', Array, true)
#5 D:\Aplikasi\github\e-attendance\app\Controllers\Home.php(42): view('_user/_monitori...', Array)
#6 D:\Aplikasi\github\e-attendance\vendor\codeigniter4\framework\system\CodeIgniter.php(832): App\Controllers\Home->monitorKehadiran()
#7 D:\Aplikasi\github\e-attendance\vendor\codeigniter4\framework\system\CodeIgniter.php(419): CodeIgniter\CodeIgniter->runController(Object(App\Controllers\Home))
#8 D:\Aplikasi\github\e-attendance\vendor\codeigniter4\framework\system\CodeIgniter.php(326): CodeIgniter\CodeIgniter->handleRequest(NULL, Object(Config\Cache), false)
#9 D:\Aplikasi\github\e-attendance\public\index.php(37): CodeIgniter\CodeIgniter->run()
#10 D:\Aplikasi\github\e-attendance\vendor\codeigniter4\framework\system\Commands\Server\rewrite.php(43): require_once('D:\\Aplikasi\\git...')
#11 {main}
