CRITICAL - 2022-05-19 11:27:44 --> Undefined variable: config
#0 /Users/habibi/Documents/Politala/ICT/e-presensi-politala/app/Views/_auth/_login.php(17): CodeIgniter\Debug\Exceptions->errorHandler(8, 'Undefined varia...', '/Users/habibi/D...', 17, Array)
#1 /Users/habibi/Documents/Politala/ICT/e-presensi-politala/vendor/codeigniter4/framework/system/View/View.php(210): include('/Users/habibi/D...')
#2 /Users/habibi/Documents/Politala/ICT/e-presensi-politala/vendor/codeigniter4/framework/system/View/View.php(213): CodeIgniter\View\View->CodeIgniter\View\{closure}()
#3 /Users/habibi/Documents/Politala/ICT/e-presensi-politala/vendor/codeigniter4/framework/system/Common.php(1089): CodeIgniter\View\View->render('_auth/_login', Array, true)
#4 /Users/habibi/Documents/Politala/ICT/e-presensi-politala/app/Controllers/Home.php(13): view('_auth/_login')
#5 /Users/habibi/Documents/Politala/ICT/e-presensi-politala/vendor/codeigniter4/framework/system/CodeIgniter.php(832): App\Controllers\Home->index()
#6 /Users/habibi/Documents/Politala/ICT/e-presensi-politala/vendor/codeigniter4/framework/system/CodeIgniter.php(419): CodeIgniter\CodeIgniter->runController(Object(App\Controllers\Home))
#7 /Users/habibi/Documents/Politala/ICT/e-presensi-politala/vendor/codeigniter4/framework/system/CodeIgniter.php(326): CodeIgniter\CodeIgniter->handleRequest(NULL, Object(Config\Cache), false)
#8 /Users/habibi/Documents/Politala/ICT/e-presensi-politala/public/index.php(37): CodeIgniter\CodeIgniter->run()
#9 /Users/habibi/Documents/Politala/ICT/e-presensi-politala/vendor/codeigniter4/framework/system/Commands/Server/rewrite.php(43): require_once('/Users/habibi/D...')
#10 {main}
CRITICAL - 2022-05-19 13:52:10 --> Undefined variable: config
#0 /Users/habibi/Documents/Politala/ICT/e-presensi-politala/app/Views/_auth/_login.php(17): CodeIgniter\Debug\Exceptions->errorHandler(8, 'Undefined varia...', '/Users/habibi/D...', 17, Array)
#1 /Users/habibi/Documents/Politala/ICT/e-presensi-politala/vendor/codeigniter4/framework/system/View/View.php(210): include('/Users/habibi/D...')
#2 /Users/habibi/Documents/Politala/ICT/e-presensi-politala/vendor/codeigniter4/framework/system/View/View.php(213): CodeIgniter\View\View->CodeIgniter\View\{closure}()
#3 /Users/habibi/Documents/Politala/ICT/e-presensi-politala/vendor/codeigniter4/framework/system/Common.php(1089): CodeIgniter\View\View->render('_auth/_login', Array, true)
#4 /Users/habibi/Documents/Politala/ICT/e-presensi-politala/app/Controllers/Home.php(13): view('_auth/_login')
#5 /Users/habibi/Documents/Politala/ICT/e-presensi-politala/vendor/codeigniter4/framework/system/CodeIgniter.php(832): App\Controllers\Home->index()
#6 /Users/habibi/Documents/Politala/ICT/e-presensi-politala/vendor/codeigniter4/framework/system/CodeIgniter.php(419): CodeIgniter\CodeIgniter->runController(Object(App\Controllers\Home))
#7 /Users/habibi/Documents/Politala/ICT/e-presensi-politala/vendor/codeigniter4/framework/system/CodeIgniter.php(326): CodeIgniter\CodeIgniter->handleRequest(NULL, Object(Config\Cache), false)
#8 /Users/habibi/Documents/Politala/ICT/e-presensi-politala/public/index.php(37): CodeIgniter\CodeIgniter->run()
#9 /Users/habibi/Documents/Politala/ICT/e-presensi-politala/vendor/codeigniter4/framework/system/Commands/Server/rewrite.php(43): require_once('/Users/habibi/D...')
#10 {main}
CRITICAL - 2022-05-19 13:52:16 --> Undefined variable: config
#0 /Users/habibi/Documents/Politala/ICT/e-presensi-politala/app/Views/_auth/_login.php(17): CodeIgniter\Debug\Exceptions->errorHandler(8, 'Undefined varia...', '/Users/habibi/D...', 17, Array)
#1 /Users/habibi/Documents/Politala/ICT/e-presensi-politala/vendor/codeigniter4/framework/system/View/View.php(210): include('/Users/habibi/D...')
#2 /Users/habibi/Documents/Politala/ICT/e-presensi-politala/vendor/codeigniter4/framework/system/View/View.php(213): CodeIgniter\View\View->CodeIgniter\View\{closure}()
#3 /Users/habibi/Documents/Politala/ICT/e-presensi-politala/vendor/codeigniter4/framework/system/Common.php(1089): CodeIgniter\View\View->render('_auth/_login', Array, true)
#4 /Users/habibi/Documents/Politala/ICT/e-presensi-politala/app/Controllers/Home.php(13): view('_auth/_login')
#5 /Users/habibi/Documents/Politala/ICT/e-presensi-politala/vendor/codeigniter4/framework/system/CodeIgniter.php(832): App\Controllers\Home->index()
#6 /Users/habibi/Documents/Politala/ICT/e-presensi-politala/vendor/codeigniter4/framework/system/CodeIgniter.php(419): CodeIgniter\CodeIgniter->runController(Object(App\Controllers\Home))
#7 /Users/habibi/Documents/Politala/ICT/e-presensi-politala/vendor/codeigniter4/framework/system/CodeIgniter.php(326): CodeIgniter\CodeIgniter->handleRequest(NULL, Object(Config\Cache), false)
#8 /Users/habibi/Documents/Politala/ICT/e-presensi-politala/public/index.php(37): CodeIgniter\CodeIgniter->run()
#9 /Users/habibi/Documents/Politala/ICT/e-presensi-politala/vendor/codeigniter4/framework/system/Commands/Server/rewrite.php(43): require_once('/Users/habibi/D...')
#10 {main}
CRITICAL - 2022-05-19 14:17:16 --> Undefined property: stdClass::$abs_status
#0 /Users/habibi/Documents/Politala/ICT/e-presensi-politala/app/Controllers/Home.php(118): CodeIgniter\Debug\Exceptions->errorHandler(8, 'Undefined prope...', '/Users/habibi/D...', 118, Array)
#1 /Users/habibi/Documents/Politala/ICT/e-presensi-politala/vendor/hermawan/codeigniter4-datatables/src/DataTableQuery.php(191): App\Controllers\Home->App\Controllers\{closure}(Object(CodeIgniter\Database\MySQLi\Builder), Object(stdClass))
#2 /Users/habibi/Documents/Politala/ICT/e-presensi-politala/vendor/hermawan/codeigniter4-datatables/src/DataTableQuery.php(181): Hermawan\DataTables\DataTableQuery->queryFilter(Object(CodeIgniter\Database\MySQLi\Builder))
#3 /Users/habibi/Documents/Politala/ICT/e-presensi-politala/vendor/hermawan/codeigniter4-datatables/src/DataTableQuery.php(61): Hermawan\DataTables\DataTableQuery->queryFilterSearch(Object(CodeIgniter\Database\MySQLi\Builder))
#4 /Users/habibi/Documents/Politala/ICT/e-presensi-politala/vendor/hermawan/codeigniter4-datatables/src/DataTable.php(172): Hermawan\DataTables\DataTableQuery->countFiltered()
#5 /Users/habibi/Documents/Politala/ICT/e-presensi-politala/app/Controllers/Home.php(121): Hermawan\DataTables\DataTable->toJson(true)
#6 /Users/habibi/Documents/Politala/ICT/e-presensi-politala/vendor/codeigniter4/framework/system/CodeIgniter.php(832): App\Controllers\Home->AjaxReadAbsen()
#7 /Users/habibi/Documents/Politala/ICT/e-presensi-politala/vendor/codeigniter4/framework/system/CodeIgniter.php(419): CodeIgniter\CodeIgniter->runController(Object(App\Controllers\Home))
#8 /Users/habibi/Documents/Politala/ICT/e-presensi-politala/vendor/codeigniter4/framework/system/CodeIgniter.php(326): CodeIgniter\CodeIgniter->handleRequest(NULL, Object(Config\Cache), false)
#9 /Users/habibi/Documents/Politala/ICT/e-presensi-politala/public/index.php(37): CodeIgniter\CodeIgniter->run()
#10 /Users/habibi/Documents/Politala/ICT/e-presensi-politala/vendor/codeigniter4/framework/system/Commands/Server/rewrite.php(43): require_once('/Users/habibi/D...')
#11 {main}
CRITICAL - 2022-05-19 14:18:49 --> Undefined property: stdClass::$abs_status
#0 /Users/habibi/Documents/Politala/ICT/e-presensi-politala/app/Controllers/Home.php(118): CodeIgniter\Debug\Exceptions->errorHandler(8, 'Undefined prope...', '/Users/habibi/D...', 118, Array)
#1 /Users/habibi/Documents/Politala/ICT/e-presensi-politala/vendor/hermawan/codeigniter4-datatables/src/DataTableQuery.php(191): App\Controllers\Home->App\Controllers\{closure}(Object(CodeIgniter\Database\MySQLi\Builder), Object(stdClass))
#2 /Users/habibi/Documents/Politala/ICT/e-presensi-politala/vendor/hermawan/codeigniter4-datatables/src/DataTableQuery.php(181): Hermawan\DataTables\DataTableQuery->queryFilter(Object(CodeIgniter\Database\MySQLi\Builder))
#3 /Users/habibi/Documents/Politala/ICT/e-presensi-politala/vendor/hermawan/codeigniter4-datatables/src/DataTableQuery.php(61): Hermawan\DataTables\DataTableQuery->queryFilterSearch(Object(CodeIgniter\Database\MySQLi\Builder))
#4 /Users/habibi/Documents/Politala/ICT/e-presensi-politala/vendor/hermawan/codeigniter4-datatables/src/DataTable.php(172): Hermawan\DataTables\DataTableQuery->countFiltered()
#5 /Users/habibi/Documents/Politala/ICT/e-presensi-politala/app/Controllers/Home.php(121): Hermawan\DataTables\DataTable->toJson(true)
#6 /Users/habibi/Documents/Politala/ICT/e-presensi-politala/vendor/codeigniter4/framework/system/CodeIgniter.php(832): App\Controllers\Home->AjaxReadAbsen()
#7 /Users/habibi/Documents/Politala/ICT/e-presensi-politala/vendor/codeigniter4/framework/system/CodeIgniter.php(419): CodeIgniter\CodeIgniter->runController(Object(App\Controllers\Home))
#8 /Users/habibi/Documents/Politala/ICT/e-presensi-politala/vendor/codeigniter4/framework/system/CodeIgniter.php(326): CodeIgniter\CodeIgniter->handleRequest(NULL, Object(Config\Cache), false)
#9 /Users/habibi/Documents/Politala/ICT/e-presensi-politala/public/index.php(37): CodeIgniter\CodeIgniter->run()
#10 /Users/habibi/Documents/Politala/ICT/e-presensi-politala/vendor/codeigniter4/framework/system/Commands/Server/rewrite.php(43): require_once('/Users/habibi/D...')
#11 {main}
CRITICAL - 2022-05-19 14:22:16 --> Undefined property: stdClass::$abs_status
#0 /Users/habibi/Documents/Politala/ICT/e-presensi-politala/app/Controllers/Home.php(118): CodeIgniter\Debug\Exceptions->errorHandler(8, 'Undefined prope...', '/Users/habibi/D...', 118, Array)
#1 /Users/habibi/Documents/Politala/ICT/e-presensi-politala/vendor/hermawan/codeigniter4-datatables/src/DataTableQuery.php(191): App\Controllers\Home->App\Controllers\{closure}(Object(CodeIgniter\Database\MySQLi\Builder), Object(stdClass))
#2 /Users/habibi/Documents/Politala/ICT/e-presensi-politala/vendor/hermawan/codeigniter4-datatables/src/DataTableQuery.php(181): Hermawan\DataTables\DataTableQuery->queryFilter(Object(CodeIgniter\Database\MySQLi\Builder))
#3 /Users/habibi/Documents/Politala/ICT/e-presensi-politala/vendor/hermawan/codeigniter4-datatables/src/DataTableQuery.php(61): Hermawan\DataTables\DataTableQuery->queryFilterSearch(Object(CodeIgniter\Database\MySQLi\Builder))
#4 /Users/habibi/Documents/Politala/ICT/e-presensi-politala/vendor/hermawan/codeigniter4-datatables/src/DataTable.php(172): Hermawan\DataTables\DataTableQuery->countFiltered()
#5 /Users/habibi/Documents/Politala/ICT/e-presensi-politala/app/Controllers/Home.php(121): Hermawan\DataTables\DataTable->toJson(true)
#6 /Users/habibi/Documents/Politala/ICT/e-presensi-politala/vendor/codeigniter4/framework/system/CodeIgniter.php(832): App\Controllers\Home->AjaxReadAbsen()
#7 /Users/habibi/Documents/Politala/ICT/e-presensi-politala/vendor/codeigniter4/framework/system/CodeIgniter.php(419): CodeIgniter\CodeIgniter->runController(Object(App\Controllers\Home))
#8 /Users/habibi/Documents/Politala/ICT/e-presensi-politala/vendor/codeigniter4/framework/system/CodeIgniter.php(326): CodeIgniter\CodeIgniter->handleRequest(NULL, Object(Config\Cache), false)
#9 /Users/habibi/Documents/Politala/ICT/e-presensi-politala/public/index.php(37): CodeIgniter\CodeIgniter->run()
#10 /Users/habibi/Documents/Politala/ICT/e-presensi-politala/vendor/codeigniter4/framework/system/Commands/Server/rewrite.php(43): require_once('/Users/habibi/D...')
#11 {main}
CRITICAL - 2022-05-19 14:25:15 --> Undefined property: stdClass::$abs_status
#0 /Users/habibi/Documents/Politala/ICT/e-presensi-politala/app/Controllers/Home.php(118): CodeIgniter\Debug\Exceptions->errorHandler(8, 'Undefined prope...', '/Users/habibi/D...', 118, Array)
#1 /Users/habibi/Documents/Politala/ICT/e-presensi-politala/vendor/hermawan/codeigniter4-datatables/src/DataTableQuery.php(191): App\Controllers\Home->App\Controllers\{closure}(Object(CodeIgniter\Database\MySQLi\Builder), Object(stdClass))
#2 /Users/habibi/Documents/Politala/ICT/e-presensi-politala/vendor/hermawan/codeigniter4-datatables/src/DataTableQuery.php(181): Hermawan\DataTables\DataTableQuery->queryFilter(Object(CodeIgniter\Database\MySQLi\Builder))
#3 /Users/habibi/Documents/Politala/ICT/e-presensi-politala/vendor/hermawan/codeigniter4-datatables/src/DataTableQuery.php(61): Hermawan\DataTables\DataTableQuery->queryFilterSearch(Object(CodeIgniter\Database\MySQLi\Builder))
#4 /Users/habibi/Documents/Politala/ICT/e-presensi-politala/vendor/hermawan/codeigniter4-datatables/src/DataTable.php(172): Hermawan\DataTables\DataTableQuery->countFiltered()
#5 /Users/habibi/Documents/Politala/ICT/e-presensi-politala/app/Controllers/Home.php(121): Hermawan\DataTables\DataTable->toJson(true)
#6 /Users/habibi/Documents/Politala/ICT/e-presensi-politala/vendor/codeigniter4/framework/system/CodeIgniter.php(832): App\Controllers\Home->AjaxReadAbsen()
#7 /Users/habibi/Documents/Politala/ICT/e-presensi-politala/vendor/codeigniter4/framework/system/CodeIgniter.php(419): CodeIgniter\CodeIgniter->runController(Object(App\Controllers\Home))
#8 /Users/habibi/Documents/Politala/ICT/e-presensi-politala/vendor/codeigniter4/framework/system/CodeIgniter.php(326): CodeIgniter\CodeIgniter->handleRequest(NULL, Object(Config\Cache), false)
#9 /Users/habibi/Documents/Politala/ICT/e-presensi-politala/public/index.php(37): CodeIgniter\CodeIgniter->run()
#10 /Users/habibi/Documents/Politala/ICT/e-presensi-politala/vendor/codeigniter4/framework/system/Commands/Server/rewrite.php(43): require_once('/Users/habibi/D...')
#11 {main}
CRITICAL - 2022-05-19 14:27:38 --> Undefined property: stdClass::$abs_status
#0 /Users/habibi/Documents/Politala/ICT/e-presensi-politala/app/Controllers/Home.php(118): CodeIgniter\Debug\Exceptions->errorHandler(8, 'Undefined prope...', '/Users/habibi/D...', 118, Array)
#1 /Users/habibi/Documents/Politala/ICT/e-presensi-politala/vendor/hermawan/codeigniter4-datatables/src/DataTableQuery.php(191): App\Controllers\Home->App\Controllers\{closure}(Object(CodeIgniter\Database\MySQLi\Builder), Object(stdClass))
#2 /Users/habibi/Documents/Politala/ICT/e-presensi-politala/vendor/hermawan/codeigniter4-datatables/src/DataTableQuery.php(181): Hermawan\DataTables\DataTableQuery->queryFilter(Object(CodeIgniter\Database\MySQLi\Builder))
#3 /Users/habibi/Documents/Politala/ICT/e-presensi-politala/vendor/hermawan/codeigniter4-datatables/src/DataTableQuery.php(61): Hermawan\DataTables\DataTableQuery->queryFilterSearch(Object(CodeIgniter\Database\MySQLi\Builder))
#4 /Users/habibi/Documents/Politala/ICT/e-presensi-politala/vendor/hermawan/codeigniter4-datatables/src/DataTable.php(172): Hermawan\DataTables\DataTableQuery->countFiltered()
#5 /Users/habibi/Documents/Politala/ICT/e-presensi-politala/app/Controllers/Home.php(121): Hermawan\DataTables\DataTable->toJson(true)
#6 /Users/habibi/Documents/Politala/ICT/e-presensi-politala/vendor/codeigniter4/framework/system/CodeIgniter.php(832): App\Controllers\Home->AjaxReadAbsen()
#7 /Users/habibi/Documents/Politala/ICT/e-presensi-politala/vendor/codeigniter4/framework/system/CodeIgniter.php(419): CodeIgniter\CodeIgniter->runController(Object(App\Controllers\Home))
#8 /Users/habibi/Documents/Politala/ICT/e-presensi-politala/vendor/codeigniter4/framework/system/CodeIgniter.php(326): CodeIgniter\CodeIgniter->handleRequest(NULL, Object(Config\Cache), false)
#9 /Users/habibi/Documents/Politala/ICT/e-presensi-politala/public/index.php(37): CodeIgniter\CodeIgniter->run()
#10 /Users/habibi/Documents/Politala/ICT/e-presensi-politala/vendor/codeigniter4/framework/system/Commands/Server/rewrite.php(43): require_once('/Users/habibi/D...')
#11 {main}
