CRITICAL - 2022-06-23 09:11:08 --> Undefined variable: jumlah
#0 D:\Aplikasi\github\e-attendance\app\Views\_user\_script\_shome.php(283): CodeIgniter\Debug\Exceptions->errorHandler(8, 'Undefined varia...', 'D:\\Aplikasi\\git...', 283, Array)
#1 D:\Aplikasi\github\e-attendance\vendor\codeigniter4\framework\system\View\View.php(210): include('D:\\Aplikasi\\git...')
#2 D:\Aplikasi\github\e-attendance\vendor\codeigniter4\framework\system\View\View.php(213): CodeIgniter\View\View->CodeIgniter\View\{closure}()
#3 D:\Aplikasi\github\e-attendance\vendor\codeigniter4\framework\system\Common.php(1089): CodeIgniter\View\View->render('/_user/_script/...', Array, true)
#4 D:\Aplikasi\github\e-attendance\app\Views\_user\_index.php(577): view('/_user/_script/...')
#5 D:\Aplikasi\github\e-attendance\vendor\codeigniter4\framework\system\View\View.php(210): include('D:\\Aplikasi\\git...')
#6 D:\Aplikasi\github\e-attendance\vendor\codeigniter4\framework\system\View\View.php(213): CodeIgniter\View\View->CodeIgniter\View\{closure}()
#7 D:\Aplikasi\github\e-attendance\vendor\codeigniter4\framework\system\Common.php(1089): CodeIgniter\View\View->render('_user/_index', Array, true)
#8 D:\Aplikasi\github\e-attendance\app\Controllers\Home.php(24): view('_user/_index', Array)
#9 D:\Aplikasi\github\e-attendance\vendor\codeigniter4\framework\system\CodeIgniter.php(832): App\Controllers\Home->home()
#10 D:\Aplikasi\github\e-attendance\vendor\codeigniter4\framework\system\CodeIgniter.php(419): CodeIgniter\CodeIgniter->runController(Object(App\Controllers\Home))
#11 D:\Aplikasi\github\e-attendance\vendor\codeigniter4\framework\system\CodeIgniter.php(326): CodeIgniter\CodeIgniter->handleRequest(NULL, Object(Config\Cache), false)
#12 D:\Aplikasi\github\e-attendance\public\index.php(37): CodeIgniter\CodeIgniter->run()
#13 D:\Aplikasi\github\e-attendance\vendor\codeigniter4\framework\system\Commands\Server\rewrite.php(43): require_once('D:\\Aplikasi\\git...')
#14 {main}
CRITICAL - 2022-06-23 09:11:19 --> Undefined variable: jumlah
#0 D:\Aplikasi\github\e-attendance\app\Views\_user\_script\_shome.php(283): CodeIgniter\Debug\Exceptions->errorHandler(8, 'Undefined varia...', 'D:\\Aplikasi\\git...', 283, Array)
#1 D:\Aplikasi\github\e-attendance\vendor\codeigniter4\framework\system\View\View.php(210): include('D:\\Aplikasi\\git...')
#2 D:\Aplikasi\github\e-attendance\vendor\codeigniter4\framework\system\View\View.php(213): CodeIgniter\View\View->CodeIgniter\View\{closure}()
#3 D:\Aplikasi\github\e-attendance\vendor\codeigniter4\framework\system\Common.php(1089): CodeIgniter\View\View->render('/_user/_script/...', Array, true)
#4 D:\Aplikasi\github\e-attendance\app\Views\_user\_index.php(577): view('/_user/_script/...')
#5 D:\Aplikasi\github\e-attendance\vendor\codeigniter4\framework\system\View\View.php(210): include('D:\\Aplikasi\\git...')
#6 D:\Aplikasi\github\e-attendance\vendor\codeigniter4\framework\system\View\View.php(213): CodeIgniter\View\View->CodeIgniter\View\{closure}()
#7 D:\Aplikasi\github\e-attendance\vendor\codeigniter4\framework\system\Common.php(1089): CodeIgniter\View\View->render('_user/_index', Array, true)
#8 D:\Aplikasi\github\e-attendance\app\Controllers\Home.php(24): view('_user/_index', Array)
#9 D:\Aplikasi\github\e-attendance\vendor\codeigniter4\framework\system\CodeIgniter.php(832): App\Controllers\Home->home()
#10 D:\Aplikasi\github\e-attendance\vendor\codeigniter4\framework\system\CodeIgniter.php(419): CodeIgniter\CodeIgniter->runController(Object(App\Controllers\Home))
#11 D:\Aplikasi\github\e-attendance\vendor\codeigniter4\framework\system\CodeIgniter.php(326): CodeIgniter\CodeIgniter->handleRequest(NULL, Object(Config\Cache), false)
#12 D:\Aplikasi\github\e-attendance\public\index.php(37): CodeIgniter\CodeIgniter->run()
#13 D:\Aplikasi\github\e-attendance\vendor\codeigniter4\framework\system\Commands\Server\rewrite.php(43): require_once('D:\\Aplikasi\\git...')
#14 {main}
CRITICAL - 2022-06-23 09:11:36 --> Undefined variable: jumlah
#0 D:\Aplikasi\github\e-attendance\app\Views\_user\_script\_shome.php(263): CodeIgniter\Debug\Exceptions->errorHandler(8, 'Undefined varia...', 'D:\\Aplikasi\\git...', 263, Array)
#1 D:\Aplikasi\github\e-attendance\vendor\codeigniter4\framework\system\View\View.php(210): include('D:\\Aplikasi\\git...')
#2 D:\Aplikasi\github\e-attendance\vendor\codeigniter4\framework\system\View\View.php(213): CodeIgniter\View\View->CodeIgniter\View\{closure}()
#3 D:\Aplikasi\github\e-attendance\vendor\codeigniter4\framework\system\Common.php(1089): CodeIgniter\View\View->render('/_user/_script/...', Array, true)
#4 D:\Aplikasi\github\e-attendance\app\Views\_user\_index.php(577): view('/_user/_script/...')
#5 D:\Aplikasi\github\e-attendance\vendor\codeigniter4\framework\system\View\View.php(210): include('D:\\Aplikasi\\git...')
#6 D:\Aplikasi\github\e-attendance\vendor\codeigniter4\framework\system\View\View.php(213): CodeIgniter\View\View->CodeIgniter\View\{closure}()
#7 D:\Aplikasi\github\e-attendance\vendor\codeigniter4\framework\system\Common.php(1089): CodeIgniter\View\View->render('_user/_index', Array, true)
#8 D:\Aplikasi\github\e-attendance\app\Controllers\Home.php(24): view('_user/_index', Array)
#9 D:\Aplikasi\github\e-attendance\vendor\codeigniter4\framework\system\CodeIgniter.php(832): App\Controllers\Home->home()
#10 D:\Aplikasi\github\e-attendance\vendor\codeigniter4\framework\system\CodeIgniter.php(419): CodeIgniter\CodeIgniter->runController(Object(App\Controllers\Home))
#11 D:\Aplikasi\github\e-attendance\vendor\codeigniter4\framework\system\CodeIgniter.php(326): CodeIgniter\CodeIgniter->handleRequest(NULL, Object(Config\Cache), false)
#12 D:\Aplikasi\github\e-attendance\public\index.php(37): CodeIgniter\CodeIgniter->run()
#13 D:\Aplikasi\github\e-attendance\vendor\codeigniter4\framework\system\Commands\Server\rewrite.php(43): require_once('D:\\Aplikasi\\git...')
#14 {main}
CRITICAL - 2022-06-23 09:11:55 --> Undefined variable: jumlah
#0 D:\Aplikasi\github\e-attendance\app\Views\_user\_script\_shome.php(263): CodeIgniter\Debug\Exceptions->errorHandler(8, 'Undefined varia...', 'D:\\Aplikasi\\git...', 263, Array)
#1 D:\Aplikasi\github\e-attendance\vendor\codeigniter4\framework\system\View\View.php(210): include('D:\\Aplikasi\\git...')
#2 D:\Aplikasi\github\e-attendance\vendor\codeigniter4\framework\system\View\View.php(213): CodeIgniter\View\View->CodeIgniter\View\{closure}()
#3 D:\Aplikasi\github\e-attendance\vendor\codeigniter4\framework\system\Common.php(1089): CodeIgniter\View\View->render('/_user/_script/...', Array, true)
#4 D:\Aplikasi\github\e-attendance\app\Views\_user\_index.php(577): view('/_user/_script/...')
#5 D:\Aplikasi\github\e-attendance\vendor\codeigniter4\framework\system\View\View.php(210): include('D:\\Aplikasi\\git...')
#6 D:\Aplikasi\github\e-attendance\vendor\codeigniter4\framework\system\View\View.php(213): CodeIgniter\View\View->CodeIgniter\View\{closure}()
#7 D:\Aplikasi\github\e-attendance\vendor\codeigniter4\framework\system\Common.php(1089): CodeIgniter\View\View->render('_user/_index', Array, true)
#8 D:\Aplikasi\github\e-attendance\app\Controllers\Home.php(24): view('_user/_index', Array)
#9 D:\Aplikasi\github\e-attendance\vendor\codeigniter4\framework\system\CodeIgniter.php(832): App\Controllers\Home->home()
#10 D:\Aplikasi\github\e-attendance\vendor\codeigniter4\framework\system\CodeIgniter.php(419): CodeIgniter\CodeIgniter->runController(Object(App\Controllers\Home))
#11 D:\Aplikasi\github\e-attendance\vendor\codeigniter4\framework\system\CodeIgniter.php(326): CodeIgniter\CodeIgniter->handleRequest(NULL, Object(Config\Cache), false)
#12 D:\Aplikasi\github\e-attendance\public\index.php(37): CodeIgniter\CodeIgniter->run()
#13 D:\Aplikasi\github\e-attendance\vendor\codeigniter4\framework\system\Commands\Server\rewrite.php(43): require_once('D:\\Aplikasi\\git...')
#14 {main}
CRITICAL - 2022-06-23 09:12:59 --> Call to undefined method CodeIgniter\Database\MySQLi\Result::get()
#0 D:\Aplikasi\github\e-attendance\vendor\codeigniter4\framework\system\CodeIgniter.php(832): App\Controllers\Home->Ajaxchartstatus()
#1 D:\Aplikasi\github\e-attendance\vendor\codeigniter4\framework\system\CodeIgniter.php(419): CodeIgniter\CodeIgniter->runController(Object(App\Controllers\Home))
#2 D:\Aplikasi\github\e-attendance\vendor\codeigniter4\framework\system\CodeIgniter.php(326): CodeIgniter\CodeIgniter->handleRequest(NULL, Object(Config\Cache), false)
#3 D:\Aplikasi\github\e-attendance\public\index.php(37): CodeIgniter\CodeIgniter->run()
#4 D:\Aplikasi\github\e-attendance\vendor\codeigniter4\framework\system\Commands\Server\rewrite.php(43): require_once('D:\\Aplikasi\\git...')
#5 {main}
