CRITICAL - 2022-07-20 15:01:58 --> Undefined variable: title
#0 D:\Aplikasi\github\e-attendance\app\Views\layout\_header.php(7): CodeIgniter\Debug\Exceptions->errorHandler(8, 'Undefined varia...', 'D:\\Aplikasi\\git...', 7, Array)
#1 D:\Aplikasi\github\e-attendance\vendor\codeigniter4\framework\system\View\View.php(210): include('D:\\Aplikasi\\git...')
#2 D:\Aplikasi\github\e-attendance\vendor\codeigniter4\framework\system\View\View.php(213): CodeIgniter\View\View->CodeIgniter\View\{closure}()
#3 D:\Aplikasi\github\e-attendance\vendor\codeigniter4\framework\system\Common.php(1089): CodeIgniter\View\View->render('/layout/_header', Array, true)
#4 D:\Aplikasi\github\e-attendance\app\Views\_admin\_admkehadiran.php(1): view('/layout/_header')
#5 D:\Aplikasi\github\e-attendance\vendor\codeigniter4\framework\system\View\View.php(210): include('D:\\Aplikasi\\git...')
#6 D:\Aplikasi\github\e-attendance\vendor\codeigniter4\framework\system\View\View.php(213): CodeIgniter\View\View->CodeIgniter\View\{closure}()
#7 D:\Aplikasi\github\e-attendance\vendor\codeigniter4\framework\system\Common.php(1089): CodeIgniter\View\View->render('_admin/_admkeha...', Array, true)
#8 D:\Aplikasi\github\e-attendance\app\Controllers\Presensi.php(53): view('_admin/_admkeha...', Array)
#9 D:\Aplikasi\github\e-attendance\vendor\codeigniter4\framework\system\CodeIgniter.php(832): App\Controllers\Presensi->presensi_all()
#10 D:\Aplikasi\github\e-attendance\vendor\codeigniter4\framework\system\CodeIgniter.php(419): CodeIgniter\CodeIgniter->runController(Object(App\Controllers\Presensi))
#11 D:\Aplikasi\github\e-attendance\vendor\codeigniter4\framework\system\CodeIgniter.php(326): CodeIgniter\CodeIgniter->handleRequest(NULL, Object(Config\Cache), false)
#12 D:\Aplikasi\github\e-attendance\public\index.php(37): CodeIgniter\CodeIgniter->run()
#13 D:\Aplikasi\github\e-attendance\vendor\codeigniter4\framework\system\Commands\Server\rewrite.php(43): require_once('D:\\Aplikasi\\git...')
#14 {main}
CRITICAL - 2022-07-20 15:02:56 --> Undefined variable: title
#0 D:\Aplikasi\github\e-attendance\app\Views\layout\_header.php(7): CodeIgniter\Debug\Exceptions->errorHandler(8, 'Undefined varia...', 'D:\\Aplikasi\\git...', 7, Array)
#1 D:\Aplikasi\github\e-attendance\vendor\codeigniter4\framework\system\View\View.php(210): include('D:\\Aplikasi\\git...')
#2 D:\Aplikasi\github\e-attendance\vendor\codeigniter4\framework\system\View\View.php(213): CodeIgniter\View\View->CodeIgniter\View\{closure}()
#3 D:\Aplikasi\github\e-attendance\vendor\codeigniter4\framework\system\Common.php(1089): CodeIgniter\View\View->render('/layout/_header', Array, true)
#4 D:\Aplikasi\github\e-attendance\app\Views\_admin\_admkehadiran.php(1): view('/layout/_header')
#5 D:\Aplikasi\github\e-attendance\vendor\codeigniter4\framework\system\View\View.php(210): include('D:\\Aplikasi\\git...')
#6 D:\Aplikasi\github\e-attendance\vendor\codeigniter4\framework\system\View\View.php(213): CodeIgniter\View\View->CodeIgniter\View\{closure}()
#7 D:\Aplikasi\github\e-attendance\vendor\codeigniter4\framework\system\Common.php(1089): CodeIgniter\View\View->render('_admin/_admkeha...', Array, true)
#8 D:\Aplikasi\github\e-attendance\app\Controllers\Presensi.php(53): view('_admin/_admkeha...', Array)
#9 D:\Aplikasi\github\e-attendance\vendor\codeigniter4\framework\system\CodeIgniter.php(832): App\Controllers\Presensi->presensi_all()
#10 D:\Aplikasi\github\e-attendance\vendor\codeigniter4\framework\system\CodeIgniter.php(419): CodeIgniter\CodeIgniter->runController(Object(App\Controllers\Presensi))
#11 D:\Aplikasi\github\e-attendance\vendor\codeigniter4\framework\system\CodeIgniter.php(326): CodeIgniter\CodeIgniter->handleRequest(NULL, Object(Config\Cache), false)
#12 D:\Aplikasi\github\e-attendance\public\index.php(37): CodeIgniter\CodeIgniter->run()
#13 D:\Aplikasi\github\e-attendance\vendor\codeigniter4\framework\system\Commands\Server\rewrite.php(43): require_once('D:\\Aplikasi\\git...')
#14 {main}
ERROR - 2022-07-20 15:36:20 --> Unknown column 'homebase.pgw_id' in 'on clause'
CRITICAL - 2022-07-20 15:36:20 --> Unknown column 'homebase.pgw_id' in 'on clause'
#0 D:\Aplikasi\github\e-attendance\vendor\codeigniter4\framework\system\Database\MySQLi\Connection.php(292): mysqli->query('SELECT *\nFROM `...', 0)
#1 D:\Aplikasi\github\e-attendance\vendor\codeigniter4\framework\system\Database\BaseConnection.php(670): CodeIgniter\Database\MySQLi\Connection->execute('SELECT *\nFROM `...')
#2 D:\Aplikasi\github\e-attendance\vendor\codeigniter4\framework\system\Database\BaseConnection.php(598): CodeIgniter\Database\BaseConnection->simpleQuery('SELECT *\nFROM `...')
#3 D:\Aplikasi\github\e-attendance\vendor\codeigniter4\framework\system\Database\BaseBuilder.php(1455): CodeIgniter\Database\BaseConnection->query('SELECT *\nFROM `...', Array, false)
#4 D:\Aplikasi\github\e-attendance\app\Models\PresensiModel.php(24): CodeIgniter\Database\BaseBuilder->get()
#5 D:\Aplikasi\github\e-attendance\app\Controllers\Presensi.php(339): App\Models\PresensiModel->getPresensiReport()
#6 D:\Aplikasi\github\e-attendance\vendor\codeigniter4\framework\system\CodeIgniter.php(832): App\Controllers\Presensi->monthlyReport()
#7 D:\Aplikasi\github\e-attendance\vendor\codeigniter4\framework\system\CodeIgniter.php(419): CodeIgniter\CodeIgniter->runController(Object(App\Controllers\Presensi))
#8 D:\Aplikasi\github\e-attendance\vendor\codeigniter4\framework\system\CodeIgniter.php(326): CodeIgniter\CodeIgniter->handleRequest(NULL, Object(Config\Cache), false)
#9 D:\Aplikasi\github\e-attendance\public\index.php(37): CodeIgniter\CodeIgniter->run()
#10 D:\Aplikasi\github\e-attendance\vendor\codeigniter4\framework\system\Commands\Server\rewrite.php(43): require_once('D:\\Aplikasi\\git...')
#11 {main}
CRITICAL - 2022-07-20 15:36:45 --> Undefined property: mysqli::$pgw_id
#0 D:\Aplikasi\github\e-attendance\app\Controllers\Presensi.php(346): CodeIgniter\Debug\Exceptions->errorHandler(8, 'Undefined prope...', 'D:\\Aplikasi\\git...', 346, Array)
#1 D:\Aplikasi\github\e-attendance\vendor\codeigniter4\framework\system\CodeIgniter.php(832): App\Controllers\Presensi->monthlyReport()
#2 D:\Aplikasi\github\e-attendance\vendor\codeigniter4\framework\system\CodeIgniter.php(419): CodeIgniter\CodeIgniter->runController(Object(App\Controllers\Presensi))
#3 D:\Aplikasi\github\e-attendance\vendor\codeigniter4\framework\system\CodeIgniter.php(326): CodeIgniter\CodeIgniter->handleRequest(NULL, Object(Config\Cache), false)
#4 D:\Aplikasi\github\e-attendance\public\index.php(37): CodeIgniter\CodeIgniter->run()
#5 D:\Aplikasi\github\e-attendance\vendor\codeigniter4\framework\system\Commands\Server\rewrite.php(43): require_once('D:\\Aplikasi\\git...')
#6 {main}
CRITICAL - 2022-07-20 15:37:00 --> Undefined property: mysqli::$pegawai
#0 D:\Aplikasi\github\e-attendance\app\Controllers\Presensi.php(346): CodeIgniter\Debug\Exceptions->errorHandler(8, 'Undefined prope...', 'D:\\Aplikasi\\git...', 346, Array)
#1 D:\Aplikasi\github\e-attendance\vendor\codeigniter4\framework\system\CodeIgniter.php(832): App\Controllers\Presensi->monthlyReport()
#2 D:\Aplikasi\github\e-attendance\vendor\codeigniter4\framework\system\CodeIgniter.php(419): CodeIgniter\CodeIgniter->runController(Object(App\Controllers\Presensi))
#3 D:\Aplikasi\github\e-attendance\vendor\codeigniter4\framework\system\CodeIgniter.php(326): CodeIgniter\CodeIgniter->handleRequest(NULL, Object(Config\Cache), false)
#4 D:\Aplikasi\github\e-attendance\public\index.php(37): CodeIgniter\CodeIgniter->run()
#5 D:\Aplikasi\github\e-attendance\vendor\codeigniter4\framework\system\Commands\Server\rewrite.php(43): require_once('D:\\Aplikasi\\git...')
#6 {main}
CRITICAL - 2022-07-20 15:37:10 --> Undefined property: mysqli::$pgw_id
#0 D:\Aplikasi\github\e-attendance\app\Controllers\Presensi.php(346): CodeIgniter\Debug\Exceptions->errorHandler(8, 'Undefined prope...', 'D:\\Aplikasi\\git...', 346, Array)
#1 D:\Aplikasi\github\e-attendance\vendor\codeigniter4\framework\system\CodeIgniter.php(832): App\Controllers\Presensi->monthlyReport()
#2 D:\Aplikasi\github\e-attendance\vendor\codeigniter4\framework\system\CodeIgniter.php(419): CodeIgniter\CodeIgniter->runController(Object(App\Controllers\Presensi))
#3 D:\Aplikasi\github\e-attendance\vendor\codeigniter4\framework\system\CodeIgniter.php(326): CodeIgniter\CodeIgniter->handleRequest(NULL, Object(Config\Cache), false)
#4 D:\Aplikasi\github\e-attendance\public\index.php(37): CodeIgniter\CodeIgniter->run()
#5 D:\Aplikasi\github\e-attendance\vendor\codeigniter4\framework\system\Commands\Server\rewrite.php(43): require_once('D:\\Aplikasi\\git...')
#6 {main}
CRITICAL - 2022-07-20 15:38:03 --> Undefined property: mysqli::$pgw_id
#0 D:\Aplikasi\github\e-attendance\app\Controllers\Presensi.php(346): CodeIgniter\Debug\Exceptions->errorHandler(8, 'Undefined prope...', 'D:\\Aplikasi\\git...', 346, Array)
#1 D:\Aplikasi\github\e-attendance\vendor\codeigniter4\framework\system\CodeIgniter.php(832): App\Controllers\Presensi->monthlyReport()
#2 D:\Aplikasi\github\e-attendance\vendor\codeigniter4\framework\system\CodeIgniter.php(419): CodeIgniter\CodeIgniter->runController(Object(App\Controllers\Presensi))
#3 D:\Aplikasi\github\e-attendance\vendor\codeigniter4\framework\system\CodeIgniter.php(326): CodeIgniter\CodeIgniter->handleRequest(NULL, Object(Config\Cache), false)
#4 D:\Aplikasi\github\e-attendance\public\index.php(37): CodeIgniter\CodeIgniter->run()
#5 D:\Aplikasi\github\e-attendance\vendor\codeigniter4\framework\system\Commands\Server\rewrite.php(43): require_once('D:\\Aplikasi\\git...')
#6 {main}
