CRITICAL - 2022-04-13 08:32:48 --> syntax error, unexpected 'return' (T_RETURN)
#0 /Users/habibi/Documents/Politala/ICT/e-presensi-politala/vendor/codeigniter4/framework/system/Autoloader/Autoloader.php(241): CodeIgniter\Autoloader\Autoloader->includeFile('/Users/habibi/D...')
#1 /Users/habibi/Documents/Politala/ICT/e-presensi-politala/vendor/codeigniter4/framework/system/Autoloader/Autoloader.php(219): CodeIgniter\Autoloader\Autoloader->loadInNamespace('App\\Controllers...')
#2 [internal function]: CodeIgniter\Autoloader\Autoloader->loadClass('App\\Controllers...')
#3 [internal function]: spl_autoload_call('App\\Controllers...')
#4 /Users/habibi/Documents/Politala/ICT/e-presensi-politala/vendor/codeigniter4/framework/system/CodeIgniter.php(797): class_exists('\\App\\Controller...', true)
#5 /Users/habibi/Documents/Politala/ICT/e-presensi-politala/vendor/codeigniter4/framework/system/CodeIgniter.php(406): CodeIgniter\CodeIgniter->startController()
#6 /Users/habibi/Documents/Politala/ICT/e-presensi-politala/vendor/codeigniter4/framework/system/CodeIgniter.php(326): CodeIgniter\CodeIgniter->handleRequest(NULL, Object(Config\Cache), false)
#7 /Users/habibi/Documents/Politala/ICT/e-presensi-politala/public/index.php(37): CodeIgniter\CodeIgniter->run()
#8 /Users/habibi/Documents/Politala/ICT/e-presensi-politala/vendor/codeigniter4/framework/system/Commands/Server/rewrite.php(43): require_once('/Users/habibi/D...')
#9 {main}
CRITICAL - 2022-04-13 08:35:34 --> Undefined property: App\Controllers\Home::$db
#0 /Users/habibi/Documents/Politala/ICT/e-presensi-politala/app/Controllers/Home.php(44): CodeIgniter\Debug\Exceptions->errorHandler(8, 'Undefined prope...', '/Users/habibi/D...', 44, Array)
#1 /Users/habibi/Documents/Politala/ICT/e-presensi-politala/vendor/codeigniter4/framework/system/CodeIgniter.php(832): App\Controllers\Home->ReadAbsen()
#2 /Users/habibi/Documents/Politala/ICT/e-presensi-politala/vendor/codeigniter4/framework/system/CodeIgniter.php(419): CodeIgniter\CodeIgniter->runController(Object(App\Controllers\Home))
#3 /Users/habibi/Documents/Politala/ICT/e-presensi-politala/vendor/codeigniter4/framework/system/CodeIgniter.php(326): CodeIgniter\CodeIgniter->handleRequest(NULL, Object(Config\Cache), false)
#4 /Users/habibi/Documents/Politala/ICT/e-presensi-politala/public/index.php(37): CodeIgniter\CodeIgniter->run()
#5 /Users/habibi/Documents/Politala/ICT/e-presensi-politala/vendor/codeigniter4/framework/system/Commands/Server/rewrite.php(43): require_once('/Users/habibi/D...')
#6 {main}
ERROR - 2022-04-13 08:46:30 --> Table 'db_presensi.absen' doesn't exist
CRITICAL - 2022-04-13 08:46:30 --> Table 'db_presensi.absen' doesn't exist
#0 /Users/habibi/Documents/Politala/ICT/e-presensi-politala/vendor/codeigniter4/framework/system/Database/MySQLi/Connection.php(292): mysqli->query('SELECT *\nFROM `...', 0)
#1 /Users/habibi/Documents/Politala/ICT/e-presensi-politala/vendor/codeigniter4/framework/system/Database/BaseConnection.php(670): CodeIgniter\Database\MySQLi\Connection->execute('SELECT *\nFROM `...')
#2 /Users/habibi/Documents/Politala/ICT/e-presensi-politala/vendor/codeigniter4/framework/system/Database/BaseConnection.php(598): CodeIgniter\Database\BaseConnection->simpleQuery('SELECT *\nFROM `...')
#3 /Users/habibi/Documents/Politala/ICT/e-presensi-politala/vendor/codeigniter4/framework/system/Database/BaseBuilder.php(1455): CodeIgniter\Database\BaseConnection->query('SELECT *\nFROM `...', Array, false)
#4 /Users/habibi/Documents/Politala/ICT/e-presensi-politala/app/Controllers/Home.php(48): CodeIgniter\Database\BaseBuilder->get()
#5 /Users/habibi/Documents/Politala/ICT/e-presensi-politala/vendor/codeigniter4/framework/system/CodeIgniter.php(832): App\Controllers\Home->ReadAbsen()
#6 /Users/habibi/Documents/Politala/ICT/e-presensi-politala/vendor/codeigniter4/framework/system/CodeIgniter.php(419): CodeIgniter\CodeIgniter->runController(Object(App\Controllers\Home))
#7 /Users/habibi/Documents/Politala/ICT/e-presensi-politala/vendor/codeigniter4/framework/system/CodeIgniter.php(326): CodeIgniter\CodeIgniter->handleRequest(NULL, Object(Config\Cache), false)
#8 /Users/habibi/Documents/Politala/ICT/e-presensi-politala/public/index.php(37): CodeIgniter\CodeIgniter->run()
#9 /Users/habibi/Documents/Politala/ICT/e-presensi-politala/vendor/codeigniter4/framework/system/Commands/Server/rewrite.php(43): require_once('/Users/habibi/D...')
#10 {main}
ERROR - 2022-04-13 08:54:12 --> Unknown column 'absen.pgw_id' in 'on clause'
CRITICAL - 2022-04-13 08:54:12 --> Unknown column 'absen.pgw_id' in 'on clause'
#0 /Users/habibi/Documents/Politala/ICT/e-presensi-politala/vendor/codeigniter4/framework/system/Database/MySQLi/Connection.php(292): mysqli->query('SELECT *\nFROM `...', 0)
#1 /Users/habibi/Documents/Politala/ICT/e-presensi-politala/vendor/codeigniter4/framework/system/Database/BaseConnection.php(670): CodeIgniter\Database\MySQLi\Connection->execute('SELECT *\nFROM `...')
#2 /Users/habibi/Documents/Politala/ICT/e-presensi-politala/vendor/codeigniter4/framework/system/Database/BaseConnection.php(598): CodeIgniter\Database\BaseConnection->simpleQuery('SELECT *\nFROM `...')
#3 /Users/habibi/Documents/Politala/ICT/e-presensi-politala/vendor/codeigniter4/framework/system/Database/BaseBuilder.php(1455): CodeIgniter\Database\BaseConnection->query('SELECT *\nFROM `...', Array, false)
#4 /Users/habibi/Documents/Politala/ICT/e-presensi-politala/app/Controllers/Home.php(48): CodeIgniter\Database\BaseBuilder->get()
#5 /Users/habibi/Documents/Politala/ICT/e-presensi-politala/vendor/codeigniter4/framework/system/CodeIgniter.php(832): App\Controllers\Home->ReadAbsen()
#6 /Users/habibi/Documents/Politala/ICT/e-presensi-politala/vendor/codeigniter4/framework/system/CodeIgniter.php(419): CodeIgniter\CodeIgniter->runController(Object(App\Controllers\Home))
#7 /Users/habibi/Documents/Politala/ICT/e-presensi-politala/vendor/codeigniter4/framework/system/CodeIgniter.php(326): CodeIgniter\CodeIgniter->handleRequest(NULL, Object(Config\Cache), false)
#8 /Users/habibi/Documents/Politala/ICT/e-presensi-politala/public/index.php(37): CodeIgniter\CodeIgniter->run()
#9 /Users/habibi/Documents/Politala/ICT/e-presensi-politala/vendor/codeigniter4/framework/system/Commands/Server/rewrite.php(43): require_once('/Users/habibi/D...')
#10 {main}
CRITICAL - 2022-04-13 09:18:58 --> Undefined variable: table
#0 /Users/habibi/Documents/Politala/ICT/e-presensi-politala/app/Models/AbsenModel.php(10): CodeIgniter\Debug\Exceptions->errorHandler(8, 'Undefined varia...', '/Users/habibi/D...', 10, Array)
#1 /Users/habibi/Documents/Politala/ICT/e-presensi-politala/app/Controllers/Home.php(44): App\Models\AbsenModel->getAbsen()
#2 /Users/habibi/Documents/Politala/ICT/e-presensi-politala/vendor/codeigniter4/framework/system/CodeIgniter.php(832): App\Controllers\Home->ReadAbsen()
#3 /Users/habibi/Documents/Politala/ICT/e-presensi-politala/vendor/codeigniter4/framework/system/CodeIgniter.php(419): CodeIgniter\CodeIgniter->runController(Object(App\Controllers\Home))
#4 /Users/habibi/Documents/Politala/ICT/e-presensi-politala/vendor/codeigniter4/framework/system/CodeIgniter.php(326): CodeIgniter\CodeIgniter->handleRequest(NULL, Object(Config\Cache), false)
#5 /Users/habibi/Documents/Politala/ICT/e-presensi-politala/public/index.php(37): CodeIgniter\CodeIgniter->run()
#6 /Users/habibi/Documents/Politala/ICT/e-presensi-politala/vendor/codeigniter4/framework/system/Commands/Server/rewrite.php(43): require_once('/Users/habibi/D...')
#7 {main}
CRITICAL - 2022-04-13 09:19:05 --> Use of undefined constant table - assumed 'table' (this will throw an Error in a future version of PHP)
#0 /Users/habibi/Documents/Politala/ICT/e-presensi-politala/app/Models/AbsenModel.php(10): CodeIgniter\Debug\Exceptions->errorHandler(2, 'Use of undefine...', '/Users/habibi/D...', 10, Array)
#1 /Users/habibi/Documents/Politala/ICT/e-presensi-politala/app/Controllers/Home.php(44): App\Models\AbsenModel->getAbsen()
#2 /Users/habibi/Documents/Politala/ICT/e-presensi-politala/vendor/codeigniter4/framework/system/CodeIgniter.php(832): App\Controllers\Home->ReadAbsen()
#3 /Users/habibi/Documents/Politala/ICT/e-presensi-politala/vendor/codeigniter4/framework/system/CodeIgniter.php(419): CodeIgniter\CodeIgniter->runController(Object(App\Controllers\Home))
#4 /Users/habibi/Documents/Politala/ICT/e-presensi-politala/vendor/codeigniter4/framework/system/CodeIgniter.php(326): CodeIgniter\CodeIgniter->handleRequest(NULL, Object(Config\Cache), false)
#5 /Users/habibi/Documents/Politala/ICT/e-presensi-politala/public/index.php(37): CodeIgniter\CodeIgniter->run()
#6 /Users/habibi/Documents/Politala/ICT/e-presensi-politala/vendor/codeigniter4/framework/system/Commands/Server/rewrite.php(43): require_once('/Users/habibi/D...')
#7 {main}
CRITICAL - 2022-04-13 09:26:26 --> Undefined variable: allabsen
#0 /Users/habibi/Documents/Politala/ICT/e-presensi-politala/app/Views/layout/_navbar.php(40): CodeIgniter\Debug\Exceptions->errorHandler(8, 'Undefined varia...', '/Users/habibi/D...', 40, Array)
#1 /Users/habibi/Documents/Politala/ICT/e-presensi-politala/vendor/codeigniter4/framework/system/View/View.php(210): include('/Users/habibi/D...')
#2 /Users/habibi/Documents/Politala/ICT/e-presensi-politala/vendor/codeigniter4/framework/system/View/View.php(213): CodeIgniter\View\View->CodeIgniter\View\{closure}()
#3 /Users/habibi/Documents/Politala/ICT/e-presensi-politala/vendor/codeigniter4/framework/system/Common.php(1089): CodeIgniter\View\View->render('/layout/_navbar', Array, true)
#4 /Users/habibi/Documents/Politala/ICT/e-presensi-politala/app/Views/_user/_index.php(2): view('/layout/_navbar')
#5 /Users/habibi/Documents/Politala/ICT/e-presensi-politala/vendor/codeigniter4/framework/system/View/View.php(210): include('/Users/habibi/D...')
#6 /Users/habibi/Documents/Politala/ICT/e-presensi-politala/vendor/codeigniter4/framework/system/View/View.php(213): CodeIgniter\View\View->CodeIgniter\View\{closure}()
#7 /Users/habibi/Documents/Politala/ICT/e-presensi-politala/vendor/codeigniter4/framework/system/Common.php(1089): CodeIgniter\View\View->render('_user/_index', Array, true)
#8 /Users/habibi/Documents/Politala/ICT/e-presensi-politala/app/Controllers/Home.php(18): view('_user/_index')
#9 /Users/habibi/Documents/Politala/ICT/e-presensi-politala/vendor/codeigniter4/framework/system/CodeIgniter.php(832): App\Controllers\Home->home()
#10 /Users/habibi/Documents/Politala/ICT/e-presensi-politala/vendor/codeigniter4/framework/system/CodeIgniter.php(419): CodeIgniter\CodeIgniter->runController(Object(App\Controllers\Home))
#11 /Users/habibi/Documents/Politala/ICT/e-presensi-politala/vendor/codeigniter4/framework/system/CodeIgniter.php(326): CodeIgniter\CodeIgniter->handleRequest(NULL, Object(Config\Cache), false)
#12 /Users/habibi/Documents/Politala/ICT/e-presensi-politala/public/index.php(37): CodeIgniter\CodeIgniter->run()
#13 /Users/habibi/Documents/Politala/ICT/e-presensi-politala/vendor/codeigniter4/framework/system/Commands/Server/rewrite.php(43): require_once('/Users/habibi/D...')
#14 {main}
ERROR - 2022-04-13 09:52:08 --> Unknown column 'abs_tanggal' in 'order clause'
CRITICAL - 2022-04-13 09:52:08 --> Unknown column 'abs_tanggal' in 'order clause'
#0 /Users/habibi/Documents/Politala/ICT/e-presensi-politala/vendor/codeigniter4/framework/system/Database/MySQLi/Connection.php(292): mysqli->query('SELECT *\nFROM `...', 0)
#1 /Users/habibi/Documents/Politala/ICT/e-presensi-politala/vendor/codeigniter4/framework/system/Database/BaseConnection.php(670): CodeIgniter\Database\MySQLi\Connection->execute('SELECT *\nFROM `...')
#2 /Users/habibi/Documents/Politala/ICT/e-presensi-politala/vendor/codeigniter4/framework/system/Database/BaseConnection.php(598): CodeIgniter\Database\BaseConnection->simpleQuery('SELECT *\nFROM `...')
#3 /Users/habibi/Documents/Politala/ICT/e-presensi-politala/vendor/codeigniter4/framework/system/Database/BaseBuilder.php(1455): CodeIgniter\Database\BaseConnection->query('SELECT *\nFROM `...', Array, false)
#4 /Users/habibi/Documents/Politala/ICT/e-presensi-politala/app/Models/AbsenModel.php(14): CodeIgniter\Database\BaseBuilder->get()
#5 /Users/habibi/Documents/Politala/ICT/e-presensi-politala/app/Controllers/Home.php(44): App\Models\AbsenModel->getAbsen()
#6 /Users/habibi/Documents/Politala/ICT/e-presensi-politala/vendor/codeigniter4/framework/system/CodeIgniter.php(832): App\Controllers\Home->ReadAbsen()
#7 /Users/habibi/Documents/Politala/ICT/e-presensi-politala/vendor/codeigniter4/framework/system/CodeIgniter.php(419): CodeIgniter\CodeIgniter->runController(Object(App\Controllers\Home))
#8 /Users/habibi/Documents/Politala/ICT/e-presensi-politala/vendor/codeigniter4/framework/system/CodeIgniter.php(326): CodeIgniter\CodeIgniter->handleRequest(NULL, Object(Config\Cache), false)
#9 /Users/habibi/Documents/Politala/ICT/e-presensi-politala/public/index.php(37): CodeIgniter\CodeIgniter->run()
#10 /Users/habibi/Documents/Politala/ICT/e-presensi-politala/vendor/codeigniter4/framework/system/Commands/Server/rewrite.php(43): require_once('/Users/habibi/D...')
#11 {main}
ERROR - 2022-04-13 09:52:11 --> Unknown column 'abs_tanggal' in 'order clause'
CRITICAL - 2022-04-13 09:52:11 --> Unknown column 'abs_tanggal' in 'order clause'
#0 /Users/habibi/Documents/Politala/ICT/e-presensi-politala/vendor/codeigniter4/framework/system/Database/MySQLi/Connection.php(292): mysqli->query('SELECT *\nFROM `...', 0)
#1 /Users/habibi/Documents/Politala/ICT/e-presensi-politala/vendor/codeigniter4/framework/system/Database/BaseConnection.php(670): CodeIgniter\Database\MySQLi\Connection->execute('SELECT *\nFROM `...')
#2 /Users/habibi/Documents/Politala/ICT/e-presensi-politala/vendor/codeigniter4/framework/system/Database/BaseConnection.php(598): CodeIgniter\Database\BaseConnection->simpleQuery('SELECT *\nFROM `...')
#3 /Users/habibi/Documents/Politala/ICT/e-presensi-politala/vendor/codeigniter4/framework/system/Database/BaseBuilder.php(1455): CodeIgniter\Database\BaseConnection->query('SELECT *\nFROM `...', Array, false)
#4 /Users/habibi/Documents/Politala/ICT/e-presensi-politala/app/Models/AbsenModel.php(14): CodeIgniter\Database\BaseBuilder->get()
#5 /Users/habibi/Documents/Politala/ICT/e-presensi-politala/app/Controllers/Home.php(44): App\Models\AbsenModel->getAbsen()
#6 /Users/habibi/Documents/Politala/ICT/e-presensi-politala/vendor/codeigniter4/framework/system/CodeIgniter.php(832): App\Controllers\Home->ReadAbsen()
#7 /Users/habibi/Documents/Politala/ICT/e-presensi-politala/vendor/codeigniter4/framework/system/CodeIgniter.php(419): CodeIgniter\CodeIgniter->runController(Object(App\Controllers\Home))
#8 /Users/habibi/Documents/Politala/ICT/e-presensi-politala/vendor/codeigniter4/framework/system/CodeIgniter.php(326): CodeIgniter\CodeIgniter->handleRequest(NULL, Object(Config\Cache), false)
#9 /Users/habibi/Documents/Politala/ICT/e-presensi-politala/public/index.php(37): CodeIgniter\CodeIgniter->run()
#10 /Users/habibi/Documents/Politala/ICT/e-presensi-politala/vendor/codeigniter4/framework/system/Commands/Server/rewrite.php(43): require_once('/Users/habibi/D...')
#11 {main}
CRITICAL - 2022-04-13 09:52:42 --> Use of undefined constant desc - assumed 'desc' (this will throw an Error in a future version of PHP)
#0 /Users/habibi/Documents/Politala/ICT/e-presensi-politala/app/Models/AbsenModel.php(13): CodeIgniter\Debug\Exceptions->errorHandler(2, 'Use of undefine...', '/Users/habibi/D...', 13, Array)
#1 /Users/habibi/Documents/Politala/ICT/e-presensi-politala/app/Controllers/Home.php(44): App\Models\AbsenModel->getAbsen()
#2 /Users/habibi/Documents/Politala/ICT/e-presensi-politala/vendor/codeigniter4/framework/system/CodeIgniter.php(832): App\Controllers\Home->ReadAbsen()
#3 /Users/habibi/Documents/Politala/ICT/e-presensi-politala/vendor/codeigniter4/framework/system/CodeIgniter.php(419): CodeIgniter\CodeIgniter->runController(Object(App\Controllers\Home))
#4 /Users/habibi/Documents/Politala/ICT/e-presensi-politala/vendor/codeigniter4/framework/system/CodeIgniter.php(326): CodeIgniter\CodeIgniter->handleRequest(NULL, Object(Config\Cache), false)
#5 /Users/habibi/Documents/Politala/ICT/e-presensi-politala/public/index.php(37): CodeIgniter\CodeIgniter->run()
#6 /Users/habibi/Documents/Politala/ICT/e-presensi-politala/vendor/codeigniter4/framework/system/Commands/Server/rewrite.php(43): require_once('/Users/habibi/D...')
#7 {main}
CRITICAL - 2022-04-13 09:55:08 --> Allowed fields must be specified for model: App\Models\AbsenModel
#0 /Users/habibi/Documents/Politala/ICT/e-presensi-politala/vendor/codeigniter4/framework/system/BaseModel.php(1138): CodeIgniter\Database\Exceptions\DataException::forInvalidAllowedFields('App\\Models\\Abse...')
#1 /Users/habibi/Documents/Politala/ICT/e-presensi-politala/vendor/codeigniter4/framework/system/BaseModel.php(713): CodeIgniter\BaseModel->doProtectFields(Array)
#2 /Users/habibi/Documents/Politala/ICT/e-presensi-politala/vendor/codeigniter4/framework/system/Model.php(625): CodeIgniter\BaseModel->insert(Array, false)
#3 /Users/habibi/Documents/Politala/ICT/e-presensi-politala/vendor/codeigniter4/framework/system/BaseModel.php(658): CodeIgniter\Model->insert(Array, false)
#4 /Users/habibi/Documents/Politala/ICT/e-presensi-politala/app/Controllers/Home.php(36): CodeIgniter\BaseModel->save(Array)
#5 /Users/habibi/Documents/Politala/ICT/e-presensi-politala/vendor/codeigniter4/framework/system/CodeIgniter.php(832): App\Controllers\Home->CreateAbsen()
#6 /Users/habibi/Documents/Politala/ICT/e-presensi-politala/vendor/codeigniter4/framework/system/CodeIgniter.php(419): CodeIgniter\CodeIgniter->runController(Object(App\Controllers\Home))
#7 /Users/habibi/Documents/Politala/ICT/e-presensi-politala/vendor/codeigniter4/framework/system/CodeIgniter.php(326): CodeIgniter\CodeIgniter->handleRequest(NULL, Object(Config\Cache), false)
#8 /Users/habibi/Documents/Politala/ICT/e-presensi-politala/public/index.php(37): CodeIgniter\CodeIgniter->run()
#9 /Users/habibi/Documents/Politala/ICT/e-presensi-politala/vendor/codeigniter4/framework/system/Commands/Server/rewrite.php(43): require_once('/Users/habibi/D...')
#10 {main}
CRITICAL - 2022-04-13 09:55:09 --> Allowed fields must be specified for model: App\Models\AbsenModel
#0 /Users/habibi/Documents/Politala/ICT/e-presensi-politala/vendor/codeigniter4/framework/system/BaseModel.php(1138): CodeIgniter\Database\Exceptions\DataException::forInvalidAllowedFields('App\\Models\\Abse...')
#1 /Users/habibi/Documents/Politala/ICT/e-presensi-politala/vendor/codeigniter4/framework/system/BaseModel.php(713): CodeIgniter\BaseModel->doProtectFields(Array)
#2 /Users/habibi/Documents/Politala/ICT/e-presensi-politala/vendor/codeigniter4/framework/system/Model.php(625): CodeIgniter\BaseModel->insert(Array, false)
#3 /Users/habibi/Documents/Politala/ICT/e-presensi-politala/vendor/codeigniter4/framework/system/BaseModel.php(658): CodeIgniter\Model->insert(Array, false)
#4 /Users/habibi/Documents/Politala/ICT/e-presensi-politala/app/Controllers/Home.php(36): CodeIgniter\BaseModel->save(Array)
#5 /Users/habibi/Documents/Politala/ICT/e-presensi-politala/vendor/codeigniter4/framework/system/CodeIgniter.php(832): App\Controllers\Home->CreateAbsen()
#6 /Users/habibi/Documents/Politala/ICT/e-presensi-politala/vendor/codeigniter4/framework/system/CodeIgniter.php(419): CodeIgniter\CodeIgniter->runController(Object(App\Controllers\Home))
#7 /Users/habibi/Documents/Politala/ICT/e-presensi-politala/vendor/codeigniter4/framework/system/CodeIgniter.php(326): CodeIgniter\CodeIgniter->handleRequest(NULL, Object(Config\Cache), false)
#8 /Users/habibi/Documents/Politala/ICT/e-presensi-politala/public/index.php(37): CodeIgniter\CodeIgniter->run()
#9 /Users/habibi/Documents/Politala/ICT/e-presensi-politala/vendor/codeigniter4/framework/system/Commands/Server/rewrite.php(43): require_once('/Users/habibi/D...')
#10 {main}
CRITICAL - 2022-04-13 09:55:09 --> Allowed fields must be specified for model: App\Models\AbsenModel
#0 /Users/habibi/Documents/Politala/ICT/e-presensi-politala/vendor/codeigniter4/framework/system/BaseModel.php(1138): CodeIgniter\Database\Exceptions\DataException::forInvalidAllowedFields('App\\Models\\Abse...')
#1 /Users/habibi/Documents/Politala/ICT/e-presensi-politala/vendor/codeigniter4/framework/system/BaseModel.php(713): CodeIgniter\BaseModel->doProtectFields(Array)
#2 /Users/habibi/Documents/Politala/ICT/e-presensi-politala/vendor/codeigniter4/framework/system/Model.php(625): CodeIgniter\BaseModel->insert(Array, false)
#3 /Users/habibi/Documents/Politala/ICT/e-presensi-politala/vendor/codeigniter4/framework/system/BaseModel.php(658): CodeIgniter\Model->insert(Array, false)
#4 /Users/habibi/Documents/Politala/ICT/e-presensi-politala/app/Controllers/Home.php(36): CodeIgniter\BaseModel->save(Array)
#5 /Users/habibi/Documents/Politala/ICT/e-presensi-politala/vendor/codeigniter4/framework/system/CodeIgniter.php(832): App\Controllers\Home->CreateAbsen()
#6 /Users/habibi/Documents/Politala/ICT/e-presensi-politala/vendor/codeigniter4/framework/system/CodeIgniter.php(419): CodeIgniter\CodeIgniter->runController(Object(App\Controllers\Home))
#7 /Users/habibi/Documents/Politala/ICT/e-presensi-politala/vendor/codeigniter4/framework/system/CodeIgniter.php(326): CodeIgniter\CodeIgniter->handleRequest(NULL, Object(Config\Cache), false)
#8 /Users/habibi/Documents/Politala/ICT/e-presensi-politala/public/index.php(37): CodeIgniter\CodeIgniter->run()
#9 /Users/habibi/Documents/Politala/ICT/e-presensi-politala/vendor/codeigniter4/framework/system/Commands/Server/rewrite.php(43): require_once('/Users/habibi/D...')
#10 {main}
CRITICAL - 2022-04-13 09:55:09 --> Allowed fields must be specified for model: App\Models\AbsenModel
#0 /Users/habibi/Documents/Politala/ICT/e-presensi-politala/vendor/codeigniter4/framework/system/BaseModel.php(1138): CodeIgniter\Database\Exceptions\DataException::forInvalidAllowedFields('App\\Models\\Abse...')
#1 /Users/habibi/Documents/Politala/ICT/e-presensi-politala/vendor/codeigniter4/framework/system/BaseModel.php(713): CodeIgniter\BaseModel->doProtectFields(Array)
#2 /Users/habibi/Documents/Politala/ICT/e-presensi-politala/vendor/codeigniter4/framework/system/Model.php(625): CodeIgniter\BaseModel->insert(Array, false)
#3 /Users/habibi/Documents/Politala/ICT/e-presensi-politala/vendor/codeigniter4/framework/system/BaseModel.php(658): CodeIgniter\Model->insert(Array, false)
#4 /Users/habibi/Documents/Politala/ICT/e-presensi-politala/app/Controllers/Home.php(36): CodeIgniter\BaseModel->save(Array)
#5 /Users/habibi/Documents/Politala/ICT/e-presensi-politala/vendor/codeigniter4/framework/system/CodeIgniter.php(832): App\Controllers\Home->CreateAbsen()
#6 /Users/habibi/Documents/Politala/ICT/e-presensi-politala/vendor/codeigniter4/framework/system/CodeIgniter.php(419): CodeIgniter\CodeIgniter->runController(Object(App\Controllers\Home))
#7 /Users/habibi/Documents/Politala/ICT/e-presensi-politala/vendor/codeigniter4/framework/system/CodeIgniter.php(326): CodeIgniter\CodeIgniter->handleRequest(NULL, Object(Config\Cache), false)
#8 /Users/habibi/Documents/Politala/ICT/e-presensi-politala/public/index.php(37): CodeIgniter\CodeIgniter->run()
#9 /Users/habibi/Documents/Politala/ICT/e-presensi-politala/vendor/codeigniter4/framework/system/Commands/Server/rewrite.php(43): require_once('/Users/habibi/D...')
#10 {main}
CRITICAL - 2022-04-13 09:55:36 --> Allowed fields must be specified for model: App\Models\AbsenModel
#0 /Users/habibi/Documents/Politala/ICT/e-presensi-politala/vendor/codeigniter4/framework/system/BaseModel.php(1138): CodeIgniter\Database\Exceptions\DataException::forInvalidAllowedFields('App\\Models\\Abse...')
#1 /Users/habibi/Documents/Politala/ICT/e-presensi-politala/vendor/codeigniter4/framework/system/BaseModel.php(713): CodeIgniter\BaseModel->doProtectFields(Array)
#2 /Users/habibi/Documents/Politala/ICT/e-presensi-politala/vendor/codeigniter4/framework/system/Model.php(625): CodeIgniter\BaseModel->insert(Array, false)
#3 /Users/habibi/Documents/Politala/ICT/e-presensi-politala/vendor/codeigniter4/framework/system/BaseModel.php(658): CodeIgniter\Model->insert(Array, false)
#4 /Users/habibi/Documents/Politala/ICT/e-presensi-politala/app/Controllers/Home.php(36): CodeIgniter\BaseModel->save(Array)
#5 /Users/habibi/Documents/Politala/ICT/e-presensi-politala/vendor/codeigniter4/framework/system/CodeIgniter.php(832): App\Controllers\Home->CreateAbsen()
#6 /Users/habibi/Documents/Politala/ICT/e-presensi-politala/vendor/codeigniter4/framework/system/CodeIgniter.php(419): CodeIgniter\CodeIgniter->runController(Object(App\Controllers\Home))
#7 /Users/habibi/Documents/Politala/ICT/e-presensi-politala/vendor/codeigniter4/framework/system/CodeIgniter.php(326): CodeIgniter\CodeIgniter->handleRequest(NULL, Object(Config\Cache), false)
#8 /Users/habibi/Documents/Politala/ICT/e-presensi-politala/public/index.php(37): CodeIgniter\CodeIgniter->run()
#9 /Users/habibi/Documents/Politala/ICT/e-presensi-politala/vendor/codeigniter4/framework/system/Commands/Server/rewrite.php(43): require_once('/Users/habibi/D...')
#10 {main}
CRITICAL - 2022-04-13 09:55:37 --> Allowed fields must be specified for model: App\Models\AbsenModel
#0 /Users/habibi/Documents/Politala/ICT/e-presensi-politala/vendor/codeigniter4/framework/system/BaseModel.php(1138): CodeIgniter\Database\Exceptions\DataException::forInvalidAllowedFields('App\\Models\\Abse...')
#1 /Users/habibi/Documents/Politala/ICT/e-presensi-politala/vendor/codeigniter4/framework/system/BaseModel.php(713): CodeIgniter\BaseModel->doProtectFields(Array)
#2 /Users/habibi/Documents/Politala/ICT/e-presensi-politala/vendor/codeigniter4/framework/system/Model.php(625): CodeIgniter\BaseModel->insert(Array, false)
#3 /Users/habibi/Documents/Politala/ICT/e-presensi-politala/vendor/codeigniter4/framework/system/BaseModel.php(658): CodeIgniter\Model->insert(Array, false)
#4 /Users/habibi/Documents/Politala/ICT/e-presensi-politala/app/Controllers/Home.php(36): CodeIgniter\BaseModel->save(Array)
#5 /Users/habibi/Documents/Politala/ICT/e-presensi-politala/vendor/codeigniter4/framework/system/CodeIgniter.php(832): App\Controllers\Home->CreateAbsen()
#6 /Users/habibi/Documents/Politala/ICT/e-presensi-politala/vendor/codeigniter4/framework/system/CodeIgniter.php(419): CodeIgniter\CodeIgniter->runController(Object(App\Controllers\Home))
#7 /Users/habibi/Documents/Politala/ICT/e-presensi-politala/vendor/codeigniter4/framework/system/CodeIgniter.php(326): CodeIgniter\CodeIgniter->handleRequest(NULL, Object(Config\Cache), false)
#8 /Users/habibi/Documents/Politala/ICT/e-presensi-politala/public/index.php(37): CodeIgniter\CodeIgniter->run()
#9 /Users/habibi/Documents/Politala/ICT/e-presensi-politala/vendor/codeigniter4/framework/system/Commands/Server/rewrite.php(43): require_once('/Users/habibi/D...')
#10 {main}
CRITICAL - 2022-04-13 09:55:37 --> Allowed fields must be specified for model: App\Models\AbsenModel
#0 /Users/habibi/Documents/Politala/ICT/e-presensi-politala/vendor/codeigniter4/framework/system/BaseModel.php(1138): CodeIgniter\Database\Exceptions\DataException::forInvalidAllowedFields('App\\Models\\Abse...')
#1 /Users/habibi/Documents/Politala/ICT/e-presensi-politala/vendor/codeigniter4/framework/system/BaseModel.php(713): CodeIgniter\BaseModel->doProtectFields(Array)
#2 /Users/habibi/Documents/Politala/ICT/e-presensi-politala/vendor/codeigniter4/framework/system/Model.php(625): CodeIgniter\BaseModel->insert(Array, false)
#3 /Users/habibi/Documents/Politala/ICT/e-presensi-politala/vendor/codeigniter4/framework/system/BaseModel.php(658): CodeIgniter\Model->insert(Array, false)
#4 /Users/habibi/Documents/Politala/ICT/e-presensi-politala/app/Controllers/Home.php(36): CodeIgniter\BaseModel->save(Array)
#5 /Users/habibi/Documents/Politala/ICT/e-presensi-politala/vendor/codeigniter4/framework/system/CodeIgniter.php(832): App\Controllers\Home->CreateAbsen()
#6 /Users/habibi/Documents/Politala/ICT/e-presensi-politala/vendor/codeigniter4/framework/system/CodeIgniter.php(419): CodeIgniter\CodeIgniter->runController(Object(App\Controllers\Home))
#7 /Users/habibi/Documents/Politala/ICT/e-presensi-politala/vendor/codeigniter4/framework/system/CodeIgniter.php(326): CodeIgniter\CodeIgniter->handleRequest(NULL, Object(Config\Cache), false)
#8 /Users/habibi/Documents/Politala/ICT/e-presensi-politala/public/index.php(37): CodeIgniter\CodeIgniter->run()
#9 /Users/habibi/Documents/Politala/ICT/e-presensi-politala/vendor/codeigniter4/framework/system/Commands/Server/rewrite.php(43): require_once('/Users/habibi/D...')
#10 {main}
CRITICAL - 2022-04-13 09:57:00 --> Allowed fields must be specified for model: App\Models\AbsenModel
#0 /Users/habibi/Documents/Politala/ICT/e-presensi-politala/vendor/codeigniter4/framework/system/BaseModel.php(1138): CodeIgniter\Database\Exceptions\DataException::forInvalidAllowedFields('App\\Models\\Abse...')
#1 /Users/habibi/Documents/Politala/ICT/e-presensi-politala/vendor/codeigniter4/framework/system/BaseModel.php(713): CodeIgniter\BaseModel->doProtectFields(Array)
#2 /Users/habibi/Documents/Politala/ICT/e-presensi-politala/vendor/codeigniter4/framework/system/Model.php(625): CodeIgniter\BaseModel->insert(Array, false)
#3 /Users/habibi/Documents/Politala/ICT/e-presensi-politala/vendor/codeigniter4/framework/system/BaseModel.php(658): CodeIgniter\Model->insert(Array, false)
#4 /Users/habibi/Documents/Politala/ICT/e-presensi-politala/app/Controllers/Home.php(36): CodeIgniter\BaseModel->save(Array)
#5 /Users/habibi/Documents/Politala/ICT/e-presensi-politala/vendor/codeigniter4/framework/system/CodeIgniter.php(832): App\Controllers\Home->CreateAbsen()
#6 /Users/habibi/Documents/Politala/ICT/e-presensi-politala/vendor/codeigniter4/framework/system/CodeIgniter.php(419): CodeIgniter\CodeIgniter->runController(Object(App\Controllers\Home))
#7 /Users/habibi/Documents/Politala/ICT/e-presensi-politala/vendor/codeigniter4/framework/system/CodeIgniter.php(326): CodeIgniter\CodeIgniter->handleRequest(NULL, Object(Config\Cache), false)
#8 /Users/habibi/Documents/Politala/ICT/e-presensi-politala/public/index.php(37): CodeIgniter\CodeIgniter->run()
#9 /Users/habibi/Documents/Politala/ICT/e-presensi-politala/vendor/codeigniter4/framework/system/Commands/Server/rewrite.php(43): require_once('/Users/habibi/D...')
#10 {main}
ERROR - 2022-04-13 09:58:35 --> Duplicate entry '2022-04-13' for key 'abs_tgl'
CRITICAL - 2022-04-13 09:58:35 --> Duplicate entry '2022-04-13' for key 'abs_tgl'
#0 /Users/habibi/Documents/Politala/ICT/e-presensi-politala/vendor/codeigniter4/framework/system/Database/MySQLi/Connection.php(292): mysqli->query('INSERT INTO `ab...', 0)
#1 /Users/habibi/Documents/Politala/ICT/e-presensi-politala/vendor/codeigniter4/framework/system/Database/BaseConnection.php(670): CodeIgniter\Database\MySQLi\Connection->execute('INSERT INTO `ab...')
#2 /Users/habibi/Documents/Politala/ICT/e-presensi-politala/vendor/codeigniter4/framework/system/Database/BaseConnection.php(598): CodeIgniter\Database\BaseConnection->simpleQuery('INSERT INTO `ab...')
#3 /Users/habibi/Documents/Politala/ICT/e-presensi-politala/vendor/codeigniter4/framework/system/Database/BaseBuilder.php(1771): CodeIgniter\Database\BaseConnection->query('INSERT INTO `ab...', Array, false)
#4 /Users/habibi/Documents/Politala/ICT/e-presensi-politala/vendor/codeigniter4/framework/system/Model.php(239): CodeIgniter\Database\BaseBuilder->insert()
#5 /Users/habibi/Documents/Politala/ICT/e-presensi-politala/vendor/codeigniter4/framework/system/BaseModel.php(738): CodeIgniter\Model->doInsert(Array)
#6 /Users/habibi/Documents/Politala/ICT/e-presensi-politala/vendor/codeigniter4/framework/system/Model.php(625): CodeIgniter\BaseModel->insert(Array, false)
#7 /Users/habibi/Documents/Politala/ICT/e-presensi-politala/vendor/codeigniter4/framework/system/BaseModel.php(658): CodeIgniter\Model->insert(Array, false)
#8 /Users/habibi/Documents/Politala/ICT/e-presensi-politala/app/Controllers/Home.php(36): CodeIgniter\BaseModel->save(Array)
#9 /Users/habibi/Documents/Politala/ICT/e-presensi-politala/vendor/codeigniter4/framework/system/CodeIgniter.php(832): App\Controllers\Home->CreateAbsen()
#10 /Users/habibi/Documents/Politala/ICT/e-presensi-politala/vendor/codeigniter4/framework/system/CodeIgniter.php(419): CodeIgniter\CodeIgniter->runController(Object(App\Controllers\Home))
#11 /Users/habibi/Documents/Politala/ICT/e-presensi-politala/vendor/codeigniter4/framework/system/CodeIgniter.php(326): CodeIgniter\CodeIgniter->handleRequest(NULL, Object(Config\Cache), false)
#12 /Users/habibi/Documents/Politala/ICT/e-presensi-politala/public/index.php(37): CodeIgniter\CodeIgniter->run()
#13 /Users/habibi/Documents/Politala/ICT/e-presensi-politala/vendor/codeigniter4/framework/system/Commands/Server/rewrite.php(43): require_once('/Users/habibi/D...')
#14 {main}
CRITICAL - 2022-04-13 10:21:46 --> Undefined variable: row
#0 /Users/habibi/Documents/Politala/ICT/e-presensi-politala/app/Views/_user/_index.php(56): CodeIgniter\Debug\Exceptions->errorHandler(8, 'Undefined varia...', '/Users/habibi/D...', 56, Array)
#1 /Users/habibi/Documents/Politala/ICT/e-presensi-politala/vendor/codeigniter4/framework/system/View/View.php(210): include('/Users/habibi/D...')
#2 /Users/habibi/Documents/Politala/ICT/e-presensi-politala/vendor/codeigniter4/framework/system/View/View.php(213): CodeIgniter\View\View->CodeIgniter\View\{closure}()
#3 /Users/habibi/Documents/Politala/ICT/e-presensi-politala/vendor/codeigniter4/framework/system/Common.php(1089): CodeIgniter\View\View->render('_user/_index', Array, true)
#4 /Users/habibi/Documents/Politala/ICT/e-presensi-politala/app/Controllers/Home.php(18): view('_user/_index')
#5 /Users/habibi/Documents/Politala/ICT/e-presensi-politala/vendor/codeigniter4/framework/system/CodeIgniter.php(832): App\Controllers\Home->home()
#6 /Users/habibi/Documents/Politala/ICT/e-presensi-politala/vendor/codeigniter4/framework/system/CodeIgniter.php(419): CodeIgniter\CodeIgniter->runController(Object(App\Controllers\Home))
#7 /Users/habibi/Documents/Politala/ICT/e-presensi-politala/vendor/codeigniter4/framework/system/CodeIgniter.php(326): CodeIgniter\CodeIgniter->handleRequest(NULL, Object(Config\Cache), false)
#8 /Users/habibi/Documents/Politala/ICT/e-presensi-politala/public/index.php(37): CodeIgniter\CodeIgniter->run()
#9 /Users/habibi/Documents/Politala/ICT/e-presensi-politala/vendor/codeigniter4/framework/system/Commands/Server/rewrite.php(43): require_once('/Users/habibi/D...')
#10 {main}
CRITICAL - 2022-04-13 10:25:01 --> Undefined variable: config
#0 /Users/habibi/Documents/Politala/ICT/e-presensi-politala/app/Views/_auth/_login.php(17): CodeIgniter\Debug\Exceptions->errorHandler(8, 'Undefined varia...', '/Users/habibi/D...', 17, Array)
#1 /Users/habibi/Documents/Politala/ICT/e-presensi-politala/vendor/codeigniter4/framework/system/View/View.php(210): include('/Users/habibi/D...')
#2 /Users/habibi/Documents/Politala/ICT/e-presensi-politala/vendor/codeigniter4/framework/system/View/View.php(213): CodeIgniter\View\View->CodeIgniter\View\{closure}()
#3 /Users/habibi/Documents/Politala/ICT/e-presensi-politala/vendor/codeigniter4/framework/system/Common.php(1089): CodeIgniter\View\View->render('_auth/_login', Array, true)
#4 /Users/habibi/Documents/Politala/ICT/e-presensi-politala/app/Controllers/Home.php(13): view('_auth/_login')
#5 /Users/habibi/Documents/Politala/ICT/e-presensi-politala/vendor/codeigniter4/framework/system/CodeIgniter.php(832): App\Controllers\Home->index()
#6 /Users/habibi/Documents/Politala/ICT/e-presensi-politala/vendor/codeigniter4/framework/system/CodeIgniter.php(419): CodeIgniter\CodeIgniter->runController(Object(App\Controllers\Home))
#7 /Users/habibi/Documents/Politala/ICT/e-presensi-politala/vendor/codeigniter4/framework/system/CodeIgniter.php(326): CodeIgniter\CodeIgniter->handleRequest(NULL, Object(Config\Cache), false)
#8 /Users/habibi/Documents/Politala/ICT/e-presensi-politala/public/index.php(37): CodeIgniter\CodeIgniter->run()
#9 /Users/habibi/Documents/Politala/ICT/e-presensi-politala/vendor/codeigniter4/framework/system/Commands/Server/rewrite.php(43): require_once('/Users/habibi/D...')
#10 {main}
CRITICAL - 2022-04-13 10:26:39 --> Undefined variable: row
#0 /Users/habibi/Documents/Politala/ICT/e-presensi-politala/app/Views/_user/_index.php(56): CodeIgniter\Debug\Exceptions->errorHandler(8, 'Undefined varia...', '/Users/habibi/D...', 56, Array)
#1 /Users/habibi/Documents/Politala/ICT/e-presensi-politala/vendor/codeigniter4/framework/system/View/View.php(210): include('/Users/habibi/D...')
#2 /Users/habibi/Documents/Politala/ICT/e-presensi-politala/vendor/codeigniter4/framework/system/View/View.php(213): CodeIgniter\View\View->CodeIgniter\View\{closure}()
#3 /Users/habibi/Documents/Politala/ICT/e-presensi-politala/vendor/codeigniter4/framework/system/Common.php(1089): CodeIgniter\View\View->render('_user/_index', Array, true)
#4 /Users/habibi/Documents/Politala/ICT/e-presensi-politala/app/Controllers/Home.php(18): view('_user/_index')
#5 /Users/habibi/Documents/Politala/ICT/e-presensi-politala/vendor/codeigniter4/framework/system/CodeIgniter.php(832): App\Controllers\Home->home()
#6 /Users/habibi/Documents/Politala/ICT/e-presensi-politala/vendor/codeigniter4/framework/system/CodeIgniter.php(419): CodeIgniter\CodeIgniter->runController(Object(App\Controllers\Home))
#7 /Users/habibi/Documents/Politala/ICT/e-presensi-politala/vendor/codeigniter4/framework/system/CodeIgniter.php(326): CodeIgniter\CodeIgniter->handleRequest(NULL, Object(Config\Cache), false)
#8 /Users/habibi/Documents/Politala/ICT/e-presensi-politala/public/index.php(37): CodeIgniter\CodeIgniter->run()
#9 /Users/habibi/Documents/Politala/ICT/e-presensi-politala/vendor/codeigniter4/framework/system/Commands/Server/rewrite.php(43): require_once('/Users/habibi/D...')
#10 {main}
CRITICAL - 2022-04-13 10:35:58 --> Undefined variable: row
#0 /Users/habibi/Documents/Politala/ICT/e-presensi-politala/app/Views/_user/_index.php(56): CodeIgniter\Debug\Exceptions->errorHandler(8, 'Undefined varia...', '/Users/habibi/D...', 56, Array)
#1 /Users/habibi/Documents/Politala/ICT/e-presensi-politala/vendor/codeigniter4/framework/system/View/View.php(210): include('/Users/habibi/D...')
#2 /Users/habibi/Documents/Politala/ICT/e-presensi-politala/vendor/codeigniter4/framework/system/View/View.php(213): CodeIgniter\View\View->CodeIgniter\View\{closure}()
#3 /Users/habibi/Documents/Politala/ICT/e-presensi-politala/vendor/codeigniter4/framework/system/Common.php(1089): CodeIgniter\View\View->render('_user/_index', Array, true)
#4 /Users/habibi/Documents/Politala/ICT/e-presensi-politala/app/Controllers/Home.php(18): view('_user/_index')
#5 /Users/habibi/Documents/Politala/ICT/e-presensi-politala/vendor/codeigniter4/framework/system/CodeIgniter.php(832): App\Controllers\Home->home()
#6 /Users/habibi/Documents/Politala/ICT/e-presensi-politala/vendor/codeigniter4/framework/system/CodeIgniter.php(419): CodeIgniter\CodeIgniter->runController(Object(App\Controllers\Home))
#7 /Users/habibi/Documents/Politala/ICT/e-presensi-politala/vendor/codeigniter4/framework/system/CodeIgniter.php(326): CodeIgniter\CodeIgniter->handleRequest(NULL, Object(Config\Cache), false)
#8 /Users/habibi/Documents/Politala/ICT/e-presensi-politala/public/index.php(37): CodeIgniter\CodeIgniter->run()
#9 /Users/habibi/Documents/Politala/ICT/e-presensi-politala/vendor/codeigniter4/framework/system/Commands/Server/rewrite.php(43): require_once('/Users/habibi/D...')
#10 {main}
CRITICAL - 2022-04-13 10:56:54 --> Undefined variable: result
#0 /Users/habibi/Documents/Politala/ICT/e-presensi-politala/app/Views/_user/_index.php(56): CodeIgniter\Debug\Exceptions->errorHandler(8, 'Undefined varia...', '/Users/habibi/D...', 56, Array)
#1 /Users/habibi/Documents/Politala/ICT/e-presensi-politala/vendor/codeigniter4/framework/system/View/View.php(210): include('/Users/habibi/D...')
#2 /Users/habibi/Documents/Politala/ICT/e-presensi-politala/vendor/codeigniter4/framework/system/View/View.php(213): CodeIgniter\View\View->CodeIgniter\View\{closure}()
#3 /Users/habibi/Documents/Politala/ICT/e-presensi-politala/vendor/codeigniter4/framework/system/Common.php(1089): CodeIgniter\View\View->render('_user/_index', Array, true)
#4 /Users/habibi/Documents/Politala/ICT/e-presensi-politala/app/Controllers/Home.php(18): view('_user/_index')
#5 /Users/habibi/Documents/Politala/ICT/e-presensi-politala/vendor/codeigniter4/framework/system/CodeIgniter.php(832): App\Controllers\Home->home()
#6 /Users/habibi/Documents/Politala/ICT/e-presensi-politala/vendor/codeigniter4/framework/system/CodeIgniter.php(419): CodeIgniter\CodeIgniter->runController(Object(App\Controllers\Home))
#7 /Users/habibi/Documents/Politala/ICT/e-presensi-politala/vendor/codeigniter4/framework/system/CodeIgniter.php(326): CodeIgniter\CodeIgniter->handleRequest(NULL, Object(Config\Cache), false)
#8 /Users/habibi/Documents/Politala/ICT/e-presensi-politala/public/index.php(37): CodeIgniter\CodeIgniter->run()
#9 /Users/habibi/Documents/Politala/ICT/e-presensi-politala/vendor/codeigniter4/framework/system/Commands/Server/rewrite.php(43): require_once('/Users/habibi/D...')
#10 {main}
CRITICAL - 2022-04-13 10:57:53 --> Undefined variable: result
#0 /Users/habibi/Documents/Politala/ICT/e-presensi-politala/app/Views/_user/_index.php(56): CodeIgniter\Debug\Exceptions->errorHandler(8, 'Undefined varia...', '/Users/habibi/D...', 56, Array)
#1 /Users/habibi/Documents/Politala/ICT/e-presensi-politala/vendor/codeigniter4/framework/system/View/View.php(210): include('/Users/habibi/D...')
#2 /Users/habibi/Documents/Politala/ICT/e-presensi-politala/vendor/codeigniter4/framework/system/View/View.php(213): CodeIgniter\View\View->CodeIgniter\View\{closure}()
#3 /Users/habibi/Documents/Politala/ICT/e-presensi-politala/vendor/codeigniter4/framework/system/Common.php(1089): CodeIgniter\View\View->render('_user/_index', Array, true)
#4 /Users/habibi/Documents/Politala/ICT/e-presensi-politala/app/Controllers/Home.php(18): view('_user/_index')
#5 /Users/habibi/Documents/Politala/ICT/e-presensi-politala/vendor/codeigniter4/framework/system/CodeIgniter.php(832): App\Controllers\Home->home()
#6 /Users/habibi/Documents/Politala/ICT/e-presensi-politala/vendor/codeigniter4/framework/system/CodeIgniter.php(419): CodeIgniter\CodeIgniter->runController(Object(App\Controllers\Home))
#7 /Users/habibi/Documents/Politala/ICT/e-presensi-politala/vendor/codeigniter4/framework/system/CodeIgniter.php(326): CodeIgniter\CodeIgniter->handleRequest(NULL, Object(Config\Cache), false)
#8 /Users/habibi/Documents/Politala/ICT/e-presensi-politala/public/index.php(37): CodeIgniter\CodeIgniter->run()
#9 /Users/habibi/Documents/Politala/ICT/e-presensi-politala/vendor/codeigniter4/framework/system/Commands/Server/rewrite.php(43): require_once('/Users/habibi/D...')
#10 {main}
CRITICAL - 2022-04-13 10:58:24 --> Undefined variable: result
#0 /Users/habibi/Documents/Politala/ICT/e-presensi-politala/app/Views/_user/_index.php(56): CodeIgniter\Debug\Exceptions->errorHandler(8, 'Undefined varia...', '/Users/habibi/D...', 56, Array)
#1 /Users/habibi/Documents/Politala/ICT/e-presensi-politala/vendor/codeigniter4/framework/system/View/View.php(210): include('/Users/habibi/D...')
#2 /Users/habibi/Documents/Politala/ICT/e-presensi-politala/vendor/codeigniter4/framework/system/View/View.php(213): CodeIgniter\View\View->CodeIgniter\View\{closure}()
#3 /Users/habibi/Documents/Politala/ICT/e-presensi-politala/vendor/codeigniter4/framework/system/Common.php(1089): CodeIgniter\View\View->render('_user/_index', Array, true)
#4 /Users/habibi/Documents/Politala/ICT/e-presensi-politala/app/Controllers/Home.php(18): view('_user/_index')
#5 /Users/habibi/Documents/Politala/ICT/e-presensi-politala/vendor/codeigniter4/framework/system/CodeIgniter.php(832): App\Controllers\Home->home()
#6 /Users/habibi/Documents/Politala/ICT/e-presensi-politala/vendor/codeigniter4/framework/system/CodeIgniter.php(419): CodeIgniter\CodeIgniter->runController(Object(App\Controllers\Home))
#7 /Users/habibi/Documents/Politala/ICT/e-presensi-politala/vendor/codeigniter4/framework/system/CodeIgniter.php(326): CodeIgniter\CodeIgniter->handleRequest(NULL, Object(Config\Cache), false)
#8 /Users/habibi/Documents/Politala/ICT/e-presensi-politala/public/index.php(37): CodeIgniter\CodeIgniter->run()
#9 /Users/habibi/Documents/Politala/ICT/e-presensi-politala/vendor/codeigniter4/framework/system/Commands/Server/rewrite.php(43): require_once('/Users/habibi/D...')
#10 {main}
CRITICAL - 2022-04-13 10:58:50 --> Undefined property: App\Controllers\Home::$load
#0 /Users/habibi/Documents/Politala/ICT/e-presensi-politala/app/Controllers/Home.php(56): CodeIgniter\Debug\Exceptions->errorHandler(8, 'Undefined prope...', '/Users/habibi/D...', 56, Array)
#1 /Users/habibi/Documents/Politala/ICT/e-presensi-politala/vendor/codeigniter4/framework/system/CodeIgniter.php(832): App\Controllers\Home->ReadFirstAbsen()
#2 /Users/habibi/Documents/Politala/ICT/e-presensi-politala/vendor/codeigniter4/framework/system/CodeIgniter.php(419): CodeIgniter\CodeIgniter->runController(Object(App\Controllers\Home))
#3 /Users/habibi/Documents/Politala/ICT/e-presensi-politala/vendor/codeigniter4/framework/system/CodeIgniter.php(326): CodeIgniter\CodeIgniter->handleRequest(NULL, Object(Config\Cache), false)
#4 /Users/habibi/Documents/Politala/ICT/e-presensi-politala/public/index.php(37): CodeIgniter\CodeIgniter->run()
#5 /Users/habibi/Documents/Politala/ICT/e-presensi-politala/vendor/codeigniter4/framework/system/Commands/Server/rewrite.php(43): require_once('/Users/habibi/D...')
#6 {main}
CRITICAL - 2022-04-13 11:03:20 --> Argument 2 passed to view() must be of the type array, object given, called in /Users/habibi/Documents/Politala/ICT/e-presensi-politala/app/Controllers/Home.php on line 21
#0 /Users/habibi/Documents/Politala/ICT/e-presensi-politala/app/Controllers/Home.php(21): view('_user/_index', Object(stdClass))
#1 /Users/habibi/Documents/Politala/ICT/e-presensi-politala/vendor/codeigniter4/framework/system/CodeIgniter.php(832): App\Controllers\Home->home()
#2 /Users/habibi/Documents/Politala/ICT/e-presensi-politala/vendor/codeigniter4/framework/system/CodeIgniter.php(419): CodeIgniter\CodeIgniter->runController(Object(App\Controllers\Home))
#3 /Users/habibi/Documents/Politala/ICT/e-presensi-politala/vendor/codeigniter4/framework/system/CodeIgniter.php(326): CodeIgniter\CodeIgniter->handleRequest(NULL, Object(Config\Cache), false)
#4 /Users/habibi/Documents/Politala/ICT/e-presensi-politala/public/index.php(37): CodeIgniter\CodeIgniter->run()
#5 /Users/habibi/Documents/Politala/ICT/e-presensi-politala/vendor/codeigniter4/framework/system/Commands/Server/rewrite.php(43): require_once('/Users/habibi/D...')
#6 {main}
CRITICAL - 2022-04-13 11:05:02 --> Undefined variable: result
#0 /Users/habibi/Documents/Politala/ICT/e-presensi-politala/app/Views/_user/_index.php(56): CodeIgniter\Debug\Exceptions->errorHandler(8, 'Undefined varia...', '/Users/habibi/D...', 56, Array)
#1 /Users/habibi/Documents/Politala/ICT/e-presensi-politala/vendor/codeigniter4/framework/system/View/View.php(210): include('/Users/habibi/D...')
#2 /Users/habibi/Documents/Politala/ICT/e-presensi-politala/vendor/codeigniter4/framework/system/View/View.php(213): CodeIgniter\View\View->CodeIgniter\View\{closure}()
#3 /Users/habibi/Documents/Politala/ICT/e-presensi-politala/vendor/codeigniter4/framework/system/Common.php(1089): CodeIgniter\View\View->render('_user/_index', Array, true)
#4 /Users/habibi/Documents/Politala/ICT/e-presensi-politala/app/Controllers/Home.php(22): view('_user/_index', Array)
#5 /Users/habibi/Documents/Politala/ICT/e-presensi-politala/vendor/codeigniter4/framework/system/CodeIgniter.php(832): App\Controllers\Home->home()
#6 /Users/habibi/Documents/Politala/ICT/e-presensi-politala/vendor/codeigniter4/framework/system/CodeIgniter.php(419): CodeIgniter\CodeIgniter->runController(Object(App\Controllers\Home))
#7 /Users/habibi/Documents/Politala/ICT/e-presensi-politala/vendor/codeigniter4/framework/system/CodeIgniter.php(326): CodeIgniter\CodeIgniter->handleRequest(NULL, Object(Config\Cache), false)
#8 /Users/habibi/Documents/Politala/ICT/e-presensi-politala/public/index.php(37): CodeIgniter\CodeIgniter->run()
#9 /Users/habibi/Documents/Politala/ICT/e-presensi-politala/vendor/codeigniter4/framework/system/Commands/Server/rewrite.php(43): require_once('/Users/habibi/D...')
#10 {main}
CRITICAL - 2022-04-13 11:06:56 --> Trying to get property 'abs_datang' of non-object
#0 /Users/habibi/Documents/Politala/ICT/e-presensi-politala/app/Views/_user/_index.php(56): CodeIgniter\Debug\Exceptions->errorHandler(8, 'Trying to get p...', '/Users/habibi/D...', 56, Array)
#1 /Users/habibi/Documents/Politala/ICT/e-presensi-politala/vendor/codeigniter4/framework/system/View/View.php(210): include('/Users/habibi/D...')
#2 /Users/habibi/Documents/Politala/ICT/e-presensi-politala/vendor/codeigniter4/framework/system/View/View.php(213): CodeIgniter\View\View->CodeIgniter\View\{closure}()
#3 /Users/habibi/Documents/Politala/ICT/e-presensi-politala/vendor/codeigniter4/framework/system/Common.php(1089): CodeIgniter\View\View->render('_user/_index', Array, true)
#4 /Users/habibi/Documents/Politala/ICT/e-presensi-politala/app/Controllers/Home.php(22): view('_user/_index', Array)
#5 /Users/habibi/Documents/Politala/ICT/e-presensi-politala/vendor/codeigniter4/framework/system/CodeIgniter.php(832): App\Controllers\Home->home()
#6 /Users/habibi/Documents/Politala/ICT/e-presensi-politala/vendor/codeigniter4/framework/system/CodeIgniter.php(419): CodeIgniter\CodeIgniter->runController(Object(App\Controllers\Home))
#7 /Users/habibi/Documents/Politala/ICT/e-presensi-politala/vendor/codeigniter4/framework/system/CodeIgniter.php(326): CodeIgniter\CodeIgniter->handleRequest(NULL, Object(Config\Cache), false)
#8 /Users/habibi/Documents/Politala/ICT/e-presensi-politala/public/index.php(37): CodeIgniter\CodeIgniter->run()
#9 /Users/habibi/Documents/Politala/ICT/e-presensi-politala/vendor/codeigniter4/framework/system/Commands/Server/rewrite.php(43): require_once('/Users/habibi/D...')
#10 {main}
ERROR - 2022-04-13 11:11:25 --> Column 'pgw_id' in where clause is ambiguous
CRITICAL - 2022-04-13 11:11:25 --> Column 'pgw_id' in where clause is ambiguous
#0 /Users/habibi/Documents/Politala/ICT/e-presensi-politala/vendor/codeigniter4/framework/system/Database/MySQLi/Connection.php(292): mysqli->query('SELECT *\nFROM `...', 0)
#1 /Users/habibi/Documents/Politala/ICT/e-presensi-politala/vendor/codeigniter4/framework/system/Database/BaseConnection.php(670): CodeIgniter\Database\MySQLi\Connection->execute('SELECT *\nFROM `...')
#2 /Users/habibi/Documents/Politala/ICT/e-presensi-politala/vendor/codeigniter4/framework/system/Database/BaseConnection.php(598): CodeIgniter\Database\BaseConnection->simpleQuery('SELECT *\nFROM `...')
#3 /Users/habibi/Documents/Politala/ICT/e-presensi-politala/vendor/codeigniter4/framework/system/Database/BaseBuilder.php(1455): CodeIgniter\Database\BaseConnection->query('SELECT *\nFROM `...', Array, false)
#4 /Users/habibi/Documents/Politala/ICT/e-presensi-politala/app/Models/AbsenModel.php(45): CodeIgniter\Database\BaseBuilder->get()
#5 /Users/habibi/Documents/Politala/ICT/e-presensi-politala/app/Controllers/Home.php(20): App\Models\AbsenModel->getfirstAbsen()
#6 /Users/habibi/Documents/Politala/ICT/e-presensi-politala/vendor/codeigniter4/framework/system/CodeIgniter.php(832): App\Controllers\Home->home()
#7 /Users/habibi/Documents/Politala/ICT/e-presensi-politala/vendor/codeigniter4/framework/system/CodeIgniter.php(419): CodeIgniter\CodeIgniter->runController(Object(App\Controllers\Home))
#8 /Users/habibi/Documents/Politala/ICT/e-presensi-politala/vendor/codeigniter4/framework/system/CodeIgniter.php(326): CodeIgniter\CodeIgniter->handleRequest(NULL, Object(Config\Cache), false)
#9 /Users/habibi/Documents/Politala/ICT/e-presensi-politala/public/index.php(37): CodeIgniter\CodeIgniter->run()
#10 /Users/habibi/Documents/Politala/ICT/e-presensi-politala/vendor/codeigniter4/framework/system/Commands/Server/rewrite.php(43): require_once('/Users/habibi/D...')
#11 {main}
ERROR - 2022-04-13 11:11:43 --> Unknown column 'absenso.pgw_id' in 'where clause'
CRITICAL - 2022-04-13 11:11:43 --> Unknown column 'absenso.pgw_id' in 'where clause'
#0 /Users/habibi/Documents/Politala/ICT/e-presensi-politala/vendor/codeigniter4/framework/system/Database/MySQLi/Connection.php(292): mysqli->query('SELECT *\nFROM `...', 0)
#1 /Users/habibi/Documents/Politala/ICT/e-presensi-politala/vendor/codeigniter4/framework/system/Database/BaseConnection.php(670): CodeIgniter\Database\MySQLi\Connection->execute('SELECT *\nFROM `...')
#2 /Users/habibi/Documents/Politala/ICT/e-presensi-politala/vendor/codeigniter4/framework/system/Database/BaseConnection.php(598): CodeIgniter\Database\BaseConnection->simpleQuery('SELECT *\nFROM `...')
#3 /Users/habibi/Documents/Politala/ICT/e-presensi-politala/vendor/codeigniter4/framework/system/Database/BaseBuilder.php(1455): CodeIgniter\Database\BaseConnection->query('SELECT *\nFROM `...', Array, false)
#4 /Users/habibi/Documents/Politala/ICT/e-presensi-politala/app/Models/AbsenModel.php(45): CodeIgniter\Database\BaseBuilder->get()
#5 /Users/habibi/Documents/Politala/ICT/e-presensi-politala/app/Controllers/Home.php(20): App\Models\AbsenModel->getfirstAbsen()
#6 /Users/habibi/Documents/Politala/ICT/e-presensi-politala/vendor/codeigniter4/framework/system/CodeIgniter.php(832): App\Controllers\Home->home()
#7 /Users/habibi/Documents/Politala/ICT/e-presensi-politala/vendor/codeigniter4/framework/system/CodeIgniter.php(419): CodeIgniter\CodeIgniter->runController(Object(App\Controllers\Home))
#8 /Users/habibi/Documents/Politala/ICT/e-presensi-politala/vendor/codeigniter4/framework/system/CodeIgniter.php(326): CodeIgniter\CodeIgniter->handleRequest(NULL, Object(Config\Cache), false)
#9 /Users/habibi/Documents/Politala/ICT/e-presensi-politala/public/index.php(37): CodeIgniter\CodeIgniter->run()
#10 /Users/habibi/Documents/Politala/ICT/e-presensi-politala/vendor/codeigniter4/framework/system/Commands/Server/rewrite.php(43): require_once('/Users/habibi/D...')
#11 {main}
CRITICAL - 2022-04-13 11:32:24 --> Undefined variable: config
#0 /Users/habibi/Documents/Politala/ICT/e-presensi-politala/app/Views/_auth/_login.php(17): CodeIgniter\Debug\Exceptions->errorHandler(8, 'Undefined varia...', '/Users/habibi/D...', 17, Array)
#1 /Users/habibi/Documents/Politala/ICT/e-presensi-politala/vendor/codeigniter4/framework/system/View/View.php(210): include('/Users/habibi/D...')
#2 /Users/habibi/Documents/Politala/ICT/e-presensi-politala/vendor/codeigniter4/framework/system/View/View.php(213): CodeIgniter\View\View->CodeIgniter\View\{closure}()
#3 /Users/habibi/Documents/Politala/ICT/e-presensi-politala/vendor/codeigniter4/framework/system/Common.php(1089): CodeIgniter\View\View->render('_auth/_login', Array, true)
#4 /Users/habibi/Documents/Politala/ICT/e-presensi-politala/app/Controllers/Home.php(13): view('_auth/_login')
#5 /Users/habibi/Documents/Politala/ICT/e-presensi-politala/vendor/codeigniter4/framework/system/CodeIgniter.php(832): App\Controllers\Home->index()
#6 /Users/habibi/Documents/Politala/ICT/e-presensi-politala/vendor/codeigniter4/framework/system/CodeIgniter.php(419): CodeIgniter\CodeIgniter->runController(Object(App\Controllers\Home))
#7 /Users/habibi/Documents/Politala/ICT/e-presensi-politala/vendor/codeigniter4/framework/system/CodeIgniter.php(326): CodeIgniter\CodeIgniter->handleRequest(NULL, Object(Config\Cache), false)
#8 /Users/habibi/Documents/Politala/ICT/e-presensi-politala/public/index.php(37): CodeIgniter\CodeIgniter->run()
#9 /Users/habibi/Documents/Politala/ICT/e-presensi-politala/vendor/codeigniter4/framework/system/Commands/Server/rewrite.php(43): require_once('/Users/habibi/D...')
#10 {main}
CRITICAL - 2022-04-13 11:32:32 --> Undefined variable: config
#0 /Users/habibi/Documents/Politala/ICT/e-presensi-politala/app/Views/_auth/_login.php(17): CodeIgniter\Debug\Exceptions->errorHandler(8, 'Undefined varia...', '/Users/habibi/D...', 17, Array)
#1 /Users/habibi/Documents/Politala/ICT/e-presensi-politala/vendor/codeigniter4/framework/system/View/View.php(210): include('/Users/habibi/D...')
#2 /Users/habibi/Documents/Politala/ICT/e-presensi-politala/vendor/codeigniter4/framework/system/View/View.php(213): CodeIgniter\View\View->CodeIgniter\View\{closure}()
#3 /Users/habibi/Documents/Politala/ICT/e-presensi-politala/vendor/codeigniter4/framework/system/Common.php(1089): CodeIgniter\View\View->render('_auth/_login', Array, true)
#4 /Users/habibi/Documents/Politala/ICT/e-presensi-politala/app/Controllers/Home.php(13): view('_auth/_login')
#5 /Users/habibi/Documents/Politala/ICT/e-presensi-politala/vendor/codeigniter4/framework/system/CodeIgniter.php(832): App\Controllers\Home->index()
#6 /Users/habibi/Documents/Politala/ICT/e-presensi-politala/vendor/codeigniter4/framework/system/CodeIgniter.php(419): CodeIgniter\CodeIgniter->runController(Object(App\Controllers\Home))
#7 /Users/habibi/Documents/Politala/ICT/e-presensi-politala/vendor/codeigniter4/framework/system/CodeIgniter.php(326): CodeIgniter\CodeIgniter->handleRequest(NULL, Object(Config\Cache), false)
#8 /Users/habibi/Documents/Politala/ICT/e-presensi-politala/public/index.php(37): CodeIgniter\CodeIgniter->run()
#9 /Users/habibi/Documents/Politala/ICT/e-presensi-politala/vendor/codeigniter4/framework/system/Commands/Server/rewrite.php(43): require_once('/Users/habibi/D...')
#10 {main}
CRITICAL - 2022-04-13 13:39:36 --> Undefined variable: config
#0 /Users/habibi/Documents/Politala/ICT/e-presensi-politala/app/Views/_auth/_login.php(17): CodeIgniter\Debug\Exceptions->errorHandler(8, 'Undefined varia...', '/Users/habibi/D...', 17, Array)
#1 /Users/habibi/Documents/Politala/ICT/e-presensi-politala/vendor/codeigniter4/framework/system/View/View.php(210): include('/Users/habibi/D...')
#2 /Users/habibi/Documents/Politala/ICT/e-presensi-politala/vendor/codeigniter4/framework/system/View/View.php(213): CodeIgniter\View\View->CodeIgniter\View\{closure}()
#3 /Users/habibi/Documents/Politala/ICT/e-presensi-politala/vendor/codeigniter4/framework/system/Common.php(1089): CodeIgniter\View\View->render('_auth/_login', Array, true)
#4 /Users/habibi/Documents/Politala/ICT/e-presensi-politala/app/Controllers/Home.php(13): view('_auth/_login')
#5 /Users/habibi/Documents/Politala/ICT/e-presensi-politala/vendor/codeigniter4/framework/system/CodeIgniter.php(832): App\Controllers\Home->index()
#6 /Users/habibi/Documents/Politala/ICT/e-presensi-politala/vendor/codeigniter4/framework/system/CodeIgniter.php(419): CodeIgniter\CodeIgniter->runController(Object(App\Controllers\Home))
#7 /Users/habibi/Documents/Politala/ICT/e-presensi-politala/vendor/codeigniter4/framework/system/CodeIgniter.php(326): CodeIgniter\CodeIgniter->handleRequest(NULL, Object(Config\Cache), false)
#8 /Users/habibi/Documents/Politala/ICT/e-presensi-politala/public/index.php(37): CodeIgniter\CodeIgniter->run()
#9 /Users/habibi/Documents/Politala/ICT/e-presensi-politala/vendor/codeigniter4/framework/system/Commands/Server/rewrite.php(43): require_once('/Users/habibi/D...')
#10 {main}
CRITICAL - 2022-04-13 13:40:05 --> Undefined variable: config
#0 /Users/habibi/Documents/Politala/ICT/e-presensi-politala/app/Views/_auth/_login.php(17): CodeIgniter\Debug\Exceptions->errorHandler(8, 'Undefined varia...', '/Users/habibi/D...', 17, Array)
#1 /Users/habibi/Documents/Politala/ICT/e-presensi-politala/vendor/codeigniter4/framework/system/View/View.php(210): include('/Users/habibi/D...')
#2 /Users/habibi/Documents/Politala/ICT/e-presensi-politala/vendor/codeigniter4/framework/system/View/View.php(213): CodeIgniter\View\View->CodeIgniter\View\{closure}()
#3 /Users/habibi/Documents/Politala/ICT/e-presensi-politala/vendor/codeigniter4/framework/system/Common.php(1089): CodeIgniter\View\View->render('_auth/_login', Array, true)
#4 /Users/habibi/Documents/Politala/ICT/e-presensi-politala/app/Controllers/Home.php(13): view('_auth/_login')
#5 /Users/habibi/Documents/Politala/ICT/e-presensi-politala/vendor/codeigniter4/framework/system/CodeIgniter.php(832): App\Controllers\Home->index()
#6 /Users/habibi/Documents/Politala/ICT/e-presensi-politala/vendor/codeigniter4/framework/system/CodeIgniter.php(419): CodeIgniter\CodeIgniter->runController(Object(App\Controllers\Home))
#7 /Users/habibi/Documents/Politala/ICT/e-presensi-politala/vendor/codeigniter4/framework/system/CodeIgniter.php(326): CodeIgniter\CodeIgniter->handleRequest(NULL, Object(Config\Cache), false)
#8 /Users/habibi/Documents/Politala/ICT/e-presensi-politala/public/index.php(37): CodeIgniter\CodeIgniter->run()
#9 /Users/habibi/Documents/Politala/ICT/e-presensi-politala/vendor/codeigniter4/framework/system/Commands/Server/rewrite.php(43): require_once('/Users/habibi/D...')
#10 {main}
CRITICAL - 2022-04-13 13:54:06 --> Trying to get property 'nama' of non-object
#0 /Users/habibi/Documents/Politala/ICT/e-presensi-politala/app/Views/layout/_navbar.php(41): CodeIgniter\Debug\Exceptions->errorHandler(8, 'Trying to get p...', '/Users/habibi/D...', 41, Array)
#1 /Users/habibi/Documents/Politala/ICT/e-presensi-politala/vendor/codeigniter4/framework/system/View/View.php(210): include('/Users/habibi/D...')
#2 /Users/habibi/Documents/Politala/ICT/e-presensi-politala/vendor/codeigniter4/framework/system/View/View.php(213): CodeIgniter\View\View->CodeIgniter\View\{closure}()
#3 /Users/habibi/Documents/Politala/ICT/e-presensi-politala/vendor/codeigniter4/framework/system/Common.php(1089): CodeIgniter\View\View->render('/layout/_navbar', Array, true)
#4 /Users/habibi/Documents/Politala/ICT/e-presensi-politala/app/Views/_user/_index.php(2): view('/layout/_navbar')
#5 /Users/habibi/Documents/Politala/ICT/e-presensi-politala/vendor/codeigniter4/framework/system/View/View.php(210): include('/Users/habibi/D...')
#6 /Users/habibi/Documents/Politala/ICT/e-presensi-politala/vendor/codeigniter4/framework/system/View/View.php(213): CodeIgniter\View\View->CodeIgniter\View\{closure}()
#7 /Users/habibi/Documents/Politala/ICT/e-presensi-politala/vendor/codeigniter4/framework/system/Common.php(1089): CodeIgniter\View\View->render('_user/_index', Array, true)
#8 /Users/habibi/Documents/Politala/ICT/e-presensi-politala/app/Controllers/Home.php(21): view('_user/_index', Array)
#9 /Users/habibi/Documents/Politala/ICT/e-presensi-politala/vendor/codeigniter4/framework/system/CodeIgniter.php(832): App\Controllers\Home->home()
#10 /Users/habibi/Documents/Politala/ICT/e-presensi-politala/vendor/codeigniter4/framework/system/CodeIgniter.php(419): CodeIgniter\CodeIgniter->runController(Object(App\Controllers\Home))
#11 /Users/habibi/Documents/Politala/ICT/e-presensi-politala/vendor/codeigniter4/framework/system/CodeIgniter.php(326): CodeIgniter\CodeIgniter->handleRequest(NULL, Object(Config\Cache), false)
#12 /Users/habibi/Documents/Politala/ICT/e-presensi-politala/public/index.php(37): CodeIgniter\CodeIgniter->run()
#13 /Users/habibi/Documents/Politala/ICT/e-presensi-politala/vendor/codeigniter4/framework/system/Commands/Server/rewrite.php(43): require_once('/Users/habibi/D...')
#14 {main}
CRITICAL - 2022-04-13 13:55:10 --> Trying to get property 'nama' of non-object
#0 /Users/habibi/Documents/Politala/ICT/e-presensi-politala/app/Views/layout/_navbar.php(41): CodeIgniter\Debug\Exceptions->errorHandler(8, 'Trying to get p...', '/Users/habibi/D...', 41, Array)
#1 /Users/habibi/Documents/Politala/ICT/e-presensi-politala/vendor/codeigniter4/framework/system/View/View.php(210): include('/Users/habibi/D...')
#2 /Users/habibi/Documents/Politala/ICT/e-presensi-politala/vendor/codeigniter4/framework/system/View/View.php(213): CodeIgniter\View\View->CodeIgniter\View\{closure}()
#3 /Users/habibi/Documents/Politala/ICT/e-presensi-politala/vendor/codeigniter4/framework/system/Common.php(1089): CodeIgniter\View\View->render('/layout/_navbar', Array, true)
#4 /Users/habibi/Documents/Politala/ICT/e-presensi-politala/app/Views/_user/_index.php(2): view('/layout/_navbar')
#5 /Users/habibi/Documents/Politala/ICT/e-presensi-politala/vendor/codeigniter4/framework/system/View/View.php(210): include('/Users/habibi/D...')
#6 /Users/habibi/Documents/Politala/ICT/e-presensi-politala/vendor/codeigniter4/framework/system/View/View.php(213): CodeIgniter\View\View->CodeIgniter\View\{closure}()
#7 /Users/habibi/Documents/Politala/ICT/e-presensi-politala/vendor/codeigniter4/framework/system/Common.php(1089): CodeIgniter\View\View->render('_user/_index', Array, true)
#8 /Users/habibi/Documents/Politala/ICT/e-presensi-politala/app/Controllers/Home.php(21): view('_user/_index', Array)
#9 /Users/habibi/Documents/Politala/ICT/e-presensi-politala/vendor/codeigniter4/framework/system/CodeIgniter.php(832): App\Controllers\Home->home()
#10 /Users/habibi/Documents/Politala/ICT/e-presensi-politala/vendor/codeigniter4/framework/system/CodeIgniter.php(419): CodeIgniter\CodeIgniter->runController(Object(App\Controllers\Home))
#11 /Users/habibi/Documents/Politala/ICT/e-presensi-politala/vendor/codeigniter4/framework/system/CodeIgniter.php(326): CodeIgniter\CodeIgniter->handleRequest(NULL, Object(Config\Cache), false)
#12 /Users/habibi/Documents/Politala/ICT/e-presensi-politala/public/index.php(37): CodeIgniter\CodeIgniter->run()
#13 /Users/habibi/Documents/Politala/ICT/e-presensi-politala/vendor/codeigniter4/framework/system/Commands/Server/rewrite.php(43): require_once('/Users/habibi/D...')
#14 {main}
CRITICAL - 2022-04-13 14:19:47 --> syntax error, unexpected ')'
#0 /Users/habibi/Documents/Politala/ICT/e-presensi-politala/vendor/codeigniter4/framework/system/View/View.php(213): CodeIgniter\View\View->CodeIgniter\View\{closure}()
#1 /Users/habibi/Documents/Politala/ICT/e-presensi-politala/vendor/codeigniter4/framework/system/Common.php(1089): CodeIgniter\View\View->render('_user/_index', Array, true)
#2 /Users/habibi/Documents/Politala/ICT/e-presensi-politala/app/Controllers/Home.php(21): view('_user/_index', Array)
#3 /Users/habibi/Documents/Politala/ICT/e-presensi-politala/vendor/codeigniter4/framework/system/CodeIgniter.php(832): App\Controllers\Home->home()
#4 /Users/habibi/Documents/Politala/ICT/e-presensi-politala/vendor/codeigniter4/framework/system/CodeIgniter.php(419): CodeIgniter\CodeIgniter->runController(Object(App\Controllers\Home))
#5 /Users/habibi/Documents/Politala/ICT/e-presensi-politala/vendor/codeigniter4/framework/system/CodeIgniter.php(326): CodeIgniter\CodeIgniter->handleRequest(NULL, Object(Config\Cache), false)
#6 /Users/habibi/Documents/Politala/ICT/e-presensi-politala/public/index.php(37): CodeIgniter\CodeIgniter->run()
#7 /Users/habibi/Documents/Politala/ICT/e-presensi-politala/vendor/codeigniter4/framework/system/Commands/Server/rewrite.php(43): require_once('/Users/habibi/D...')
#8 {main}
CRITICAL - 2022-04-13 14:22:36 --> Trying to get property 'abs_datang' of non-object
#0 /Users/habibi/Documents/Politala/ICT/e-presensi-politala/app/Views/_user/_index.php(60): CodeIgniter\Debug\Exceptions->errorHandler(8, 'Trying to get p...', '/Users/habibi/D...', 60, Array)
#1 /Users/habibi/Documents/Politala/ICT/e-presensi-politala/vendor/codeigniter4/framework/system/View/View.php(210): include('/Users/habibi/D...')
#2 /Users/habibi/Documents/Politala/ICT/e-presensi-politala/vendor/codeigniter4/framework/system/View/View.php(213): CodeIgniter\View\View->CodeIgniter\View\{closure}()
#3 /Users/habibi/Documents/Politala/ICT/e-presensi-politala/vendor/codeigniter4/framework/system/Common.php(1089): CodeIgniter\View\View->render('_user/_index', Array, true)
#4 /Users/habibi/Documents/Politala/ICT/e-presensi-politala/app/Controllers/Home.php(21): view('_user/_index', Array)
#5 /Users/habibi/Documents/Politala/ICT/e-presensi-politala/vendor/codeigniter4/framework/system/CodeIgniter.php(832): App\Controllers\Home->home()
#6 /Users/habibi/Documents/Politala/ICT/e-presensi-politala/vendor/codeigniter4/framework/system/CodeIgniter.php(419): CodeIgniter\CodeIgniter->runController(Object(App\Controllers\Home))
#7 /Users/habibi/Documents/Politala/ICT/e-presensi-politala/vendor/codeigniter4/framework/system/CodeIgniter.php(326): CodeIgniter\CodeIgniter->handleRequest(NULL, Object(Config\Cache), false)
#8 /Users/habibi/Documents/Politala/ICT/e-presensi-politala/public/index.php(37): CodeIgniter\CodeIgniter->run()
#9 /Users/habibi/Documents/Politala/ICT/e-presensi-politala/vendor/codeigniter4/framework/system/Commands/Server/rewrite.php(43): require_once('/Users/habibi/D...')
#10 {main}
CRITICAL - 2022-04-13 14:23:18 --> Trying to get property 'abs_datang' of non-object
#0 /Users/habibi/Documents/Politala/ICT/e-presensi-politala/app/Views/_user/_index.php(60): CodeIgniter\Debug\Exceptions->errorHandler(8, 'Trying to get p...', '/Users/habibi/D...', 60, Array)
#1 /Users/habibi/Documents/Politala/ICT/e-presensi-politala/vendor/codeigniter4/framework/system/View/View.php(210): include('/Users/habibi/D...')
#2 /Users/habibi/Documents/Politala/ICT/e-presensi-politala/vendor/codeigniter4/framework/system/View/View.php(213): CodeIgniter\View\View->CodeIgniter\View\{closure}()
#3 /Users/habibi/Documents/Politala/ICT/e-presensi-politala/vendor/codeigniter4/framework/system/Common.php(1089): CodeIgniter\View\View->render('_user/_index', Array, true)
#4 /Users/habibi/Documents/Politala/ICT/e-presensi-politala/app/Controllers/Home.php(21): view('_user/_index', Array)
#5 /Users/habibi/Documents/Politala/ICT/e-presensi-politala/vendor/codeigniter4/framework/system/CodeIgniter.php(832): App\Controllers\Home->home()
#6 /Users/habibi/Documents/Politala/ICT/e-presensi-politala/vendor/codeigniter4/framework/system/CodeIgniter.php(419): CodeIgniter\CodeIgniter->runController(Object(App\Controllers\Home))
#7 /Users/habibi/Documents/Politala/ICT/e-presensi-politala/vendor/codeigniter4/framework/system/CodeIgniter.php(326): CodeIgniter\CodeIgniter->handleRequest(NULL, Object(Config\Cache), false)
#8 /Users/habibi/Documents/Politala/ICT/e-presensi-politala/public/index.php(37): CodeIgniter\CodeIgniter->run()
#9 /Users/habibi/Documents/Politala/ICT/e-presensi-politala/vendor/codeigniter4/framework/system/Commands/Server/rewrite.php(43): require_once('/Users/habibi/D...')
#10 {main}
CRITICAL - 2022-04-13 14:25:11 --> Trying to get property 'abs_datang' of non-object
#0 /Users/habibi/Documents/Politala/ICT/e-presensi-politala/app/Views/_user/_index.php(60): CodeIgniter\Debug\Exceptions->errorHandler(8, 'Trying to get p...', '/Users/habibi/D...', 60, Array)
#1 /Users/habibi/Documents/Politala/ICT/e-presensi-politala/vendor/codeigniter4/framework/system/View/View.php(210): include('/Users/habibi/D...')
#2 /Users/habibi/Documents/Politala/ICT/e-presensi-politala/vendor/codeigniter4/framework/system/View/View.php(213): CodeIgniter\View\View->CodeIgniter\View\{closure}()
#3 /Users/habibi/Documents/Politala/ICT/e-presensi-politala/vendor/codeigniter4/framework/system/Common.php(1089): CodeIgniter\View\View->render('_user/_index', Array, true)
#4 /Users/habibi/Documents/Politala/ICT/e-presensi-politala/app/Controllers/Home.php(21): view('_user/_index', Array)
#5 /Users/habibi/Documents/Politala/ICT/e-presensi-politala/vendor/codeigniter4/framework/system/CodeIgniter.php(832): App\Controllers\Home->home()
#6 /Users/habibi/Documents/Politala/ICT/e-presensi-politala/vendor/codeigniter4/framework/system/CodeIgniter.php(419): CodeIgniter\CodeIgniter->runController(Object(App\Controllers\Home))
#7 /Users/habibi/Documents/Politala/ICT/e-presensi-politala/vendor/codeigniter4/framework/system/CodeIgniter.php(326): CodeIgniter\CodeIgniter->handleRequest(NULL, Object(Config\Cache), false)
#8 /Users/habibi/Documents/Politala/ICT/e-presensi-politala/public/index.php(37): CodeIgniter\CodeIgniter->run()
#9 /Users/habibi/Documents/Politala/ICT/e-presensi-politala/vendor/codeigniter4/framework/system/Commands/Server/rewrite.php(43): require_once('/Users/habibi/D...')
#10 {main}
CRITICAL - 2022-04-13 14:25:39 --> Trying to get property 'abs_datang' of non-object
#0 /Users/habibi/Documents/Politala/ICT/e-presensi-politala/app/Views/_user/_index.php(60): CodeIgniter\Debug\Exceptions->errorHandler(8, 'Trying to get p...', '/Users/habibi/D...', 60, Array)
#1 /Users/habibi/Documents/Politala/ICT/e-presensi-politala/vendor/codeigniter4/framework/system/View/View.php(210): include('/Users/habibi/D...')
#2 /Users/habibi/Documents/Politala/ICT/e-presensi-politala/vendor/codeigniter4/framework/system/View/View.php(213): CodeIgniter\View\View->CodeIgniter\View\{closure}()
#3 /Users/habibi/Documents/Politala/ICT/e-presensi-politala/vendor/codeigniter4/framework/system/Common.php(1089): CodeIgniter\View\View->render('_user/_index', Array, true)
#4 /Users/habibi/Documents/Politala/ICT/e-presensi-politala/app/Controllers/Home.php(21): view('_user/_index', Array)
#5 /Users/habibi/Documents/Politala/ICT/e-presensi-politala/vendor/codeigniter4/framework/system/CodeIgniter.php(832): App\Controllers\Home->home()
#6 /Users/habibi/Documents/Politala/ICT/e-presensi-politala/vendor/codeigniter4/framework/system/CodeIgniter.php(419): CodeIgniter\CodeIgniter->runController(Object(App\Controllers\Home))
#7 /Users/habibi/Documents/Politala/ICT/e-presensi-politala/vendor/codeigniter4/framework/system/CodeIgniter.php(326): CodeIgniter\CodeIgniter->handleRequest(NULL, Object(Config\Cache), false)
#8 /Users/habibi/Documents/Politala/ICT/e-presensi-politala/public/index.php(37): CodeIgniter\CodeIgniter->run()
#9 /Users/habibi/Documents/Politala/ICT/e-presensi-politala/vendor/codeigniter4/framework/system/Commands/Server/rewrite.php(43): require_once('/Users/habibi/D...')
#10 {main}
CRITICAL - 2022-04-13 14:25:51 --> Trying to get property 'abs_datang' of non-object
#0 /Users/habibi/Documents/Politala/ICT/e-presensi-politala/app/Views/_user/_index.php(60): CodeIgniter\Debug\Exceptions->errorHandler(8, 'Trying to get p...', '/Users/habibi/D...', 60, Array)
#1 /Users/habibi/Documents/Politala/ICT/e-presensi-politala/vendor/codeigniter4/framework/system/View/View.php(210): include('/Users/habibi/D...')
#2 /Users/habibi/Documents/Politala/ICT/e-presensi-politala/vendor/codeigniter4/framework/system/View/View.php(213): CodeIgniter\View\View->CodeIgniter\View\{closure}()
#3 /Users/habibi/Documents/Politala/ICT/e-presensi-politala/vendor/codeigniter4/framework/system/Common.php(1089): CodeIgniter\View\View->render('_user/_index', Array, true)
#4 /Users/habibi/Documents/Politala/ICT/e-presensi-politala/app/Controllers/Home.php(21): view('_user/_index', Array)
#5 /Users/habibi/Documents/Politala/ICT/e-presensi-politala/vendor/codeigniter4/framework/system/CodeIgniter.php(832): App\Controllers\Home->home()
#6 /Users/habibi/Documents/Politala/ICT/e-presensi-politala/vendor/codeigniter4/framework/system/CodeIgniter.php(419): CodeIgniter\CodeIgniter->runController(Object(App\Controllers\Home))
#7 /Users/habibi/Documents/Politala/ICT/e-presensi-politala/vendor/codeigniter4/framework/system/CodeIgniter.php(326): CodeIgniter\CodeIgniter->handleRequest(NULL, Object(Config\Cache), false)
#8 /Users/habibi/Documents/Politala/ICT/e-presensi-politala/public/index.php(37): CodeIgniter\CodeIgniter->run()
#9 /Users/habibi/Documents/Politala/ICT/e-presensi-politala/vendor/codeigniter4/framework/system/Commands/Server/rewrite.php(43): require_once('/Users/habibi/D...')
#10 {main}
CRITICAL - 2022-04-13 14:26:01 --> Trying to get property 'abs_datang' of non-object
#0 /Users/habibi/Documents/Politala/ICT/e-presensi-politala/app/Views/_user/_index.php(60): CodeIgniter\Debug\Exceptions->errorHandler(8, 'Trying to get p...', '/Users/habibi/D...', 60, Array)
#1 /Users/habibi/Documents/Politala/ICT/e-presensi-politala/vendor/codeigniter4/framework/system/View/View.php(210): include('/Users/habibi/D...')
#2 /Users/habibi/Documents/Politala/ICT/e-presensi-politala/vendor/codeigniter4/framework/system/View/View.php(213): CodeIgniter\View\View->CodeIgniter\View\{closure}()
#3 /Users/habibi/Documents/Politala/ICT/e-presensi-politala/vendor/codeigniter4/framework/system/Common.php(1089): CodeIgniter\View\View->render('_user/_index', Array, true)
#4 /Users/habibi/Documents/Politala/ICT/e-presensi-politala/app/Controllers/Home.php(21): view('_user/_index', Array)
#5 /Users/habibi/Documents/Politala/ICT/e-presensi-politala/vendor/codeigniter4/framework/system/CodeIgniter.php(832): App\Controllers\Home->home()
#6 /Users/habibi/Documents/Politala/ICT/e-presensi-politala/vendor/codeigniter4/framework/system/CodeIgniter.php(419): CodeIgniter\CodeIgniter->runController(Object(App\Controllers\Home))
#7 /Users/habibi/Documents/Politala/ICT/e-presensi-politala/vendor/codeigniter4/framework/system/CodeIgniter.php(326): CodeIgniter\CodeIgniter->handleRequest(NULL, Object(Config\Cache), false)
#8 /Users/habibi/Documents/Politala/ICT/e-presensi-politala/public/index.php(37): CodeIgniter\CodeIgniter->run()
#9 /Users/habibi/Documents/Politala/ICT/e-presensi-politala/vendor/codeigniter4/framework/system/Commands/Server/rewrite.php(43): require_once('/Users/habibi/D...')
#10 {main}
ERROR - 2022-04-13 14:39:07 --> Duplicate entry '2022-04-13' for key 'abs_tgl'
CRITICAL - 2022-04-13 14:39:07 --> Duplicate entry '2022-04-13' for key 'abs_tgl'
#0 /Users/habibi/Documents/Politala/ICT/e-presensi-politala/vendor/codeigniter4/framework/system/Database/MySQLi/Connection.php(292): mysqli->query('INSERT INTO `ab...', 0)
#1 /Users/habibi/Documents/Politala/ICT/e-presensi-politala/vendor/codeigniter4/framework/system/Database/BaseConnection.php(670): CodeIgniter\Database\MySQLi\Connection->execute('INSERT INTO `ab...')
#2 /Users/habibi/Documents/Politala/ICT/e-presensi-politala/vendor/codeigniter4/framework/system/Database/BaseConnection.php(598): CodeIgniter\Database\BaseConnection->simpleQuery('INSERT INTO `ab...')
#3 /Users/habibi/Documents/Politala/ICT/e-presensi-politala/vendor/codeigniter4/framework/system/Database/BaseBuilder.php(1771): CodeIgniter\Database\BaseConnection->query('INSERT INTO `ab...', Array, false)
#4 /Users/habibi/Documents/Politala/ICT/e-presensi-politala/vendor/codeigniter4/framework/system/Model.php(239): CodeIgniter\Database\BaseBuilder->insert()
#5 /Users/habibi/Documents/Politala/ICT/e-presensi-politala/vendor/codeigniter4/framework/system/BaseModel.php(738): CodeIgniter\Model->doInsert(Array)
#6 /Users/habibi/Documents/Politala/ICT/e-presensi-politala/vendor/codeigniter4/framework/system/Model.php(625): CodeIgniter\BaseModel->insert(Array, false)
#7 /Users/habibi/Documents/Politala/ICT/e-presensi-politala/vendor/codeigniter4/framework/system/BaseModel.php(658): CodeIgniter\Model->insert(Array, false)
#8 /Users/habibi/Documents/Politala/ICT/e-presensi-politala/app/Controllers/Home.php(39): CodeIgniter\BaseModel->save(Array)
#9 /Users/habibi/Documents/Politala/ICT/e-presensi-politala/vendor/codeigniter4/framework/system/CodeIgniter.php(832): App\Controllers\Home->CreateAbsen()
#10 /Users/habibi/Documents/Politala/ICT/e-presensi-politala/vendor/codeigniter4/framework/system/CodeIgniter.php(419): CodeIgniter\CodeIgniter->runController(Object(App\Controllers\Home))
#11 /Users/habibi/Documents/Politala/ICT/e-presensi-politala/vendor/codeigniter4/framework/system/CodeIgniter.php(326): CodeIgniter\CodeIgniter->handleRequest(NULL, Object(Config\Cache), false)
#12 /Users/habibi/Documents/Politala/ICT/e-presensi-politala/public/index.php(37): CodeIgniter\CodeIgniter->run()
#13 /Users/habibi/Documents/Politala/ICT/e-presensi-politala/vendor/codeigniter4/framework/system/Commands/Server/rewrite.php(43): require_once('/Users/habibi/D...')
#14 {main}
CRITICAL - 2022-04-13 15:09:49 --> Trying to get property 'abs_id' of non-object
#0 /Users/habibi/Documents/Politala/ICT/e-presensi-politala/app/Views/_user/_index.php(299): CodeIgniter\Debug\Exceptions->errorHandler(8, 'Trying to get p...', '/Users/habibi/D...', 299, Array)
#1 /Users/habibi/Documents/Politala/ICT/e-presensi-politala/vendor/codeigniter4/framework/system/View/View.php(210): include('/Users/habibi/D...')
#2 /Users/habibi/Documents/Politala/ICT/e-presensi-politala/vendor/codeigniter4/framework/system/View/View.php(213): CodeIgniter\View\View->CodeIgniter\View\{closure}()
#3 /Users/habibi/Documents/Politala/ICT/e-presensi-politala/vendor/codeigniter4/framework/system/Common.php(1089): CodeIgniter\View\View->render('_user/_index', Array, true)
#4 /Users/habibi/Documents/Politala/ICT/e-presensi-politala/app/Controllers/Home.php(21): view('_user/_index', Array)
#5 /Users/habibi/Documents/Politala/ICT/e-presensi-politala/vendor/codeigniter4/framework/system/CodeIgniter.php(832): App\Controllers\Home->home()
#6 /Users/habibi/Documents/Politala/ICT/e-presensi-politala/vendor/codeigniter4/framework/system/CodeIgniter.php(419): CodeIgniter\CodeIgniter->runController(Object(App\Controllers\Home))
#7 /Users/habibi/Documents/Politala/ICT/e-presensi-politala/vendor/codeigniter4/framework/system/CodeIgniter.php(326): CodeIgniter\CodeIgniter->handleRequest(NULL, Object(Config\Cache), false)
#8 /Users/habibi/Documents/Politala/ICT/e-presensi-politala/public/index.php(37): CodeIgniter\CodeIgniter->run()
#9 /Users/habibi/Documents/Politala/ICT/e-presensi-politala/vendor/codeigniter4/framework/system/Commands/Server/rewrite.php(43): require_once('/Users/habibi/D...')
#10 {main}
