ERROR - 2022-06-26 13:30:57 --> Column 'act_tgl' cannot be null
CRITICAL - 2022-06-26 13:30:57 --> Column 'act_tgl' cannot be null
#0 D:\Aplikasi\github\e-attendance\vendor\codeigniter4\framework\system\Database\MySQLi\Connection.php(292): mysqli->query('INSERT INTO `ac...', 0)
#1 D:\Aplikasi\github\e-attendance\vendor\codeigniter4\framework\system\Database\BaseConnection.php(670): CodeIgniter\Database\MySQLi\Connection->execute('INSERT INTO `ac...')
#2 D:\Aplikasi\github\e-attendance\vendor\codeigniter4\framework\system\Database\BaseConnection.php(598): CodeIgniter\Database\BaseConnection->simpleQuery('INSERT INTO `ac...')
#3 D:\Aplikasi\github\e-attendance\vendor\codeigniter4\framework\system\Database\BaseBuilder.php(1771): CodeIgniter\Database\BaseConnection->query('INSERT INTO `ac...', Array, false)
#4 D:\Aplikasi\github\e-attendance\vendor\codeigniter4\framework\system\Model.php(239): CodeIgniter\Database\BaseBuilder->insert()
#5 D:\Aplikasi\github\e-attendance\vendor\codeigniter4\framework\system\BaseModel.php(738): CodeIgniter\Model->doInsert(Array)
#6 D:\Aplikasi\github\e-attendance\vendor\codeigniter4\framework\system\Model.php(625): CodeIgniter\BaseModel->insert(Array, false)
#7 D:\Aplikasi\github\e-attendance\vendor\codeigniter4\framework\system\BaseModel.php(658): CodeIgniter\Model->insert(Array, false)
#8 D:\Aplikasi\github\e-attendance\app\Controllers\Activity.php(27): CodeIgniter\BaseModel->save(Array)
#9 D:\Aplikasi\github\e-attendance\vendor\codeigniter4\framework\system\CodeIgniter.php(832): App\Controllers\Activity->AddActivity()
#10 D:\Aplikasi\github\e-attendance\vendor\codeigniter4\framework\system\CodeIgniter.php(419): CodeIgniter\CodeIgniter->runController(Object(App\Controllers\Activity))
#11 D:\Aplikasi\github\e-attendance\vendor\codeigniter4\framework\system\CodeIgniter.php(326): CodeIgniter\CodeIgniter->handleRequest(NULL, Object(Config\Cache), false)
#12 D:\Aplikasi\github\e-attendance\public\index.php(37): CodeIgniter\CodeIgniter->run()
#13 D:\Aplikasi\github\e-attendance\vendor\codeigniter4\framework\system\Commands\Server\rewrite.php(43): require_once('D:\\Aplikasi\\git...')
#14 {main}
ERROR - 2022-06-26 13:31:11 --> Column 'act_tgl' cannot be null
CRITICAL - 2022-06-26 13:31:11 --> Column 'act_tgl' cannot be null
#0 D:\Aplikasi\github\e-attendance\vendor\codeigniter4\framework\system\Database\MySQLi\Connection.php(292): mysqli->query('INSERT INTO `ac...', 0)
#1 D:\Aplikasi\github\e-attendance\vendor\codeigniter4\framework\system\Database\BaseConnection.php(670): CodeIgniter\Database\MySQLi\Connection->execute('INSERT INTO `ac...')
#2 D:\Aplikasi\github\e-attendance\vendor\codeigniter4\framework\system\Database\BaseConnection.php(598): CodeIgniter\Database\BaseConnection->simpleQuery('INSERT INTO `ac...')
#3 D:\Aplikasi\github\e-attendance\vendor\codeigniter4\framework\system\Database\BaseBuilder.php(1771): CodeIgniter\Database\BaseConnection->query('INSERT INTO `ac...', Array, false)
#4 D:\Aplikasi\github\e-attendance\vendor\codeigniter4\framework\system\Model.php(239): CodeIgniter\Database\BaseBuilder->insert()
#5 D:\Aplikasi\github\e-attendance\vendor\codeigniter4\framework\system\BaseModel.php(738): CodeIgniter\Model->doInsert(Array)
#6 D:\Aplikasi\github\e-attendance\vendor\codeigniter4\framework\system\Model.php(625): CodeIgniter\BaseModel->insert(Array, false)
#7 D:\Aplikasi\github\e-attendance\vendor\codeigniter4\framework\system\BaseModel.php(658): CodeIgniter\Model->insert(Array, false)
#8 D:\Aplikasi\github\e-attendance\app\Controllers\Activity.php(27): CodeIgniter\BaseModel->save(Array)
#9 D:\Aplikasi\github\e-attendance\vendor\codeigniter4\framework\system\CodeIgniter.php(832): App\Controllers\Activity->AddActivity()
#10 D:\Aplikasi\github\e-attendance\vendor\codeigniter4\framework\system\CodeIgniter.php(419): CodeIgniter\CodeIgniter->runController(Object(App\Controllers\Activity))
#11 D:\Aplikasi\github\e-attendance\vendor\codeigniter4\framework\system\CodeIgniter.php(326): CodeIgniter\CodeIgniter->handleRequest(NULL, Object(Config\Cache), false)
#12 D:\Aplikasi\github\e-attendance\public\index.php(37): CodeIgniter\CodeIgniter->run()
#13 D:\Aplikasi\github\e-attendance\vendor\codeigniter4\framework\system\Commands\Server\rewrite.php(43): require_once('D:\\Aplikasi\\git...')
#14 {main}
ERROR - 2022-06-26 13:48:18 --> Column 'act_tgl' cannot be null
CRITICAL - 2022-06-26 13:48:18 --> Column 'act_tgl' cannot be null
#0 D:\Aplikasi\github\e-attendance\vendor\codeigniter4\framework\system\Database\MySQLi\Connection.php(292): mysqli->query('INSERT INTO `ac...', 0)
#1 D:\Aplikasi\github\e-attendance\vendor\codeigniter4\framework\system\Database\BaseConnection.php(670): CodeIgniter\Database\MySQLi\Connection->execute('INSERT INTO `ac...')
#2 D:\Aplikasi\github\e-attendance\vendor\codeigniter4\framework\system\Database\BaseConnection.php(598): CodeIgniter\Database\BaseConnection->simpleQuery('INSERT INTO `ac...')
#3 D:\Aplikasi\github\e-attendance\vendor\codeigniter4\framework\system\Database\BaseBuilder.php(1771): CodeIgniter\Database\BaseConnection->query('INSERT INTO `ac...', Array, false)
#4 D:\Aplikasi\github\e-attendance\vendor\codeigniter4\framework\system\Model.php(239): CodeIgniter\Database\BaseBuilder->insert()
#5 D:\Aplikasi\github\e-attendance\vendor\codeigniter4\framework\system\BaseModel.php(738): CodeIgniter\Model->doInsert(Array)
#6 D:\Aplikasi\github\e-attendance\vendor\codeigniter4\framework\system\Model.php(625): CodeIgniter\BaseModel->insert(Array, false)
#7 D:\Aplikasi\github\e-attendance\vendor\codeigniter4\framework\system\BaseModel.php(658): CodeIgniter\Model->insert(Array, false)
#8 D:\Aplikasi\github\e-attendance\app\Controllers\Activity.php(21): CodeIgniter\BaseModel->save(Array)
#9 D:\Aplikasi\github\e-attendance\vendor\codeigniter4\framework\system\CodeIgniter.php(832): App\Controllers\Activity->AddActivity()
#10 D:\Aplikasi\github\e-attendance\vendor\codeigniter4\framework\system\CodeIgniter.php(419): CodeIgniter\CodeIgniter->runController(Object(App\Controllers\Activity))
#11 D:\Aplikasi\github\e-attendance\vendor\codeigniter4\framework\system\CodeIgniter.php(326): CodeIgniter\CodeIgniter->handleRequest(NULL, Object(Config\Cache), false)
#12 D:\Aplikasi\github\e-attendance\public\index.php(37): CodeIgniter\CodeIgniter->run()
#13 D:\Aplikasi\github\e-attendance\vendor\codeigniter4\framework\system\Commands\Server\rewrite.php(43): require_once('D:\\Aplikasi\\git...')
#14 {main}
ERROR - 2022-06-26 13:50:28 --> Column 'act_tgl' cannot be null
CRITICAL - 2022-06-26 13:50:28 --> Column 'act_tgl' cannot be null
#0 D:\Aplikasi\github\e-attendance\vendor\codeigniter4\framework\system\Database\MySQLi\Connection.php(292): mysqli->query('INSERT INTO `ac...', 0)
#1 D:\Aplikasi\github\e-attendance\vendor\codeigniter4\framework\system\Database\BaseConnection.php(670): CodeIgniter\Database\MySQLi\Connection->execute('INSERT INTO `ac...')
#2 D:\Aplikasi\github\e-attendance\vendor\codeigniter4\framework\system\Database\BaseConnection.php(598): CodeIgniter\Database\BaseConnection->simpleQuery('INSERT INTO `ac...')
#3 D:\Aplikasi\github\e-attendance\vendor\codeigniter4\framework\system\Database\BaseBuilder.php(1771): CodeIgniter\Database\BaseConnection->query('INSERT INTO `ac...', Array, false)
#4 D:\Aplikasi\github\e-attendance\vendor\codeigniter4\framework\system\Model.php(239): CodeIgniter\Database\BaseBuilder->insert()
#5 D:\Aplikasi\github\e-attendance\vendor\codeigniter4\framework\system\BaseModel.php(738): CodeIgniter\Model->doInsert(Array)
#6 D:\Aplikasi\github\e-attendance\vendor\codeigniter4\framework\system\Model.php(625): CodeIgniter\BaseModel->insert(Array, false)
#7 D:\Aplikasi\github\e-attendance\vendor\codeigniter4\framework\system\BaseModel.php(658): CodeIgniter\Model->insert(Array, false)
#8 D:\Aplikasi\github\e-attendance\app\Controllers\Activity.php(22): CodeIgniter\BaseModel->save(Array)
#9 D:\Aplikasi\github\e-attendance\vendor\codeigniter4\framework\system\CodeIgniter.php(832): App\Controllers\Activity->AddActivity()
#10 D:\Aplikasi\github\e-attendance\vendor\codeigniter4\framework\system\CodeIgniter.php(419): CodeIgniter\CodeIgniter->runController(Object(App\Controllers\Activity))
#11 D:\Aplikasi\github\e-attendance\vendor\codeigniter4\framework\system\CodeIgniter.php(326): CodeIgniter\CodeIgniter->handleRequest(NULL, Object(Config\Cache), false)
#12 D:\Aplikasi\github\e-attendance\public\index.php(37): CodeIgniter\CodeIgniter->run()
#13 D:\Aplikasi\github\e-attendance\vendor\codeigniter4\framework\system\Commands\Server\rewrite.php(43): require_once('D:\\Aplikasi\\git...')
#14 {main}
ERROR - 2022-06-26 13:52:55 --> Column 'act_tgl' cannot be null
CRITICAL - 2022-06-26 13:52:55 --> Column 'act_tgl' cannot be null
#0 D:\Aplikasi\github\e-attendance\vendor\codeigniter4\framework\system\Database\MySQLi\Connection.php(292): mysqli->query('INSERT INTO `ac...', 0)
#1 D:\Aplikasi\github\e-attendance\vendor\codeigniter4\framework\system\Database\BaseConnection.php(670): CodeIgniter\Database\MySQLi\Connection->execute('INSERT INTO `ac...')
#2 D:\Aplikasi\github\e-attendance\vendor\codeigniter4\framework\system\Database\BaseConnection.php(598): CodeIgniter\Database\BaseConnection->simpleQuery('INSERT INTO `ac...')
#3 D:\Aplikasi\github\e-attendance\vendor\codeigniter4\framework\system\Database\BaseBuilder.php(1771): CodeIgniter\Database\BaseConnection->query('INSERT INTO `ac...', Array, false)
#4 D:\Aplikasi\github\e-attendance\vendor\codeigniter4\framework\system\Model.php(239): CodeIgniter\Database\BaseBuilder->insert()
#5 D:\Aplikasi\github\e-attendance\vendor\codeigniter4\framework\system\BaseModel.php(738): CodeIgniter\Model->doInsert(Array)
#6 D:\Aplikasi\github\e-attendance\vendor\codeigniter4\framework\system\Model.php(625): CodeIgniter\BaseModel->insert(Array, false)
#7 D:\Aplikasi\github\e-attendance\vendor\codeigniter4\framework\system\BaseModel.php(658): CodeIgniter\Model->insert(Array, false)
#8 D:\Aplikasi\github\e-attendance\app\Controllers\Activity.php(22): CodeIgniter\BaseModel->save(Array)
#9 D:\Aplikasi\github\e-attendance\vendor\codeigniter4\framework\system\CodeIgniter.php(832): App\Controllers\Activity->AddActivity()
#10 D:\Aplikasi\github\e-attendance\vendor\codeigniter4\framework\system\CodeIgniter.php(419): CodeIgniter\CodeIgniter->runController(Object(App\Controllers\Activity))
#11 D:\Aplikasi\github\e-attendance\vendor\codeigniter4\framework\system\CodeIgniter.php(326): CodeIgniter\CodeIgniter->handleRequest(NULL, Object(Config\Cache), false)
#12 D:\Aplikasi\github\e-attendance\public\index.php(37): CodeIgniter\CodeIgniter->run()
#13 D:\Aplikasi\github\e-attendance\vendor\codeigniter4\framework\system\Commands\Server\rewrite.php(43): require_once('D:\\Aplikasi\\git...')
#14 {main}
ERROR - 2022-06-26 14:10:10 --> Column 'act_tgl' cannot be null
CRITICAL - 2022-06-26 14:10:10 --> Column 'act_tgl' cannot be null
#0 D:\Aplikasi\github\e-attendance\vendor\codeigniter4\framework\system\Database\MySQLi\Connection.php(292): mysqli->query('INSERT INTO `ac...', 0)
#1 D:\Aplikasi\github\e-attendance\vendor\codeigniter4\framework\system\Database\BaseConnection.php(670): CodeIgniter\Database\MySQLi\Connection->execute('INSERT INTO `ac...')
#2 D:\Aplikasi\github\e-attendance\vendor\codeigniter4\framework\system\Database\BaseConnection.php(598): CodeIgniter\Database\BaseConnection->simpleQuery('INSERT INTO `ac...')
#3 D:\Aplikasi\github\e-attendance\vendor\codeigniter4\framework\system\Database\BaseBuilder.php(1771): CodeIgniter\Database\BaseConnection->query('INSERT INTO `ac...', Array, false)
#4 D:\Aplikasi\github\e-attendance\vendor\codeigniter4\framework\system\Model.php(239): CodeIgniter\Database\BaseBuilder->insert()
#5 D:\Aplikasi\github\e-attendance\vendor\codeigniter4\framework\system\BaseModel.php(738): CodeIgniter\Model->doInsert(Array)
#6 D:\Aplikasi\github\e-attendance\vendor\codeigniter4\framework\system\Model.php(625): CodeIgniter\BaseModel->insert(Array, false)
#7 D:\Aplikasi\github\e-attendance\vendor\codeigniter4\framework\system\BaseModel.php(658): CodeIgniter\Model->insert(Array, false)
#8 D:\Aplikasi\github\e-attendance\app\Controllers\Activity.php(22): CodeIgniter\BaseModel->save(Array)
#9 D:\Aplikasi\github\e-attendance\vendor\codeigniter4\framework\system\CodeIgniter.php(832): App\Controllers\Activity->AddActivity()
#10 D:\Aplikasi\github\e-attendance\vendor\codeigniter4\framework\system\CodeIgniter.php(419): CodeIgniter\CodeIgniter->runController(Object(App\Controllers\Activity))
#11 D:\Aplikasi\github\e-attendance\vendor\codeigniter4\framework\system\CodeIgniter.php(326): CodeIgniter\CodeIgniter->handleRequest(NULL, Object(Config\Cache), false)
#12 D:\Aplikasi\github\e-attendance\public\index.php(37): CodeIgniter\CodeIgniter->run()
#13 D:\Aplikasi\github\e-attendance\vendor\codeigniter4\framework\system\Commands\Server\rewrite.php(43): require_once('D:\\Aplikasi\\git...')
#14 {main}
ERROR - 2022-06-26 14:15:43 --> Column 'act_tgl' cannot be null
CRITICAL - 2022-06-26 14:15:43 --> Column 'act_tgl' cannot be null
#0 D:\Aplikasi\github\e-attendance\vendor\codeigniter4\framework\system\Database\MySQLi\Connection.php(292): mysqli->query('INSERT INTO `ac...', 0)
#1 D:\Aplikasi\github\e-attendance\vendor\codeigniter4\framework\system\Database\BaseConnection.php(670): CodeIgniter\Database\MySQLi\Connection->execute('INSERT INTO `ac...')
#2 D:\Aplikasi\github\e-attendance\vendor\codeigniter4\framework\system\Database\BaseConnection.php(598): CodeIgniter\Database\BaseConnection->simpleQuery('INSERT INTO `ac...')
#3 D:\Aplikasi\github\e-attendance\vendor\codeigniter4\framework\system\Database\BaseBuilder.php(1771): CodeIgniter\Database\BaseConnection->query('INSERT INTO `ac...', Array, false)
#4 D:\Aplikasi\github\e-attendance\vendor\codeigniter4\framework\system\Model.php(239): CodeIgniter\Database\BaseBuilder->insert()
#5 D:\Aplikasi\github\e-attendance\vendor\codeigniter4\framework\system\BaseModel.php(738): CodeIgniter\Model->doInsert(Array)
#6 D:\Aplikasi\github\e-attendance\vendor\codeigniter4\framework\system\Model.php(625): CodeIgniter\BaseModel->insert(Array, false)
#7 D:\Aplikasi\github\e-attendance\vendor\codeigniter4\framework\system\BaseModel.php(658): CodeIgniter\Model->insert(Array, false)
#8 D:\Aplikasi\github\e-attendance\app\Controllers\Activity.php(22): CodeIgniter\BaseModel->save(Array)
#9 D:\Aplikasi\github\e-attendance\vendor\codeigniter4\framework\system\CodeIgniter.php(832): App\Controllers\Activity->AddActivity()
#10 D:\Aplikasi\github\e-attendance\vendor\codeigniter4\framework\system\CodeIgniter.php(419): CodeIgniter\CodeIgniter->runController(Object(App\Controllers\Activity))
#11 D:\Aplikasi\github\e-attendance\vendor\codeigniter4\framework\system\CodeIgniter.php(326): CodeIgniter\CodeIgniter->handleRequest(NULL, Object(Config\Cache), false)
#12 D:\Aplikasi\github\e-attendance\public\index.php(37): CodeIgniter\CodeIgniter->run()
#13 D:\Aplikasi\github\e-attendance\vendor\codeigniter4\framework\system\Commands\Server\rewrite.php(43): require_once('D:\\Aplikasi\\git...')
#14 {main}
ERROR - 2022-06-26 14:15:55 --> Column 'act_tgl' cannot be null
CRITICAL - 2022-06-26 14:15:55 --> Column 'act_tgl' cannot be null
#0 D:\Aplikasi\github\e-attendance\vendor\codeigniter4\framework\system\Database\MySQLi\Connection.php(292): mysqli->query('INSERT INTO `ac...', 0)
#1 D:\Aplikasi\github\e-attendance\vendor\codeigniter4\framework\system\Database\BaseConnection.php(670): CodeIgniter\Database\MySQLi\Connection->execute('INSERT INTO `ac...')
#2 D:\Aplikasi\github\e-attendance\vendor\codeigniter4\framework\system\Database\BaseConnection.php(598): CodeIgniter\Database\BaseConnection->simpleQuery('INSERT INTO `ac...')
#3 D:\Aplikasi\github\e-attendance\vendor\codeigniter4\framework\system\Database\BaseBuilder.php(1771): CodeIgniter\Database\BaseConnection->query('INSERT INTO `ac...', Array, false)
#4 D:\Aplikasi\github\e-attendance\vendor\codeigniter4\framework\system\Model.php(239): CodeIgniter\Database\BaseBuilder->insert()
#5 D:\Aplikasi\github\e-attendance\vendor\codeigniter4\framework\system\BaseModel.php(738): CodeIgniter\Model->doInsert(Array)
#6 D:\Aplikasi\github\e-attendance\vendor\codeigniter4\framework\system\Model.php(625): CodeIgniter\BaseModel->insert(Array, false)
#7 D:\Aplikasi\github\e-attendance\vendor\codeigniter4\framework\system\BaseModel.php(658): CodeIgniter\Model->insert(Array, false)
#8 D:\Aplikasi\github\e-attendance\app\Controllers\Activity.php(22): CodeIgniter\BaseModel->save(Array)
#9 D:\Aplikasi\github\e-attendance\vendor\codeigniter4\framework\system\CodeIgniter.php(832): App\Controllers\Activity->AddActivity()
#10 D:\Aplikasi\github\e-attendance\vendor\codeigniter4\framework\system\CodeIgniter.php(419): CodeIgniter\CodeIgniter->runController(Object(App\Controllers\Activity))
#11 D:\Aplikasi\github\e-attendance\vendor\codeigniter4\framework\system\CodeIgniter.php(326): CodeIgniter\CodeIgniter->handleRequest(NULL, Object(Config\Cache), false)
#12 D:\Aplikasi\github\e-attendance\public\index.php(37): CodeIgniter\CodeIgniter->run()
#13 D:\Aplikasi\github\e-attendance\vendor\codeigniter4\framework\system\Commands\Server\rewrite.php(43): require_once('D:\\Aplikasi\\git...')
#14 {main}
ERROR - 2022-06-26 14:17:11 --> Column 'act_tgl' cannot be null
CRITICAL - 2022-06-26 14:17:11 --> Column 'act_tgl' cannot be null
#0 D:\Aplikasi\github\e-attendance\vendor\codeigniter4\framework\system\Database\MySQLi\Connection.php(292): mysqli->query('INSERT INTO `ac...', 0)
#1 D:\Aplikasi\github\e-attendance\vendor\codeigniter4\framework\system\Database\BaseConnection.php(670): CodeIgniter\Database\MySQLi\Connection->execute('INSERT INTO `ac...')
#2 D:\Aplikasi\github\e-attendance\vendor\codeigniter4\framework\system\Database\BaseConnection.php(598): CodeIgniter\Database\BaseConnection->simpleQuery('INSERT INTO `ac...')
#3 D:\Aplikasi\github\e-attendance\vendor\codeigniter4\framework\system\Database\BaseBuilder.php(1771): CodeIgniter\Database\BaseConnection->query('INSERT INTO `ac...', Array, false)
#4 D:\Aplikasi\github\e-attendance\vendor\codeigniter4\framework\system\Model.php(239): CodeIgniter\Database\BaseBuilder->insert()
#5 D:\Aplikasi\github\e-attendance\vendor\codeigniter4\framework\system\BaseModel.php(738): CodeIgniter\Model->doInsert(Array)
#6 D:\Aplikasi\github\e-attendance\vendor\codeigniter4\framework\system\Model.php(625): CodeIgniter\BaseModel->insert(Array, false)
#7 D:\Aplikasi\github\e-attendance\vendor\codeigniter4\framework\system\BaseModel.php(658): CodeIgniter\Model->insert(Array, false)
#8 D:\Aplikasi\github\e-attendance\app\Controllers\Activity.php(22): CodeIgniter\BaseModel->save(Array)
#9 D:\Aplikasi\github\e-attendance\vendor\codeigniter4\framework\system\CodeIgniter.php(832): App\Controllers\Activity->AddActivity()
#10 D:\Aplikasi\github\e-attendance\vendor\codeigniter4\framework\system\CodeIgniter.php(419): CodeIgniter\CodeIgniter->runController(Object(App\Controllers\Activity))
#11 D:\Aplikasi\github\e-attendance\vendor\codeigniter4\framework\system\CodeIgniter.php(326): CodeIgniter\CodeIgniter->handleRequest(NULL, Object(Config\Cache), false)
#12 D:\Aplikasi\github\e-attendance\public\index.php(37): CodeIgniter\CodeIgniter->run()
#13 D:\Aplikasi\github\e-attendance\vendor\codeigniter4\framework\system\Commands\Server\rewrite.php(43): require_once('D:\\Aplikasi\\git...')
#14 {main}
ERROR - 2022-06-26 14:17:21 --> Column 'act_tgl' cannot be null
CRITICAL - 2022-06-26 14:17:21 --> Column 'act_tgl' cannot be null
#0 D:\Aplikasi\github\e-attendance\vendor\codeigniter4\framework\system\Database\MySQLi\Connection.php(292): mysqli->query('INSERT INTO `ac...', 0)
#1 D:\Aplikasi\github\e-attendance\vendor\codeigniter4\framework\system\Database\BaseConnection.php(670): CodeIgniter\Database\MySQLi\Connection->execute('INSERT INTO `ac...')
#2 D:\Aplikasi\github\e-attendance\vendor\codeigniter4\framework\system\Database\BaseConnection.php(598): CodeIgniter\Database\BaseConnection->simpleQuery('INSERT INTO `ac...')
#3 D:\Aplikasi\github\e-attendance\vendor\codeigniter4\framework\system\Database\BaseBuilder.php(1771): CodeIgniter\Database\BaseConnection->query('INSERT INTO `ac...', Array, false)
#4 D:\Aplikasi\github\e-attendance\vendor\codeigniter4\framework\system\Model.php(239): CodeIgniter\Database\BaseBuilder->insert()
#5 D:\Aplikasi\github\e-attendance\vendor\codeigniter4\framework\system\BaseModel.php(738): CodeIgniter\Model->doInsert(Array)
#6 D:\Aplikasi\github\e-attendance\vendor\codeigniter4\framework\system\Model.php(625): CodeIgniter\BaseModel->insert(Array, false)
#7 D:\Aplikasi\github\e-attendance\vendor\codeigniter4\framework\system\BaseModel.php(658): CodeIgniter\Model->insert(Array, false)
#8 D:\Aplikasi\github\e-attendance\app\Controllers\Activity.php(22): CodeIgniter\BaseModel->save(Array)
#9 D:\Aplikasi\github\e-attendance\vendor\codeigniter4\framework\system\CodeIgniter.php(832): App\Controllers\Activity->AddActivity()
#10 D:\Aplikasi\github\e-attendance\vendor\codeigniter4\framework\system\CodeIgniter.php(419): CodeIgniter\CodeIgniter->runController(Object(App\Controllers\Activity))
#11 D:\Aplikasi\github\e-attendance\vendor\codeigniter4\framework\system\CodeIgniter.php(326): CodeIgniter\CodeIgniter->handleRequest(NULL, Object(Config\Cache), false)
#12 D:\Aplikasi\github\e-attendance\public\index.php(37): CodeIgniter\CodeIgniter->run()
#13 D:\Aplikasi\github\e-attendance\vendor\codeigniter4\framework\system\Commands\Server\rewrite.php(43): require_once('D:\\Aplikasi\\git...')
#14 {main}
ERROR - 2022-06-26 14:22:35 --> Column 'act_tgl' cannot be null
CRITICAL - 2022-06-26 14:22:35 --> Column 'act_tgl' cannot be null
#0 D:\Aplikasi\github\e-attendance\vendor\codeigniter4\framework\system\Database\MySQLi\Connection.php(292): mysqli->query('INSERT INTO `ac...', 0)
#1 D:\Aplikasi\github\e-attendance\vendor\codeigniter4\framework\system\Database\BaseConnection.php(670): CodeIgniter\Database\MySQLi\Connection->execute('INSERT INTO `ac...')
#2 D:\Aplikasi\github\e-attendance\vendor\codeigniter4\framework\system\Database\BaseConnection.php(598): CodeIgniter\Database\BaseConnection->simpleQuery('INSERT INTO `ac...')
#3 D:\Aplikasi\github\e-attendance\vendor\codeigniter4\framework\system\Database\BaseBuilder.php(1771): CodeIgniter\Database\BaseConnection->query('INSERT INTO `ac...', Array, false)
#4 D:\Aplikasi\github\e-attendance\vendor\codeigniter4\framework\system\Model.php(239): CodeIgniter\Database\BaseBuilder->insert()
#5 D:\Aplikasi\github\e-attendance\vendor\codeigniter4\framework\system\BaseModel.php(738): CodeIgniter\Model->doInsert(Array)
#6 D:\Aplikasi\github\e-attendance\vendor\codeigniter4\framework\system\Model.php(625): CodeIgniter\BaseModel->insert(Array, false)
#7 D:\Aplikasi\github\e-attendance\vendor\codeigniter4\framework\system\BaseModel.php(658): CodeIgniter\Model->insert(Array, false)
#8 D:\Aplikasi\github\e-attendance\app\Controllers\Activity.php(22): CodeIgniter\BaseModel->save(Array)
#9 D:\Aplikasi\github\e-attendance\vendor\codeigniter4\framework\system\CodeIgniter.php(832): App\Controllers\Activity->AddActivity()
#10 D:\Aplikasi\github\e-attendance\vendor\codeigniter4\framework\system\CodeIgniter.php(419): CodeIgniter\CodeIgniter->runController(Object(App\Controllers\Activity))
#11 D:\Aplikasi\github\e-attendance\vendor\codeigniter4\framework\system\CodeIgniter.php(326): CodeIgniter\CodeIgniter->handleRequest(NULL, Object(Config\Cache), false)
#12 D:\Aplikasi\github\e-attendance\public\index.php(37): CodeIgniter\CodeIgniter->run()
#13 D:\Aplikasi\github\e-attendance\vendor\codeigniter4\framework\system\Commands\Server\rewrite.php(43): require_once('D:\\Aplikasi\\git...')
#14 {main}
ERROR - 2022-06-26 17:17:27 --> Unknown column 'created_at' in 'field list'
CRITICAL - 2022-06-26 17:17:27 --> Unknown column 'created_at' in 'field list'
#0 D:\Aplikasi\github\e-attendance\vendor\codeigniter4\framework\system\Database\MySQLi\Connection.php(292): mysqli->query('INSERT INTO `ac...', 0)
#1 D:\Aplikasi\github\e-attendance\vendor\codeigniter4\framework\system\Database\BaseConnection.php(670): CodeIgniter\Database\MySQLi\Connection->execute('INSERT INTO `ac...')
#2 D:\Aplikasi\github\e-attendance\vendor\codeigniter4\framework\system\Database\BaseConnection.php(598): CodeIgniter\Database\BaseConnection->simpleQuery('INSERT INTO `ac...')
#3 D:\Aplikasi\github\e-attendance\vendor\codeigniter4\framework\system\Database\BaseBuilder.php(1771): CodeIgniter\Database\BaseConnection->query('INSERT INTO `ac...', Array, false)
#4 D:\Aplikasi\github\e-attendance\vendor\codeigniter4\framework\system\Model.php(239): CodeIgniter\Database\BaseBuilder->insert()
#5 D:\Aplikasi\github\e-attendance\vendor\codeigniter4\framework\system\BaseModel.php(738): CodeIgniter\Model->doInsert(Array)
#6 D:\Aplikasi\github\e-attendance\vendor\codeigniter4\framework\system\Model.php(625): CodeIgniter\BaseModel->insert(Array, false)
#7 D:\Aplikasi\github\e-attendance\vendor\codeigniter4\framework\system\BaseModel.php(658): CodeIgniter\Model->insert(Array, false)
#8 D:\Aplikasi\github\e-attendance\app\Controllers\Activity.php(29): CodeIgniter\BaseModel->save(Array)
#9 D:\Aplikasi\github\e-attendance\vendor\codeigniter4\framework\system\CodeIgniter.php(832): App\Controllers\Activity->AddActivity()
#10 D:\Aplikasi\github\e-attendance\vendor\codeigniter4\framework\system\CodeIgniter.php(419): CodeIgniter\CodeIgniter->runController(Object(App\Controllers\Activity))
#11 D:\Aplikasi\github\e-attendance\vendor\codeigniter4\framework\system\CodeIgniter.php(326): CodeIgniter\CodeIgniter->handleRequest(NULL, Object(Config\Cache), false)
#12 D:\Aplikasi\github\e-attendance\public\index.php(37): CodeIgniter\CodeIgniter->run()
#13 D:\Aplikasi\github\e-attendance\vendor\codeigniter4\framework\system\Commands\Server\rewrite.php(43): require_once('D:\\Aplikasi\\git...')
#14 {main}
ERROR - 2022-06-26 17:17:42 --> Unknown column 'created_at' in 'field list'
CRITICAL - 2022-06-26 17:17:42 --> Unknown column 'created_at' in 'field list'
#0 D:\Aplikasi\github\e-attendance\vendor\codeigniter4\framework\system\Database\MySQLi\Connection.php(292): mysqli->query('INSERT INTO `ac...', 0)
#1 D:\Aplikasi\github\e-attendance\vendor\codeigniter4\framework\system\Database\BaseConnection.php(670): CodeIgniter\Database\MySQLi\Connection->execute('INSERT INTO `ac...')
#2 D:\Aplikasi\github\e-attendance\vendor\codeigniter4\framework\system\Database\BaseConnection.php(598): CodeIgniter\Database\BaseConnection->simpleQuery('INSERT INTO `ac...')
#3 D:\Aplikasi\github\e-attendance\vendor\codeigniter4\framework\system\Database\BaseBuilder.php(1771): CodeIgniter\Database\BaseConnection->query('INSERT INTO `ac...', Array, false)
#4 D:\Aplikasi\github\e-attendance\vendor\codeigniter4\framework\system\Model.php(239): CodeIgniter\Database\BaseBuilder->insert()
#5 D:\Aplikasi\github\e-attendance\vendor\codeigniter4\framework\system\BaseModel.php(738): CodeIgniter\Model->doInsert(Array)
#6 D:\Aplikasi\github\e-attendance\vendor\codeigniter4\framework\system\Model.php(625): CodeIgniter\BaseModel->insert(Array, false)
#7 D:\Aplikasi\github\e-attendance\vendor\codeigniter4\framework\system\BaseModel.php(658): CodeIgniter\Model->insert(Array, false)
#8 D:\Aplikasi\github\e-attendance\app\Controllers\Activity.php(29): CodeIgniter\BaseModel->save(Array)
#9 D:\Aplikasi\github\e-attendance\vendor\codeigniter4\framework\system\CodeIgniter.php(832): App\Controllers\Activity->AddActivity()
#10 D:\Aplikasi\github\e-attendance\vendor\codeigniter4\framework\system\CodeIgniter.php(419): CodeIgniter\CodeIgniter->runController(Object(App\Controllers\Activity))
#11 D:\Aplikasi\github\e-attendance\vendor\codeigniter4\framework\system\CodeIgniter.php(326): CodeIgniter\CodeIgniter->handleRequest(NULL, Object(Config\Cache), false)
#12 D:\Aplikasi\github\e-attendance\public\index.php(37): CodeIgniter\CodeIgniter->run()
#13 D:\Aplikasi\github\e-attendance\vendor\codeigniter4\framework\system\Commands\Server\rewrite.php(43): require_once('D:\\Aplikasi\\git...')
#14 {main}
ERROR - 2022-06-26 17:21:10 --> Duplicate entry '' for key 'PRIMARY'
CRITICAL - 2022-06-26 17:21:10 --> Duplicate entry '' for key 'PRIMARY'
#0 D:\Aplikasi\github\e-attendance\vendor\codeigniter4\framework\system\Database\MySQLi\Connection.php(292): mysqli->query('INSERT INTO `ac...', 0)
#1 D:\Aplikasi\github\e-attendance\vendor\codeigniter4\framework\system\Database\BaseConnection.php(670): CodeIgniter\Database\MySQLi\Connection->execute('INSERT INTO `ac...')
#2 D:\Aplikasi\github\e-attendance\vendor\codeigniter4\framework\system\Database\BaseConnection.php(598): CodeIgniter\Database\BaseConnection->simpleQuery('INSERT INTO `ac...')
#3 D:\Aplikasi\github\e-attendance\vendor\codeigniter4\framework\system\Database\BaseBuilder.php(1771): CodeIgniter\Database\BaseConnection->query('INSERT INTO `ac...', Array, false)
#4 D:\Aplikasi\github\e-attendance\vendor\codeigniter4\framework\system\Model.php(239): CodeIgniter\Database\BaseBuilder->insert()
#5 D:\Aplikasi\github\e-attendance\vendor\codeigniter4\framework\system\BaseModel.php(738): CodeIgniter\Model->doInsert(Array)
#6 D:\Aplikasi\github\e-attendance\vendor\codeigniter4\framework\system\Model.php(625): CodeIgniter\BaseModel->insert(Array, false)
#7 D:\Aplikasi\github\e-attendance\vendor\codeigniter4\framework\system\BaseModel.php(658): CodeIgniter\Model->insert(Array, false)
#8 D:\Aplikasi\github\e-attendance\app\Controllers\Activity.php(29): CodeIgniter\BaseModel->save(Array)
#9 D:\Aplikasi\github\e-attendance\vendor\codeigniter4\framework\system\CodeIgniter.php(832): App\Controllers\Activity->AddActivity()
#10 D:\Aplikasi\github\e-attendance\vendor\codeigniter4\framework\system\CodeIgniter.php(419): CodeIgniter\CodeIgniter->runController(Object(App\Controllers\Activity))
#11 D:\Aplikasi\github\e-attendance\vendor\codeigniter4\framework\system\CodeIgniter.php(326): CodeIgniter\CodeIgniter->handleRequest(NULL, Object(Config\Cache), false)
#12 D:\Aplikasi\github\e-attendance\public\index.php(37): CodeIgniter\CodeIgniter->run()
#13 D:\Aplikasi\github\e-attendance\vendor\codeigniter4\framework\system\Commands\Server\rewrite.php(43): require_once('D:\\Aplikasi\\git...')
#14 {main}
ERROR - 2022-06-26 17:21:15 --> Column 'act_tgl' cannot be null
CRITICAL - 2022-06-26 17:21:15 --> Column 'act_tgl' cannot be null
#0 D:\Aplikasi\github\e-attendance\vendor\codeigniter4\framework\system\Database\MySQLi\Connection.php(292): mysqli->query('INSERT INTO `ac...', 0)
#1 D:\Aplikasi\github\e-attendance\vendor\codeigniter4\framework\system\Database\BaseConnection.php(670): CodeIgniter\Database\MySQLi\Connection->execute('INSERT INTO `ac...')
#2 D:\Aplikasi\github\e-attendance\vendor\codeigniter4\framework\system\Database\BaseConnection.php(598): CodeIgniter\Database\BaseConnection->simpleQuery('INSERT INTO `ac...')
#3 D:\Aplikasi\github\e-attendance\vendor\codeigniter4\framework\system\Database\BaseBuilder.php(1771): CodeIgniter\Database\BaseConnection->query('INSERT INTO `ac...', Array, false)
#4 D:\Aplikasi\github\e-attendance\vendor\codeigniter4\framework\system\Model.php(239): CodeIgniter\Database\BaseBuilder->insert()
#5 D:\Aplikasi\github\e-attendance\vendor\codeigniter4\framework\system\BaseModel.php(738): CodeIgniter\Model->doInsert(Array)
#6 D:\Aplikasi\github\e-attendance\vendor\codeigniter4\framework\system\Model.php(625): CodeIgniter\BaseModel->insert(Array, false)
#7 D:\Aplikasi\github\e-attendance\vendor\codeigniter4\framework\system\BaseModel.php(658): CodeIgniter\Model->insert(Array, false)
#8 D:\Aplikasi\github\e-attendance\app\Controllers\Activity.php(29): CodeIgniter\BaseModel->save(Array)
#9 D:\Aplikasi\github\e-attendance\vendor\codeigniter4\framework\system\CodeIgniter.php(832): App\Controllers\Activity->AddActivity()
#10 D:\Aplikasi\github\e-attendance\vendor\codeigniter4\framework\system\CodeIgniter.php(419): CodeIgniter\CodeIgniter->runController(Object(App\Controllers\Activity))
#11 D:\Aplikasi\github\e-attendance\vendor\codeigniter4\framework\system\CodeIgniter.php(326): CodeIgniter\CodeIgniter->handleRequest(NULL, Object(Config\Cache), false)
#12 D:\Aplikasi\github\e-attendance\public\index.php(37): CodeIgniter\CodeIgniter->run()
#13 D:\Aplikasi\github\e-attendance\vendor\codeigniter4\framework\system\Commands\Server\rewrite.php(43): require_once('D:\\Aplikasi\\git...')
#14 {main}
ERROR - 2022-06-26 17:21:29 --> Duplicate entry '' for key 'PRIMARY'
CRITICAL - 2022-06-26 17:21:29 --> Duplicate entry '' for key 'PRIMARY'
#0 D:\Aplikasi\github\e-attendance\vendor\codeigniter4\framework\system\Database\MySQLi\Connection.php(292): mysqli->query('INSERT INTO `ac...', 0)
#1 D:\Aplikasi\github\e-attendance\vendor\codeigniter4\framework\system\Database\BaseConnection.php(670): CodeIgniter\Database\MySQLi\Connection->execute('INSERT INTO `ac...')
#2 D:\Aplikasi\github\e-attendance\vendor\codeigniter4\framework\system\Database\BaseConnection.php(598): CodeIgniter\Database\BaseConnection->simpleQuery('INSERT INTO `ac...')
#3 D:\Aplikasi\github\e-attendance\vendor\codeigniter4\framework\system\Database\BaseBuilder.php(1771): CodeIgniter\Database\BaseConnection->query('INSERT INTO `ac...', Array, false)
#4 D:\Aplikasi\github\e-attendance\vendor\codeigniter4\framework\system\Model.php(239): CodeIgniter\Database\BaseBuilder->insert()
#5 D:\Aplikasi\github\e-attendance\vendor\codeigniter4\framework\system\BaseModel.php(738): CodeIgniter\Model->doInsert(Array)
#6 D:\Aplikasi\github\e-attendance\vendor\codeigniter4\framework\system\Model.php(625): CodeIgniter\BaseModel->insert(Array, false)
#7 D:\Aplikasi\github\e-attendance\vendor\codeigniter4\framework\system\BaseModel.php(658): CodeIgniter\Model->insert(Array, false)
#8 D:\Aplikasi\github\e-attendance\app\Controllers\Activity.php(29): CodeIgniter\BaseModel->save(Array)
#9 D:\Aplikasi\github\e-attendance\vendor\codeigniter4\framework\system\CodeIgniter.php(832): App\Controllers\Activity->AddActivity()
#10 D:\Aplikasi\github\e-attendance\vendor\codeigniter4\framework\system\CodeIgniter.php(419): CodeIgniter\CodeIgniter->runController(Object(App\Controllers\Activity))
#11 D:\Aplikasi\github\e-attendance\vendor\codeigniter4\framework\system\CodeIgniter.php(326): CodeIgniter\CodeIgniter->handleRequest(NULL, Object(Config\Cache), false)
#12 D:\Aplikasi\github\e-attendance\public\index.php(37): CodeIgniter\CodeIgniter->run()
#13 D:\Aplikasi\github\e-attendance\vendor\codeigniter4\framework\system\Commands\Server\rewrite.php(43): require_once('D:\\Aplikasi\\git...')
#14 {main}
ERROR - 2022-06-26 17:23:44 --> Duplicate entry '' for key 'PRIMARY'
CRITICAL - 2022-06-26 17:23:44 --> Duplicate entry '' for key 'PRIMARY'
#0 D:\Aplikasi\github\e-attendance\vendor\codeigniter4\framework\system\Database\MySQLi\Connection.php(292): mysqli->query('INSERT INTO `ac...', 0)
#1 D:\Aplikasi\github\e-attendance\vendor\codeigniter4\framework\system\Database\BaseConnection.php(670): CodeIgniter\Database\MySQLi\Connection->execute('INSERT INTO `ac...')
#2 D:\Aplikasi\github\e-attendance\vendor\codeigniter4\framework\system\Database\BaseConnection.php(598): CodeIgniter\Database\BaseConnection->simpleQuery('INSERT INTO `ac...')
#3 D:\Aplikasi\github\e-attendance\vendor\codeigniter4\framework\system\Database\BaseBuilder.php(1771): CodeIgniter\Database\BaseConnection->query('INSERT INTO `ac...', Array, false)
#4 D:\Aplikasi\github\e-attendance\vendor\michalsn\codeigniter4-uuid\src\UuidModel.php(387): CodeIgniter\Database\BaseBuilder->insert()
#5 D:\Aplikasi\github\e-attendance\vendor\codeigniter4\framework\system\BaseModel.php(738): Michalsn\Uuid\UuidModel->doInsert(Array)
#6 D:\Aplikasi\github\e-attendance\vendor\codeigniter4\framework\system\Model.php(625): CodeIgniter\BaseModel->insert(Array, false)
#7 D:\Aplikasi\github\e-attendance\vendor\codeigniter4\framework\system\BaseModel.php(658): CodeIgniter\Model->insert(Array, false)
#8 D:\Aplikasi\github\e-attendance\app\Controllers\Activity.php(29): CodeIgniter\BaseModel->save(Array)
#9 D:\Aplikasi\github\e-attendance\vendor\codeigniter4\framework\system\CodeIgniter.php(832): App\Controllers\Activity->AddActivity()
#10 D:\Aplikasi\github\e-attendance\vendor\codeigniter4\framework\system\CodeIgniter.php(419): CodeIgniter\CodeIgniter->runController(Object(App\Controllers\Activity))
#11 D:\Aplikasi\github\e-attendance\vendor\codeigniter4\framework\system\CodeIgniter.php(326): CodeIgniter\CodeIgniter->handleRequest(NULL, Object(Config\Cache), false)
#12 D:\Aplikasi\github\e-attendance\public\index.php(37): CodeIgniter\CodeIgniter->run()
#13 D:\Aplikasi\github\e-attendance\vendor\codeigniter4\framework\system\Commands\Server\rewrite.php(43): require_once('D:\\Aplikasi\\git...')
#14 {main}
ERROR - 2022-06-26 17:23:48 --> Column 'act_tgl' cannot be null
CRITICAL - 2022-06-26 17:23:48 --> Column 'act_tgl' cannot be null
#0 D:\Aplikasi\github\e-attendance\vendor\codeigniter4\framework\system\Database\MySQLi\Connection.php(292): mysqli->query('INSERT INTO `ac...', 0)
#1 D:\Aplikasi\github\e-attendance\vendor\codeigniter4\framework\system\Database\BaseConnection.php(670): CodeIgniter\Database\MySQLi\Connection->execute('INSERT INTO `ac...')
#2 D:\Aplikasi\github\e-attendance\vendor\codeigniter4\framework\system\Database\BaseConnection.php(598): CodeIgniter\Database\BaseConnection->simpleQuery('INSERT INTO `ac...')
#3 D:\Aplikasi\github\e-attendance\vendor\codeigniter4\framework\system\Database\BaseBuilder.php(1771): CodeIgniter\Database\BaseConnection->query('INSERT INTO `ac...', Array, false)
#4 D:\Aplikasi\github\e-attendance\vendor\michalsn\codeigniter4-uuid\src\UuidModel.php(387): CodeIgniter\Database\BaseBuilder->insert()
#5 D:\Aplikasi\github\e-attendance\vendor\codeigniter4\framework\system\BaseModel.php(738): Michalsn\Uuid\UuidModel->doInsert(Array)
#6 D:\Aplikasi\github\e-attendance\vendor\codeigniter4\framework\system\Model.php(625): CodeIgniter\BaseModel->insert(Array, false)
#7 D:\Aplikasi\github\e-attendance\vendor\codeigniter4\framework\system\BaseModel.php(658): CodeIgniter\Model->insert(Array, false)
#8 D:\Aplikasi\github\e-attendance\app\Controllers\Activity.php(29): CodeIgniter\BaseModel->save(Array)
#9 D:\Aplikasi\github\e-attendance\vendor\codeigniter4\framework\system\CodeIgniter.php(832): App\Controllers\Activity->AddActivity()
#10 D:\Aplikasi\github\e-attendance\vendor\codeigniter4\framework\system\CodeIgniter.php(419): CodeIgniter\CodeIgniter->runController(Object(App\Controllers\Activity))
#11 D:\Aplikasi\github\e-attendance\vendor\codeigniter4\framework\system\CodeIgniter.php(326): CodeIgniter\CodeIgniter->handleRequest(NULL, Object(Config\Cache), false)
#12 D:\Aplikasi\github\e-attendance\public\index.php(37): CodeIgniter\CodeIgniter->run()
#13 D:\Aplikasi\github\e-attendance\vendor\codeigniter4\framework\system\Commands\Server\rewrite.php(43): require_once('D:\\Aplikasi\\git...')
#14 {main}
ERROR - 2022-06-26 17:24:14 --> Duplicate entry '' for key 'PRIMARY'
CRITICAL - 2022-06-26 17:24:14 --> Duplicate entry '' for key 'PRIMARY'
#0 D:\Aplikasi\github\e-attendance\vendor\codeigniter4\framework\system\Database\MySQLi\Connection.php(292): mysqli->query('INSERT INTO `ac...', 0)
#1 D:\Aplikasi\github\e-attendance\vendor\codeigniter4\framework\system\Database\BaseConnection.php(670): CodeIgniter\Database\MySQLi\Connection->execute('INSERT INTO `ac...')
#2 D:\Aplikasi\github\e-attendance\vendor\codeigniter4\framework\system\Database\BaseConnection.php(598): CodeIgniter\Database\BaseConnection->simpleQuery('INSERT INTO `ac...')
#3 D:\Aplikasi\github\e-attendance\vendor\codeigniter4\framework\system\Database\BaseBuilder.php(1771): CodeIgniter\Database\BaseConnection->query('INSERT INTO `ac...', Array, false)
#4 D:\Aplikasi\github\e-attendance\vendor\michalsn\codeigniter4-uuid\src\UuidModel.php(387): CodeIgniter\Database\BaseBuilder->insert()
#5 D:\Aplikasi\github\e-attendance\vendor\codeigniter4\framework\system\BaseModel.php(738): Michalsn\Uuid\UuidModel->doInsert(Array)
#6 D:\Aplikasi\github\e-attendance\vendor\codeigniter4\framework\system\Model.php(625): CodeIgniter\BaseModel->insert(Array, false)
#7 D:\Aplikasi\github\e-attendance\vendor\codeigniter4\framework\system\BaseModel.php(658): CodeIgniter\Model->insert(Array, false)
#8 D:\Aplikasi\github\e-attendance\app\Controllers\Activity.php(29): CodeIgniter\BaseModel->save(Array)
#9 D:\Aplikasi\github\e-attendance\vendor\codeigniter4\framework\system\CodeIgniter.php(832): App\Controllers\Activity->AddActivity()
#10 D:\Aplikasi\github\e-attendance\vendor\codeigniter4\framework\system\CodeIgniter.php(419): CodeIgniter\CodeIgniter->runController(Object(App\Controllers\Activity))
#11 D:\Aplikasi\github\e-attendance\vendor\codeigniter4\framework\system\CodeIgniter.php(326): CodeIgniter\CodeIgniter->handleRequest(NULL, Object(Config\Cache), false)
#12 D:\Aplikasi\github\e-attendance\public\index.php(37): CodeIgniter\CodeIgniter->run()
#13 D:\Aplikasi\github\e-attendance\vendor\codeigniter4\framework\system\Commands\Server\rewrite.php(43): require_once('D:\\Aplikasi\\git...')
#14 {main}
ERROR - 2022-06-26 17:28:04 --> Duplicate entry '' for key 'PRIMARY'
CRITICAL - 2022-06-26 17:28:04 --> Duplicate entry '' for key 'PRIMARY'
#0 D:\Aplikasi\github\e-attendance\vendor\codeigniter4\framework\system\Database\MySQLi\Connection.php(292): mysqli->query('INSERT INTO `ac...', 0)
#1 D:\Aplikasi\github\e-attendance\vendor\codeigniter4\framework\system\Database\BaseConnection.php(670): CodeIgniter\Database\MySQLi\Connection->execute('INSERT INTO `ac...')
#2 D:\Aplikasi\github\e-attendance\vendor\codeigniter4\framework\system\Database\BaseConnection.php(598): CodeIgniter\Database\BaseConnection->simpleQuery('INSERT INTO `ac...')
#3 D:\Aplikasi\github\e-attendance\vendor\codeigniter4\framework\system\Database\BaseBuilder.php(1771): CodeIgniter\Database\BaseConnection->query('INSERT INTO `ac...', Array, false)
#4 D:\Aplikasi\github\e-attendance\vendor\michalsn\codeigniter4-uuid\src\UuidModel.php(387): CodeIgniter\Database\BaseBuilder->insert()
#5 D:\Aplikasi\github\e-attendance\vendor\codeigniter4\framework\system\BaseModel.php(738): Michalsn\Uuid\UuidModel->doInsert(Array)
#6 D:\Aplikasi\github\e-attendance\vendor\codeigniter4\framework\system\Model.php(625): CodeIgniter\BaseModel->insert(Array, false)
#7 D:\Aplikasi\github\e-attendance\vendor\codeigniter4\framework\system\BaseModel.php(658): CodeIgniter\Model->insert(Array, false)
#8 D:\Aplikasi\github\e-attendance\app\Controllers\Activity.php(29): CodeIgniter\BaseModel->save(Array)
#9 D:\Aplikasi\github\e-attendance\vendor\codeigniter4\framework\system\CodeIgniter.php(832): App\Controllers\Activity->AddActivity()
#10 D:\Aplikasi\github\e-attendance\vendor\codeigniter4\framework\system\CodeIgniter.php(419): CodeIgniter\CodeIgniter->runController(Object(App\Controllers\Activity))
#11 D:\Aplikasi\github\e-attendance\vendor\codeigniter4\framework\system\CodeIgniter.php(326): CodeIgniter\CodeIgniter->handleRequest(NULL, Object(Config\Cache), false)
#12 D:\Aplikasi\github\e-attendance\public\index.php(37): CodeIgniter\CodeIgniter->run()
#13 D:\Aplikasi\github\e-attendance\vendor\codeigniter4\framework\system\Commands\Server\rewrite.php(43): require_once('D:\\Aplikasi\\git...')
#14 {main}
